=== Started 2024-06-21T20-12-20-480 ===
[ERROR][20:12:20] Unknown gameserver.ini value: serverWelcome3
[INFO ][20:12:20] 2 bad words loaded
[INFO ][20:12:20] 4 user records loaded.
[INFO ][20:12:20] 0 IP ban records loaded.
[INFO ][20:12:20] [1m[32mMultiOgar-Edited 1.6.1[37m - An open source multi-protocol ogar server[0m
[INFO ][20:12:20] WebSocket: ws
[INFO ][20:12:20] Started stats server on port 1234
[INFO ][20:12:20] Listening on port 3000
[INFO ][20:12:20] Current game mode is vFree For All
[INFO ][20:12:20] Added 4 player bots
[NONE ][20:12:20]   __  __       _ _   _  ___                        _____    _ _ _           _    _   __    _ 
 |  \/  |_   _| | |_(_)/ _ \  __ _  __ _ _ __     | ____|__| (_) |_ ___  __| |  / | / /_  / |
 | |\/| | | | | | __| | | | |/ _` |/ _` | '__|____|  _| / _` | | __/ _ \/ _` |  | || '_ \ | |
 | |  | | |_| | | |_| | |_| | (_| | (_| | | |_____| |__| (_| | | ||  __/ (_| |  | || (_) || |
 |_|  |_|\__,_|_|\__|_|\___/ \__, |\__,_|_|       |_____\__,_|_|\__\___|\__,_|  |_(_)___(_)_|
                             |___/                                                           
[NONE ][20:13:16] CONNECTED 217.180.219.229:53914, origin: "https://7c5dd2ce-84e8-4f78-9237-f75b4790560f-00-2fg41ybkcqjs2.kirk.replit.dev:3000"
[NONE ][20:13:33] >players
[WARN ][20:13:33] Invalid Command!
[NONE ][20:13:34] >help
[NONE ][20:13:34]               â”Œâ”€â”€â”€â”€â”€â”€â”€â”€â”€â”€â”€â”€â”€â”€â”€â”€â”€â”€â”€â”€â”€â”€â”€â”€â”€â”€â”€â”€â”                       
                       â”‚ LIST OF AVAILABLE COMMANDS â”‚                       
â”Œâ”€â”€â”€â”€â”€â”€â”€â”€â”€â”€â”€â”€â”€â”€â”€â”€â”€â”€â”€â”€â”€â”€â”´â”€â”€â”€â”€â”€â”€â”€â”€â”€â”€â”€â”€â”€â”€â”€â”€â”€â”€â”€â”€â”€â”€â”€â”€â”€â”€â”€â”€â”´â”€â”€â”€â”€â”€â”€â”€â”€â”€â”€â”€â”€â”€â”€â”€â”€â”€â”€â”€â”€â”€â”€â”
â”‚                         ----Players and AI----                           â”‚
â”‚                                                                          â”‚
â”‚ playerlist                   â”‚ Get list of players, bots, ID's, etc      â”‚
â”‚ minion [PlayerID] [#] [name] â”‚ Adds suicide minions to the server        â”‚
â”‚ addbot [number]              â”‚ Adds bots to the server                   â”‚
â”‚ kickbot [number]             â”‚ Kick a number of bots - No value= all goneâ”‚
â”‚ kick [PlayerID]              â”‚ Kick player or bot by client ID           â”‚
â”‚ kickall                      â”‚ Kick all players and bots                 â”‚
â”‚ kill [PlayerID]              â”‚ Kill the player by client ID              â”‚
â”‚ killall                      â”‚ Kills everyone                            â”‚
â”‚                                                                          â”‚
â”‚                          ----Player Commands----                         â”‚
â”‚                                                                          â”‚
â”‚ spawn [entity] [pos] [mass]  â”‚ Spawns an entity                          â”‚
â”‚ mass [PlayerID] [mass]       â”‚ Set cell(s) mass by client ID             â”‚
â”‚ merge [PlayerID]             â”‚ Merge all client's cells                  â”‚
â”‚ spawnmass [PlayerID] [mass]  â”‚ Sets a player's spawn mass                â”‚
â”‚ freeze [PlayerID]            â”‚ Freezes a player                          â”‚
â”‚ speed [PlayerID]             â”‚ Sets a player's base speed                â”‚
â”‚ color [PlayerID] [R] [G] [B] â”‚ Set cell(s) color by client ID            â”‚
â”‚ name [PlayerID] [name]       â”‚ Change cell(s) name by client ID          â”‚
â”‚ skin [PlayerID] [string]     â”‚ Change cell(s) skin by client ID          â”‚
â”‚ rec [PlayerID]               â”‚ Gives a player instant-recombine + more   â”‚
â”‚ split [PlayerID] [Amount]    â”‚ Forces a player to split                  â”‚
â”‚ tp [X] [Y]                   â”‚ Teleports player(s) to XY coordinates     â”‚
â”‚ replace [PlayerID] [entity]  â”‚ Replaces a player with an entity          â”‚
â”‚ pop [PlayerID]               â”‚ Pops a player with a virus                â”‚
| explode [PlayerID]           | Explodes a player into ejected mass       |
â”‚                                                                          â”‚
â”‚                          ----Server Commands----                         â”‚
â”‚                                                                          â”‚
â”‚ pause                        â”‚ Pause game, freeze all nodes              â”‚
â”‚ board [string] [string] ...  â”‚ Set scoreboard text                       â”‚
â”‚ change [setting] [value]     â”‚ Change specified settings                 â”‚
â”‚ reload                       â”‚ Reload config, banlist, and role files    â”‚
â”‚ ban [PlayerID â”‚ IP]          â”‚ Bans a player(s) IP                       â”‚
â”‚ unban [IP]                   â”‚ Unbans an IP                              â”‚
â”‚ banlist                      â”‚ Get list of banned IPs.                   â”‚
â”‚ mute [PlayerID]              â”‚ Mute player from chat by client ID        â”‚
â”‚ unmute [PlayerID]            â”‚ Unmute player from chat by client ID      â”‚
| lms                          | Starts/ends last man standing             |
| chat                         | Sends a server message to all clients     |
â”‚                                                                          â”‚
â”‚                          ----Miscellaneous----                           â”‚
â”‚                                                                          â”‚
â”‚ clear                        â”‚ Clear console output                      â”‚
â”‚ reset                        â”‚ Removes all nodes and reimplement them    â”‚
â”‚ status                       â”‚ Get server status                         â”‚
â”‚ debug                        â”‚ Get/check node lengths                    â”‚
â”‚ exit                         â”‚ Stops the server                          â”‚
â”‚ calc                         â”‚ Get size/mass from a specified value      â”‚
â”‚                                                                          â”‚
â”œâ”€â”€â”€â”€â”€â”€â”€â”€â”€â”€â”€â”€â”€â”€â”€â”€â”€â”€â”€â”€â”€â”€â”€â”€â”€â”€â”€â”€â”€â”€â”€â”€â”€â”€â”€â”€â”€â”€â”€â”€â”€â”€â”€â”€â”€â”€â”€â”€â”€â”€â”€â”€â”€â”€â”€â”€â”€â”€â”€â”€â”€â”€â”€â”€â”€â”€â”€â”€â”€â”€â”€â”€â”€â”€â”¤
â”‚               Why did i make this lmao... i have no life                 â”‚
â””â”€â”€â”€â”€â”€â”€â”€â”€â”€â”€â”€â”€â”€â”€â”€â”€â”€â”€â”€â”€â”€â”€â”€â”€â”€â”€â”€â”€â”€â”€â”€â”€â”€â”€â”€â”€â”€â”€â”€â”€â”€â”€â”€â”€â”€â”€â”€â”€â”€â”€â”€â”€â”€â”€â”€â”€â”€â”€â”€â”€â”€â”€â”€â”€â”€â”€â”€â”€â”€â”€â”€â”€â”€â”€â”˜
[NONE ][20:13:44] >playerlist
[NONE ][20:13:44] 
Current players: 5
[NONE ][20:13:44] Do "playerlist m" or "pl m" to list minions

[NONE ][20:13:44]  ID     | IP              | P | CELLS | SCORE  |   POSITION   | NICK                                               
[NONE ][20:13:44] â”€â”€â”€â”€â”€â”€â”€â”€â”€â”€â”€â”€â”€â”€â”€â”€â”€â”€â”€â”€â”€â”€â”€â”€â”€â”€â”€â”€â”€â”€â”€â”€â”€â”€â”€â”€â”€â”€â”€â”€â”€â”€â”€â”€â”€â”€â”€â”€â”€â”€â”€â”€â”€â”€â”€â”€â”€â”€â”€â”€â”€â”€â”€â”€â”€â”€â”€â”€â”€â”€â”€â”€â”€â”€â”€â”€â”€â”€â”€â”€â”€â”€â”€â”€â”€â”€â”€â”€â”€â”€â”€â”€â”€â”€â”€â”€â”€â”€â”€â”€â”€â”€â”€â”€â”€â”€â”€â”€â”€â”€â”€â”€â”€â”€â”€
[NONE ][20:13:44]       1 | [BOT]           | ? |     2 |    265 |  2771, -3175 | Bruh ðŸ¤–                                           
[NONE ][20:13:44]       2 | [BOT]           | ? |     1 |    190 | -5704, -1545 | Sweaty ðŸ¤–                                         
[NONE ][20:13:44]       3 | [BOT]           | ? |     1 |    128 |  6395, -6909 | Maggot ðŸ¤–                                         
[NONE ][20:13:44]       4 | [BOT]           | ? |     1 |    210 |  4454, -2089 | Toenail ðŸ¤–                                        
[NONE ][20:13:44]       5 | 217.180.219.229 | 6 |     1 |     29 | -1026, -5930 | gun                                               
[NONE ][20:14:08] >spawnmass 5 1000-
[NONE ][20:14:08] Set spawnmass of gun to 1000.000
[NONE ][20:14:12] >spawnmass 5 10000
[NONE ][20:14:12] Set spawnmass of gun to 10000.000
[NONE ][20:14:36] >spawnmass 5 100000
[NONE ][20:14:36] Set spawnmass of gun to 100000.000
[NONE ][20:16:50] >spawnmass 5 1000000
[NONE ][20:16:50] Set spawnmass of gun to 1000000.000
[NONE ][20:17:24] >spawnmass 5 10000000000
[NONE ][20:17:24] Set spawnmass of gun to 10000000000.000
[NONE ][20:17:34] >kill 5
[NONE ][20:17:34] Killed gun and removed 21 cells
[NONE ][20:17:43] >spawnmass 5 10000000000000000000000000000
[NONE ][20:17:43] Set spawnmass of gun to 1e+28
[NONE ][20:17:45] >kill 4
[NONE ][20:17:45] Killed Toenail ðŸ¤– and removed 1 cells
[NONE ][20:17:52] >kill 5
[NONE ][20:17:52] Killed gun and removed 21 cells
[NONE ][20:18:05] DISCONNECTED 217.180.219.229:53914, code: 1001, reason: "", name: "gun"
