=== Started 2023-02-24T18-17-39-343 ===
[ERROR][18:17:39] Unknown gameserver.ini value: serverWelcome3
[INFO ][18:17:39] 2 bad words loaded
[INFO ][18:17:39] 4 user records loaded.
[INFO ][18:17:39] 0 IP ban records loaded.
[INFO ][18:17:39] [1m[32mMultiOgar-Edited 1.6.1[37m - An open source multi-protocol ogar server[0m
[INFO ][18:17:39] WebSocket: ws
[INFO ][18:17:39] Started stats server on port 1234
[INFO ][18:17:39] Listening on port 3000
[INFO ][18:17:39] Current game mode is vFree For All
[INFO ][18:17:39] Added 4 player bots
[NONE ][18:17:39]   __  __       _ _   _  ___                        _____    _ _ _           _    _   __    _ 
 |  \/  |_   _| | |_(_)/ _ \  __ _  __ _ _ __     | ____|__| (_) |_ ___  __| |  / | / /_  / |
 | |\/| | | | | | __| | | | |/ _` |/ _` | '__|____|  _| / _` | | __/ _ \/ _` |  | || '_ \ | |
 | |  | | |_| | | |_| | |_| | (_| | (_| | | |_____| |__| (_| | | ||  __/ (_| |  | || (_) || |
 |_|  |_|\__,_|_|\__|_|\___/ \__, |\__,_|_|       |_____\__,_|_|\__\___|\__,_|  |_(_)___(_)_|
                             |___/                                                           
[NONE ][18:17:40] CONNECTED 152.157.185.136:51506, origin: "https://biobit-forked.lxtte.repl.co"
[NONE ][18:17:40] CONNECTED 152.157.185.136:48564, origin: "https://34f255ab-3d17-48d9-9f19-a2c64b272861.id.repl.co"
[NONE ][18:17:51] >mass 6 1000
[WARN ][18:17:51] That player is either dead or not playing!
[NONE ][18:17:55] >mass 5 10000
[NONE ][18:17:55] Set mass of Joe swansonson to 10000.000
[NONE ][18:17:55] <ref *2> Cell {
  gameServer: <ref *1> GameServer {
    srcFiles: '../src',
    run: true,
    version: '1.6.1',
    httpServer: Server {
      maxHeaderSize: undefined,
      insecureHTTPParser: undefined,
      requestTimeout: 300000,
      headersTimeout: 60000,
      keepAliveTimeout: 5000,
      connectionsCheckingInterval: 30000,
      _events: [Object: null prototype],
      _eventsCount: 3,
      _maxListeners: undefined,
      _connections: 0,
      _handle: [TCP],
      _usingWorkers: false,
      _workers: [],
      _unref: false,
      allowHalfOpen: true,
      pauseOnConnect: false,
      noDelay: true,
      keepAlive: false,
      keepAliveInitialDelay: 0,
      httpAllowHalfOpen: false,
      timeout: 0,
      maxHeadersCount: null,
      maxRequestsPerSocket: 0,
      _connectionKey: '6::::1234',
      [Symbol(IncomingMessage)]: [Function: IncomingMessage],
      [Symbol(ServerResponse)]: [Function: ServerResponse],
      [Symbol(kCapture)]: false,
      [Symbol(async_id_symbol)]: 11,
      [Symbol(http.server.connections)]: ConnectionsList {},
      [Symbol(http.server.connectionsCheckingInterval)]: Timeout {
        _idleTimeout: 30000,
        _idlePrev: [Timeout],
        _idleNext: [Timeout],
        _idleStart: 365,
        _onTimeout: [Function: bound checkConnections],
        _timerArgs: undefined,
        _repeat: 30000,
        _destroyed: false,
        [Symbol(refed)]: false,
        [Symbol(kHasPrimitive)]: false,
        [Symbol(asyncId)]: 10,
        [Symbol(triggerId)]: 1
      },
      [Symbol(kUniqueHeaders)]: null
    },
    lastNodeId: 1246,
    lastPlayerId: 7,
    clients: [
      [FakeSocket],
      [FakeSocket],
      [FakeSocket],
      [FakeSocket],
      [WebSocket],
      [WebSocket]
    ],
    socketCount: 2,
    largestClient: PlayerTracker {
      gameServer: [Circular *1],
      socket: [FakeSocket],
      pID: 1,
      userAuth: null,
      isRemoved: false,
      isCloseRequested: false,
      _name: 'Maggot 🤖',
      _skin: '',
      _nameUtf8: <Buffer 4d 61 67 67 6f 74 20 f0 9f a4 96 00>,
      _skinUtf8protocol11: null,
      _nameUnicode: <Buffer 4d 00 61 00 67 00 67 00 6f 00 74 00 20 00 3e d8 16 dd 00 00>,
      _skinUtf8: null,
      color: [Object],
      viewNodes: [Array],
      clientNodes: [],
      cells: [Array],
      mergeOverride: false,
      _score: 37.09169309567145,
      _scale: 1,
      borderCounter: 0,
      connectedTime: 2023-02-24T18:17:39.445Z,
      tickLeaderboard: 0,
      team: 0,
      spectate: false,
      freeRoam: false,
      spectateTarget: null,
      lastKeypressTick: 0,
      centerPos: [Vec2],
      mouse: [Vec2],
      viewBox: [Object],
      scrambleX: 0,
      scrambleY: 0,
      scrambleId: 0,
      isMinion: false,
      isMuted: false,
      spawnmass: 0,
      frozen: false,
      customspeed: 0,
      rec: false,
      miQ: 0,
      isMi: false,
      minionSplit: false,
      minionEject: false,
      minionFrozen: false,
      minionControl: false,
      collectPellets: false,
      userRole: 0,
      splitCooldown: 0
    },
    nodes: [
      [Cell], [Cell], [Cell], [Cell], [Cell], [Cell], [Cell],
      [Cell], [Cell], [Cell], [Cell], [Cell], [Cell], [Cell],
      [Cell], [Cell], [Cell], [Cell], [Cell], [Cell], [Cell],
      [Cell], [Cell], [Cell], [Cell], [Cell], [Cell], [Cell],
      [Cell], [Cell], [Cell], [Cell], [Cell], [Cell], [Cell],
      [Cell], [Cell], [Cell], [Cell], [Cell], [Cell], [Cell],
      [Cell], [Cell], [Cell], [Cell], [Cell], [Cell], [Cell],
      [Cell], [Cell], [Cell], [Cell], [Cell], [Cell], [Cell],
      [Cell], [Cell], [Cell], [Cell], [Cell], [Cell], [Cell],
      [Cell], [Cell], [Cell], [Cell], [Cell], [Cell], [Cell],
      [Cell], [Cell], [Cell], [Cell], [Cell], [Cell], [Cell],
      [Cell], [Cell], [Cell], [Cell], [Cell], [Cell], [Cell],
      [Cell], [Cell], [Cell], [Cell], [Cell], [Cell], [Cell],
      [Cell], [Cell], [Cell], [Cell], [Cell], [Cell], [Cell],
      [Cell], [Cell],
      ... 1124 more items
    ],
    nodesVirus: [
      [Cell], [Cell], [Cell], [Cell],
      [Cell], [Cell], [Cell], [Cell],
      [Cell], [Cell], [Cell], [Cell],
      [Cell], [Cell], [Cell], [Cell],
      [Cell], [Cell], [Cell], [Cell],
      [Cell], [Cell], [Cell], [Cell],
      [Cell], [Cell], [Cell], [Cell],
      [Cell], [Cell], [Cell], [Cell],
      [Cell], [Cell], [Cell], [Cell],
      [Cell], [Cell], [Cell], [Cell]
    ],
    nodesFood: [
      [Cell], [Cell], [Cell], [Cell], [Cell], [Cell], [Cell],
      [Cell], [Cell], [Cell], [Cell], [Cell], [Cell], [Cell],
      [Cell], [Cell], [Cell], [Cell], [Cell], [Cell], [Cell],
      [Cell], [Cell], [Cell], [Cell], [Cell], [Cell], [Cell],
      [Cell], [Cell], [Cell], [Cell], [Cell], [Cell], [Cell],
      [Cell], [Cell], [Cell], [Cell], [Cell], [Cell], [Cell],
      [Cell], [Cell], [Cell], [Cell], [Cell], [Cell], [Cell],
      [Cell], [Cell], [Cell], [Cell], [Cell], [Cell], [Cell],
      [Cell], [Cell], [Cell], [Cell], [Cell], [Cell], [Cell],
      [Cell], [Cell], [Cell], [Cell], [Cell], [Cell], [Cell],
      [Cell], [Cell], [Cell], [Cell], [Cell], [Cell], [Cell],
      [Cell], [Cell], [Cell], [Cell], [Cell], [Cell], [Cell],
      [Cell], [Cell], [Cell], [Cell], [Cell], [Cell], [Cell],
      [Cell], [Cell], [Cell], [Cell], [Cell], [Cell], [Cell],
      [Cell], [Cell],
      ... 1079 more items
    ],
    nodesEjected: [],
    nodesPlayer: [ [Circular *2], [Cell], [Cell], [Cell], [Cell] ],
    movingNodes: [],
    leaderboard: [
      [PlayerTracker],
      [PlayerTracker],
      [PlayerTracker],
      [PlayerTracker],
      [PlayerTracker]
    ],
    leaderboardType: 49,
    bots: BotLoader {
      gameServer: [Circular *1],
      randomNames: [Array],
      nameIndex: 0
    },
    startTime: 1677262659347,
    stepDateTime: 1677262675354,
    timeStamp: 1677262675349,
    updateTime: 1.59006,
    updateTimeAvg: 1.202294037472144,
    timerLoopBind: [Function: bound ],
    mainLoopBind: [Function: bound ],
    tickCounter: 396,
    disableSpawn: false,
    config: {
      logVerbosity: 4,
      logFileVerbosity: 5,
      serverTimeout: 30,
      serverWsModule: 'ws',
      serverMaxConnections: 0,
      serverPort: 3000,
      serverBind: '0.0.0.0',
      serverTracker: 1,
      serverGamemode: 0,
      serverBots: 4,
      serverViewBaseX: 1920,
      serverViewBaseY: 1080,
      serverMinScale: 0.15,
      serverSpectatorScale: 0.4,
      serverStatsPort: 1234,
      serverStatsUpdate: 30,
      mobilePhysics: 0,
      badWordFilter: 0,
      serverRestart: 540000,
      serverMaxLB: 20,
      serverChat: 1,
      serverChatAscii: 0,
      separateChatForTeams: 0,
      serverName: 'BioBit v1.0',
      serverWelcome1: 'Welcome to BioBit v1.0! ',
      serverWelcome2: 'Hello There! ',
      clientBind: NaN,
      serverIpLimit: 2,
      serverMinionIgnoreTime: 30,
      serverMinionThreshold: 10,
      serverMinionInterval: 1000,
      serverScrambleLevel: 0,
      playerBotGrow: 0,
      borderWidth: 14142.135623730952,
      borderHeight: 14142.135623730952,
      foodMinSize: 16,
      foodMaxSize: 20,
      foodMinAmount: 2000,
      foodMaxAmount: 2000,
      foodSpawnAmount: 30,
      foodMassGrow: 1,
      spawnInterval: 10,
      virusMinSize: 100,
      virusMaxSize: 110,
      virusMaxPoppedSize: 60,
      virusEqualPopSize: 0,
      virusMinAmount: 50,
      virusMaxAmount: 100,
      motherCellMaxMass: 0,
      virusVelocity: 900,
      virusMaxCells: 0,
      ejectSize: 36.06,
      ejectSizeLoss: 42.43,
      ejectCooldown: 3,
      ejectSpawnPercent: 0.5,
      ejectVirus: 0,
      ejectVelocity: 780,
      playerMinSize: 60,
      playerMaxSize: 3000,
      playerMinSplitSize: 59.16079783,
      playerMinEjectSize: 59.16079783,
      playerStartSize: 36,
      playerMaxCells: 21,
      playerSpeed: 1,
      playerDecayRate: 0.002,
      playerDecayCap: 0,
      playerRecombineTime: 15,
      playerDisconnectTime: -1,
      playerMaxNickLength: 50,
      splitVelocity: 780,
      minionStartSize: 31.6227766017,
      minionMaxStartSize: 31.6227766017,
      minionCollideTeam: 0,
      disableERTP: 1,
      disableQ: 0,
      serverMinions: 0,
      collectPellets: 0,
      defaultName: '🦋',
      minionsOnLeaderboard: 0,
      tourneyMaxPlayers: 6,
      tourneyPrepTime: 10,
      tourneyEndTime: 30,
      tourneyTimeLimit: 20,
      tourneyAutoFill: 0,
      tourneyAutoFillPlayers: 1,
      tourneyLeaderboardToggleTime: 0
    },
    IpBan: [],
    minionTest: [],
    userList: [ [Object], [Object], [Object], [Object] ],
    badWords: [ ' <r>nigga ', ' <r>nigger ' ],
    ipBanList: [],
    border: {
      minx: -7071.067811865476,
      miny: -7071.067811865476,
      maxx: 7071.067811865476,
      maxy: 7071.067811865476,
      width: 14142.135623730952,
      height: 14142.135623730952,
      cx: 0,
      cy: 0
    },
    quadTree: QuadNode {
      halfWidth: 7071.067811865476,
      halfHeight: 7071.067811865476,
      bound: [Object],
      childNodes: [Array],
      items: [Array]
    },
    gameMode: Mode {
      ID: 0,
      name: 'vFree For All',
      decayMod: 1,
      packetLB: 49,
      haveTeams: false,
      specByLeaderboard: true,
      IsTournament: false,
      rankOne: [PlayerTracker]
    },
    clientBind: [ 'NaN' ],
    WebSocket: [class WebSocket extends EventEmitter] {
      CONNECTING: 0,
      OPEN: 1,
      CLOSING: 2,
      CLOSED: 3,
      Server: [class WebSocketServer extends EventEmitter],
      Receiver: [class Receiver],
      Sender: [class Sender]
    },
    wsServer: WebSocketServer {
      _events: [Object: null prototype],
      _eventsCount: 2,
      _maxListeners: undefined,
      _server: [Server],
      _ultron: [Ultron],
      clients: [Set],
      options: [Object],
      path: null,
      [Symbol(kCapture)]: false
    },
    stats: '{"server_name":"BioBit v1.0","server_chat":"true","border_width":14142.135623730952,"border_height":14142.135623730952,"gamemode":"vFree For All","max_players":0,"current_players":0,"alive":0,"spectators":0,"update_time":"0.000","uptime":-27954378,"start_time":1677262659347}'
  },
  owner: <ref *3> PlayerTracker {
    gameServer: <ref *1> GameServer {
      srcFiles: '../src',
      run: true,
      version: '1.6.1',
      httpServer: [Server],
      lastNodeId: 1246,
      lastPlayerId: 7,
      clients: [Array],
      socketCount: 2,
      largestClient: [PlayerTracker],
      nodes: [Array],
      nodesVirus: [Array],
      nodesFood: [Array],
      nodesEjected: [],
      nodesPlayer: [Array],
      movingNodes: [],
      leaderboard: [Array],
      leaderboardType: 49,
      bots: [BotLoader],
      startTime: 1677262659347,
      stepDateTime: 1677262675354,
      timeStamp: 1677262675349,
      updateTime: 1.59006,
      updateTimeAvg: 1.202294037472144,
      timerLoopBind: [Function: bound ],
      mainLoopBind: [Function: bound ],
      tickCounter: 396,
      disableSpawn: false,
      config: [Object],
      IpBan: [],
      minionTest: [],
      userList: [Array],
      badWords: [Array],
      ipBanList: [],
      border: [Object],
      quadTree: [QuadNode],
      gameMode: [Mode],
      clientBind: [Array],
      WebSocket: [Function],
      wsServer: [WebSocketServer],
      stats: '{"server_name":"BioBit v1.0","server_chat":"true","border_width":14142.135623730952,"border_height":14142.135623730952,"gamemode":"vFree For All","max_players":0,"current_players":0,"alive":0,"spectators":0,"update_time":"0.000","uptime":-27954378,"start_time":1677262659347}'
    },
    socket: WebSocket {
      _events: [Object: null prototype],
      _eventsCount: 3,
      _maxListeners: undefined,
      readyState: 1,
      bytesReceived: 3303,
      extensions: {},
      protocol: '',
      _finalize: [Function],
      _binaryType: 'nodebuffer',
      _finalizeCalled: false,
      _closeMessage: null,
      _closeTimer: null,
      _closeCode: null,
      _receiver: [Receiver],
      _sender: [Sender],
      _socket: [Socket],
      _ultron: [Ultron],
      protocolVersion: 13,
      maxPayload: 4096,
      upgradeReq: [IncomingMessage],
      _isServer: true,
      isConnected: true,
      remoteAddress: '152.157.185.136',
      remotePort: 51506,
      lastAliveTime: 1677262675046,
      playerTracker: [Circular *3],
      packetHandler: [PacketHandler],
      playerCommand: [PlayerCommand],
      [Symbol(kCapture)]: false
    },
    pID: 5,
    userAuth: null,
    isRemoved: false,
    isCloseRequested: false,
    _name: 'Joe swansonson',
    _skin: '',
    _nameUtf8: <Buffer 4a 6f 65 20 73 77 61 6e 73 6f 6e 73 6f 6e 00>,
    _skinUtf8protocol11: null,
    _nameUnicode: <Buffer 4a 00 6f 00 65 00 20 00 73 00 77 00 61 00 6e 00 73 00 6f 00 6e 00 73 00 6f 00 6e 00 00 00>,
    _skinUtf8: null,
    color: { r: 255, g: 7, b: 47 },
    viewNodes: [
      [Cell], [Cell], [Cell], [Cell],        [Cell],
      [Cell], [Cell], [Cell], [Cell],        [Cell],
      [Cell], [Cell], [Cell], [Cell],        [Cell],
      [Cell], [Cell], [Cell], [Cell],        [Cell],
      [Cell], [Cell], [Cell], [Cell],        [Cell],
      [Cell], [Cell], [Cell], [Cell],        [Cell],
      [Cell], [Cell], [Cell], [Cell],        [Cell],
      [Cell], [Cell], [Cell], [Cell],        [Cell],
      [Cell], [Cell], [Cell], [Cell],        [Cell],
      [Cell], [Cell], [Cell], [Cell],        [Cell],
      [Cell], [Cell], [Cell], [Circular *2], [Cell],
      [Cell], [Cell], [Cell], [Cell],        [Cell],
      [Cell], [Cell], [Cell], [Cell],        [Cell],
      [Cell], [Cell], [Cell], [Cell],        [Cell],
      [Cell], [Cell], [Cell], [Cell],        [Cell],
      [Cell], [Cell], [Cell], [Cell],        [Cell],
      [Cell], [Cell], [Cell], [Cell],        [Cell],
      [Cell], [Cell], [Cell], [Cell],        [Cell],
      [Cell], [Cell], [Cell], [Cell],        [Cell],
      [Cell], [Cell], [Cell], [Cell],        [Cell],
      ... 17 more items
    ],
    clientNodes: [
      [Cell], [Cell], [Cell], [Cell],        [Cell],
      [Cell], [Cell], [Cell], [Cell],        [Cell],
      [Cell], [Cell], [Cell], [Cell],        [Cell],
      [Cell], [Cell], [Cell], [Cell],        [Cell],
      [Cell], [Cell], [Cell], [Cell],        [Cell],
      [Cell], [Cell], [Cell], [Cell],        [Cell],
      [Cell], [Cell], [Cell], [Cell],        [Cell],
      [Cell], [Cell], [Cell], [Cell],        [Cell],
      [Cell], [Cell], [Cell], [Cell],        [Cell],
      [Cell], [Cell], [Cell], [Cell],        [Cell],
      [Cell], [Cell], [Cell], [Circular *2], [Cell],
      [Cell], [Cell], [Cell], [Cell],        [Cell],
      [Cell], [Cell], [Cell], [Cell],        [Cell],
      [Cell], [Cell], [Cell], [Cell],        [Cell],
      [Cell], [Cell], [Cell], [Cell],        [Cell],
      [Cell], [Cell], [Cell], [Cell],        [Cell],
      [Cell], [Cell], [Cell], [Cell],        [Cell],
      [Cell], [Cell], [Cell], [Cell],        [Cell],
      [Cell], [Cell], [Cell], [Cell],        [Cell],
      [Cell], [Cell], [Cell], [Cell],        [Cell],
      ... 17 more items
    ],
    cells: [ [Circular *2] ],
    mergeOverride: false,
    _score: 10000,
    _scale: 0.33302128296074923,
    borderCounter: 0,
    connectedTime: 2023-02-24T18:17:40.102Z,
    tickLeaderboard: 15,
    team: 0,
    spectate: false,
    freeRoam: false,
    spectateTarget: null,
    lastKeypressTick: 0,
    centerPos: Vec2 { x: -3402, y: -4662 },
    mouse: Vec2 { x: -3402, y: -4662 },
    viewBox: {
      minx: -6434.839195803114,
      miny: -6433.658540122611,
      maxx: -369.1608041968857,
      maxy: -2890.341459877389
    },
    scrambleX: 0,
    scrambleY: 0,
    scrambleId: 0,
    isMinion: false,
    isMuted: false,
    spawnmass: 0,
    frozen: false,
    customspeed: 0,
    rec: false,
    miQ: 0,
    isMi: false,
    minionSplit: false,
    minionEject: false,
    minionFrozen: false,
    minionControl: false,
    collectPellets: false,
    userRole: 0
  },
  color: { r: 255, g: 7, b: 47 },
  radius: 1010361.3159311523,
  _size: 1005.167307432525,
  _mass: 10103.613159311522,
  cellType: 0,
  isSpiked: false,
  isAgitated: false,
  killedBy: null,
  isMoving: false,
  boostDistance: 0,
  boostDirection: Vec2 { x: 1, y: 0 },
  tickOfBirth: 180,
  nodeId: 563,
  position: Vec2 { x: -3402, y: -4662 },
  _canRemerge: false,
  quadItem: {
    cell: [Circular *2],
    bound: { minx: -4402, miny: -5662, maxx: -2402, maxy: -3662 },
    _quadNode: QuadNode {
      halfWidth: 3535.533905932738,
      halfHeight: 3535.533905932738,
      bound: [Object],
      childNodes: [Array],
      items: [Array]
    }
  },
  div: 3
}
[NONE ][18:17:55] undefined
[NONE ][18:17:55] <ref *2> Cell {
  gameServer: <ref *1> GameServer {
    srcFiles: '../src',
    run: true,
    version: '1.6.1',
    httpServer: Server {
      maxHeaderSize: undefined,
      insecureHTTPParser: undefined,
      requestTimeout: 300000,
      headersTimeout: 60000,
      keepAliveTimeout: 5000,
      connectionsCheckingInterval: 30000,
      _events: [Object: null prototype],
      _eventsCount: 3,
      _maxListeners: undefined,
      _connections: 0,
      _handle: [TCP],
      _usingWorkers: false,
      _workers: [],
      _unref: false,
      allowHalfOpen: true,
      pauseOnConnect: false,
      noDelay: true,
      keepAlive: false,
      keepAliveInitialDelay: 0,
      httpAllowHalfOpen: false,
      timeout: 0,
      maxHeadersCount: null,
      maxRequestsPerSocket: 0,
      _connectionKey: '6::::1234',
      [Symbol(IncomingMessage)]: [Function: IncomingMessage],
      [Symbol(ServerResponse)]: [Function: ServerResponse],
      [Symbol(kCapture)]: false,
      [Symbol(async_id_symbol)]: 11,
      [Symbol(http.server.connections)]: ConnectionsList {},
      [Symbol(http.server.connectionsCheckingInterval)]: Timeout {
        _idleTimeout: 30000,
        _idlePrev: [Timeout],
        _idleNext: [Timeout],
        _idleStart: 365,
        _onTimeout: [Function: bound checkConnections],
        _timerArgs: undefined,
        _repeat: 30000,
        _destroyed: false,
        [Symbol(refed)]: false,
        [Symbol(kHasPrimitive)]: false,
        [Symbol(asyncId)]: 10,
        [Symbol(triggerId)]: 1
      },
      [Symbol(kUniqueHeaders)]: null
    },
    lastNodeId: 1266,
    lastPlayerId: 7,
    clients: [
      [FakeSocket],
      [FakeSocket],
      [FakeSocket],
      [FakeSocket],
      [WebSocket],
      [WebSocket]
    ],
    socketCount: 2,
    largestClient: PlayerTracker {
      gameServer: [Circular *1],
      socket: [FakeSocket],
      pID: 1,
      userAuth: null,
      isRemoved: false,
      isCloseRequested: false,
      _name: 'Maggot 🤖',
      _skin: '',
      _nameUtf8: <Buffer 4d 61 67 67 6f 74 20 f0 9f a4 96 00>,
      _skinUtf8protocol11: null,
      _nameUnicode: <Buffer 4d 00 61 00 67 00 67 00 6f 00 74 00 20 00 3e d8 16 dd 00 00>,
      _skinUtf8: null,
      color: [Object],
      viewNodes: [Array],
      clientNodes: [],
      cells: [Array],
      mergeOverride: false,
      _score: 37.09169309567145,
      _scale: 1,
      borderCounter: 0,
      connectedTime: 2023-02-24T18:17:39.445Z,
      tickLeaderboard: 0,
      team: 0,
      spectate: false,
      freeRoam: false,
      spectateTarget: null,
      lastKeypressTick: 0,
      centerPos: [Vec2],
      mouse: [Vec2],
      viewBox: [Object],
      scrambleX: 0,
      scrambleY: 0,
      scrambleId: 0,
      isMinion: false,
      isMuted: false,
      spawnmass: 0,
      frozen: false,
      customspeed: 0,
      rec: false,
      miQ: 0,
      isMi: false,
      minionSplit: false,
      minionEject: false,
      minionFrozen: false,
      minionControl: false,
      collectPellets: false,
      userRole: 0,
      splitCooldown: 0
    },
    nodes: [
      [Cell], [Cell], [Cell], [Cell], [Cell], [Cell], [Cell],
      [Cell], [Cell], [Cell], [Cell], [Cell], [Cell], [Cell],
      [Cell], [Cell], [Cell], [Cell], [Cell], [Cell], [Cell],
      [Cell], [Cell], [Cell], [Cell], [Cell], [Cell], [Cell],
      [Cell], [Cell], [Cell], [Cell], [Cell], [Cell], [Cell],
      [Cell], [Cell], [Cell], [Cell], [Cell], [Cell], [Cell],
      [Cell], [Cell], [Cell], [Cell], [Cell], [Cell], [Cell],
      [Cell], [Cell], [Cell], [Cell], [Cell], [Cell], [Cell],
      [Cell], [Cell], [Cell], [Cell], [Cell], [Cell], [Cell],
      [Cell], [Cell], [Cell], [Cell], [Cell], [Cell], [Cell],
      [Cell], [Cell], [Cell], [Cell], [Cell], [Cell], [Cell],
      [Cell], [Cell], [Cell], [Cell], [Cell], [Cell], [Cell],
      [Cell], [Cell], [Cell], [Cell], [Cell], [Cell], [Cell],
      [Cell], [Cell], [Cell], [Cell], [Cell], [Cell], [Cell],
      [Cell], [Cell],
      ... 1143 more items
    ],
    nodesVirus: [
      [Cell], [Cell], [Cell], [Cell],
      [Cell], [Cell], [Cell], [Cell],
      [Cell], [Cell], [Cell], [Cell],
      [Cell], [Cell], [Cell], [Cell],
      [Cell], [Cell], [Cell], [Cell],
      [Cell], [Cell], [Cell], [Cell],
      [Cell], [Cell], [Cell], [Cell],
      [Cell], [Cell], [Cell], [Cell],
      [Cell], [Cell], [Cell], [Cell],
      [Cell], [Cell], [Cell]
    ],
    nodesFood: [
      [Cell], [Cell], [Cell], [Cell], [Cell], [Cell], [Cell],
      [Cell], [Cell], [Cell], [Cell], [Cell], [Cell], [Cell],
      [Cell], [Cell], [Cell], [Cell], [Cell], [Cell], [Cell],
      [Cell], [Cell], [Cell], [Cell], [Cell], [Cell], [Cell],
      [Cell], [Cell], [Cell], [Cell], [Cell], [Cell], [Cell],
      [Cell], [Cell], [Cell], [Cell], [Cell], [Cell], [Cell],
      [Cell], [Cell], [Cell], [Cell], [Cell], [Cell], [Cell],
      [Cell], [Cell], [Cell], [Cell], [Cell], [Cell], [Cell],
      [Cell], [Cell], [Cell], [Cell], [Cell], [Cell], [Cell],
      [Cell], [Cell], [Cell], [Cell], [Cell], [Cell], [Cell],
      [Cell], [Cell], [Cell], [Cell], [Cell], [Cell], [Cell],
      [Cell], [Cell], [Cell], [Cell], [Cell], [Cell], [Cell],
      [Cell], [Cell], [Cell], [Cell], [Cell], [Cell], [Cell],
      [Cell], [Cell], [Cell], [Cell], [Cell], [Cell], [Cell],
      [Cell], [Cell],
      ... 1079 more items
    ],
    nodesEjected: [],
    nodesPlayer: [
      [Cell], [Cell], [Cell],
      [Cell], [Cell], [Cell],
      [Cell], [Cell], [Cell],
      [Cell], [Cell], [Cell],
      [Cell], [Cell], [Cell],
      [Cell], [Cell], [Cell],
      [Cell], [Cell], [Circular *2],
      [Cell], [Cell], [Cell],
      [Cell]
    ],
    movingNodes: [],
    leaderboard: [
      [PlayerTracker],
      [PlayerTracker],
      [PlayerTracker],
      [PlayerTracker],
      [PlayerTracker]
    ],
    leaderboardType: 49,
    bots: BotLoader {
      gameServer: [Circular *1],
      randomNames: [Array],
      nameIndex: 0
    },
    startTime: 1677262659347,
    stepDateTime: 1677262675354,
    timeStamp: 1677262675349,
    updateTime: 1.59006,
    updateTimeAvg: 1.202294037472144,
    timerLoopBind: [Function: bound ],
    mainLoopBind: [Function: bound ],
    tickCounter: 396,
    disableSpawn: false,
    config: {
      logVerbosity: 4,
      logFileVerbosity: 5,
      serverTimeout: 30,
      serverWsModule: 'ws',
      serverMaxConnections: 0,
      serverPort: 3000,
      serverBind: '0.0.0.0',
      serverTracker: 1,
      serverGamemode: 0,
      serverBots: 4,
      serverViewBaseX: 1920,
      serverViewBaseY: 1080,
      serverMinScale: 0.15,
      serverSpectatorScale: 0.4,
      serverStatsPort: 1234,
      serverStatsUpdate: 30,
      mobilePhysics: 0,
      badWordFilter: 0,
      serverRestart: 540000,
      serverMaxLB: 20,
      serverChat: 1,
      serverChatAscii: 0,
      separateChatForTeams: 0,
      serverName: 'BioBit v1.0',
      serverWelcome1: 'Welcome to BioBit v1.0! ',
      serverWelcome2: 'Hello There! ',
      clientBind: NaN,
      serverIpLimit: 2,
      serverMinionIgnoreTime: 30,
      serverMinionThreshold: 10,
      serverMinionInterval: 1000,
      serverScrambleLevel: 0,
      playerBotGrow: 0,
      borderWidth: 14142.135623730952,
      borderHeight: 14142.135623730952,
      foodMinSize: 16,
      foodMaxSize: 20,
      foodMinAmount: 2000,
      foodMaxAmount: 2000,
      foodSpawnAmount: 30,
      foodMassGrow: 1,
      spawnInterval: 10,
      virusMinSize: 100,
      virusMaxSize: 110,
      virusMaxPoppedSize: 60,
      virusEqualPopSize: 0,
      virusMinAmount: 50,
      virusMaxAmount: 100,
      motherCellMaxMass: 0,
      virusVelocity: 900,
      virusMaxCells: 0,
      ejectSize: 36.06,
      ejectSizeLoss: 42.43,
      ejectCooldown: 3,
      ejectSpawnPercent: 0.5,
      ejectVirus: 0,
      ejectVelocity: 780,
      playerMinSize: 60,
      playerMaxSize: 3000,
      playerMinSplitSize: 59.16079783,
      playerMinEjectSize: 59.16079783,
      playerStartSize: 36,
      playerMaxCells: 21,
      playerSpeed: 1,
      playerDecayRate: 0.002,
      playerDecayCap: 0,
      playerRecombineTime: 15,
      playerDisconnectTime: -1,
      playerMaxNickLength: 50,
      splitVelocity: 780,
      minionStartSize: 31.6227766017,
      minionMaxStartSize: 31.6227766017,
      minionCollideTeam: 0,
      disableERTP: 1,
      disableQ: 0,
      serverMinions: 0,
      collectPellets: 0,
      defaultName: '🦋',
      minionsOnLeaderboard: 0,
      tourneyMaxPlayers: 6,
      tourneyPrepTime: 10,
      tourneyEndTime: 30,
      tourneyTimeLimit: 20,
      tourneyAutoFill: 0,
      tourneyAutoFillPlayers: 1,
      tourneyLeaderboardToggleTime: 0
    },
    IpBan: [],
    minionTest: [],
    userList: [ [Object], [Object], [Object], [Object] ],
    badWords: [ ' <r>nigga ', ' <r>nigger ' ],
    ipBanList: [],
    border: {
      minx: -7071.067811865476,
      miny: -7071.067811865476,
      maxx: 7071.067811865476,
      maxy: 7071.067811865476,
      width: 14142.135623730952,
      height: 14142.135623730952,
      cx: 0,
      cy: 0
    },
    quadTree: QuadNode {
      halfWidth: 7071.067811865476,
      halfHeight: 7071.067811865476,
      bound: [Object],
      childNodes: [Array],
      items: [Array]
    },
    gameMode: Mode {
      ID: 0,
      name: 'vFree For All',
      decayMod: 1,
      packetLB: 49,
      haveTeams: false,
      specByLeaderboard: true,
      IsTournament: false,
      rankOne: [PlayerTracker]
    },
    clientBind: [ 'NaN' ],
    WebSocket: [class WebSocket extends EventEmitter] {
      CONNECTING: 0,
      OPEN: 1,
      CLOSING: 2,
      CLOSED: 3,
      Server: [class WebSocketServer extends EventEmitter],
      Receiver: [class Receiver],
      Sender: [class Sender]
    },
    wsServer: WebSocketServer {
      _events: [Object: null prototype],
      _eventsCount: 2,
      _maxListeners: undefined,
      _server: [Server],
      _ultron: [Ultron],
      clients: [Set],
      options: [Object],
      path: null,
      [Symbol(kCapture)]: false
    },
    stats: '{"server_name":"BioBit v1.0","server_chat":"true","border_width":14142.135623730952,"border_height":14142.135623730952,"gamemode":"vFree For All","max_players":0,"current_players":0,"alive":0,"spectators":0,"update_time":"0.000","uptime":-27954378,"start_time":1677262659347}'
  },
  owner: <ref *3> PlayerTracker {
    gameServer: <ref *1> GameServer {
      srcFiles: '../src',
      run: true,
      version: '1.6.1',
      httpServer: [Server],
      lastNodeId: 1266,
      lastPlayerId: 7,
      clients: [Array],
      socketCount: 2,
      largestClient: [PlayerTracker],
      nodes: [Array],
      nodesVirus: [Array],
      nodesFood: [Array],
      nodesEjected: [],
      nodesPlayer: [Array],
      movingNodes: [],
      leaderboard: [Array],
      leaderboardType: 49,
      bots: [BotLoader],
      startTime: 1677262659347,
      stepDateTime: 1677262675354,
      timeStamp: 1677262675349,
      updateTime: 1.59006,
      updateTimeAvg: 1.202294037472144,
      timerLoopBind: [Function: bound ],
      mainLoopBind: [Function: bound ],
      tickCounter: 396,
      disableSpawn: false,
      config: [Object],
      IpBan: [],
      minionTest: [],
      userList: [Array],
      badWords: [Array],
      ipBanList: [],
      border: [Object],
      quadTree: [QuadNode],
      gameMode: [Mode],
      clientBind: [Array],
      WebSocket: [Function],
      wsServer: [WebSocketServer],
      stats: '{"server_name":"BioBit v1.0","server_chat":"true","border_width":14142.135623730952,"border_height":14142.135623730952,"gamemode":"vFree For All","max_players":0,"current_players":0,"alive":0,"spectators":0,"update_time":"0.000","uptime":-27954378,"start_time":1677262659347}'
    },
    socket: WebSocket {
      _events: [Object: null prototype],
      _eventsCount: 3,
      _maxListeners: undefined,
      readyState: 1,
      bytesReceived: 3303,
      extensions: {},
      protocol: '',
      _finalize: [Function],
      _binaryType: 'nodebuffer',
      _finalizeCalled: false,
      _closeMessage: null,
      _closeTimer: null,
      _closeCode: null,
      _receiver: [Receiver],
      _sender: [Sender],
      _socket: [Socket],
      _ultron: [Ultron],
      protocolVersion: 13,
      maxPayload: 4096,
      upgradeReq: [IncomingMessage],
      _isServer: true,
      isConnected: true,
      remoteAddress: '152.157.185.136',
      remotePort: 51506,
      lastAliveTime: 1677262675046,
      playerTracker: [Circular *3],
      packetHandler: [PacketHandler],
      playerCommand: [PlayerCommand],
      [Symbol(kCapture)]: false
    },
    pID: 5,
    userAuth: null,
    isRemoved: false,
    isCloseRequested: false,
    _name: 'Joe swansonson',
    _skin: '',
    _nameUtf8: <Buffer 4a 6f 65 20 73 77 61 6e 73 6f 6e 73 6f 6e 00>,
    _skinUtf8protocol11: null,
    _nameUnicode: <Buffer 4a 00 6f 00 65 00 20 00 73 00 77 00 61 00 6e 00 73 00 6f 00 6e 00 73 00 6f 00 6e 00 00 00>,
    _skinUtf8: null,
    color: { r: 255, g: 7, b: 47 },
    viewNodes: [
      [Cell], [Cell], [Cell], [Cell],        [Cell],
      [Cell], [Cell], [Cell], [Cell],        [Cell],
      [Cell], [Cell], [Cell], [Cell],        [Cell],
      [Cell], [Cell], [Cell], [Cell],        [Cell],
      [Cell], [Cell], [Cell], [Cell],        [Cell],
      [Cell], [Cell], [Cell], [Cell],        [Cell],
      [Cell], [Cell], [Cell], [Cell],        [Cell],
      [Cell], [Cell], [Cell], [Cell],        [Cell],
      [Cell], [Cell], [Cell], [Cell],        [Cell],
      [Cell], [Cell], [Cell], [Cell],        [Cell],
      [Cell], [Cell], [Cell], [Circular *2], [Cell],
      [Cell], [Cell], [Cell], [Cell],        [Cell],
      [Cell], [Cell], [Cell], [Cell],        [Cell],
      [Cell], [Cell], [Cell], [Cell],        [Cell],
      [Cell], [Cell], [Cell], [Cell],        [Cell],
      [Cell], [Cell], [Cell], [Cell],        [Cell],
      [Cell], [Cell], [Cell], [Cell],        [Cell],
      [Cell], [Cell], [Cell], [Cell],        [Cell],
      [Cell], [Cell], [Cell], [Cell],        [Cell],
      [Cell], [Cell], [Cell], [Cell],        [Cell],
      ... 17 more items
    ],
    clientNodes: [
      [Cell], [Cell], [Cell], [Cell],        [Cell],
      [Cell], [Cell], [Cell], [Cell],        [Cell],
      [Cell], [Cell], [Cell], [Cell],        [Cell],
      [Cell], [Cell], [Cell], [Cell],        [Cell],
      [Cell], [Cell], [Cell], [Cell],        [Cell],
      [Cell], [Cell], [Cell], [Cell],        [Cell],
      [Cell], [Cell], [Cell], [Cell],        [Cell],
      [Cell], [Cell], [Cell], [Cell],        [Cell],
      [Cell], [Cell], [Cell], [Cell],        [Cell],
      [Cell], [Cell], [Cell], [Cell],        [Cell],
      [Cell], [Cell], [Cell], [Circular *2], [Cell],
      [Cell], [Cell], [Cell], [Cell],        [Cell],
      [Cell], [Cell], [Cell], [Cell],        [Cell],
      [Cell], [Cell], [Cell], [Cell],        [Cell],
      [Cell], [Cell], [Cell], [Cell],        [Cell],
      [Cell], [Cell], [Cell], [Cell],        [Cell],
      [Cell], [Cell], [Cell], [Cell],        [Cell],
      [Cell], [Cell], [Cell], [Cell],        [Cell],
      [Cell], [Cell], [Cell], [Cell],        [Cell],
      [Cell], [Cell], [Cell], [Cell],        [Cell],
      ... 17 more items
    ],
    cells: [
      [Circular *2], [Cell],
      [Cell],        [Cell],
      [Cell],        [Cell],
      [Cell],        [Cell],
      [Cell],        [Cell],
      [Cell],        [Cell],
      [Cell],        [Cell],
      [Cell],        [Cell],
      [Cell],        [Cell],
      [Cell],        [Cell],
      [Cell]
    ],
    mergeOverride: false,
    _score: 10000,
    _scale: 0.33302128296074923,
    borderCounter: 0,
    connectedTime: 2023-02-24T18:17:40.102Z,
    tickLeaderboard: 15,
    team: 0,
    spectate: false,
    freeRoam: false,
    spectateTarget: null,
    lastKeypressTick: 0,
    centerPos: Vec2 { x: -3402, y: -4662 },
    mouse: Vec2 { x: -3402, y: -4662 },
    viewBox: {
      minx: -6434.839195803114,
      miny: -6433.658540122611,
      maxx: -369.1608041968857,
      maxy: -2890.341459877389
    },
    scrambleX: 0,
    scrambleY: 0,
    scrambleId: 0,
    isMinion: false,
    isMuted: false,
    spawnmass: 0,
    frozen: false,
    customspeed: 0,
    rec: false,
    miQ: 0,
    isMi: false,
    minionSplit: false,
    minionEject: false,
    minionFrozen: false,
    minionControl: false,
    collectPellets: false,
    userRole: 0
  },
  color: { r: 255, g: 7, b: 47 },
  radius: 513075.73855738575,
  _size: 716.2930535453947,
  _mass: 5130.757385573857,
  cellType: 0,
  isSpiked: false,
  isAgitated: false,
  killedBy: null,
  isMoving: false,
  boostDistance: 0,
  boostDirection: Vec2 { x: 1, y: 0 },
  tickOfBirth: 180,
  nodeId: 563,
  position: Vec2 { x: -3402, y: -4662 },
  _canRemerge: false,
  quadItem: {
    cell: [Circular *2],
    bound: { minx: -4402, miny: -5662, maxx: -2402, maxy: -3662 },
    _quadNode: QuadNode {
      halfWidth: 3535.533905932738,
      halfHeight: 3535.533905932738,
      bound: [Object],
      childNodes: [Array],
      items: [Array]
    }
  },
  div: 3
}
[NONE ][18:17:55] undefined
[NONE ][18:18:07] <ref *2> Cell {
  gameServer: <ref *1> GameServer {
    srcFiles: '../src',
    run: true,
    version: '1.6.1',
    httpServer: Server {
      maxHeaderSize: undefined,
      insecureHTTPParser: undefined,
      requestTimeout: 300000,
      headersTimeout: 60000,
      keepAliveTimeout: 5000,
      connectionsCheckingInterval: 30000,
      _events: [Object: null prototype],
      _eventsCount: 3,
      _maxListeners: undefined,
      _connections: 0,
      _handle: [TCP],
      _usingWorkers: false,
      _workers: [],
      _unref: false,
      allowHalfOpen: true,
      pauseOnConnect: false,
      noDelay: true,
      keepAlive: false,
      keepAliveInitialDelay: 0,
      httpAllowHalfOpen: false,
      timeout: 0,
      maxHeadersCount: null,
      maxRequestsPerSocket: 0,
      _connectionKey: '6::::1234',
      [Symbol(IncomingMessage)]: [Function: IncomingMessage],
      [Symbol(ServerResponse)]: [Function: ServerResponse],
      [Symbol(kCapture)]: false,
      [Symbol(async_id_symbol)]: 11,
      [Symbol(http.server.connections)]: ConnectionsList {},
      [Symbol(http.server.connectionsCheckingInterval)]: Timeout {
        _idleTimeout: 30000,
        _idlePrev: [Timeout],
        _idleNext: [Timeout],
        _idleStart: 365,
        _onTimeout: [Function: bound checkConnections],
        _timerArgs: undefined,
        _repeat: 30000,
        _destroyed: false,
        [Symbol(refed)]: false,
        [Symbol(kHasPrimitive)]: false,
        [Symbol(asyncId)]: 10,
        [Symbol(triggerId)]: 1
      },
      [Symbol(kUniqueHeaders)]: null
    },
    lastNodeId: 2162,
    lastPlayerId: 7,
    clients: [
      [FakeSocket],
      [FakeSocket],
      [FakeSocket],
      [FakeSocket],
      [WebSocket],
      [WebSocket]
    ],
    socketCount: 2,
    largestClient: PlayerTracker {
      gameServer: [Circular *1],
      socket: [WebSocket],
      pID: 5,
      userAuth: null,
      isRemoved: false,
      isCloseRequested: false,
      _name: 'Joe swansonson',
      _skin: '',
      _nameUtf8: <Buffer 4a 6f 65 20 73 77 61 6e 73 6f 6e 73 6f 6e 00>,
      _skinUtf8protocol11: null,
      _nameUnicode: <Buffer 4a 00 6f 00 65 00 20 00 73 00 77 00 61 00 6e 00 73 00 6f 00 6e 00 73 00 6f 00 6e 00 00 00>,
      _skinUtf8: null,
      color: [Object],
      viewNodes: [Array],
      clientNodes: [Array],
      cells: [Array],
      mergeOverride: false,
      _score: 10084.450744914786,
      _scale: 0.2226390211977604,
      borderCounter: 0,
      connectedTime: 2023-02-24T18:17:40.102Z,
      tickLeaderboard: 25,
      team: 0,
      spectate: false,
      freeRoam: false,
      spectateTarget: null,
      lastKeypressTick: 0,
      centerPos: [Vec2],
      mouse: [Vec2],
      viewBox: [Object],
      scrambleX: 0,
      scrambleY: 0,
      scrambleId: 0,
      isMinion: false,
      isMuted: false,
      spawnmass: 0,
      frozen: false,
      customspeed: 0,
      rec: false,
      miQ: 0,
      isMi: false,
      minionSplit: false,
      minionEject: false,
      minionFrozen: false,
      minionControl: false,
      collectPellets: false,
      userRole: 0
    },
    nodes: [
      [Cell], [Cell], [Cell], [Cell], [Cell], [Cell], [Cell],
      [Cell], [Cell], [Cell], [Cell], [Cell], [Cell], [Cell],
      [Cell], [Cell], [Cell], [Cell], [Cell], [Cell], [Cell],
      [Cell], [Cell], [Cell], [Cell], [Cell], [Cell], [Cell],
      [Cell], [Cell], [Cell], [Cell], [Cell], [Cell], [Cell],
      [Cell], [Cell], [Cell], [Cell], [Cell], [Cell], [Cell],
      [Cell], [Cell], [Cell], [Cell], [Cell], [Cell], [Cell],
      [Cell], [Cell], [Cell], [Cell], [Cell], [Cell], [Cell],
      [Cell], [Cell], [Cell], [Cell], [Cell], [Cell], [Cell],
      [Cell], [Cell], [Cell], [Cell], [Cell], [Cell], [Cell],
      [Cell], [Cell], [Cell], [Cell], [Cell], [Cell], [Cell],
      [Cell], [Cell], [Cell], [Cell], [Cell], [Cell], [Cell],
      [Cell], [Cell], [Cell], [Cell], [Cell], [Cell], [Cell],
      [Cell], [Cell], [Cell], [Cell], [Cell], [Cell], [Cell],
      [Cell], [Cell],
      ... 1975 more items
    ],
    nodesVirus: [
      [Cell], [Cell], [Cell], [Cell], [Cell],
      [Cell], [Cell], [Cell], [Cell], [Cell],
      [Cell], [Cell], [Cell], [Cell], [Cell],
      [Cell], [Cell], [Cell], [Cell], [Cell],
      [Cell], [Cell], [Cell], [Cell], [Cell],
      [Cell], [Cell], [Cell], [Cell], [Cell],
      [Cell], [Cell], [Cell], [Cell], [Cell],
      [Cell], [Cell], [Cell], [Cell], [Cell],
      [Cell], [Cell], [Cell], [Cell], [Cell],
      [Cell], [Cell], [Cell], [Cell], [Cell]
    ],
    nodesFood: [
      [Cell], [Cell], [Cell], [Cell], [Cell], [Cell], [Cell],
      [Cell], [Cell], [Cell], [Cell], [Cell], [Cell], [Cell],
      [Cell], [Cell], [Cell], [Cell], [Cell], [Cell], [Cell],
      [Cell], [Cell], [Cell], [Cell], [Cell], [Cell], [Cell],
      [Cell], [Cell], [Cell], [Cell], [Cell], [Cell], [Cell],
      [Cell], [Cell], [Cell], [Cell], [Cell], [Cell], [Cell],
      [Cell], [Cell], [Cell], [Cell], [Cell], [Cell], [Cell],
      [Cell], [Cell], [Cell], [Cell], [Cell], [Cell], [Cell],
      [Cell], [Cell], [Cell], [Cell], [Cell], [Cell], [Cell],
      [Cell], [Cell], [Cell], [Cell], [Cell], [Cell], [Cell],
      [Cell], [Cell], [Cell], [Cell], [Cell], [Cell], [Cell],
      [Cell], [Cell], [Cell], [Cell], [Cell], [Cell], [Cell],
      [Cell], [Cell], [Cell], [Cell], [Cell], [Cell], [Cell],
      [Cell], [Cell], [Cell], [Cell], [Cell], [Cell], [Cell],
      [Cell], [Cell],
      ... 1900 more items
    ],
    nodesEjected: [],
    nodesPlayer: [
      [Cell],        [Cell], [Cell],
      [Cell],        [Cell], [Cell],
      [Cell],        [Cell], [Cell],
      [Cell],        [Cell], [Cell],
      [Cell],        [Cell], [Cell],
      [Cell],        [Cell], [Cell],
      [Circular *2], [Cell], [Cell],
      [Cell],        [Cell], [Cell],
      [Cell]
    ],
    movingNodes: [],
    leaderboard: [
      [PlayerTracker],
      [PlayerTracker],
      [PlayerTracker],
      [PlayerTracker],
      [PlayerTracker]
    ],
    leaderboardType: 49,
    bots: BotLoader {
      gameServer: [Circular *1],
      randomNames: [Array],
      nameIndex: 0
    },
    startTime: 1677262659347,
    stepDateTime: 1677262687395,
    timeStamp: 1677262687376,
    updateTime: 0.70892,
    updateTimeAvg: 0.8726607014182671,
    timerLoopBind: [Function: bound ],
    mainLoopBind: [Function: bound ],
    tickCounter: 692,
    disableSpawn: false,
    config: {
      logVerbosity: 4,
      logFileVerbosity: 5,
      serverTimeout: 30,
      serverWsModule: 'ws',
      serverMaxConnections: 0,
      serverPort: 3000,
      serverBind: '0.0.0.0',
      serverTracker: 1,
      serverGamemode: 0,
      serverBots: 4,
      serverViewBaseX: 1920,
      serverViewBaseY: 1080,
      serverMinScale: 0.15,
      serverSpectatorScale: 0.4,
      serverStatsPort: 1234,
      serverStatsUpdate: 30,
      mobilePhysics: 0,
      badWordFilter: 0,
      serverRestart: 540000,
      serverMaxLB: 20,
      serverChat: 1,
      serverChatAscii: 0,
      separateChatForTeams: 0,
      serverName: 'BioBit v1.0',
      serverWelcome1: 'Welcome to BioBit v1.0! ',
      serverWelcome2: 'Hello There! ',
      clientBind: NaN,
      serverIpLimit: 2,
      serverMinionIgnoreTime: 30,
      serverMinionThreshold: 10,
      serverMinionInterval: 1000,
      serverScrambleLevel: 0,
      playerBotGrow: 0,
      borderWidth: 14142.135623730952,
      borderHeight: 14142.135623730952,
      foodMinSize: 16,
      foodMaxSize: 20,
      foodMinAmount: 2000,
      foodMaxAmount: 2000,
      foodSpawnAmount: 30,
      foodMassGrow: 1,
      spawnInterval: 10,
      virusMinSize: 100,
      virusMaxSize: 110,
      virusMaxPoppedSize: 60,
      virusEqualPopSize: 0,
      virusMinAmount: 50,
      virusMaxAmount: 100,
      motherCellMaxMass: 0,
      virusVelocity: 900,
      virusMaxCells: 0,
      ejectSize: 36.06,
      ejectSizeLoss: 42.43,
      ejectCooldown: 3,
      ejectSpawnPercent: 0.5,
      ejectVirus: 0,
      ejectVelocity: 780,
      playerMinSize: 60,
      playerMaxSize: 3000,
      playerMinSplitSize: 59.16079783,
      playerMinEjectSize: 59.16079783,
      playerStartSize: 36,
      playerMaxCells: 21,
      playerSpeed: 1,
      playerDecayRate: 0.002,
      playerDecayCap: 0,
      playerRecombineTime: 15,
      playerDisconnectTime: -1,
      playerMaxNickLength: 50,
      splitVelocity: 780,
      minionStartSize: 31.6227766017,
      minionMaxStartSize: 31.6227766017,
      minionCollideTeam: 0,
      disableERTP: 1,
      disableQ: 0,
      serverMinions: 0,
      collectPellets: 0,
      defaultName: '🦋',
      minionsOnLeaderboard: 0,
      tourneyMaxPlayers: 6,
      tourneyPrepTime: 10,
      tourneyEndTime: 30,
      tourneyTimeLimit: 20,
      tourneyAutoFill: 0,
      tourneyAutoFillPlayers: 1,
      tourneyLeaderboardToggleTime: 0
    },
    IpBan: [],
    minionTest: [],
    userList: [ [Object], [Object], [Object], [Object] ],
    badWords: [ ' <r>nigga ', ' <r>nigger ' ],
    ipBanList: [],
    border: {
      minx: -7071.067811865476,
      miny: -7071.067811865476,
      maxx: 7071.067811865476,
      maxy: 7071.067811865476,
      width: 14142.135623730952,
      height: 14142.135623730952,
      cx: 0,
      cy: 0
    },
    quadTree: QuadNode {
      halfWidth: 7071.067811865476,
      halfHeight: 7071.067811865476,
      bound: [Object],
      childNodes: [Array],
      items: [Array]
    },
    gameMode: Mode {
      ID: 0,
      name: 'vFree For All',
      decayMod: 1,
      packetLB: 49,
      haveTeams: false,
      specByLeaderboard: true,
      IsTournament: false,
      rankOne: [PlayerTracker]
    },
    clientBind: [ 'NaN' ],
    WebSocket: [class WebSocket extends EventEmitter] {
      CONNECTING: 0,
      OPEN: 1,
      CLOSING: 2,
      CLOSED: 3,
      Server: [class WebSocketServer extends EventEmitter],
      Receiver: [class Receiver],
      Sender: [class Sender]
    },
    wsServer: WebSocketServer {
      _events: [Object: null prototype],
      _eventsCount: 2,
      _maxListeners: undefined,
      _server: [Server],
      _ultron: [Ultron],
      clients: [Set],
      options: [Object],
      path: null,
      [Symbol(kCapture)]: false
    },
    stats: '{"server_name":"BioBit v1.0","server_chat":"true","border_width":14142.135623730952,"border_height":14142.135623730952,"gamemode":"vFree For All","max_players":0,"current_players":0,"alive":0,"spectators":0,"update_time":"0.000","uptime":-27954378,"start_time":1677262659347}'
  },
  owner: <ref *3> PlayerTracker {
    gameServer: <ref *1> GameServer {
      srcFiles: '../src',
      run: true,
      version: '1.6.1',
      httpServer: [Server],
      lastNodeId: 2162,
      lastPlayerId: 7,
      clients: [Array],
      socketCount: 2,
      largestClient: [Circular *3],
      nodes: [Array],
      nodesVirus: [Array],
      nodesFood: [Array],
      nodesEjected: [],
      nodesPlayer: [Array],
      movingNodes: [],
      leaderboard: [Array],
      leaderboardType: 49,
      bots: [BotLoader],
      startTime: 1677262659347,
      stepDateTime: 1677262687395,
      timeStamp: 1677262687376,
      updateTime: 0.70892,
      updateTimeAvg: 0.8726607014182671,
      timerLoopBind: [Function: bound ],
      mainLoopBind: [Function: bound ],
      tickCounter: 692,
      disableSpawn: false,
      config: [Object],
      IpBan: [],
      minionTest: [],
      userList: [Array],
      badWords: [Array],
      ipBanList: [],
      border: [Object],
      quadTree: [QuadNode],
      gameMode: [Mode],
      clientBind: [Array],
      WebSocket: [Function],
      wsServer: [WebSocketServer],
      stats: '{"server_name":"BioBit v1.0","server_chat":"true","border_width":14142.135623730952,"border_height":14142.135623730952,"gamemode":"vFree For All","max_players":0,"current_players":0,"alive":0,"spectators":0,"update_time":"0.000","uptime":-27954378,"start_time":1677262659347}'
    },
    socket: WebSocket {
      _events: [Object: null prototype],
      _eventsCount: 3,
      _maxListeners: undefined,
      readyState: 1,
      bytesReceived: 4147,
      extensions: {},
      protocol: '',
      _finalize: [Function],
      _binaryType: 'nodebuffer',
      _finalizeCalled: false,
      _closeMessage: null,
      _closeTimer: null,
      _closeCode: null,
      _receiver: [Receiver],
      _sender: [Sender],
      _socket: [Socket],
      _ultron: [Ultron],
      protocolVersion: 13,
      maxPayload: 4096,
      upgradeReq: [IncomingMessage],
      _isServer: true,
      isConnected: true,
      remoteAddress: '152.157.185.136',
      remotePort: 51506,
      lastAliveTime: 1677262687025,
      playerTracker: [Circular *3],
      packetHandler: [PacketHandler],
      playerCommand: [PlayerCommand],
      [Symbol(kCapture)]: false
    },
    pID: 5,
    userAuth: null,
    isRemoved: false,
    isCloseRequested: false,
    _name: 'Joe swansonson',
    _skin: '',
    _nameUtf8: <Buffer 4a 6f 65 20 73 77 61 6e 73 6f 6e 73 6f 6e 00>,
    _skinUtf8protocol11: null,
    _nameUnicode: <Buffer 4a 00 6f 00 65 00 20 00 73 00 77 00 61 00 6e 00 73 00 6f 00 6e 00 73 00 6f 00 6e 00 00 00>,
    _skinUtf8: null,
    color: { r: 255, g: 7, b: 47 },
    viewNodes: [
      [Cell], [Cell], [Cell], [Cell], [Cell], [Cell], [Cell],
      [Cell], [Cell], [Cell], [Cell], [Cell], [Cell], [Cell],
      [Cell], [Cell], [Cell], [Cell], [Cell], [Cell], [Cell],
      [Cell], [Cell], [Cell], [Cell], [Cell], [Cell], [Cell],
      [Cell], [Cell], [Cell], [Cell], [Cell], [Cell], [Cell],
      [Cell], [Cell], [Cell], [Cell], [Cell], [Cell], [Cell],
      [Cell], [Cell], [Cell], [Cell], [Cell], [Cell], [Cell],
      [Cell], [Cell], [Cell], [Cell], [Cell], [Cell], [Cell],
      [Cell], [Cell], [Cell], [Cell], [Cell], [Cell], [Cell],
      [Cell], [Cell], [Cell], [Cell], [Cell], [Cell], [Cell],
      [Cell], [Cell], [Cell], [Cell], [Cell], [Cell], [Cell],
      [Cell], [Cell], [Cell], [Cell], [Cell], [Cell], [Cell],
      [Cell], [Cell], [Cell], [Cell], [Cell], [Cell], [Cell],
      [Cell], [Cell], [Cell], [Cell], [Cell], [Cell], [Cell],
      [Cell], [Cell],
      ... 172 more items
    ],
    clientNodes: [
      [Cell], [Cell], [Cell], [Cell], [Cell], [Cell], [Cell],
      [Cell], [Cell], [Cell], [Cell], [Cell], [Cell], [Cell],
      [Cell], [Cell], [Cell], [Cell], [Cell], [Cell], [Cell],
      [Cell], [Cell], [Cell], [Cell], [Cell], [Cell], [Cell],
      [Cell], [Cell], [Cell], [Cell], [Cell], [Cell], [Cell],
      [Cell], [Cell], [Cell], [Cell], [Cell], [Cell], [Cell],
      [Cell], [Cell], [Cell], [Cell], [Cell], [Cell], [Cell],
      [Cell], [Cell], [Cell], [Cell], [Cell], [Cell], [Cell],
      [Cell], [Cell], [Cell], [Cell], [Cell], [Cell], [Cell],
      [Cell], [Cell], [Cell], [Cell], [Cell], [Cell], [Cell],
      [Cell], [Cell], [Cell], [Cell], [Cell], [Cell], [Cell],
      [Cell], [Cell], [Cell], [Cell], [Cell], [Cell], [Cell],
      [Cell], [Cell], [Cell], [Cell], [Cell], [Cell], [Cell],
      [Cell], [Cell], [Cell], [Cell], [Cell], [Cell], [Cell],
      [Cell], [Cell],
      ... 172 more items
    ],
    cells: [
      [Cell],        [Cell],
      [Circular *2], [Cell],
      [Cell],        [Cell],
      [Cell],        [Cell],
      [Cell],        [Cell],
      [Cell],        [Cell],
      [Cell],        [Cell],
      [Cell],        [Cell],
      [Cell],        [Cell],
      [Cell],        [Cell],
      [Cell]
    ],
    mergeOverride: false,
    _score: 10084.450744914786,
    _scale: 0.2226390211977604,
    borderCounter: 0,
    connectedTime: 2023-02-24T18:17:40.102Z,
    tickLeaderboard: 25,
    team: 0,
    spectate: false,
    freeRoam: false,
    spectateTarget: null,
    lastKeypressTick: 0,
    centerPos: Vec2 { x: -3085.1239697592623, y: -6194.500966459402 },
    mouse: Vec2 { x: -2949, y: -7429 },
    viewBox: {
      minx: -7621.615347444855,
      miny: -8844.530583127224,
      maxx: 1451.3674079263305,
      maxy: -3544.4713497915805
    },
    scrambleX: 0,
    scrambleY: 0,
    scrambleId: 0,
    isMinion: false,
    isMuted: false,
    spawnmass: 0,
    frozen: false,
    customspeed: 0,
    rec: false,
    miQ: 0,
    isMi: false,
    minionSplit: false,
    minionEject: false,
    minionFrozen: false,
    minionControl: false,
    collectPellets: false,
    userRole: 0
  },
  color: { r: 255, g: 7, b: 47 },
  radius: 136179.978163619,
  _size: 369.02571477285835,
  _mass: 1361.7997816361901,
  cellType: 0,
  isSpiked: false,
  isAgitated: false,
  killedBy: null,
  isMoving: true,
  boostDistance: 6.05433457477429e-13,
  boostDirection: Vec2 { x: 0.9483160531382762, y: -0.3173273756867537 },
  tickOfBirth: 396,
  nodeId: 1247,
  position: Vec2 { x: -2462.036939921225, y: -6297.213408938206 },
  _canRemerge: false,
  quadItem: {
    cell: [Circular *2],
    bound: {
      minx: -2817.25515195943,
      miny: -6652.431620976411,
      maxx: -2106.81872788302,
      maxy: -5941.995196900001
    },
    _quadNode: QuadNode {
      halfWidth: 883.8834764831845,
      halfHeight: 883.8834764831845,
      bound: [Object],
      childNodes: [],
      items: [Array]
    }
  },
  div: 3
}
[NONE ][18:18:07] undefined
