=== Started 2023-05-17T06-33-39-253 ===
[ERROR][06:33:39] Unknown gameserver.ini value: serverWelcome3
[INFO ][06:33:39] 2 bad words loaded
[INFO ][06:33:39] 4 user records loaded.
[INFO ][06:33:39] 0 IP ban records loaded.
[INFO ][06:33:39] [1m[32mMultiOgar-Edited 1.6.1[37m - An open source multi-protocol ogar server[0m
[INFO ][06:33:39] WebSocket: ws
[INFO ][06:33:39] Started stats server on port 1234
[INFO ][06:33:39] Listening on port 3000
[INFO ][06:33:39] Current game mode is vFree For All
[INFO ][06:33:39] Added 4 player bots
[NONE ][06:33:39]   __  __       _ _   _  ___                        _____    _ _ _           _    _   __    _ 
 |  \/  |_   _| | |_(_)/ _ \  __ _  __ _ _ __     | ____|__| (_) |_ ___  __| |  / | / /_  / |
 | |\/| | | | | | __| | | | |/ _` |/ _` | '__|____|  _| / _` | | __/ _ \/ _` |  | || '_ \ | |
 | |  | | |_| | | |_| | |_| | (_| | (_| | | |_____| |__| (_| | | ||  __/ (_| |  | || (_) || |
 |_|  |_|\__,_|_|\__|_|\___/ \__, |\__,_|_|       |_____\__,_|_|\__\___|\__,_|  |_(_)___(_)_|
                             |___/                                                           
[NONE ][06:33:58] CONNECTED 217.165.57.157:48070, origin: "https://34f255ab-3d17-48d9-9f19-a2c64b272861.id.repl.co"
[NONE ][06:34:06] DISCONNECTED 217.165.57.157:48070, code: 1001, reason: "", name: "عيسى"
[NONE ][06:34:38] CONNECTED 2.50.131.2:57452, origin: "https://34f255ab-3d17-48d9-9f19-a2c64b272861.id.repl.co"
[ERROR][06:36:30] [Tracker][ogar.mivabe.nl]: Error: getaddrinfo EAI_AGAIN ogar.mivabe.nl
