=== Started 2023-03-29T02-55-33-652 ===
[ERROR][02:55:33] Unknown gameserver.ini value: serverWelcome3
[INFO ][02:55:33] 2 bad words loaded
[INFO ][02:55:33] 4 user records loaded.
[INFO ][02:55:33] 0 IP ban records loaded.
[INFO ][02:55:33] [1m[32mMultiOgar-Edited 1.6.1[37m - An open source multi-protocol ogar server[0m
[INFO ][02:55:33] WebSocket: ws
[INFO ][02:55:33] Started stats server on port 1234
[INFO ][02:55:33] Listening on port 3000
[INFO ][02:55:33] Current game mode is vFree For All
[INFO ][02:55:33] Added 4 player bots
[NONE ][02:55:33]   __  __       _ _   _  ___                        _____    _ _ _           _    _   __    _ 
 |  \/  |_   _| | |_(_)/ _ \  __ _  __ _ _ __     | ____|__| (_) |_ ___  __| |  / | / /_  / |
 | |\/| | | | | | __| | | | |/ _` |/ _` | '__|____|  _| / _` | | __/ _ \/ _` |  | || '_ \ | |
 | |  | | |_| | | |_| | |_| | (_| | (_| | | |_____| |__| (_| | | ||  __/ (_| |  | || (_) || |
 |_|  |_|\__,_|_|\__|_|\___/ \__, |\__,_|_|       |_____\__,_|_|\__\___|\__,_|  |_(_)___(_)_|
                             |___/                                                           
[NONE ][02:55:40] CONNECTED 71.83.198.185:54184, origin: "https://34f255ab-3d17-48d9-9f19-a2c64b272861.id.repl.co"
[NONE ][03:00:49] DISCONNECTED 71.83.198.185:54184, code: 1006, reason: "null", name: "Player"
[NONE ][03:01:29] CONNECTED 71.83.198.185:60954, origin: "https://34f255ab-3d17-48d9-9f19-a2c64b272861.id.repl.co"
[NONE ][03:01:34] DISCONNECTED 71.83.198.185:60954, code: 1001, reason: "", name: ""
