=== Started 2023-05-09T01-31-14-676 ===
[ERROR][01:31:14] Unknown gameserver.ini value: serverWelcome3
[INFO ][01:31:14] 2 bad words loaded
[INFO ][01:31:14] 4 user records loaded.
[INFO ][01:31:14] 0 IP ban records loaded.
[INFO ][01:31:14] [1m[32mMultiOgar-Edited 1.6.1[37m - An open source multi-protocol ogar server[0m
[INFO ][01:31:14] WebSocket: ws
[INFO ][01:31:14] Started stats server on port 1234
[INFO ][01:31:14] Listening on port 3000
[INFO ][01:31:14] Current game mode is vFree For All
[INFO ][01:31:14] Added 4 player bots
[NONE ][01:31:14]   __  __       _ _   _  ___                        _____    _ _ _           _    _   __    _ 
 |  \/  |_   _| | |_(_)/ _ \  __ _  __ _ _ __     | ____|__| (_) |_ ___  __| |  / | / /_  / |
 | |\/| | | | | | __| | | | |/ _` |/ _` | '__|____|  _| / _` | | __/ _ \/ _` |  | || '_ \ | |
 | |  | | |_| | | |_| | |_| | (_| | (_| | | |_____| |__| (_| | | ||  __/ (_| |  | || (_) || |
 |_|  |_|\__,_|_|\__|_|\___/ \__, |\__,_|_|       |_____\__,_|_|\__\___|\__,_|  |_(_)___(_)_|
                             |___/                                                           
[NONE ][01:31:46] CONNECTED 73.244.44.150:47814, origin: "https://biobit-forked.lxtte.repl.co"
[NONE ][01:32:01] DISCONNECTED 73.244.44.150:47814, code: 1001, reason: "", name: "Player"
[NONE ][01:32:05] CONNECTED 73.244.44.150:43012, origin: "https://biobit-forked.lxtte.repl.co"
[NONE ][01:42:58] DISCONNECTED 73.244.44.150:43012, code: 1001, reason: "", name: "yuleyniii"
