=== Started 2023-04-16T04-41-08-627 ===
[ERROR][04:41:08] Unknown gameserver.ini value: serverWelcome3
[INFO ][04:41:08] 2 bad words loaded
[INFO ][04:41:08] 4 user records loaded.
[INFO ][04:41:08] 0 IP ban records loaded.
[INFO ][04:41:08] [1m[32mMultiOgar-Edited 1.6.1[37m - An open source multi-protocol ogar server[0m
[INFO ][04:41:08] WebSocket: ws
[INFO ][04:41:08] Started stats server on port 1234
[INFO ][04:41:08] Listening on port 3000
[INFO ][04:41:08] Current game mode is vFree For All
[INFO ][04:41:08] Added 4 player bots
[NONE ][04:41:08]   __  __       _ _   _  ___                        _____    _ _ _           _    _   __    _ 
 |  \/  |_   _| | |_(_)/ _ \  __ _  __ _ _ __     | ____|__| (_) |_ ___  __| |  / | / /_  / |
 | |\/| | | | | | __| | | | |/ _` |/ _` | '__|____|  _| / _` | | __/ _ \/ _` |  | || '_ \ | |
 | |  | | |_| | | |_| | |_| | (_| | (_| | | |_____| |__| (_| | | ||  __/ (_| |  | || (_) || |
 |_|  |_|\__,_|_|\__|_|\___/ \__, |\__,_|_|       |_____\__,_|_|\__\___|\__,_|  |_(_)___(_)_|
                             |___/                                                           
[NONE ][05:02:38] CONNECTED 172.58.128.15:54492, origin: "https://biobit-forked.lxtte.repl.co"
[NONE ][05:03:32] DISCONNECTED 172.58.128.15:54492, code: null, reason: "null", name: ""
[NONE ][05:03:32] DISCONNECTED 172.58.128.15:54492, code: null, reason: "null", name: ""
