=== Started 2023-04-28T05-31-04-758 ===
[ERROR][05:31:04] Unknown gameserver.ini value: serverWelcome3
[INFO ][05:31:04] 2 bad words loaded
[INFO ][05:31:04] 4 user records loaded.
[INFO ][05:31:04] 0 IP ban records loaded.
[INFO ][05:31:04] [1m[32mMultiOgar-Edited 1.6.1[37m - An open source multi-protocol ogar server[0m
[INFO ][05:31:04] WebSocket: ws
[INFO ][05:31:05] Started stats server on port 1234
[INFO ][05:31:05] Listening on port 3000
[INFO ][05:31:05] Current game mode is vFree For All
[INFO ][05:31:05] Added 4 player bots
[NONE ][05:31:05]   __  __       _ _   _  ___                        _____    _ _ _           _    _   __    _ 
 |  \/  |_   _| | |_(_)/ _ \  __ _  __ _ _ __     | ____|__| (_) |_ ___  __| |  / | / /_  / |
 | |\/| | | | | | __| | | | |/ _` |/ _` | '__|____|  _| / _` | | __/ _ \/ _` |  | || '_ \ | |
 | |  | | |_| | | |_| | |_| | (_| | (_| | | |_____| |__| (_| | | ||  __/ (_| |  | || (_) || |
 |_|  |_|\__,_|_|\__|_|\___/ \__, |\__,_|_|       |_____\__,_|_|\__\___|\__,_|  |_(_)___(_)_|
                             |___/                                                           
[NONE ][05:32:40] CONNECTED 5.195.4.243:42850, origin: "https://34f255ab-3d17-48d9-9f19-a2c64b272861.id.repl.co"
[NONE ][05:33:07] DISCONNECTED 5.195.4.243:42850, code: 1001, reason: "", name: "AB@"
[ERROR][05:33:20] [Tracker][ogar.mivabe.nl]: Error: getaddrinfo ENOTFOUND ogar.mivabe.nl
