=== Started 2023-03-01T03-16-30-658 ===
[ERROR][03:16:30] Unknown gameserver.ini value: serverWelcome3
[INFO ][03:16:30] 2 bad words loaded
[INFO ][03:16:30] 4 user records loaded.
[INFO ][03:16:30] 0 IP ban records loaded.
[INFO ][03:16:30] [1m[32mMultiOgar-Edited 1.6.1[37m - An open source multi-protocol ogar server[0m
[INFO ][03:16:30] WebSocket: ws
[INFO ][03:16:30] Started stats server on port 1234
[INFO ][03:16:30] Listening on port 3000
[INFO ][03:16:30] Current game mode is vFree For All
[INFO ][03:16:30] Added 4 player bots
[NONE ][03:16:31]   __  __       _ _   _  ___                        _____    _ _ _           _    _   __    _ 
 |  \/  |_   _| | |_(_)/ _ \  __ _  __ _ _ __     | ____|__| (_) |_ ___  __| |  / | / /_  / |
 | |\/| | | | | | __| | | | |/ _` |/ _` | '__|____|  _| / _` | | __/ _ \/ _` |  | || '_ \ | |
 | |  | | |_| | | |_| | |_| | (_| | (_| | | |_____| |__| (_| | | ||  __/ (_| |  | || (_) || |
 |_|  |_|\__,_|_|\__|_|\___/ \__, |\__,_|_|       |_____\__,_|_|\__\___|\__,_|  |_(_)___(_)_|
                             |___/                                                           
[NONE ][03:16:39] CONNECTED 210.170.168.107:57502, origin: "https://biobit-forked.lxtte.repl.co"
[NONE ][03:16:44] DISCONNECTED 210.170.168.107:57502, code: 1001, reason: "", name: ""
[NONE ][03:16:45] CONNECTED 210.170.168.107:52800, origin: "https://biobit-forked.lxtte.repl.co"
[NONE ][03:18:37] DISCONNECTED 210.170.168.107:52800, code: 1001, reason: "", name: "Player"
