=== Started 2023-03-21T08-51-03-974 ===
[ERROR][08:51:03] Unknown gameserver.ini value: serverWelcome3
[INFO ][08:51:03] 2 bad words loaded
[INFO ][08:51:03] 4 user records loaded.
[INFO ][08:51:03] 0 IP ban records loaded.
[INFO ][08:51:03] [1m[32mMultiOgar-Edited 1.6.1[37m - An open source multi-protocol ogar server[0m
[INFO ][08:51:03] WebSocket: ws
[INFO ][08:51:04] Started stats server on port 1234
[INFO ][08:51:04] Listening on port 3000
[INFO ][08:51:04] Current game mode is vFree For All
[INFO ][08:51:04] Added 4 player bots
[NONE ][08:51:04]   __  __       _ _   _  ___                        _____    _ _ _           _    _   __    _ 
 |  \/  |_   _| | |_(_)/ _ \  __ _  __ _ _ __     | ____|__| (_) |_ ___  __| |  / | / /_  / |
 | |\/| | | | | | __| | | | |/ _` |/ _` | '__|____|  _| / _` | | __/ _ \/ _` |  | || '_ \ | |
 | |  | | |_| | | |_| | |_| | (_| | (_| | | |_____| |__| (_| | | ||  __/ (_| |  | || (_) || |
 |_|  |_|\__,_|_|\__|_|\___/ \__, |\__,_|_|       |_____\__,_|_|\__\___|\__,_|  |_(_)___(_)_|
                             |___/                                                           
[NONE ][08:51:22] CONNECTED 217.181.22.1:42770, origin: "https://34f255ab-3d17-48d9-9f19-a2c64b272861.id.repl.co"
[ERROR][08:51:54] [Tracker][ogar.mivabe.nl]: Error: getaddrinfo EAI_AGAIN ogar.mivabe.nl
[NONE ][08:52:23] DISCONNECTED 217.181.22.1:42770, code: 1006, reason: "null", name: ""
[ERROR][08:52:24] [Tracker][ogar.mivabe.nl]: Error: getaddrinfo EAI_AGAIN ogar.mivabe.nl
[ERROR][08:52:54] [Tracker][ogar.mivabe.nl]: Error: getaddrinfo EAI_AGAIN ogar.mivabe.nl
[ERROR][08:53:24] [Tracker][ogar.mivabe.nl]: Error: getaddrinfo EAI_AGAIN ogar.mivabe.nl
[ERROR][08:53:54] [Tracker][ogar.mivabe.nl]: Error: getaddrinfo EAI_AGAIN ogar.mivabe.nl
[ERROR][08:54:24] [Tracker][ogar.mivabe.nl]: Error: getaddrinfo EAI_AGAIN ogar.mivabe.nl
[ERROR][08:54:54] [Tracker][ogar.mivabe.nl]: Error: getaddrinfo EAI_AGAIN ogar.mivabe.nl
[ERROR][08:55:24] [Tracker][ogar.mivabe.nl]: Error: getaddrinfo EAI_AGAIN ogar.mivabe.nl
[ERROR][08:55:54] [Tracker][ogar.mivabe.nl]: Error: getaddrinfo EAI_AGAIN ogar.mivabe.nl
[ERROR][08:56:24] [Tracker][ogar.mivabe.nl]: Error: getaddrinfo EAI_AGAIN ogar.mivabe.nl
[ERROR][08:56:54] [Tracker][ogar.mivabe.nl]: Error: getaddrinfo EAI_AGAIN ogar.mivabe.nl
[ERROR][08:57:24] [Tracker][ogar.mivabe.nl]: Error: getaddrinfo EAI_AGAIN ogar.mivabe.nl
[ERROR][08:57:54] [Tracker][ogar.mivabe.nl]: Error: getaddrinfo EAI_AGAIN ogar.mivabe.nl
[ERROR][08:58:24] [Tracker][ogar.mivabe.nl]: Error: getaddrinfo EAI_AGAIN ogar.mivabe.nl
[ERROR][08:58:54] [Tracker][ogar.mivabe.nl]: Error: getaddrinfo EAI_AGAIN ogar.mivabe.nl
[ERROR][08:59:24] [Tracker][ogar.mivabe.nl]: Error: getaddrinfo EAI_AGAIN ogar.mivabe.nl
[ERROR][08:59:54] [Tracker][ogar.mivabe.nl]: Error: getaddrinfo EAI_AGAIN ogar.mivabe.nl
[ERROR][09:00:24] [Tracker][ogar.mivabe.nl]: Error: getaddrinfo EAI_AGAIN ogar.mivabe.nl
[ERROR][09:00:54] [Tracker][ogar.mivabe.nl]: Error: getaddrinfo EAI_AGAIN ogar.mivabe.nl
[ERROR][09:01:24] [Tracker][ogar.mivabe.nl]: Error: getaddrinfo EAI_AGAIN ogar.mivabe.nl
[ERROR][09:01:54] [Tracker][ogar.mivabe.nl]: Error: getaddrinfo EAI_AGAIN ogar.mivabe.nl
[ERROR][09:02:24] [Tracker][ogar.mivabe.nl]: Error: getaddrinfo EAI_AGAIN ogar.mivabe.nl
[ERROR][09:02:54] [Tracker][ogar.mivabe.nl]: Error: getaddrinfo EAI_AGAIN ogar.mivabe.nl
[ERROR][09:03:24] [Tracker][ogar.mivabe.nl]: Error: getaddrinfo EAI_AGAIN ogar.mivabe.nl
[ERROR][09:03:54] [Tracker][ogar.mivabe.nl]: Error: getaddrinfo EAI_AGAIN ogar.mivabe.nl
[ERROR][09:04:24] [Tracker][ogar.mivabe.nl]: Error: getaddrinfo EAI_AGAIN ogar.mivabe.nl
[ERROR][09:04:54] [Tracker][ogar.mivabe.nl]: Error: getaddrinfo EAI_AGAIN ogar.mivabe.nl
[ERROR][09:05:24] [Tracker][ogar.mivabe.nl]: Error: getaddrinfo EAI_AGAIN ogar.mivabe.nl
[ERROR][09:05:54] [Tracker][ogar.mivabe.nl]: Error: getaddrinfo EAI_AGAIN ogar.mivabe.nl
[ERROR][09:06:24] [Tracker][ogar.mivabe.nl]: Error: getaddrinfo EAI_AGAIN ogar.mivabe.nl
[ERROR][09:06:54] [Tracker][ogar.mivabe.nl]: Error: getaddrinfo EAI_AGAIN ogar.mivabe.nl
[ERROR][09:07:24] [Tracker][ogar.mivabe.nl]: Error: getaddrinfo EAI_AGAIN ogar.mivabe.nl
[ERROR][09:07:54] [Tracker][ogar.mivabe.nl]: Error: getaddrinfo EAI_AGAIN ogar.mivabe.nl
[ERROR][09:08:24] [Tracker][ogar.mivabe.nl]: Error: getaddrinfo EAI_AGAIN ogar.mivabe.nl
[ERROR][09:08:54] [Tracker][ogar.mivabe.nl]: Error: getaddrinfo EAI_AGAIN ogar.mivabe.nl
[ERROR][09:09:24] [Tracker][ogar.mivabe.nl]: Error: getaddrinfo EAI_AGAIN ogar.mivabe.nl
[ERROR][09:09:54] [Tracker][ogar.mivabe.nl]: Error: getaddrinfo EAI_AGAIN ogar.mivabe.nl
[ERROR][09:10:24] [Tracker][ogar.mivabe.nl]: Error: getaddrinfo EAI_AGAIN ogar.mivabe.nl
[ERROR][09:10:54] [Tracker][ogar.mivabe.nl]: Error: getaddrinfo EAI_AGAIN ogar.mivabe.nl
[ERROR][09:11:24] [Tracker][ogar.mivabe.nl]: Error: getaddrinfo EAI_AGAIN ogar.mivabe.nl
[ERROR][09:11:54] [Tracker][ogar.mivabe.nl]: Error: getaddrinfo EAI_AGAIN ogar.mivabe.nl
[ERROR][09:12:24] [Tracker][ogar.mivabe.nl]: Error: getaddrinfo EAI_AGAIN ogar.mivabe.nl
[ERROR][09:12:54] [Tracker][ogar.mivabe.nl]: Error: getaddrinfo EAI_AGAIN ogar.mivabe.nl
[ERROR][09:13:24] [Tracker][ogar.mivabe.nl]: Error: getaddrinfo EAI_AGAIN ogar.mivabe.nl
[ERROR][09:13:54] [Tracker][ogar.mivabe.nl]: Error: getaddrinfo EAI_AGAIN ogar.mivabe.nl
[ERROR][09:14:24] [Tracker][ogar.mivabe.nl]: Error: getaddrinfo EAI_AGAIN ogar.mivabe.nl
[ERROR][09:14:54] [Tracker][ogar.mivabe.nl]: Error: getaddrinfo EAI_AGAIN ogar.mivabe.nl
[ERROR][09:15:24] [Tracker][ogar.mivabe.nl]: Error: getaddrinfo EAI_AGAIN ogar.mivabe.nl
[ERROR][09:15:54] [Tracker][ogar.mivabe.nl]: Error: getaddrinfo EAI_AGAIN ogar.mivabe.nl
