=== Started 2023-02-13T16-50-19-333 ===
[ERROR][16:50:19] Unknown gameserver.ini value: serverWelcome3
[INFO ][16:50:19] 2 bad words loaded
[INFO ][16:50:19] 4 user records loaded.
[INFO ][16:50:19] 0 IP ban records loaded.
[INFO ][16:50:19] [1m[32mMultiOgar-Edited 1.6.1[37m - An open source multi-protocol ogar server[0m
[INFO ][16:50:19] WebSocket: ws
[INFO ][16:50:19] Started stats server on port 1234
[INFO ][16:50:19] Listening on port 3000
[INFO ][16:50:19] Current game mode is Free For All
[INFO ][16:50:19] Added 4 player bots
[NONE ][16:50:19]   __  __       _ _   _  ___                        _____    _ _ _           _    _   __    _ 
 |  \/  |_   _| | |_(_)/ _ \  __ _  __ _ _ __     | ____|__| (_) |_ ___  __| |  / | / /_  / |
 | |\/| | | | | | __| | | | |/ _` |/ _` | '__|____|  _| / _` | | __/ _ \/ _` |  | || '_ \ | |
 | |  | | |_| | | |_| | |_| | (_| | (_| | | |_____| |__| (_| | | ||  __/ (_| |  | || (_) || |
 |_|  |_|\__,_|_|\__|_|\___/ \__, |\__,_|_|       |_____\__,_|_|\__\___|\__,_|  |_(_)___(_)_|
                             |___/                                                           
[NONE ][16:50:24] CONNECTED 152.157.185.136:55350, origin: "https://34f255ab-3d17-48d9-9f19-a2c64b272861.id.repl.co"
[NONE ][16:50:24] Welcome to BioBit v1.0! 
[NONE ][16:50:24] SERVER
[NONE ][16:50:24] Hello There! 
[NONE ][16:50:24] SERVER
[NONE ][16:50:29] test
[NONE ][16:50:29] Player
[NONE ][16:51:04] DISCONNECTED 152.157.185.136:55350, code: 1001, reason: "", name: "Player"
[NONE ][16:51:05] CONNECTED 152.157.185.136:38074, origin: "https://34f255ab-3d17-48d9-9f19-a2c64b272861.id.repl.co"
[NONE ][16:51:05] Welcome to BioBit v1.0! 
[NONE ][16:51:05] SERVER
[NONE ][16:51:05] Hello There! 
[NONE ][16:51:05] SERVER
[NONE ][16:51:14] Im on a vacation far away
[NONE ][16:51:14] Joe Swansonson
