=== Started 2023-03-14T09-40-22-881 ===
[ERROR][09:40:22] Unknown gameserver.ini value: serverWelcome3
[INFO ][09:40:22] 2 bad words loaded
[INFO ][09:40:22] 4 user records loaded.
[INFO ][09:40:22] 0 IP ban records loaded.
[INFO ][09:40:22] [1m[32mMultiOgar-Edited 1.6.1[37m - An open source multi-protocol ogar server[0m
[INFO ][09:40:22] WebSocket: ws
[INFO ][09:40:23] Started stats server on port 1234
[INFO ][09:40:23] Listening on port 3000
[INFO ][09:40:23] Current game mode is vFree For All
[INFO ][09:40:23] Added 4 player bots
[NONE ][09:40:23]   __  __       _ _   _  ___                        _____    _ _ _           _    _   __    _ 
 |  \/  |_   _| | |_(_)/ _ \  __ _  __ _ _ __     | ____|__| (_) |_ ___  __| |  / | / /_  / |
 | |\/| | | | | | __| | | | |/ _` |/ _` | '__|____|  _| / _` | | __/ _ \/ _` |  | || '_ \ | |
 | |  | | |_| | | |_| | |_| | (_| | (_| | | |_____| |__| (_| | | ||  __/ (_| |  | || (_) || |
 |_|  |_|\__,_|_|\__|_|\___/ \__, |\__,_|_|       |_____\__,_|_|\__\___|\__,_|  |_(_)___(_)_|
                             |___/                                                           
[NONE ][09:41:00] CONNECTED 82.219.7.89:54622, origin: "https://34f255ab-3d17-48d9-9f19-a2c64b272861.id.repl.co"
[NONE ][09:41:00] DISCONNECTED 82.219.7.89:54622, code: 1001, reason: "", name: ""
[ERROR][09:41:43] [Tracker][ogar.mivabe.nl]: Error: getaddrinfo EAI_AGAIN ogar.mivabe.nl
[ERROR][09:42:13] [Tracker][ogar.mivabe.nl]: Error: getaddrinfo EAI_AGAIN ogar.mivabe.nl
[ERROR][09:42:44] [Tracker][ogar.mivabe.nl]: Error: getaddrinfo EAI_AGAIN ogar.mivabe.nl
[ERROR][09:43:14] [Tracker][ogar.mivabe.nl]: Error: getaddrinfo EAI_AGAIN ogar.mivabe.nl
[ERROR][09:43:44] [Tracker][ogar.mivabe.nl]: Error: getaddrinfo EAI_AGAIN ogar.mivabe.nl
[ERROR][09:44:14] [Tracker][ogar.mivabe.nl]: Error: getaddrinfo EAI_AGAIN ogar.mivabe.nl
[ERROR][09:44:44] [Tracker][ogar.mivabe.nl]: Error: getaddrinfo EAI_AGAIN ogar.mivabe.nl
[ERROR][09:45:14] [Tracker][ogar.mivabe.nl]: Error: getaddrinfo EAI_AGAIN ogar.mivabe.nl
[NONE ][09:49:03] CONNECTED 82.219.7.89:54632, origin: "https://34f255ab-3d17-48d9-9f19-a2c64b272861.id.repl.co"
[NONE ][09:49:08] DISCONNECTED 82.219.7.89:54632, code: 1000, reason: "", name: ""
[NONE ][09:49:25] CONNECTED 82.219.7.89:36436, origin: "https://34f255ab-3d17-48d9-9f19-a2c64b272861.id.repl.co"
[NONE ][09:49:27] DISCONNECTED 82.219.7.89:36436, code: 1000, reason: "", name: ""
