=== Started 2023-02-24T18-22-16-892 ===
[ERROR][18:22:16] Unknown gameserver.ini value: serverWelcome3
[INFO ][18:22:16] 2 bad words loaded
[INFO ][18:22:16] 4 user records loaded.
[INFO ][18:22:16] 0 IP ban records loaded.
[INFO ][18:22:16] [1m[32mMultiOgar-Edited 1.6.1[37m - An open source multi-protocol ogar server[0m
[INFO ][18:22:16] WebSocket: ws
[INFO ][18:22:17] Started stats server on port 1234
[INFO ][18:22:17] Listening on port 3000
[INFO ][18:22:17] Current game mode is vFree For All
[INFO ][18:22:17] Added 4 player bots
[NONE ][18:22:17]   __  __       _ _   _  ___                        _____    _ _ _           _    _   __    _ 
 |  \/  |_   _| | |_(_)/ _ \  __ _  __ _ _ __     | ____|__| (_) |_ ___  __| |  / | / /_  / |
 | |\/| | | | | | __| | | | |/ _` |/ _` | '__|____|  _| / _` | | __/ _ \/ _` |  | || '_ \ | |
 | |  | | |_| | | |_| | |_| | (_| | (_| | | |_____| |__| (_| | | ||  __/ (_| |  | || (_) || |
 |_|  |_|\__,_|_|\__|_|\___/ \__, |\__,_|_|       |_____\__,_|_|\__\___|\__,_|  |_(_)___(_)_|
                             |___/                                                           
[NONE ][18:22:18] CONNECTED 152.157.185.136:37532, origin: "https://34f255ab-3d17-48d9-9f19-a2c64b272861.id.repl.co"
[NONE ][18:22:22] >mass 5 1000
[NONE ][18:22:22] Set mass of Joe Swansonson to 1000.000
[NONE ][18:22:27] undefined
[NONE ][18:22:28] <ref *1> PlayerTracker {
  gameServer: <ref *2> GameServer {
    srcFiles: '../src',
    run: true,
    version: '1.6.1',
    httpServer: Server {
      maxHeaderSize: undefined,
      insecureHTTPParser: undefined,
      requestTimeout: 300000,
      headersTimeout: 60000,
      keepAliveTimeout: 5000,
      connectionsCheckingInterval: 30000,
      _events: [Object: null prototype],
      _eventsCount: 3,
      _maxListeners: undefined,
      _connections: 0,
      _handle: [TCP],
      _usingWorkers: false,
      _workers: [],
      _unref: false,
      allowHalfOpen: true,
      pauseOnConnect: false,
      noDelay: true,
      keepAlive: false,
      keepAliveInitialDelay: 0,
      httpAllowHalfOpen: false,
      timeout: 0,
      maxHeadersCount: null,
      maxRequestsPerSocket: 0,
      _connectionKey: '6::::1234',
      [Symbol(IncomingMessage)]: [Function: IncomingMessage],
      [Symbol(ServerResponse)]: [Function: ServerResponse],
      [Symbol(kCapture)]: false,
      [Symbol(async_id_symbol)]: 11,
      [Symbol(http.server.connections)]: ConnectionsList {},
      [Symbol(http.server.connectionsCheckingInterval)]: Timeout {
        _idleTimeout: 30000,
        _idlePrev: [Timeout],
        _idleNext: [Timeout],
        _idleStart: 891,
        _onTimeout: [Function: bound checkConnections],
        _timerArgs: undefined,
        _repeat: 30000,
        _destroyed: false,
        [Symbol(refed)]: false,
        [Symbol(kHasPrimitive)]: false,
        [Symbol(asyncId)]: 10,
        [Symbol(triggerId)]: 1
      },
      [Symbol(kUniqueHeaders)]: null
    },
    lastNodeId: 812,
    lastPlayerId: 6,
    clients: [
      [FakeSocket],
      [FakeSocket],
      [FakeSocket],
      [FakeSocket],
      [WebSocket]
    ],
    socketCount: 1,
    largestClient: [Circular *1],
    nodes: [
      [Cell], [Cell], [Cell], [Cell], [Cell], [Cell], [Cell],
      [Cell], [Cell], [Cell], [Cell], [Cell], [Cell], [Cell],
      [Cell], [Cell], [Cell], [Cell], [Cell], [Cell], [Cell],
      [Cell], [Cell], [Cell], [Cell], [Cell], [Cell], [Cell],
      [Cell], [Cell], [Cell], [Cell], [Cell], [Cell], [Cell],
      [Cell], [Cell], [Cell], [Cell], [Cell], [Cell], [Cell],
      [Cell], [Cell], [Cell], [Cell], [Cell], [Cell], [Cell],
      [Cell], [Cell], [Cell], [Cell], [Cell], [Cell], [Cell],
      [Cell], [Cell], [Cell], [Cell], [Cell], [Cell], [Cell],
      [Cell], [Cell], [Cell], [Cell], [Cell], [Cell], [Cell],
      [Cell], [Cell], [Cell], [Cell], [Cell], [Cell], [Cell],
      [Cell], [Cell], [Cell], [Cell], [Cell], [Cell], [Cell],
      [Cell], [Cell], [Cell], [Cell], [Cell], [Cell], [Cell],
      [Cell], [Cell], [Cell], [Cell], [Cell], [Cell], [Cell],
      [Cell], [Cell],
      ... 701 more items
    ],
    nodesVirus: [
      [Cell], [Cell], [Cell], [Cell],
      [Cell], [Cell], [Cell], [Cell],
      [Cell], [Cell], [Cell], [Cell],
      [Cell], [Cell], [Cell], [Cell],
      [Cell], [Cell], [Cell], [Cell],
      [Cell], [Cell], [Cell], [Cell],
      [Cell], [Cell]
    ],
    nodesFood: [
      [Cell], [Cell], [Cell], [Cell], [Cell], [Cell], [Cell],
      [Cell], [Cell], [Cell], [Cell], [Cell], [Cell], [Cell],
      [Cell], [Cell], [Cell], [Cell], [Cell], [Cell], [Cell],
      [Cell], [Cell], [Cell], [Cell], [Cell], [Cell], [Cell],
      [Cell], [Cell], [Cell], [Cell], [Cell], [Cell], [Cell],
      [Cell], [Cell], [Cell], [Cell], [Cell], [Cell], [Cell],
      [Cell], [Cell], [Cell], [Cell], [Cell], [Cell], [Cell],
      [Cell], [Cell], [Cell], [Cell], [Cell], [Cell], [Cell],
      [Cell], [Cell], [Cell], [Cell], [Cell], [Cell], [Cell],
      [Cell], [Cell], [Cell], [Cell], [Cell], [Cell], [Cell],
      [Cell], [Cell], [Cell], [Cell], [Cell], [Cell], [Cell],
      [Cell], [Cell], [Cell], [Cell], [Cell], [Cell], [Cell],
      [Cell], [Cell], [Cell], [Cell], [Cell], [Cell], [Cell],
      [Cell], [Cell], [Cell], [Cell], [Cell], [Cell], [Cell],
      [Cell], [Cell],
      ... 670 more items
    ],
    nodesEjected: [],
    nodesPlayer: [ [Cell], [Cell], [Cell], [Cell], [Cell] ],
    movingNodes: [],
    leaderboard: [
      [Circular *1],
      [PlayerTracker],
      [PlayerTracker],
      [PlayerTracker],
      [PlayerTracker]
    ],
    leaderboardType: 49,
    bots: BotLoader {
      gameServer: [Circular *2],
      randomNames: [Array],
      nameIndex: 0
    },
    startTime: 1677262936921,
    stepDateTime: 1677262947640,
    timeStamp: 1677262947620,
    updateTime: 0.47916,
    updateTimeAvg: 0.4621144265009194,
    timerLoopBind: [Function: bound ],
    mainLoopBind: [Function: bound ],
    tickCounter: 256,
    disableSpawn: false,
    config: {
      logVerbosity: 4,
      logFileVerbosity: 5,
      serverTimeout: 30,
      serverWsModule: 'ws',
      serverMaxConnections: 0,
      serverPort: 3000,
      serverBind: '0.0.0.0',
      serverTracker: 1,
      serverGamemode: 0,
      serverBots: 4,
      serverViewBaseX: 1920,
      serverViewBaseY: 1080,
      serverMinScale: 0.15,
      serverSpectatorScale: 0.4,
      serverStatsPort: 1234,
      serverStatsUpdate: 30,
      mobilePhysics: 0,
      badWordFilter: 0,
      serverRestart: 540000,
      serverMaxLB: 20,
      serverChat: 1,
      serverChatAscii: 0,
      separateChatForTeams: 0,
      serverName: 'BioBit v1.0',
      serverWelcome1: 'Welcome to BioBit v1.0! ',
      serverWelcome2: 'Hello There! ',
      clientBind: NaN,
      serverIpLimit: 2,
      serverMinionIgnoreTime: 30,
      serverMinionThreshold: 10,
      serverMinionInterval: 1000,
      serverScrambleLevel: 0,
      playerBotGrow: 0,
      borderWidth: 14142.135623730952,
      borderHeight: 14142.135623730952,
      foodMinSize: 16,
      foodMaxSize: 20,
      foodMinAmount: 2000,
      foodMaxAmount: 2000,
      foodSpawnAmount: 30,
      foodMassGrow: 1,
      spawnInterval: 10,
      virusMinSize: 100,
      virusMaxSize: 110,
      virusMaxPoppedSize: 60,
      virusEqualPopSize: 0,
      virusMinAmount: 50,
      virusMaxAmount: 100,
      motherCellMaxMass: 0,
      virusVelocity: 900,
      virusMaxCells: 0,
      ejectSize: 36.06,
      ejectSizeLoss: 42.43,
      ejectCooldown: 3,
      ejectSpawnPercent: 0.5,
      ejectVirus: 0,
      ejectVelocity: 780,
      playerMinSize: 60,
      playerMaxSize: 3000,
      playerMinSplitSize: 59.16079783,
      playerMinEjectSize: 59.16079783,
      playerStartSize: 36,
      playerMaxCells: 21,
      playerSpeed: 1,
      playerDecayRate: 0.002,
      playerDecayCap: 0,
      playerRecombineTime: 15,
      playerDisconnectTime: -1,
      playerMaxNickLength: 50,
      splitVelocity: 780,
      minionStartSize: 31.6227766017,
      minionMaxStartSize: 31.6227766017,
      minionCollideTeam: 0,
      disableERTP: 1,
      disableQ: 0,
      serverMinions: 0,
      collectPellets: 0,
      defaultName: '🦋',
      minionsOnLeaderboard: 0,
      tourneyMaxPlayers: 6,
      tourneyPrepTime: 10,
      tourneyEndTime: 30,
      tourneyTimeLimit: 20,
      tourneyAutoFill: 0,
      tourneyAutoFillPlayers: 1,
      tourneyLeaderboardToggleTime: 0
    },
    IpBan: [],
    minionTest: [],
    userList: [ [Object], [Object], [Object], [Object] ],
    badWords: [ ' <r>nigga ', ' <r>nigger ' ],
    ipBanList: [],
    border: {
      minx: -7071.067811865476,
      miny: -7071.067811865476,
      maxx: 7071.067811865476,
      maxy: 7071.067811865476,
      width: 14142.135623730952,
      height: 14142.135623730952,
      cx: 0,
      cy: 0
    },
    quadTree: QuadNode {
      halfWidth: 7071.067811865476,
      halfHeight: 7071.067811865476,
      bound: [Object],
      childNodes: [Array],
      items: [Array]
    },
    gameMode: Mode {
      ID: 0,
      name: 'vFree For All',
      decayMod: 1,
      packetLB: 49,
      haveTeams: false,
      specByLeaderboard: true,
      IsTournament: false,
      rankOne: [Circular *1]
    },
    clientBind: [ 'NaN' ],
    WebSocket: [class WebSocket extends EventEmitter] {
      CONNECTING: 0,
      OPEN: 1,
      CLOSING: 2,
      CLOSED: 3,
      Server: [class WebSocketServer extends EventEmitter],
      Receiver: [class Receiver],
      Sender: [class Sender]
    },
    wsServer: WebSocketServer {
      _events: [Object: null prototype],
      _eventsCount: 2,
      _maxListeners: undefined,
      _server: [Server],
      _ultron: [Ultron],
      clients: [Set],
      options: [Object],
      path: null,
      [Symbol(kCapture)]: false
    },
    stats: '{"server_name":"BioBit v1.0","server_chat":"true","border_width":14142.135623730952,"border_height":14142.135623730952,"gamemode":"vFree For All","max_players":0,"current_players":0,"alive":0,"spectators":0,"update_time":"0.000","uptime":-27954382,"start_time":1677262936921}'
  },
  socket: <ref *3> WebSocket {
    _events: [Object: null prototype] {
      close: [Array],
      error: [Array],
      message: [Function (anonymous)]
    },
    _eventsCount: 3,
    _maxListeners: undefined,
    readyState: 1,
    bytesReceived: 4062,
    extensions: {},
    protocol: '',
    _finalize: [Function: bound finalize] { __ultron: 1 },
    _binaryType: 'nodebuffer',
    _finalizeCalled: false,
    _closeMessage: null,
    _closeTimer: null,
    _closeCode: null,
    _receiver: Receiver {
      extensions: {},
      maxPayload: 4096,
      bufferedBytes: 0,
      buffers: [],
      compressed: false,
      payloadLength: 13,
      fragmented: 0,
      masked: true,
      fin: true,
      mask: <Buffer af 10 13 30>,
      opcode: 2,
      totalPayloadLength: 0,
      messageLength: 0,
      fragments: [],
      cleanupCallback: null,
      hadError: false,
      dead: false,
      onmessage: [Function (anonymous)],
      onclose: [Function (anonymous)],
      onerror: [Function (anonymous)],
      onping: [Function (anonymous)],
      onpong: [Function (anonymous)],
      state: 0
    },
    _sender: Sender {
      perMessageDeflate: undefined,
      _socket: [Socket],
      firstFragment: true,
      compress: false,
      processing: false,
      bufferedBytes: 0,
      queue: [],
      onerror: [Function (anonymous)]
    },
    _socket: Socket {
      connecting: false,
      _hadError: false,
      _parent: null,
      _host: null,
      _closeAfterHandlingError: false,
      _readableState: [ReadableState],
      _events: [Object: null prototype],
      _eventsCount: 4,
      _maxListeners: undefined,
      _writableState: [WritableState],
      allowHalfOpen: true,
      _sockname: null,
      _pendingData: null,
      _pendingEncoding: '',
      server: [Server],
      _server: [Server],
      parser: null,
      on: [Function (anonymous)],
      addListener: [Function (anonymous)],
      prependListener: [Function: prependListener],
      setEncoding: [Function: socketSetEncoding],
      _paused: false,
      timeout: 0,
      _peername: [Object],
      [Symbol(async_id_symbol)]: 232,
      [Symbol(kHandle)]: [TCP],
      [Symbol(lastWriteQueueSize)]: 0,
      [Symbol(timeout)]: null,
      [Symbol(kBuffer)]: null,
      [Symbol(kBufferCb)]: null,
      [Symbol(kBufferGen)]: null,
      [Symbol(kCapture)]: false,
      [Symbol(kSetNoDelay)]: true,
      [Symbol(kSetKeepAlive)]: false,
      [Symbol(kSetKeepAliveInitialDelay)]: 0,
      [Symbol(kBytesRead)]: 0,
      [Symbol(kBytesWritten)]: 0
    },
    _ultron: Ultron { id: 1, ee: [Socket] },
    protocolVersion: 13,
    maxPayload: 4096,
    upgradeReq: IncomingMessage {
      _readableState: [ReadableState],
      _events: [Object: null prototype] {},
      _eventsCount: 0,
      _maxListeners: undefined,
      socket: [Socket],
      httpVersionMajor: 1,
      httpVersionMinor: 1,
      httpVersion: '1.1',
      complete: true,
      rawHeaders: [Array],
      rawTrailers: [],
      aborted: false,
      upgrade: true,
      url: '/',
      method: 'GET',
      statusCode: null,
      statusMessage: null,
      client: [Socket],
      _consuming: false,
      _dumped: false,
      parser: null,
      [Symbol(kCapture)]: false,
      [Symbol(kHeaders)]: [Object],
      [Symbol(kHeadersCount)]: 42,
      [Symbol(kTrailers)]: null,
      [Symbol(kTrailersCount)]: 0
    },
    _isServer: true,
    isConnected: true,
    remoteAddress: '152.157.185.136',
    remotePort: 37532,
    lastAliveTime: 1677262947601,
    playerTracker: [Circular *1],
    packetHandler: PacketHandler {
      gameServer: [GameServer],
      socket: [Circular *3],
      protocol: 6,
      handshakeProtocol: 6,
      handshakeKey: 1,
      lastJoinTick: 55,
      lastChatTick: 0,
      lastStatTick: 240,
      lastQTick: 0,
      lastSpaceTick: 0,
      pressQ: false,
      pressW: false,
      pressSpace: false,
      mouseData: <Buffer 10 97 01 00 00 bc 12 00 00 00 00 00 00>,
      handler: [Object]
    },
    playerCommand: PlayerCommand {
      gameServer: [GameServer],
      playerTracker: [Circular *1]
    },
    [Symbol(kCapture)]: false
  },
  pID: 5,
  userAuth: null,
  isRemoved: false,
  isCloseRequested: false,
  _name: 'Joe Swansonson',
  _skin: '',
  _nameUtf8: <Buffer 4a 6f 65 20 53 77 61 6e 73 6f 6e 73 6f 6e 00>,
  _skinUtf8protocol11: null,
  _nameUnicode: <Buffer 4a 00 6f 00 65 00 20 00 53 00 77 00 61 00 6e 00 73 00 6f 00 6e 00 73 00 6f 00 6e 00 00 00>,
  _skinUtf8: null,
  color: { r: 166, g: 7, b: 255 },
  viewNodes: [
    Cell {
      gameServer: [GameServer],
      owner: null,
      color: [Object],
      radius: 279.3351276419186,
      _size: 16.713321861375093,
      _mass: 2.7933512764191857,
      cellType: 1,
      isSpiked: false,
      isAgitated: false,
      killedBy: null,
      isMoving: false,
      boostDistance: 0,
      boostDirection: [Vec2],
      tickOfBirth: 20,
      nodeId: 88,
      position: [Vec2],
      quadItem: [Object]
    },
    Cell {
      gameServer: [GameServer],
      owner: null,
      color: [Object],
      radius: 336.1055160272116,
      _size: 18.33318073950103,
      _mass: 3.361055160272116,
      cellType: 1,
      isSpiked: false,
      isAgitated: false,
      killedBy: null,
      isMoving: false,
      boostDistance: 0,
      boostDirection: [Vec2],
      tickOfBirth: 30,
      nodeId: 104,
      position: [Vec2],
      quadItem: [Object]
    },
    Cell {
      gameServer: [GameServer],
      owner: null,
      color: [Object],
      radius: 351.3453674926699,
      _size: 18.744208905490513,
      _mass: 3.5134536749266987,
      cellType: 1,
      isSpiked: false,
      isAgitated: false,
      killedBy: null,
      isMoving: false,
      boostDistance: 0,
      boostDirection: [Vec2],
      tickOfBirth: 50,
      nodeId: 186,
      position: [Vec2],
      quadItem: [Object]
    },
    Cell {
      gameServer: [GameServer],
      owner: null,
      color: [Object],
      radius: 10000,
      _size: 100,
      _mass: 100,
      cellType: 2,
      isSpiked: true,
      isAgitated: false,
      killedBy: null,
      isMoving: false,
      boostDistance: 0,
      boostDirection: [Vec2],
      tickOfBirth: 50,
      nodeId: 190,
      position: [Vec2],
      isMotherCell: false,
      quadItem: [Object]
    },
    Cell {
      gameServer: [GameServer],
      owner: [Circular *1],
      color: [Object],
      radius: 110356.7316274316,
      _size: 332.19983688652167,
      _mass: 1103.567316274316,
      cellType: 0,
      isSpiked: false,
      isAgitated: false,
      killedBy: null,
      isMoving: false,
      boostDistance: 0,
      boostDirection: [Vec2],
      tickOfBirth: 55,
      nodeId: 191,
      position: [Vec2],
      _canRemerge: false,
      quadItem: [Object],
      div: 3
    },
    Cell {
      gameServer: [GameServer],
      owner: null,
      color: [Object],
      radius: 398.2389486998003,
      _size: 19.955925152690874,
      _mass: 3.9823894869980028,
      cellType: 1,
      isSpiked: false,
      isAgitated: false,
      killedBy: null,
      isMoving: false,
      boostDistance: 0,
      boostDirection: [Vec2],
      tickOfBirth: 60,
      nodeId: 192,
      position: [Vec2],
      quadItem: [Object]
    },
    Cell {
      gameServer: [GameServer],
      owner: null,
      color: [Object],
      radius: 10000,
      _size: 100,
      _mass: 100,
      cellType: 2,
      isSpiked: true,
      isAgitated: false,
      killedBy: null,
      isMoving: false,
      boostDistance: 0,
      boostDirection: [Vec2],
      tickOfBirth: 70,
      nodeId: 253,
      position: [Vec2],
      isMotherCell: false,
      quadItem: [Object]
    },
    Cell {
      gameServer: [GameServer],
      owner: null,
      color: [Object],
      radius: 295.0589980759702,
      _size: 17.177281451847094,
      _mass: 2.950589980759702,
      cellType: 1,
      isSpiked: false,
      isAgitated: false,
      killedBy: null,
      isMoving: false,
      boostDistance: 0,
      boostDirection: [Vec2],
      tickOfBirth: 80,
      nodeId: 264,
      position: [Vec2],
      quadItem: [Object]
    },
    Cell {
      gameServer: [GameServer],
      owner: null,
      color: [Object],
      radius: 393.2399333777193,
      _size: 19.830278197184207,
      _mass: 3.9323993337771928,
      cellType: 1,
      isSpiked: false,
      isAgitated: false,
      killedBy: null,
      isMoving: false,
      boostDistance: 0,
      boostDirection: [Vec2],
      tickOfBirth: 80,
      nodeId: 273,
      position: [Vec2],
      quadItem: [Object]
    },
    Cell {
      gameServer: [GameServer],
      owner: null,
      color: [Object],
      radius: 267.52295153768955,
      _size: 16.35612886772691,
      _mass: 2.6752295153768957,
      cellType: 1,
      isSpiked: false,
      isAgitated: false,
      killedBy: null,
      isMoving: false,
      boostDistance: 0,
      boostDirection: [Vec2],
      tickOfBirth: 80,
      nodeId: 275,
      position: [Vec2],
      quadItem: [Object]
    },
    Cell {
      gameServer: [GameServer],
      owner: null,
      color: [Object],
      radius: 335.28328876839583,
      _size: 18.31074244175795,
      _mass: 3.352832887683958,
      cellType: 1,
      isSpiked: false,
      isAgitated: false,
      killedBy: null,
      isMoving: false,
      boostDistance: 0,
      boostDirection: [Vec2],
      tickOfBirth: 90,
      nodeId: 286,
      position: [Vec2],
      quadItem: [Object]
    },
    Cell {
      gameServer: [GameServer],
      owner: null,
      color: [Object],
      radius: 371.41432010139,
      _size: 19.272112497113284,
      _mass: 3.7141432010138997,
      cellType: 1,
      isSpiked: false,
      isAgitated: false,
      killedBy: null,
      isMoving: false,
      boostDistance: 0,
      boostDirection: [Vec2],
      tickOfBirth: 110,
      nodeId: 351,
      position: [Vec2],
      quadItem: [Object]
    },
    Cell {
      gameServer: [GameServer],
      owner: null,
      color: [Object],
      radius: 271.907439404998,
      _size: 16.489616108478632,
      _mass: 2.71907439404998,
      cellType: 1,
      isSpiked: false,
      isAgitated: false,
      killedBy: null,
      isMoving: false,
      boostDistance: 0,
      boostDirection: [Vec2],
      tickOfBirth: 110,
      nodeId: 355,
      position: [Vec2],
      quadItem: [Object]
    },
    Cell {
      gameServer: [GameServer],
      owner: null,
      color: [Object],
      radius: 331.33988617147145,
      _size: 18.20274391874674,
      _mass: 3.3133988617147145,
      cellType: 1,
      isSpiked: false,
      isAgitated: false,
      killedBy: null,
      isMoving: false,
      boostDistance: 0,
      boostDirection: [Vec2],
      tickOfBirth: 110,
      nodeId: 369,
      position: [Vec2],
      quadItem: [Object]
    },
    Cell {
      gameServer: [GameServer],
      owner: null,
      color: [Object],
      radius: 288.93466267113536,
      _size: 16.998078205230595,
      _mass: 2.8893466267113537,
      cellType: 1,
      isSpiked: false,
      isAgitated: false,
      killedBy: null,
      isMoving: false,
      boostDistance: 0,
      boostDirection: [Vec2],
      tickOfBirth: 120,
      nodeId: 392,
      position: [Vec2],
      quadItem: [Object]
    },
    Cell {
      gameServer: [GameServer],
      owner: null,
      color: [Object],
      radius: 291.7037746583193,
      _size: 17.079337652799047,
      _mass: 2.9170377465831927,
      cellType: 1,
      isSpiked: false,
      isAgitated: false,
      killedBy: null,
      isMoving: false,
      boostDistance: 0,
      boostDirection: [Vec2],
      tickOfBirth: 140,
      nodeId: 442,
      position: [Vec2],
      quadItem: [Object]
    },
    Cell {
      gameServer: [GameServer],
      owner: null,
      color: [Object],
      radius: 305.4396079158204,
      _size: 17.47683060270999,
      _mass: 3.0543960791582037,
      cellType: 1,
      isSpiked: false,
      isAgitated: false,
      killedBy: null,
      isMoving: false,
      boostDistance: 0,
      boostDirection: [Vec2],
      tickOfBirth: 140,
      nodeId: 449,
      position: [Vec2],
      quadItem: [Object]
    },
    Cell {
      gameServer: [GameServer],
      owner: null,
      color: [Object],
      radius: 256.65499755858485,
      _size: 16.020455597722083,
      _mass: 2.5665499755858487,
      cellType: 1,
      isSpiked: false,
      isAgitated: false,
      killedBy: null,
      isMoving: false,
      boostDistance: 0,
      boostDirection: [Vec2],
      tickOfBirth: 170,
      nodeId: 544,
      position: [Vec2],
      quadItem: [Object]
    },
    Cell {
      gameServer: [GameServer],
      owner: null,
      color: [Object],
      radius: 348.76425476407314,
      _size: 18.675231049817647,
      _mass: 3.4876425476407316,
      cellType: 1,
      isSpiked: false,
      isAgitated: false,
      killedBy: null,
      isMoving: false,
      boostDistance: 0,
      boostDirection: [Vec2],
      tickOfBirth: 180,
      nodeId: 588,
      position: [Vec2],
      quadItem: [Object]
    },
    Cell {
      gameServer: [GameServer],
      owner: null,
      color: [Object],
      radius: 338.513419639175,
      _size: 18.398734185785038,
      _mass: 3.3851341963917503,
      cellType: 1,
      isSpiked: false,
      isAgitated: false,
      killedBy: null,
      isMoving: false,
      boostDistance: 0,
      boostDirection: [Vec2],
      tickOfBirth: 210,
      nodeId: 661,
      position: [Vec2],
      quadItem: [Object]
    },
    Cell {
      gameServer: [GameServer],
      owner: null,
      color: [Object],
      radius: 259.8821195387259,
      _size: 16.120859764253453,
      _mass: 2.598821195387259,
      cellType: 1,
      isSpiked: false,
      isAgitated: false,
      killedBy: null,
      isMoving: false,
      boostDistance: 0,
      boostDirection: [Vec2],
      tickOfBirth: 210,
      nodeId: 672,
      position: [Vec2],
      quadItem: [Object]
    },
    Cell {
      gameServer: [GameServer],
      owner: null,
      color: [Object],
      radius: 10000,
      _size: 100,
      _mass: 100,
      cellType: 2,
      isSpiked: true,
      isAgitated: false,
      killedBy: null,
      isMoving: false,
      boostDistance: 0,
      boostDirection: [Vec2],
      tickOfBirth: 210,
      nodeId: 687,
      position: [Vec2],
      isMotherCell: false,
      quadItem: [Object]
    },
    Cell {
      gameServer: [GameServer],
      owner: null,
      color: [Object],
      radius: 295.39191558425057,
      _size: 17.186969354259364,
      _mass: 2.9539191558425055,
      cellType: 1,
      isSpiked: false,
      isAgitated: false,
      killedBy: null,
      isMoving: false,
      boostDistance: 0,
      boostDirection: [Vec2],
      tickOfBirth: 220,
      nodeId: 689,
      position: [Vec2],
      quadItem: [Object]
    },
    Cell {
      gameServer: [GameServer],
      owner: null,
      color: [Object],
      radius: 261.46198567004933,
      _size: 16.169786197413043,
      _mass: 2.6146198567004935,
      cellType: 1,
      isSpiked: false,
      isAgitated: false,
      killedBy: null,
      isMoving: false,
      boostDistance: 0,
      boostDirection: [Vec2],
      tickOfBirth: 220,
      nodeId: 705,
      position: [Vec2],
      quadItem: [Object]
    },
    Cell {
      gameServer: [GameServer],
      owner: null,
      color: [Object],
      radius: 286.16496376598997,
      _size: 16.91641107818056,
      _mass: 2.8616496376599,
      cellType: 1,
      isSpiked: false,
      isAgitated: false,
      killedBy: null,
      isMoving: false,
      boostDistance: 0,
      boostDirection: [Vec2],
      tickOfBirth: 230,
      nodeId: 736,
      position: [Vec2],
      quadItem: [Object]
    },
    Cell {
      gameServer: [GameServer],
      owner: null,
      color: [Object],
      radius: 399.2602215999587,
      _size: 19.981496980956123,
      _mass: 3.992602215999587,
      cellType: 1,
      isSpiked: false,
      isAgitated: false,
      killedBy: null,
      isMoving: false,
      boostDistance: 0,
      boostDirection: [Vec2],
      tickOfBirth: 240,
      nodeId: 762,
      position: [Vec2],
      quadItem: [Object]
    },
    Cell {
      gameServer: [GameServer],
      owner: null,
      color: [Object],
      radius: 342.4340409297246,
      _size: 18.504973410673266,
      _mass: 3.424340409297246,
      cellType: 1,
      isSpiked: false,
      isAgitated: false,
      killedBy: null,
      isMoving: false,
      boostDistance: 0,
      boostDirection: [Vec2],
      tickOfBirth: 240,
      nodeId: 763,
      position: [Vec2],
      quadItem: [Object]
    },
    Cell {
      gameServer: [GameServer],
      owner: null,
      color: [Object],
      radius: 396.4568667019572,
      _size: 19.911224640939523,
      _mass: 3.964568667019572,
      cellType: 1,
      isSpiked: false,
      isAgitated: false,
      killedBy: null,
      isMoving: false,
      boostDistance: 0,
      boostDirection: [Vec2],
      tickOfBirth: 250,
      nodeId: 800,
      position: [Vec2],
      quadItem: [Object]
    }
  ],
  clientNodes: [
    Cell {
      gameServer: [GameServer],
      owner: null,
      color: [Object],
      radius: 279.3351276419186,
      _size: 16.713321861375093,
      _mass: 2.7933512764191857,
      cellType: 1,
      isSpiked: false,
      isAgitated: false,
      killedBy: null,
      isMoving: false,
      boostDistance: 0,
      boostDirection: [Vec2],
      tickOfBirth: 20,
      nodeId: 88,
      position: [Vec2],
      quadItem: [Object]
    },
    Cell {
      gameServer: [GameServer],
      owner: null,
      color: [Object],
      radius: 336.1055160272116,
      _size: 18.33318073950103,
      _mass: 3.361055160272116,
      cellType: 1,
      isSpiked: false,
      isAgitated: false,
      killedBy: null,
      isMoving: false,
      boostDistance: 0,
      boostDirection: [Vec2],
      tickOfBirth: 30,
      nodeId: 104,
      position: [Vec2],
      quadItem: [Object]
    },
    Cell {
      gameServer: [GameServer],
      owner: null,
      color: [Object],
      radius: 351.3453674926699,
      _size: 18.744208905490513,
      _mass: 3.5134536749266987,
      cellType: 1,
      isSpiked: false,
      isAgitated: false,
      killedBy: null,
      isMoving: false,
      boostDistance: 0,
      boostDirection: [Vec2],
      tickOfBirth: 50,
      nodeId: 186,
      position: [Vec2],
      quadItem: [Object]
    },
    Cell {
      gameServer: [GameServer],
      owner: null,
      color: [Object],
      radius: 10000,
      _size: 100,
      _mass: 100,
      cellType: 2,
      isSpiked: true,
      isAgitated: false,
      killedBy: null,
      isMoving: false,
      boostDistance: 0,
      boostDirection: [Vec2],
      tickOfBirth: 50,
      nodeId: 190,
      position: [Vec2],
      isMotherCell: false,
      quadItem: [Object]
    },
    Cell {
      gameServer: [GameServer],
      owner: [Circular *1],
      color: [Object],
      radius: 110356.7316274316,
      _size: 332.19983688652167,
      _mass: 1103.567316274316,
      cellType: 0,
      isSpiked: false,
      isAgitated: false,
      killedBy: null,
      isMoving: false,
      boostDistance: 0,
      boostDirection: [Vec2],
      tickOfBirth: 55,
      nodeId: 191,
      position: [Vec2],
      _canRemerge: false,
      quadItem: [Object],
      div: 3
    },
    Cell {
      gameServer: [GameServer],
      owner: null,
      color: [Object],
      radius: 398.2389486998003,
      _size: 19.955925152690874,
      _mass: 3.9823894869980028,
      cellType: 1,
      isSpiked: false,
      isAgitated: false,
      killedBy: null,
      isMoving: false,
      boostDistance: 0,
      boostDirection: [Vec2],
      tickOfBirth: 60,
      nodeId: 192,
      position: [Vec2],
      quadItem: [Object]
    },
    Cell {
      gameServer: [GameServer],
      owner: null,
      color: [Object],
      radius: 10000,
      _size: 100,
      _mass: 100,
      cellType: 2,
      isSpiked: true,
      isAgitated: false,
      killedBy: null,
      isMoving: false,
      boostDistance: 0,
      boostDirection: [Vec2],
      tickOfBirth: 70,
      nodeId: 253,
      position: [Vec2],
      isMotherCell: false,
      quadItem: [Object]
    },
    Cell {
      gameServer: [GameServer],
      owner: null,
      color: [Object],
      radius: 295.0589980759702,
      _size: 17.177281451847094,
      _mass: 2.950589980759702,
      cellType: 1,
      isSpiked: false,
      isAgitated: false,
      killedBy: null,
      isMoving: false,
      boostDistance: 0,
      boostDirection: [Vec2],
      tickOfBirth: 80,
      nodeId: 264,
      position: [Vec2],
      quadItem: [Object]
    },
    Cell {
      gameServer: [GameServer],
      owner: null,
      color: [Object],
      radius: 393.2399333777193,
      _size: 19.830278197184207,
      _mass: 3.9323993337771928,
      cellType: 1,
      isSpiked: false,
      isAgitated: false,
      killedBy: null,
      isMoving: false,
      boostDistance: 0,
      boostDirection: [Vec2],
      tickOfBirth: 80,
      nodeId: 273,
      position: [Vec2],
      quadItem: [Object]
    },
    Cell {
      gameServer: [GameServer],
      owner: null,
      color: [Object],
      radius: 267.52295153768955,
      _size: 16.35612886772691,
      _mass: 2.6752295153768957,
      cellType: 1,
      isSpiked: false,
      isAgitated: false,
      killedBy: null,
      isMoving: false,
      boostDistance: 0,
      boostDirection: [Vec2],
      tickOfBirth: 80,
      nodeId: 275,
      position: [Vec2],
      quadItem: [Object]
    },
    Cell {
      gameServer: [GameServer],
      owner: null,
      color: [Object],
      radius: 335.28328876839583,
      _size: 18.31074244175795,
      _mass: 3.352832887683958,
      cellType: 1,
      isSpiked: false,
      isAgitated: false,
      killedBy: null,
      isMoving: false,
      boostDistance: 0,
      boostDirection: [Vec2],
      tickOfBirth: 90,
      nodeId: 286,
      position: [Vec2],
      quadItem: [Object]
    },
    Cell {
      gameServer: [GameServer],
      owner: null,
      color: [Object],
      radius: 371.41432010139,
      _size: 19.272112497113284,
      _mass: 3.7141432010138997,
      cellType: 1,
      isSpiked: false,
      isAgitated: false,
      killedBy: null,
      isMoving: false,
      boostDistance: 0,
      boostDirection: [Vec2],
      tickOfBirth: 110,
      nodeId: 351,
      position: [Vec2],
      quadItem: [Object]
    },
    Cell {
      gameServer: [GameServer],
      owner: null,
      color: [Object],
      radius: 271.907439404998,
      _size: 16.489616108478632,
      _mass: 2.71907439404998,
      cellType: 1,
      isSpiked: false,
      isAgitated: false,
      killedBy: null,
      isMoving: false,
      boostDistance: 0,
      boostDirection: [Vec2],
      tickOfBirth: 110,
      nodeId: 355,
      position: [Vec2],
      quadItem: [Object]
    },
    Cell {
      gameServer: [GameServer],
      owner: null,
      color: [Object],
      radius: 331.33988617147145,
      _size: 18.20274391874674,
      _mass: 3.3133988617147145,
      cellType: 1,
      isSpiked: false,
      isAgitated: false,
      killedBy: null,
      isMoving: false,
      boostDistance: 0,
      boostDirection: [Vec2],
      tickOfBirth: 110,
      nodeId: 369,
      position: [Vec2],
      quadItem: [Object]
    },
    Cell {
      gameServer: [GameServer],
      owner: null,
      color: [Object],
      radius: 288.93466267113536,
      _size: 16.998078205230595,
      _mass: 2.8893466267113537,
      cellType: 1,
      isSpiked: false,
      isAgitated: false,
      killedBy: null,
      isMoving: false,
      boostDistance: 0,
      boostDirection: [Vec2],
      tickOfBirth: 120,
      nodeId: 392,
      position: [Vec2],
      quadItem: [Object]
    },
    Cell {
      gameServer: [GameServer],
      owner: null,
      color: [Object],
      radius: 291.7037746583193,
      _size: 17.079337652799047,
      _mass: 2.9170377465831927,
      cellType: 1,
      isSpiked: false,
      isAgitated: false,
      killedBy: null,
      isMoving: false,
      boostDistance: 0,
      boostDirection: [Vec2],
      tickOfBirth: 140,
      nodeId: 442,
      position: [Vec2],
      quadItem: [Object]
    },
    Cell {
      gameServer: [GameServer],
      owner: null,
      color: [Object],
      radius: 305.4396079158204,
      _size: 17.47683060270999,
      _mass: 3.0543960791582037,
      cellType: 1,
      isSpiked: false,
      isAgitated: false,
      killedBy: null,
      isMoving: false,
      boostDistance: 0,
      boostDirection: [Vec2],
      tickOfBirth: 140,
      nodeId: 449,
      position: [Vec2],
      quadItem: [Object]
    },
    Cell {
      gameServer: [GameServer],
      owner: null,
      color: [Object],
      radius: 256.65499755858485,
      _size: 16.020455597722083,
      _mass: 2.5665499755858487,
      cellType: 1,
      isSpiked: false,
      isAgitated: false,
      killedBy: null,
      isMoving: false,
      boostDistance: 0,
      boostDirection: [Vec2],
      tickOfBirth: 170,
      nodeId: 544,
      position: [Vec2],
      quadItem: [Object]
    },
    Cell {
      gameServer: [GameServer],
      owner: null,
      color: [Object],
      radius: 348.76425476407314,
      _size: 18.675231049817647,
      _mass: 3.4876425476407316,
      cellType: 1,
      isSpiked: false,
      isAgitated: false,
      killedBy: null,
      isMoving: false,
      boostDistance: 0,
      boostDirection: [Vec2],
      tickOfBirth: 180,
      nodeId: 588,
      position: [Vec2],
      quadItem: [Object]
    },
    Cell {
      gameServer: [GameServer],
      owner: null,
      color: [Object],
      radius: 338.513419639175,
      _size: 18.398734185785038,
      _mass: 3.3851341963917503,
      cellType: 1,
      isSpiked: false,
      isAgitated: false,
      killedBy: null,
      isMoving: false,
      boostDistance: 0,
      boostDirection: [Vec2],
      tickOfBirth: 210,
      nodeId: 661,
      position: [Vec2],
      quadItem: [Object]
    },
    Cell {
      gameServer: [GameServer],
      owner: null,
      color: [Object],
      radius: 259.8821195387259,
      _size: 16.120859764253453,
      _mass: 2.598821195387259,
      cellType: 1,
      isSpiked: false,
      isAgitated: false,
      killedBy: null,
      isMoving: false,
      boostDistance: 0,
      boostDirection: [Vec2],
      tickOfBirth: 210,
      nodeId: 672,
      position: [Vec2],
      quadItem: [Object]
    },
    Cell {
      gameServer: [GameServer],
      owner: null,
      color: [Object],
      radius: 10000,
      _size: 100,
      _mass: 100,
      cellType: 2,
      isSpiked: true,
      isAgitated: false,
      killedBy: null,
      isMoving: false,
      boostDistance: 0,
      boostDirection: [Vec2],
      tickOfBirth: 210,
      nodeId: 687,
      position: [Vec2],
      isMotherCell: false,
      quadItem: [Object]
    },
    Cell {
      gameServer: [GameServer],
      owner: null,
      color: [Object],
      radius: 295.39191558425057,
      _size: 17.186969354259364,
      _mass: 2.9539191558425055,
      cellType: 1,
      isSpiked: false,
      isAgitated: false,
      killedBy: null,
      isMoving: false,
      boostDistance: 0,
      boostDirection: [Vec2],
      tickOfBirth: 220,
      nodeId: 689,
      position: [Vec2],
      quadItem: [Object]
    },
    Cell {
      gameServer: [GameServer],
      owner: null,
      color: [Object],
      radius: 261.46198567004933,
      _size: 16.169786197413043,
      _mass: 2.6146198567004935,
      cellType: 1,
      isSpiked: false,
      isAgitated: false,
      killedBy: null,
      isMoving: false,
      boostDistance: 0,
      boostDirection: [Vec2],
      tickOfBirth: 220,
      nodeId: 705,
      position: [Vec2],
      quadItem: [Object]
    },
    Cell {
      gameServer: [GameServer],
      owner: null,
      color: [Object],
      radius: 286.16496376598997,
      _size: 16.91641107818056,
      _mass: 2.8616496376599,
      cellType: 1,
      isSpiked: false,
      isAgitated: false,
      killedBy: null,
      isMoving: false,
      boostDistance: 0,
      boostDirection: [Vec2],
      tickOfBirth: 230,
      nodeId: 736,
      position: [Vec2],
      quadItem: [Object]
    },
    Cell {
      gameServer: [GameServer],
      owner: null,
      color: [Object],
      radius: 399.2602215999587,
      _size: 19.981496980956123,
      _mass: 3.992602215999587,
      cellType: 1,
      isSpiked: false,
      isAgitated: false,
      killedBy: null,
      isMoving: false,
      boostDistance: 0,
      boostDirection: [Vec2],
      tickOfBirth: 240,
      nodeId: 762,
      position: [Vec2],
      quadItem: [Object]
    },
    Cell {
      gameServer: [GameServer],
      owner: null,
      color: [Object],
      radius: 342.4340409297246,
      _size: 18.504973410673266,
      _mass: 3.424340409297246,
      cellType: 1,
      isSpiked: false,
      isAgitated: false,
      killedBy: null,
      isMoving: false,
      boostDistance: 0,
      boostDirection: [Vec2],
      tickOfBirth: 240,
      nodeId: 763,
      position: [Vec2],
      quadItem: [Object]
    },
    Cell {
      gameServer: [GameServer],
      owner: null,
      color: [Object],
      radius: 396.4568667019572,
      _size: 19.911224640939523,
      _mass: 3.964568667019572,
      cellType: 1,
      isSpiked: false,
      isAgitated: false,
      killedBy: null,
      isMoving: false,
      boostDistance: 0,
      boostDirection: [Vec2],
      tickOfBirth: 250,
      nodeId: 800,
      position: [Vec2],
      quadItem: [Object]
    }
  ],
  cells: [
    Cell {
      gameServer: [GameServer],
      owner: [Circular *1],
      color: [Object],
      radius: 110356.7316274316,
      _size: 332.19983688652167,
      _mass: 1103.567316274316,
      cellType: 0,
      isSpiked: false,
      isAgitated: false,
      killedBy: null,
      isMoving: false,
      boostDistance: 0,
      boostDirection: [Vec2],
      tickOfBirth: 55,
      nodeId: 191,
      position: [Vec2],
      _canRemerge: false,
      quadItem: [Object],
      div: 3
    }
  ],
  mergeOverride: false,
  _score: 1003.5673162743161,
  _scale: 0.5274274000457363,
  borderCounter: 0,
  connectedTime: 2023-02-24T18:22:18.830Z,
  tickLeaderboard: 9,
  team: 0,
  spectate: false,
  freeRoam: false,
  spectateTarget: null,
  lastKeypressTick: 0,
  centerPos: Vec2 { x: 252.27719406961285, y: 5462.744392976555 },
  mouse: Vec2 { x: 406, y: 4802 },
  viewBox: {
    minx: -1662.678304852925,
    miny: 4344.107022318834,
    maxx: 2167.232692992151,
    maxy: 6581.381763634276
  },
  scrambleX: 0,
  scrambleY: 0,
  scrambleId: 0,
  isMinion: false,
  isMuted: false,
  spawnmass: 0,
  frozen: false,
  customspeed: 0,
  rec: false,
  miQ: 0,
  isMi: false,
  minionSplit: false,
  minionEject: false,
  minionFrozen: false,
  minionControl: false,
  collectPellets: false,
  userRole: 0
}
