=== Started 2023-03-26T04-25-30-876 ===
[ERROR][04:25:30] Unknown gameserver.ini value: serverWelcome3
[INFO ][04:25:30] 2 bad words loaded
[INFO ][04:25:30] 4 user records loaded.
[INFO ][04:25:30] 0 IP ban records loaded.
[INFO ][04:25:30] [1m[32mMultiOgar-Edited 1.6.1[37m - An open source multi-protocol ogar server[0m
[INFO ][04:25:30] WebSocket: ws
[INFO ][04:25:31] Started stats server on port 1234
[INFO ][04:25:31] Listening on port 3000
[INFO ][04:25:31] Current game mode is vFree For All
[INFO ][04:25:31] Added 4 player bots
[NONE ][04:25:31]   __  __       _ _   _  ___                        _____    _ _ _           _    _   __    _ 
 |  \/  |_   _| | |_(_)/ _ \  __ _  __ _ _ __     | ____|__| (_) |_ ___  __| |  / | / /_  / |
 | |\/| | | | | | __| | | | |/ _` |/ _` | '__|____|  _| / _` | | __/ _ \/ _` |  | || '_ \ | |
 | |  | | |_| | | |_| | |_| | (_| | (_| | | |_____| |__| (_| | | ||  __/ (_| |  | || (_) || |
 |_|  |_|\__,_|_|\__|_|\___/ \__, |\__,_|_|       |_____\__,_|_|\__\___|\__,_|  |_(_)___(_)_|
                             |___/                                                           
[NONE ][04:25:55] CONNECTED 205.169.39.99:44790, origin: "https://biobit-forked.lxtte.repl.co"
[NONE ][04:25:55] CONNECTED 65.154.226.171:57938, origin: "https://biobit-forked.lxtte.repl.co"
[NONE ][04:26:00] DISCONNECTED 205.169.39.99:44790, code: null, reason: "null", name: ""
