=== Started 2023-04-28T10-42-17-197 ===
[ERROR][10:42:17] Unknown gameserver.ini value: serverWelcome3
[INFO ][10:42:17] 2 bad words loaded
[INFO ][10:42:17] 4 user records loaded.
[INFO ][10:42:17] 0 IP ban records loaded.
[INFO ][10:42:17] [1m[32mMultiOgar-Edited 1.6.1[37m - An open source multi-protocol ogar server[0m
[INFO ][10:42:17] WebSocket: ws
[INFO ][10:42:17] Started stats server on port 1234
[INFO ][10:42:17] Listening on port 3000
[INFO ][10:42:17] Current game mode is vFree For All
[INFO ][10:42:17] Added 4 player bots
[NONE ][10:42:17]   __  __       _ _   _  ___                        _____    _ _ _           _    _   __    _ 
 |  \/  |_   _| | |_(_)/ _ \  __ _  __ _ _ __     | ____|__| (_) |_ ___  __| |  / | / /_  / |
 | |\/| | | | | | __| | | | |/ _` |/ _` | '__|____|  _| / _` | | __/ _ \/ _` |  | || '_ \ | |
 | |  | | |_| | | |_| | |_| | (_| | (_| | | |_____| |__| (_| | | ||  __/ (_| |  | || (_) || |
 |_|  |_|\__,_|_|\__|_|\___/ \__, |\__,_|_|       |_____\__,_|_|\__\___|\__,_|  |_(_)___(_)_|
                             |___/                                                           
[NONE ][11:18:21] CONNECTED 217.181.22.2:47074, origin: "https://34f255ab-3d17-48d9-9f19-a2c64b272861.id.repl.co"
[NONE ][11:18:33] DISCONNECTED 217.181.22.2:47074, code: 1001, reason: "", name: "Player1"
[ERROR][11:19:13] [Tracker][ogar.mivabe.nl]: Error: getaddrinfo EAI_AGAIN ogar.mivabe.nl
