=== Started 2023-02-13T17-09-09-792 ===
[ERROR][17:09:09] Unknown gameserver.ini value: serverWelcome3
[INFO ][17:09:09] 2 bad words loaded
[INFO ][17:09:09] 4 user records loaded.
[INFO ][17:09:09] 0 IP ban records loaded.
[INFO ][17:09:09] [1m[32mMultiOgar-Edited 1.6.1[37m - An open source multi-protocol ogar server[0m
[INFO ][17:09:09] WebSocket: ws
[INFO ][17:09:09] Started stats server on port 1234
[INFO ][17:09:09] Listening on port 3000
[INFO ][17:09:09] Current game mode is Free For All
[INFO ][17:09:09] Added 4 player bots
[NONE ][17:09:10]   __  __       _ _   _  ___                        _____    _ _ _           _    _   __    _ 
 |  \/  |_   _| | |_(_)/ _ \  __ _  __ _ _ __     | ____|__| (_) |_ ___  __| |  / | / /_  / |
 | |\/| | | | | | __| | | | |/ _` |/ _` | '__|____|  _| / _` | | __/ _ \/ _` |  | || '_ \ | |
 | |  | | |_| | | |_| | |_| | (_| | (_| | | |_____| |__| (_| | | ||  __/ (_| |  | || (_) || |
 |_|  |_|\__,_|_|\__|_|\___/ \__, |\__,_|_|       |_____\__,_|_|\__\___|\__,_|  |_(_)___(_)_|
                             |___/                                                           
[NONE ][17:10:43] CONNECTED 152.157.185.136:48994, origin: "https://34f255ab-3d17-48d9-9f19-a2c64b272861.id.repl.co"
[NONE ][17:10:44] Welcome to BioBit v1.0! 
[NONE ][17:10:44] SERVER
[NONE ][17:10:44] Hello There! 
[NONE ][17:10:44] SERVER
[NONE ][17:11:10] ERROR: Unknown command, type /help for command list
[NONE ][17:11:10] SERVER
[NONE ][17:11:13] ERROR: Unknown command, type /help for command list
[NONE ][17:11:13] SERVER
[NONE ][17:11:23] DISCONNECTED 152.157.185.136:48994, code: 1001, reason: "", name: "Joe Swansonson"
[NONE ][17:11:24] CONNECTED 152.157.185.136:49974, origin: "https://34f255ab-3d17-48d9-9f19-a2c64b272861.id.repl.co"
[NONE ][17:11:24] Welcome to BioBit v1.0! 
[NONE ][17:11:24] SERVER
[NONE ][17:11:24] Hello There! 
[NONE ][17:11:24] SERVER
[NONE ][17:11:27] !claim
[NONE ][17:11:27] Joe Swansonson
[NONE ][17:11:30] asd
[NONE ][17:11:30] Joe Swansonson
