=== Started 2023-02-13T15-06-44-242 ===
[ERROR][15:06:44] Unknown gameserver.ini value: serverWelcome3
[INFO ][15:06:44] 2 bad words loaded
[INFO ][15:06:44] 4 user records loaded.
[INFO ][15:06:44] 0 IP ban records loaded.
[INFO ][15:06:44] [1m[32mMultiOgar-Edited 1.6.1[37m - An open source multi-protocol ogar server[0m
[INFO ][15:06:44] WebSocket: ws
[INFO ][15:06:44] Started stats server on port 1234
[INFO ][15:06:44] Listening on port 3000
[INFO ][15:06:44] Current game mode is Free For All
[INFO ][15:06:44] Added 4 player bots
[NONE ][15:06:44]   __  __       _ _   _  ___                        _____    _ _ _           _    _   __    _ 
 |  \/  |_   _| | |_(_)/ _ \  __ _  __ _ _ __     | ____|__| (_) |_ ___  __| |  / | / /_  / |
 | |\/| | | | | | __| | | | |/ _` |/ _` | '__|____|  _| / _` | | __/ _ \/ _` |  | || '_ \ | |
 | |  | | |_| | | |_| | |_| | (_| | (_| | | |_____| |__| (_| | | ||  __/ (_| |  | || (_) || |
 |_|  |_|\__,_|_|\__|_|\___/ \__, |\__,_|_|       |_____\__,_|_|\__\___|\__,_|  |_(_)___(_)_|
                             |___/                                                           
[NONE ][15:44:55] CONNECTED 152.157.185.136:36328, origin: "https://34f255ab-3d17-48d9-9f19-a2c64b272861.id.repl.co"
[NONE ][15:44:55] Welcome to BioBit v1.0! 
[NONE ][15:44:55] Hello There! 
[NONE ][15:45:33] DISCONNECTED 152.157.185.136:36328, code: 1000, reason: "Connection timeout", name: ""
[NONE ][15:45:43] CONNECTED 152.157.185.136:35652, origin: "https://34f255ab-3d17-48d9-9f19-a2c64b272861.id.repl.co"
[NONE ][15:45:43] Welcome to BioBit v1.0! 
[NONE ][15:45:43] Hello There! 
[NONE ][15:46:25] DISCONNECTED 152.157.185.136:35652, code: 1000, reason: "Connection timeout", name: ""
[NONE ][15:46:26] CONNECTED 152.157.185.136:50666, origin: "https://34f255ab-3d17-48d9-9f19-a2c64b272861.id.repl.co"
[NONE ][15:46:27] Welcome to BioBit v1.0! 
[NONE ][15:46:27] Hello There! 
[NONE ][15:47:17] CONNECTED 152.157.185.136:38448, origin: "https://biobit-forked.lxtte.repl.co"
[NONE ][15:47:17] Welcome to BioBit v1.0! 
[NONE ][15:47:17] Hello There! 
[NONE ][15:47:25] DISCONNECTED 152.157.185.136:50666, code: 1000, reason: "Connection timeout", name: ""
[NONE ][15:47:42] CONNECTED 152.157.185.136:35954, origin: "https://34f255ab-3d17-48d9-9f19-a2c64b272861.id.repl.co"
[NONE ][15:47:42] Welcome to BioBit v1.0! 
[NONE ][15:47:42] Hello There! 
[NONE ][15:47:47] DISCONNECTED 152.157.185.136:38448, code: 1000, reason: "Connection timeout", name: ""
[NONE ][15:48:24] DISCONNECTED 152.157.185.136:35954, code: 1000, reason: "Connection timeout", name: ""
[NONE ][15:48:29] CONNECTED 152.157.185.136:59538, origin: "https://34f255ab-3d17-48d9-9f19-a2c64b272861.id.repl.co"
[NONE ][15:48:29] Welcome to BioBit v1.0! 
[NONE ][15:48:29] Hello There! 
[NONE ][15:49:22] DISCONNECTED 152.157.185.136:59538, code: 1006, reason: "null", name: ""
[NONE ][15:49:28] CONNECTED 152.157.185.136:58714, origin: "https://34f255ab-3d17-48d9-9f19-a2c64b272861.id.repl.co"
[NONE ][15:49:28] Welcome to BioBit v1.0! 
[NONE ][15:49:28] Hello There! 
[NONE ][15:49:36] DISCONNECTED 152.157.185.136:58714, code: 1006, reason: "null", name: ""
[NONE ][15:49:44] CONNECTED 152.157.185.136:36234, origin: "https://34f255ab-3d17-48d9-9f19-a2c64b272861.id.repl.co"
[NONE ][15:49:44] Welcome to BioBit v1.0! 
[NONE ][15:49:44] Hello There! 
[NONE ][15:50:25] DISCONNECTED 152.157.185.136:36234, code: 1000, reason: "Connection timeout", name: ""
[NONE ][15:50:32] CONNECTED 152.157.185.136:33228, origin: "https://34f255ab-3d17-48d9-9f19-a2c64b272861.id.repl.co"
[NONE ][15:50:32] Welcome to BioBit v1.0! 
[NONE ][15:50:32] Hello There! 
[NONE ][15:51:25] DISCONNECTED 152.157.185.136:33228, code: 1000, reason: "Connection timeout", name: ""
[NONE ][15:51:35] CONNECTED 152.157.185.136:56742, origin: "https://34f255ab-3d17-48d9-9f19-a2c64b272861.id.repl.co"
[NONE ][15:51:35] Welcome to BioBit v1.0! 
[NONE ][15:51:35] Hello There! 
[NONE ][15:51:54] DISCONNECTED 152.157.185.136:56742, code: null, reason: "null", name: ""
[NONE ][15:52:02] CONNECTED 152.157.185.136:57660, origin: "https://34f255ab-3d17-48d9-9f19-a2c64b272861.id.repl.co"
[NONE ][15:53:02] DISCONNECTED 152.157.185.136:57660, code: 1006, reason: "null", name: ""
[NONE ][15:55:46] CONNECTED 152.157.185.136:44558, origin: "https://biobit-forked.lxtte.repl.co"
[NONE ][15:55:46] Welcome to BioBit v1.0! 
[NONE ][15:55:46] Hello There! 
[NONE ][15:55:48] CONNECTED 152.157.185.136:56772, origin: "https://34f255ab-3d17-48d9-9f19-a2c64b272861.id.repl.co"
[NONE ][15:55:48] Welcome to BioBit v1.0! 
[NONE ][15:55:48] Hello There! 
[NONE ][15:55:52] <ref *2> PlayerTracker {
  gameServer: <ref *1> GameServer {
    srcFiles: '../src',
    run: true,
    version: '1.6.1',
    httpServer: Server {
      maxHeaderSize: undefined,
      insecureHTTPParser: undefined,
      requestTimeout: 300000,
      headersTimeout: 60000,
      keepAliveTimeout: 5000,
      connectionsCheckingInterval: 30000,
      _events: [Object: null prototype],
      _eventsCount: 3,
      _maxListeners: undefined,
      _connections: 0,
      _handle: [TCP],
      _usingWorkers: false,
      _workers: [],
      _unref: false,
      allowHalfOpen: true,
      pauseOnConnect: false,
      noDelay: true,
      keepAlive: false,
      keepAliveInitialDelay: 0,
      httpAllowHalfOpen: false,
      timeout: 0,
      maxHeadersCount: null,
      maxRequestsPerSocket: 0,
      _connectionKey: '6::::1234',
      [Symbol(IncomingMessage)]: [Function: IncomingMessage],
      [Symbol(ServerResponse)]: [Function: ServerResponse],
      [Symbol(kCapture)]: false,
      [Symbol(async_id_symbol)]: 11,
      [Symbol(http.server.connections)]: ConnectionsList {},
      [Symbol(http.server.connectionsCheckingInterval)]: Timeout {
        _idleTimeout: 30000,
        _idlePrev: [Timeout],
        _idleNext: [Timeout],
        _idleStart: 2940482,
        _onTimeout: [Function: bound checkConnections],
        _timerArgs: undefined,
        _repeat: 30000,
        _destroyed: false,
        [Symbol(refed)]: false,
        [Symbol(kHasPrimitive)]: false,
        [Symbol(asyncId)]: 10,
        [Symbol(triggerId)]: 1
      },
      [Symbol(kUniqueHeaders)]: null
    },
    lastNodeId: 9061,
    lastPlayerId: 18,
    clients: [
      [FakeSocket],
      [FakeSocket],
      [FakeSocket],
      [FakeSocket],
      [WebSocket],
      [WebSocket]
    ],
    socketCount: 2,
    largestClient: PlayerTracker {
      gameServer: [Circular *1],
      socket: [FakeSocket],
      pID: 1,
      userAuth: null,
      isRemoved: false,
      isCloseRequested: false,
      _name: 'Hello 🤖',
      _skin: '',
      _nameUtf8: <Buffer 48 65 6c 6c 6f 20 f0 9f a4 96 00>,
      _skinUtf8protocol11: null,
      _nameUnicode: <Buffer 48 00 65 00 6c 00 6c 00 6f 00 20 00 3e d8 16 dd 00 00>,
      _skinUtf8: null,
      color: [Object],
      viewNodes: [Array],
      clientNodes: [],
      cells: [Array],
      mergeOverride: false,
      _score: 748.9180450267688,
      _scale: 0.5592231360033344,
      borderCounter: 0,
      connectedTime: 2023-02-13T15:06:44.446Z,
      tickLeaderboard: 0,
      team: 0,
      spectate: false,
      freeRoam: false,
      spectateTarget: null,
      lastKeypressTick: 0,
      centerPos: [Vec2],
      mouse: [Vec2],
      viewBox: [Object],
      scrambleX: 0,
      scrambleY: 0,
      scrambleId: 0,
      isMinion: false,
      isMuted: false,
      spawnmass: 0,
      frozen: false,
      customspeed: 0,
      rec: false,
      miQ: 0,
      isMi: false,
      minionSplit: false,
      minionEject: false,
      minionFrozen: false,
      minionControl: false,
      collectPellets: false,
      userRole: 0,
      splitCooldown: 0
    },
    nodes: [
      [Cell], [Cell], [Cell], [Cell], [Cell], [Cell], [Cell],
      [Cell], [Cell], [Cell], [Cell], [Cell], [Cell], [Cell],
      [Cell], [Cell], [Cell], [Cell], [Cell], [Cell], [Cell],
      [Cell], [Cell], [Cell], [Cell], [Cell], [Cell], [Cell],
      [Cell], [Cell], [Cell], [Cell], [Cell], [Cell], [Cell],
      [Cell], [Cell], [Cell], [Cell], [Cell], [Cell], [Cell],
      [Cell], [Cell], [Cell], [Cell], [Cell], [Cell], [Cell],
      [Cell], [Cell], [Cell], [Cell], [Cell], [Cell], [Cell],
      [Cell], [Cell], [Cell], [Cell], [Cell], [Cell], [Cell],
      [Cell], [Cell], [Cell], [Cell], [Cell], [Cell], [Cell],
      [Cell], [Cell], [Cell], [Cell], [Cell], [Cell], [Cell],
      [Cell], [Cell], [Cell], [Cell], [Cell], [Cell], [Cell],
      [Cell], [Cell], [Cell], [Cell], [Cell], [Cell], [Cell],
      [Cell], [Cell], [Cell], [Cell], [Cell], [Cell], [Cell],
      [Cell], [Cell],
      ... 1954 more items
    ],
    nodesVirus: [
      [Cell], [Cell], [Cell], [Cell], [Cell],
      [Cell], [Cell], [Cell], [Cell], [Cell],
      [Cell], [Cell], [Cell], [Cell], [Cell],
      [Cell], [Cell], [Cell], [Cell], [Cell],
      [Cell], [Cell], [Cell], [Cell], [Cell],
      [Cell], [Cell], [Cell], [Cell], [Cell],
      [Cell], [Cell], [Cell], [Cell], [Cell],
      [Cell], [Cell], [Cell], [Cell], [Cell],
      [Cell], [Cell], [Cell], [Cell], [Cell],
      [Cell], [Cell], [Cell], [Cell], [Cell]
    ],
    nodesFood: [
      [Cell], [Cell], [Cell], [Cell], [Cell], [Cell], [Cell],
      [Cell], [Cell], [Cell], [Cell], [Cell], [Cell], [Cell],
      [Cell], [Cell], [Cell], [Cell], [Cell], [Cell], [Cell],
      [Cell], [Cell], [Cell], [Cell], [Cell], [Cell], [Cell],
      [Cell], [Cell], [Cell], [Cell], [Cell], [Cell], [Cell],
      [Cell], [Cell], [Cell], [Cell], [Cell], [Cell], [Cell],
      [Cell], [Cell], [Cell], [Cell], [Cell], [Cell], [Cell],
      [Cell], [Cell], [Cell], [Cell], [Cell], [Cell], [Cell],
      [Cell], [Cell], [Cell], [Cell], [Cell], [Cell], [Cell],
      [Cell], [Cell], [Cell], [Cell], [Cell], [Cell], [Cell],
      [Cell], [Cell], [Cell], [Cell], [Cell], [Cell], [Cell],
      [Cell], [Cell], [Cell], [Cell], [Cell], [Cell], [Cell],
      [Cell], [Cell], [Cell], [Cell], [Cell], [Cell], [Cell],
      [Cell], [Cell], [Cell], [Cell], [Cell], [Cell], [Cell],
      [Cell], [Cell],
      ... 1899 more items
    ],
    nodesEjected: [],
    nodesPlayer: [ [Cell], [Cell], [Cell], [Cell], [Cell] ],
    movingNodes: [],
    leaderboard: [
      [PlayerTracker],
      [PlayerTracker],
      [PlayerTracker],
      [PlayerTracker],
      [Circular *2]
    ],
    leaderboardType: 49,
    bots: BotLoader {
      gameServer: [Circular *1],
      randomNames: [Array],
      nameIndex: 0
    },
    startTime: 1676300804251,
    stepDateTime: 1676303752180,
    timeStamp: 1676303752174,
    updateTime: 0.93122,
    updateTimeAvg: 1.152824975402244,
    timerLoopBind: [Function: bound ],
    mainLoopBind: [Function: bound ],
    tickCounter: 73694,
    disableSpawn: false,
    config: {
      logVerbosity: 4,
      logFileVerbosity: 5,
      serverTimeout: 30,
      serverWsModule: 'ws',
      serverMaxConnections: 0,
      serverPort: 3000,
      serverBind: '0.0.0.0',
      serverTracker: 1,
      serverGamemode: 0,
      serverBots: 4,
      serverViewBaseX: 1920,
      serverViewBaseY: 1080,
      serverMinScale: 0.15,
      serverSpectatorScale: 0.4,
      serverStatsPort: 1234,
      serverStatsUpdate: 30,
      mobilePhysics: 0,
      badWordFilter: 0,
      serverRestart: 540000,
      serverMaxLB: 20,
      serverChat: 1,
      serverChatAscii: 0,
      separateChatForTeams: 0,
      serverName: 'BioBit v1.0',
      serverWelcome1: 'Welcome to BioBit v1.0! ',
      serverWelcome2: 'Hello There! ',
      clientBind: NaN,
      serverIpLimit: 2,
      serverMinionIgnoreTime: 30,
      serverMinionThreshold: 10,
      serverMinionInterval: 1000,
      serverScrambleLevel: 0,
      playerBotGrow: 0,
      borderWidth: 14142.135623730952,
      borderHeight: 14142.135623730952,
      foodMinSize: 16,
      foodMaxSize: 20,
      foodMinAmount: 2000,
      foodMaxAmount: 2000,
      foodSpawnAmount: 30,
      foodMassGrow: 1,
      spawnInterval: 10,
      virusMinSize: 100,
      virusMaxSize: 110,
      virusMaxPoppedSize: 60,
      virusEqualPopSize: 0,
      virusMinAmount: 50,
      virusMaxAmount: 100,
      motherCellMaxMass: 0,
      virusVelocity: 900,
      virusMaxCells: 0,
      ejectSize: 36.06,
      ejectSizeLoss: 42.43,
      ejectCooldown: 3,
      ejectSpawnPercent: 0.5,
      ejectVirus: 0,
      ejectVelocity: 780,
      playerMinSize: 60,
      playerMaxSize: 3000,
      playerMinSplitSize: 59.16079783,
      playerMinEjectSize: 59.16079783,
      playerStartSize: 36,
      playerMaxCells: 21,
      playerSpeed: 1,
      playerDecayRate: 0.002,
      playerDecayCap: 0,
      playerRecombineTime: 15,
      playerDisconnectTime: -1,
      playerMaxNickLength: 50,
      splitVelocity: 780,
      minionStartSize: 31.6227766017,
      minionMaxStartSize: 31.6227766017,
      minionCollideTeam: 0,
      disableERTP: 1,
      disableQ: 0,
      serverMinions: 0,
      collectPellets: 0,
      defaultName: '🦋',
      minionsOnLeaderboard: 0,
      tourneyMaxPlayers: 6,
      tourneyPrepTime: 10,
      tourneyEndTime: 30,
      tourneyTimeLimit: 20,
      tourneyAutoFill: 0,
      tourneyAutoFillPlayers: 1,
      tourneyLeaderboardToggleTime: 0
    },
    IpBan: [],
    minionTest: [],
    userList: [ [Object], [Object], [Object], [Object] ],
    badWords: [ ' <r>nigga ', ' <r>nigger ' ],
    ipBanList: [],
    border: {
      minx: -7071.067811865476,
      miny: -7071.067811865476,
      maxx: 7071.067811865476,
      maxy: 7071.067811865476,
      width: 14142.135623730952,
      height: 14142.135623730952,
      cx: 0,
      cy: 0
    },
    quadTree: QuadNode {
      halfWidth: 7071.067811865476,
      halfHeight: 7071.067811865476,
      bound: [Object],
      childNodes: [Array],
      items: [Array]
    },
    gameMode: Mode {
      ID: 0,
      name: 'Free For All',
      decayMod: 1,
      packetLB: 49,
      haveTeams: false,
      specByLeaderboard: true,
      IsTournament: false,
      rankOne: [PlayerTracker]
    },
    clientBind: [ 'NaN' ],
    WebSocket: [class WebSocket extends EventEmitter] {
      CONNECTING: 0,
      OPEN: 1,
      CLOSING: 2,
      CLOSED: 3,
      Server: [class WebSocketServer extends EventEmitter],
      Receiver: [class Receiver],
      Sender: [class Sender]
    },
    wsServer: WebSocketServer {
      _events: [Object: null prototype],
      _eventsCount: 2,
      _maxListeners: undefined,
      _server: [Server],
      _ultron: [Ultron],
      clients: [Set],
      options: [Object],
      path: null,
      [Symbol(kCapture)]: false
    },
    stats: '{"server_name":"BioBit v1.0","server_chat":"true","border_width":14142.135623730952,"border_height":14142.135623730952,"gamemode":"Free For All","max_players":0,"current_players":0,"alive":0,"spectators":0,"update_time":"0.755","uptime":49,"start_time":1676300804251}'
  },
  socket: <ref *3> WebSocket {
    _events: [Object: null prototype] {
      close: [Array],
      error: [Array],
      message: [Function (anonymous)]
    },
    _eventsCount: 3,
    _maxListeners: undefined,
    readyState: 1,
    bytesReceived: 2593,
    extensions: {},
    protocol: '',
    _finalize: [Function: bound finalize] { __ultron: 12 },
    _binaryType: 'nodebuffer',
    _finalizeCalled: false,
    _closeMessage: null,
    _closeTimer: null,
    _closeCode: null,
    _receiver: Receiver {
      extensions: {},
      maxPayload: 4096,
      bufferedBytes: 0,
      buffers: [],
      compressed: false,
      payloadLength: 7,
      fragmented: 0,
      masked: true,
      fin: true,
      mask: <Buffer 12 e6 43 d4>,
      opcode: 2,
      totalPayloadLength: 0,
      messageLength: 0,
      fragments: [],
      cleanupCallback: null,
      hadError: false,
      dead: false,
      onmessage: [Function (anonymous)],
      onclose: [Function (anonymous)],
      onerror: [Function (anonymous)],
      onping: [Function (anonymous)],
      onpong: [Function (anonymous)],
      state: 4
    },
    _sender: Sender {
      perMessageDeflate: undefined,
      _socket: [Socket],
      firstFragment: true,
      compress: false,
      processing: false,
      bufferedBytes: 0,
      queue: [],
      onerror: [Function (anonymous)]
    },
    _socket: Socket {
      connecting: false,
      _hadError: false,
      _parent: null,
      _host: null,
      _closeAfterHandlingError: false,
      _readableState: [ReadableState],
      _events: [Object: null prototype],
      _eventsCount: 4,
      _maxListeners: undefined,
      _writableState: [WritableState],
      allowHalfOpen: true,
      _sockname: null,
      _pendingData: null,
      _pendingEncoding: '',
      server: [Server],
      _server: [Server],
      parser: null,
      on: [Function (anonymous)],
      addListener: [Function (anonymous)],
      prependListener: [Function: prependListener],
      setEncoding: [Function: socketSetEncoding],
      _paused: false,
      timeout: 0,
      _peername: [Object],
      [Symbol(async_id_symbol)]: 236555,
      [Symbol(kHandle)]: [TCP],
      [Symbol(lastWriteQueueSize)]: 0,
      [Symbol(timeout)]: null,
      [Symbol(kBuffer)]: null,
      [Symbol(kBufferCb)]: null,
      [Symbol(kBufferGen)]: null,
      [Symbol(kCapture)]: false,
      [Symbol(kSetNoDelay)]: true,
      [Symbol(kSetKeepAlive)]: false,
      [Symbol(kSetKeepAliveInitialDelay)]: 0,
      [Symbol(kBytesRead)]: 0,
      [Symbol(kBytesWritten)]: 0
    },
    _ultron: Ultron { id: 12, ee: [Socket] },
    protocolVersion: 13,
    maxPayload: 4096,
    upgradeReq: IncomingMessage {
      _readableState: [ReadableState],
      _events: [Object: null prototype] {},
      _eventsCount: 0,
      _maxListeners: undefined,
      socket: [Socket],
      httpVersionMajor: 1,
      httpVersionMinor: 1,
      httpVersion: '1.1',
      complete: true,
      rawHeaders: [Array],
      rawTrailers: [],
      aborted: false,
      upgrade: true,
      url: '/',
      method: 'GET',
      statusCode: null,
      statusMessage: null,
      client: [Socket],
      _consuming: false,
      _dumped: false,
      parser: null,
      [Symbol(kCapture)]: false,
      [Symbol(kHeaders)]: [Object],
      [Symbol(kHeadersCount)]: 42,
      [Symbol(kTrailers)]: null,
      [Symbol(kTrailersCount)]: 0
    },
    _isServer: true,
    isConnected: true,
    remoteAddress: '152.157.185.136',
    remotePort: 44558,
    lastAliveTime: 1676303752180,
    playerTracker: [Circular *2],
    packetHandler: PacketHandler {
      gameServer: [GameServer],
      socket: [Circular *3],
      protocol: 6,
      handshakeProtocol: 6,
      handshakeKey: 1,
      lastJoinTick: 73572,
      lastChatTick: 73694,
      lastStatTick: 73686,
      lastQTick: 0,
      lastSpaceTick: 0,
      pressQ: false,
      pressW: false,
      pressSpace: false,
      mouseData: <Buffer 10 38 ec ff ff 1c 1c 00 00 00 00 00 00>,
      handler: [Object]
    },
    playerCommand: PlayerCommand {
      gameServer: [GameServer],
      playerTracker: [Circular *2]
    },
    [Symbol(kCapture)]: false
  },
  pID: 16,
  userAuth: null,
  isRemoved: false,
  isCloseRequested: false,
  _name: 'Joe mama',
  _skin: '',
  _nameUtf8: <Buffer 4a 6f 65 20 6d 61 6d 61 00>,
  _skinUtf8protocol11: null,
  _nameUnicode: <Buffer 4a 00 6f 00 65 00 20 00 6d 00 61 00 6d 00 61 00 00 00>,
  _skinUtf8: null,
  color: { r: 15, g: 7, b: 255 },
  viewNodes: [
    Cell {
      gameServer: [GameServer],
      owner: null,
      color: [Object],
      radius: 374.69235637729594,
      _size: 19.356971777044464,
      _mass: 3.746923563772959,
      cellType: 1,
      isSpiked: false,
      isAgitated: false,
      killedBy: null,
      isMoving: false,
      boostDistance: 0,
      boostDirection: [Vec2],
      tickOfBirth: 660,
      nodeId: 2043,
      position: [Vec2],
      quadItem: [Object]
    },
    Cell {
      gameServer: [GameServer],
      owner: null,
      color: [Object],
      radius: 384.35956211872775,
      _size: 19.60509020940041,
      _mass: 3.8435956211872777,
      cellType: 1,
      isSpiked: false,
      isAgitated: false,
      killedBy: null,
      isMoving: false,
      boostDistance: 0,
      boostDirection: [Vec2],
      tickOfBirth: 15420,
      nodeId: 3414,
      position: [Vec2],
      quadItem: [Object]
    },
    Cell {
      gameServer: [GameServer],
      owner: null,
      color: [Object],
      radius: 311.57843191057657,
      _size: 17.651584402273258,
      _mass: 3.1157843191057655,
      cellType: 1,
      isSpiked: false,
      isAgitated: false,
      killedBy: null,
      isMoving: false,
      boostDistance: 0,
      boostDirection: [Vec2],
      tickOfBirth: 16120,
      nodeId: 3574,
      position: [Vec2],
      quadItem: [Object]
    },
    Cell {
      gameServer: [GameServer],
      owner: null,
      color: [Object],
      radius: 373.713494519318,
      _size: 19.331670763783404,
      _mass: 3.73713494519318,
      cellType: 1,
      isSpiked: false,
      isAgitated: false,
      killedBy: null,
      isMoving: false,
      boostDistance: 0,
      boostDirection: [Vec2],
      tickOfBirth: 18120,
      nodeId: 4001,
      position: [Vec2],
      quadItem: [Object]
    },
    Cell {
      gameServer: [GameServer],
      owner: null,
      color: [Object],
      radius: 372.9337876023803,
      _size: 19.311493665752018,
      _mass: 3.729337876023803,
      cellType: 1,
      isSpiked: false,
      isAgitated: false,
      killedBy: null,
      isMoving: false,
      boostDistance: 0,
      boostDirection: [Vec2],
      tickOfBirth: 25670,
      nodeId: 5308,
      position: [Vec2],
      quadItem: [Object]
    },
    Cell {
      gameServer: [GameServer],
      owner: null,
      color: [Object],
      radius: 283.0633511175096,
      _size: 16.824486652421513,
      _mass: 2.830633511175096,
      cellType: 1,
      isSpiked: false,
      isAgitated: false,
      killedBy: null,
      isMoving: false,
      boostDistance: 0,
      boostDirection: [Vec2],
      tickOfBirth: 26190,
      nodeId: 5421,
      position: [Vec2],
      quadItem: [Object]
    },
    Cell {
      gameServer: [GameServer],
      owner: null,
      color: [Object],
      radius: 385.60177589884796,
      _size: 19.6367455526329,
      _mass: 3.8560177589884796,
      cellType: 1,
      isSpiked: false,
      isAgitated: false,
      killedBy: null,
      isMoving: false,
      boostDistance: 0,
      boostDirection: [Vec2],
      tickOfBirth: 27660,
      nodeId: 5805,
      position: [Vec2],
      quadItem: [Object]
    },
    Cell {
      gameServer: [GameServer],
      owner: null,
      color: [Object],
      radius: 302.6075032766899,
      _size: 17.39561735830867,
      _mass: 3.026075032766899,
      cellType: 1,
      isSpiked: false,
      isAgitated: false,
      killedBy: null,
      isMoving: false,
      boostDistance: 0,
      boostDirection: [Vec2],
      tickOfBirth: 29040,
      nodeId: 6272,
      position: [Vec2],
      quadItem: [Object]
    },
    Cell {
      gameServer: [GameServer],
      owner: null,
      color: [Object],
      radius: 381.3198389716829,
      _size: 19.527412500679215,
      _mass: 3.813198389716829,
      cellType: 1,
      isSpiked: false,
      isAgitated: false,
      killedBy: null,
      isMoving: false,
      boostDistance: 0,
      boostDirection: [Vec2],
      tickOfBirth: 36680,
      nodeId: 7348,
      position: [Vec2],
      quadItem: [Object]
    },
    Cell {
      gameServer: [GameServer],
      owner: null,
      color: [Object],
      radius: 315.12387567128127,
      _size: 17.751728807957868,
      _mass: 3.1512387567128126,
      cellType: 1,
      isSpiked: false,
      isAgitated: false,
      killedBy: null,
      isMoving: false,
      boostDistance: 0,
      boostDirection: [Vec2],
      tickOfBirth: 46240,
      nodeId: 7928,
      position: [Vec2],
      quadItem: [Object]
    },
    Cell {
      gameServer: [GameServer],
      owner: null,
      color: [Object],
      radius: 385.48575163652896,
      _size: 19.63379106633584,
      _mass: 3.8548575163652896,
      cellType: 1,
      isSpiked: false,
      isAgitated: false,
      killedBy: null,
      isMoving: false,
      boostDistance: 0,
      boostDirection: [Vec2],
      tickOfBirth: 52350,
      nodeId: 8097,
      position: [Vec2],
      quadItem: [Object]
    },
    Cell {
      gameServer: [GameServer],
      owner: null,
      color: [Object],
      radius: 300.9559301530601,
      _size: 17.34808145453151,
      _mass: 3.009559301530601,
      cellType: 1,
      isSpiked: false,
      isAgitated: false,
      killedBy: null,
      isMoving: false,
      boostDistance: 0,
      boostDirection: [Vec2],
      tickOfBirth: 62660,
      nodeId: 8502,
      position: [Vec2],
      quadItem: [Object]
    },
    Cell {
      gameServer: [GameServer],
      owner: [Circular *2],
      color: [Object],
      radius: 2780.4571799665414,
      _size: 52.73004058377484,
      _mass: 27.804571799665414,
      cellType: 0,
      isSpiked: false,
      isAgitated: false,
      killedBy: null,
      isMoving: false,
      boostDistance: 0,
      boostDirection: [Vec2],
      tickOfBirth: 73572,
      nodeId: 9043,
      position: [Vec2],
      _canRemerge: false,
      quadItem: [Object],
      div: 3
    }
  ],
  clientNodes: [
    Cell {
      gameServer: [GameServer],
      owner: null,
      color: [Object],
      radius: 374.69235637729594,
      _size: 19.356971777044464,
      _mass: 3.746923563772959,
      cellType: 1,
      isSpiked: false,
      isAgitated: false,
      killedBy: null,
      isMoving: false,
      boostDistance: 0,
      boostDirection: [Vec2],
      tickOfBirth: 660,
      nodeId: 2043,
      position: [Vec2],
      quadItem: [Object]
    },
    Cell {
      gameServer: [GameServer],
      owner: null,
      color: [Object],
      radius: 384.35956211872775,
      _size: 19.60509020940041,
      _mass: 3.8435956211872777,
      cellType: 1,
      isSpiked: false,
      isAgitated: false,
      killedBy: null,
      isMoving: false,
      boostDistance: 0,
      boostDirection: [Vec2],
      tickOfBirth: 15420,
      nodeId: 3414,
      position: [Vec2],
      quadItem: [Object]
    },
    Cell {
      gameServer: [GameServer],
      owner: null,
      color: [Object],
      radius: 311.57843191057657,
      _size: 17.651584402273258,
      _mass: 3.1157843191057655,
      cellType: 1,
      isSpiked: false,
      isAgitated: false,
      killedBy: null,
      isMoving: false,
      boostDistance: 0,
      boostDirection: [Vec2],
      tickOfBirth: 16120,
      nodeId: 3574,
      position: [Vec2],
      quadItem: [Object]
    },
    Cell {
      gameServer: [GameServer],
      owner: null,
      color: [Object],
      radius: 373.713494519318,
      _size: 19.331670763783404,
      _mass: 3.73713494519318,
      cellType: 1,
      isSpiked: false,
      isAgitated: false,
      killedBy: null,
      isMoving: false,
      boostDistance: 0,
      boostDirection: [Vec2],
      tickOfBirth: 18120,
      nodeId: 4001,
      position: [Vec2],
      quadItem: [Object]
    },
    Cell {
      gameServer: [GameServer],
      owner: null,
      color: [Object],
      radius: 372.9337876023803,
      _size: 19.311493665752018,
      _mass: 3.729337876023803,
      cellType: 1,
      isSpiked: false,
      isAgitated: false,
      killedBy: null,
      isMoving: false,
      boostDistance: 0,
      boostDirection: [Vec2],
      tickOfBirth: 25670,
      nodeId: 5308,
      position: [Vec2],
      quadItem: [Object]
    },
    Cell {
      gameServer: [GameServer],
      owner: null,
      color: [Object],
      radius: 283.0633511175096,
      _size: 16.824486652421513,
      _mass: 2.830633511175096,
      cellType: 1,
      isSpiked: false,
      isAgitated: false,
      killedBy: null,
      isMoving: false,
      boostDistance: 0,
      boostDirection: [Vec2],
      tickOfBirth: 26190,
      nodeId: 5421,
      position: [Vec2],
      quadItem: [Object]
    },
    Cell {
      gameServer: [GameServer],
      owner: null,
      color: [Object],
      radius: 385.60177589884796,
      _size: 19.6367455526329,
      _mass: 3.8560177589884796,
      cellType: 1,
      isSpiked: false,
      isAgitated: false,
      killedBy: null,
      isMoving: false,
      boostDistance: 0,
      boostDirection: [Vec2],
      tickOfBirth: 27660,
      nodeId: 5805,
      position: [Vec2],
      quadItem: [Object]
    },
    Cell {
      gameServer: [GameServer],
      owner: null,
      color: [Object],
      radius: 302.6075032766899,
      _size: 17.39561735830867,
      _mass: 3.026075032766899,
      cellType: 1,
      isSpiked: false,
      isAgitated: false,
      killedBy: null,
      isMoving: false,
      boostDistance: 0,
      boostDirection: [Vec2],
      tickOfBirth: 29040,
      nodeId: 6272,
      position: [Vec2],
      quadItem: [Object]
    },
    Cell {
      gameServer: [GameServer],
      owner: null,
      color: [Object],
      radius: 381.3198389716829,
      _size: 19.527412500679215,
      _mass: 3.813198389716829,
      cellType: 1,
      isSpiked: false,
      isAgitated: false,
      killedBy: null,
      isMoving: false,
      boostDistance: 0,
      boostDirection: [Vec2],
      tickOfBirth: 36680,
      nodeId: 7348,
      position: [Vec2],
      quadItem: [Object]
    },
    Cell {
      gameServer: [GameServer],
      owner: null,
      color: [Object],
      radius: 315.12387567128127,
      _size: 17.751728807957868,
      _mass: 3.1512387567128126,
      cellType: 1,
      isSpiked: false,
      isAgitated: false,
      killedBy: null,
      isMoving: false,
      boostDistance: 0,
      boostDirection: [Vec2],
      tickOfBirth: 46240,
      nodeId: 7928,
      position: [Vec2],
      quadItem: [Object]
    },
    Cell {
      gameServer: [GameServer],
      owner: null,
      color: [Object],
      radius: 385.48575163652896,
      _size: 19.63379106633584,
      _mass: 3.8548575163652896,
      cellType: 1,
      isSpiked: false,
      isAgitated: false,
      killedBy: null,
      isMoving: false,
      boostDistance: 0,
      boostDirection: [Vec2],
      tickOfBirth: 52350,
      nodeId: 8097,
      position: [Vec2],
      quadItem: [Object]
    },
    Cell {
      gameServer: [GameServer],
      owner: null,
      color: [Object],
      radius: 300.9559301530601,
      _size: 17.34808145453151,
      _mass: 3.009559301530601,
      cellType: 1,
      isSpiked: false,
      isAgitated: false,
      killedBy: null,
      isMoving: false,
      boostDistance: 0,
      boostDirection: [Vec2],
      tickOfBirth: 62660,
      nodeId: 8502,
      position: [Vec2],
      quadItem: [Object]
    },
    Cell {
      gameServer: [GameServer],
      owner: [Circular *2],
      color: [Object],
      radius: 2780.4571799665414,
      _size: 52.73004058377484,
      _mass: 27.804571799665414,
      cellType: 0,
      isSpiked: false,
      isAgitated: false,
      killedBy: null,
      isMoving: false,
      boostDistance: 0,
      boostDirection: [Vec2],
      tickOfBirth: 73572,
      nodeId: 9043,
      position: [Vec2],
      _canRemerge: false,
      quadItem: [Object],
      div: 3
    }
  ],
  cells: [
    Cell {
      gameServer: [GameServer],
      owner: [Circular *2],
      color: [Object],
      radius: 2780.4571799665414,
      _size: 52.73004058377484,
      _mass: 27.804571799665414,
      cellType: 0,
      isSpiked: false,
      isAgitated: false,
      killedBy: null,
      isMoving: false,
      boostDistance: 0,
      boostDirection: [Vec2],
      tickOfBirth: 73572,
      nodeId: 9043,
      position: [Vec2],
      _canRemerge: false,
      quadItem: [Object],
      div: 3
    }
  ],
  mergeOverride: false,
  _score: 27.804571799665414,
  _scale: 1,
  borderCounter: 0,
  connectedTime: 2023-02-13T15:55:46.845Z,
  tickLeaderboard: 2,
  team: 0,
  spectate: false,
  freeRoam: false,
  spectateTarget: null,
  lastKeypressTick: 0,
  centerPos: Vec2 { x: -4624.599328705927, y: 7012.927014787941 },
  mouse: Vec2 { x: -5051, y: 7191 },
  viewBox: {
    minx: -5634.599328705927,
    miny: 6422.927014787941,
    maxx: -3614.5993287059273,
    maxy: 7602.927014787941
  },
  scrambleX: 0,
  scrambleY: 0,
  scrambleId: 0,
  isMinion: false,
  isMuted: false,
  spawnmass: 0,
  frozen: false,
  customspeed: 0,
  rec: false,
  miQ: 0,
  isMi: false,
  minionSplit: false,
  minionEject: false,
  minionFrozen: false,
  minionControl: false,
  collectPellets: false,
  userRole: 0
}
[NONE ][15:55:52] test
[NONE ][15:55:52] test
[NONE ][15:57:04] DISCONNECTED 152.157.185.136:56772, code: null, reason: "null", name: ""
[NONE ][15:57:04] DISCONNECTED 152.157.185.136:44558, code: null, reason: "null", name: "Joe mama"
[NONE ][15:57:07] CONNECTED 152.157.185.136:35224, origin: "https://biobit-forked.lxtte.repl.co"
[NONE ][15:57:07] Welcome to BioBit v1.0! 
[NONE ][15:57:07] Hello There! 
[NONE ][15:57:07] CONNECTED 152.157.185.136:39406, origin: "https://34f255ab-3d17-48d9-9f19-a2c64b272861.id.repl.co"
[NONE ][15:57:07] Welcome to BioBit v1.0! 
[NONE ][15:57:07] Hello There! 
[NONE ][15:58:10] DISCONNECTED 152.157.185.136:35224, code: 1006, reason: "null", name: ""
[NONE ][15:58:10] DISCONNECTED 152.157.185.136:39406, code: 1006, reason: "null", name: ""
[NONE ][16:23:51] CONNECTED 152.157.185.136:43496, origin: "https://34f255ab-3d17-48d9-9f19-a2c64b272861.id.repl.co"
[NONE ][16:23:51] Welcome to BioBit v1.0! 
[NONE ][16:23:51] Hello There! 
