=== Started 2023-02-13T16-52-37-676 ===
[ERROR][16:52:37] Unknown gameserver.ini value: serverWelcome3
[INFO ][16:52:37] 2 bad words loaded
[INFO ][16:52:37] 4 user records loaded.
[INFO ][16:52:37] 0 IP ban records loaded.
[INFO ][16:52:37] [1m[32mMultiOgar-Edited 1.6.1[37m - An open source multi-protocol ogar server[0m
[INFO ][16:52:37] WebSocket: ws
[INFO ][16:52:37] Started stats server on port 1234
[INFO ][16:52:37] Listening on port 3000
[INFO ][16:52:37] Current game mode is Free For All
[INFO ][16:52:37] Added 4 player bots
[NONE ][16:52:37]   __  __       _ _   _  ___                        _____    _ _ _           _    _   __    _ 
 |  \/  |_   _| | |_(_)/ _ \  __ _  __ _ _ __     | ____|__| (_) |_ ___  __| |  / | / /_  / |
 | |\/| | | | | | __| | | | |/ _` |/ _` | '__|____|  _| / _` | | __/ _ \/ _` |  | || '_ \ | |
 | |  | | |_| | | |_| | |_| | (_| | (_| | | |_____| |__| (_| | | ||  __/ (_| |  | || (_) || |
 |_|  |_|\__,_|_|\__|_|\___/ \__, |\__,_|_|       |_____\__,_|_|\__\___|\__,_|  |_(_)___(_)_|
                             |___/                                                           
[NONE ][16:52:47] CONNECTED 152.157.185.136:52624, origin: "https://34f255ab-3d17-48d9-9f19-a2c64b272861.id.repl.co"
[NONE ][16:52:47] Welcome to BioBit v1.0! 
[NONE ][16:52:47] SERVER
[NONE ][16:52:47] Hello There! 
[NONE ][16:52:47] SERVER
