=== Started 2023-04-21T07-28-29-744 ===
[ERROR][07:28:29] Unknown gameserver.ini value: serverWelcome3
[INFO ][07:28:29] 2 bad words loaded
[INFO ][07:28:29] 4 user records loaded.
[INFO ][07:28:29] 0 IP ban records loaded.
[INFO ][07:28:29] [1m[32mMultiOgar-Edited 1.6.1[37m - An open source multi-protocol ogar server[0m
[INFO ][07:28:29] WebSocket: ws
[INFO ][07:28:29] Started stats server on port 1234
[INFO ][07:28:29] Listening on port 3000
[INFO ][07:28:29] Current game mode is vFree For All
[INFO ][07:28:29] Added 4 player bots
[NONE ][07:28:29]   __  __       _ _   _  ___                        _____    _ _ _           _    _   __    _ 
 |  \/  |_   _| | |_(_)/ _ \  __ _  __ _ _ __     | ____|__| (_) |_ ___  __| |  / | / /_  / |
 | |\/| | | | | | __| | | | |/ _` |/ _` | '__|____|  _| / _` | | __/ _ \/ _` |  | || '_ \ | |
 | |  | | |_| | | |_| | |_| | (_| | (_| | | |_____| |__| (_| | | ||  __/ (_| |  | || (_) || |
 |_|  |_|\__,_|_|\__|_|\___/ \__, |\__,_|_|       |_____\__,_|_|\__\___|\__,_|  |_(_)___(_)_|
                             |___/                                                           
[NONE ][07:30:15] CONNECTED 62.253.24.134:43760, origin: "https://34f255ab-3d17-48d9-9f19-a2c64b272861.id.repl.co"
[NONE ][07:30:55] DISCONNECTED 62.253.24.134:43760, code: 1001, reason: "", name: "Player"
[ERROR][07:31:16] [Tracker][ogar.mivabe.nl]: Error: getaddrinfo ENOTFOUND ogar.mivabe.nl
[NONE ][07:48:40] CONNECTED 195.90.108.157:49560, origin: "https://34f255ab-3d17-48d9-9f19-a2c64b272861.id.repl.co"
