=== Started 2023-03-13T11-05-17-400 ===
[ERROR][11:05:17] Unknown gameserver.ini value: serverWelcome3
[INFO ][11:05:17] 2 bad words loaded
[INFO ][11:05:17] 4 user records loaded.
[INFO ][11:05:17] 0 IP ban records loaded.
[INFO ][11:05:17] [1m[32mMultiOgar-Edited 1.6.1[37m - An open source multi-protocol ogar server[0m
[INFO ][11:05:17] WebSocket: ws
[INFO ][11:05:17] Started stats server on port 1234
[INFO ][11:05:17] Listening on port 3000
[INFO ][11:05:17] Current game mode is vFree For All
[INFO ][11:05:17] Added 4 player bots
[NONE ][11:05:17]   __  __       _ _   _  ___                        _____    _ _ _           _    _   __    _ 
 |  \/  |_   _| | |_(_)/ _ \  __ _  __ _ _ __     | ____|__| (_) |_ ___  __| |  / | / /_  / |
 | |\/| | | | | | __| | | | |/ _` |/ _` | '__|____|  _| / _` | | __/ _ \/ _` |  | || '_ \ | |
 | |  | | |_| | | |_| | |_| | (_| | (_| | | |_____| |__| (_| | | ||  __/ (_| |  | || (_) || |
 |_|  |_|\__,_|_|\__|_|\___/ \__, |\__,_|_|       |_____\__,_|_|\__\___|\__,_|  |_(_)___(_)_|
                             |___/                                                           
[ERROR][11:06:07] [Tracker][ogar.mivabe.nl]: Error: getaddrinfo EAI_AGAIN ogar.mivabe.nl
[ERROR][11:06:37] [Tracker][ogar.mivabe.nl]: Error: getaddrinfo EAI_AGAIN ogar.mivabe.nl
[ERROR][11:07:07] [Tracker][ogar.mivabe.nl]: Error: getaddrinfo EAI_AGAIN ogar.mivabe.nl
[ERROR][11:07:37] [Tracker][ogar.mivabe.nl]: Error: getaddrinfo EAI_AGAIN ogar.mivabe.nl
[ERROR][11:08:07] [Tracker][ogar.mivabe.nl]: Error: getaddrinfo EAI_AGAIN ogar.mivabe.nl
[ERROR][11:08:37] [Tracker][ogar.mivabe.nl]: Error: getaddrinfo EAI_AGAIN ogar.mivabe.nl
[ERROR][11:09:07] [Tracker][ogar.mivabe.nl]: Error: getaddrinfo EAI_AGAIN ogar.mivabe.nl
[ERROR][11:09:37] [Tracker][ogar.mivabe.nl]: Error: getaddrinfo EAI_AGAIN ogar.mivabe.nl
[ERROR][11:10:07] [Tracker][ogar.mivabe.nl]: Error: getaddrinfo EAI_AGAIN ogar.mivabe.nl
[ERROR][11:10:37] [Tracker][ogar.mivabe.nl]: Error: getaddrinfo EAI_AGAIN ogar.mivabe.nl
[ERROR][11:11:07] [Tracker][ogar.mivabe.nl]: Error: getaddrinfo EAI_AGAIN ogar.mivabe.nl
[ERROR][11:11:37] [Tracker][ogar.mivabe.nl]: Error: getaddrinfo EAI_AGAIN ogar.mivabe.nl
[ERROR][11:12:07] [Tracker][ogar.mivabe.nl]: Error: getaddrinfo EAI_AGAIN ogar.mivabe.nl
[ERROR][11:12:37] [Tracker][ogar.mivabe.nl]: Error: getaddrinfo EAI_AGAIN ogar.mivabe.nl
[ERROR][11:13:07] [Tracker][ogar.mivabe.nl]: Error: getaddrinfo EAI_AGAIN ogar.mivabe.nl
[ERROR][11:13:37] [Tracker][ogar.mivabe.nl]: Error: getaddrinfo EAI_AGAIN ogar.mivabe.nl
[ERROR][11:14:07] [Tracker][ogar.mivabe.nl]: Error: getaddrinfo EAI_AGAIN ogar.mivabe.nl
[ERROR][11:14:37] [Tracker][ogar.mivabe.nl]: Error: getaddrinfo EAI_AGAIN ogar.mivabe.nl
[NONE ][11:14:46] CONNECTED 174.29.181.90:35172, origin: "https://biobit-forked.lxtte.repl.co"
[ERROR][11:15:37] [Tracker][ogar.mivabe.nl]: Error: getaddrinfo EAI_AGAIN ogar.mivabe.nl
[NONE ][11:16:05] DISCONNECTED 174.29.181.90:35172, code: 1006, reason: "null", name: ""
[ERROR][11:16:07] [Tracker][ogar.mivabe.nl]: Error: getaddrinfo EAI_AGAIN ogar.mivabe.nl
[ERROR][11:16:37] [Tracker][ogar.mivabe.nl]: Error: getaddrinfo EAI_AGAIN ogar.mivabe.nl
[ERROR][11:17:07] [Tracker][ogar.mivabe.nl]: Error: getaddrinfo EAI_AGAIN ogar.mivabe.nl
[ERROR][11:17:37] [Tracker][ogar.mivabe.nl]: Error: getaddrinfo EAI_AGAIN ogar.mivabe.nl
[ERROR][11:18:07] [Tracker][ogar.mivabe.nl]: Error: getaddrinfo EAI_AGAIN ogar.mivabe.nl
[ERROR][11:18:37] [Tracker][ogar.mivabe.nl]: Error: getaddrinfo EAI_AGAIN ogar.mivabe.nl
[ERROR][11:19:07] [Tracker][ogar.mivabe.nl]: Error: getaddrinfo EAI_AGAIN ogar.mivabe.nl
[ERROR][11:19:37] [Tracker][ogar.mivabe.nl]: Error: getaddrinfo EAI_AGAIN ogar.mivabe.nl
[ERROR][11:20:07] [Tracker][ogar.mivabe.nl]: Error: getaddrinfo EAI_AGAIN ogar.mivabe.nl
[ERROR][11:20:37] [Tracker][ogar.mivabe.nl]: Error: getaddrinfo EAI_AGAIN ogar.mivabe.nl
[ERROR][11:21:07] [Tracker][ogar.mivabe.nl]: Error: getaddrinfo EAI_AGAIN ogar.mivabe.nl
[ERROR][11:21:37] [Tracker][ogar.mivabe.nl]: Error: getaddrinfo EAI_AGAIN ogar.mivabe.nl
[ERROR][11:22:07] [Tracker][ogar.mivabe.nl]: Error: getaddrinfo EAI_AGAIN ogar.mivabe.nl
[ERROR][11:22:37] [Tracker][ogar.mivabe.nl]: Error: getaddrinfo EAI_AGAIN ogar.mivabe.nl
[ERROR][11:23:07] [Tracker][ogar.mivabe.nl]: Error: getaddrinfo EAI_AGAIN ogar.mivabe.nl
[ERROR][11:23:37] [Tracker][ogar.mivabe.nl]: Error: getaddrinfo EAI_AGAIN ogar.mivabe.nl
[ERROR][11:24:07] [Tracker][ogar.mivabe.nl]: Error: getaddrinfo EAI_AGAIN ogar.mivabe.nl
[ERROR][11:24:37] [Tracker][ogar.mivabe.nl]: Error: getaddrinfo EAI_AGAIN ogar.mivabe.nl
[NONE ][11:24:45] CONNECTED 174.29.181.90:54588, origin: "https://biobit-forked.lxtte.repl.co"
[NONE ][11:25:37] DISCONNECTED 174.29.181.90:54588, code: 1006, reason: "null", name: ""
[ERROR][11:25:37] [Tracker][ogar.mivabe.nl]: Error: getaddrinfo EAI_AGAIN ogar.mivabe.nl
[ERROR][11:26:07] [Tracker][ogar.mivabe.nl]: Error: getaddrinfo EAI_AGAIN ogar.mivabe.nl
[ERROR][11:26:37] [Tracker][ogar.mivabe.nl]: Error: getaddrinfo EAI_AGAIN ogar.mivabe.nl
[ERROR][11:27:07] [Tracker][ogar.mivabe.nl]: Error: getaddrinfo EAI_AGAIN ogar.mivabe.nl
[ERROR][11:27:37] [Tracker][ogar.mivabe.nl]: Error: getaddrinfo EAI_AGAIN ogar.mivabe.nl
[ERROR][11:28:07] [Tracker][ogar.mivabe.nl]: Error: getaddrinfo EAI_AGAIN ogar.mivabe.nl
[ERROR][11:28:37] [Tracker][ogar.mivabe.nl]: Error: getaddrinfo EAI_AGAIN ogar.mivabe.nl
[ERROR][11:29:07] [Tracker][ogar.mivabe.nl]: Error: getaddrinfo EAI_AGAIN ogar.mivabe.nl
[ERROR][11:29:37] [Tracker][ogar.mivabe.nl]: Error: getaddrinfo EAI_AGAIN ogar.mivabe.nl
[ERROR][11:30:07] [Tracker][ogar.mivabe.nl]: Error: getaddrinfo EAI_AGAIN ogar.mivabe.nl
[ERROR][11:30:37] [Tracker][ogar.mivabe.nl]: Error: getaddrinfo EAI_AGAIN ogar.mivabe.nl
[ERROR][11:31:07] [Tracker][ogar.mivabe.nl]: Error: getaddrinfo EAI_AGAIN ogar.mivabe.nl
[ERROR][11:31:37] [Tracker][ogar.mivabe.nl]: Error: getaddrinfo EAI_AGAIN ogar.mivabe.nl
[ERROR][11:32:07] [Tracker][ogar.mivabe.nl]: Error: getaddrinfo EAI_AGAIN ogar.mivabe.nl
[ERROR][11:32:37] [Tracker][ogar.mivabe.nl]: Error: getaddrinfo EAI_AGAIN ogar.mivabe.nl
[ERROR][11:33:08] [Tracker][ogar.mivabe.nl]: Error: getaddrinfo EAI_AGAIN ogar.mivabe.nl
[ERROR][11:33:38] [Tracker][ogar.mivabe.nl]: Error: getaddrinfo EAI_AGAIN ogar.mivabe.nl
[ERROR][11:34:07] [Tracker][ogar.mivabe.nl]: Error: getaddrinfo EAI_AGAIN ogar.mivabe.nl
[ERROR][11:34:37] [Tracker][ogar.mivabe.nl]: Error: getaddrinfo EAI_AGAIN ogar.mivabe.nl
[ERROR][11:35:07] [Tracker][ogar.mivabe.nl]: Error: getaddrinfo EAI_AGAIN ogar.mivabe.nl
[ERROR][11:35:37] [Tracker][ogar.mivabe.nl]: Error: getaddrinfo EAI_AGAIN ogar.mivabe.nl
[ERROR][11:36:07] [Tracker][ogar.mivabe.nl]: Error: getaddrinfo EAI_AGAIN ogar.mivabe.nl
[ERROR][11:36:37] [Tracker][ogar.mivabe.nl]: Error: getaddrinfo EAI_AGAIN ogar.mivabe.nl
[ERROR][11:37:07] [Tracker][ogar.mivabe.nl]: Error: getaddrinfo EAI_AGAIN ogar.mivabe.nl
[ERROR][11:37:37] [Tracker][ogar.mivabe.nl]: Error: getaddrinfo EAI_AGAIN ogar.mivabe.nl
[ERROR][11:38:07] [Tracker][ogar.mivabe.nl]: Error: getaddrinfo EAI_AGAIN ogar.mivabe.nl
[ERROR][11:38:37] [Tracker][ogar.mivabe.nl]: Error: getaddrinfo EAI_AGAIN ogar.mivabe.nl
[ERROR][11:39:07] [Tracker][ogar.mivabe.nl]: Error: getaddrinfo EAI_AGAIN ogar.mivabe.nl
[ERROR][11:39:37] [Tracker][ogar.mivabe.nl]: Error: getaddrinfo EAI_AGAIN ogar.mivabe.nl
[ERROR][11:40:07] [Tracker][ogar.mivabe.nl]: Error: getaddrinfo EAI_AGAIN ogar.mivabe.nl
[ERROR][11:40:37] [Tracker][ogar.mivabe.nl]: Error: getaddrinfo EAI_AGAIN ogar.mivabe.nl
[ERROR][11:41:08] [Tracker][ogar.mivabe.nl]: Error: getaddrinfo EAI_AGAIN ogar.mivabe.nl
[ERROR][11:41:37] [Tracker][ogar.mivabe.nl]: Error: getaddrinfo EAI_AGAIN ogar.mivabe.nl
[ERROR][11:42:07] [Tracker][ogar.mivabe.nl]: Error: getaddrinfo EAI_AGAIN ogar.mivabe.nl
[ERROR][11:42:37] [Tracker][ogar.mivabe.nl]: Error: getaddrinfo EAI_AGAIN ogar.mivabe.nl
[ERROR][11:43:07] [Tracker][ogar.mivabe.nl]: Error: getaddrinfo EAI_AGAIN ogar.mivabe.nl
[ERROR][11:43:38] [Tracker][ogar.mivabe.nl]: Error: getaddrinfo EAI_AGAIN ogar.mivabe.nl
[ERROR][11:44:07] [Tracker][ogar.mivabe.nl]: Error: getaddrinfo EAI_AGAIN ogar.mivabe.nl
[ERROR][11:44:37] [Tracker][ogar.mivabe.nl]: Error: getaddrinfo EAI_AGAIN ogar.mivabe.nl
[ERROR][11:45:07] [Tracker][ogar.mivabe.nl]: Error: getaddrinfo EAI_AGAIN ogar.mivabe.nl
[ERROR][11:45:38] [Tracker][ogar.mivabe.nl]: Error: getaddrinfo EAI_AGAIN ogar.mivabe.nl
[ERROR][11:46:08] [Tracker][ogar.mivabe.nl]: Error: getaddrinfo EAI_AGAIN ogar.mivabe.nl
[ERROR][11:46:37] [Tracker][ogar.mivabe.nl]: Error: getaddrinfo EAI_AGAIN ogar.mivabe.nl
[ERROR][11:47:07] [Tracker][ogar.mivabe.nl]: Error: getaddrinfo EAI_AGAIN ogar.mivabe.nl
[ERROR][11:47:37] [Tracker][ogar.mivabe.nl]: Error: getaddrinfo EAI_AGAIN ogar.mivabe.nl
[ERROR][11:48:07] [Tracker][ogar.mivabe.nl]: Error: getaddrinfo EAI_AGAIN ogar.mivabe.nl
[ERROR][11:48:37] [Tracker][ogar.mivabe.nl]: Error: getaddrinfo EAI_AGAIN ogar.mivabe.nl
[ERROR][11:49:07] [Tracker][ogar.mivabe.nl]: Error: getaddrinfo EAI_AGAIN ogar.mivabe.nl
[ERROR][11:49:37] [Tracker][ogar.mivabe.nl]: Error: getaddrinfo EAI_AGAIN ogar.mivabe.nl
[ERROR][11:50:08] [Tracker][ogar.mivabe.nl]: Error: getaddrinfo EAI_AGAIN ogar.mivabe.nl
[ERROR][11:50:37] [Tracker][ogar.mivabe.nl]: Error: getaddrinfo EAI_AGAIN ogar.mivabe.nl
[ERROR][11:51:07] [Tracker][ogar.mivabe.nl]: Error: getaddrinfo EAI_AGAIN ogar.mivabe.nl
[ERROR][11:51:37] [Tracker][ogar.mivabe.nl]: Error: getaddrinfo EAI_AGAIN ogar.mivabe.nl
[ERROR][11:52:07] [Tracker][ogar.mivabe.nl]: Error: getaddrinfo EAI_AGAIN ogar.mivabe.nl
[ERROR][11:52:37] [Tracker][ogar.mivabe.nl]: Error: getaddrinfo EAI_AGAIN ogar.mivabe.nl
[ERROR][11:53:07] [Tracker][ogar.mivabe.nl]: Error: getaddrinfo EAI_AGAIN ogar.mivabe.nl
[ERROR][11:53:37] [Tracker][ogar.mivabe.nl]: Error: getaddrinfo EAI_AGAIN ogar.mivabe.nl
[ERROR][11:54:07] [Tracker][ogar.mivabe.nl]: Error: getaddrinfo EAI_AGAIN ogar.mivabe.nl
[ERROR][11:54:37] [Tracker][ogar.mivabe.nl]: Error: getaddrinfo EAI_AGAIN ogar.mivabe.nl
[ERROR][11:55:07] [Tracker][ogar.mivabe.nl]: Error: getaddrinfo EAI_AGAIN ogar.mivabe.nl
[ERROR][11:55:37] [Tracker][ogar.mivabe.nl]: Error: getaddrinfo EAI_AGAIN ogar.mivabe.nl
[ERROR][11:56:07] [Tracker][ogar.mivabe.nl]: Error: getaddrinfo EAI_AGAIN ogar.mivabe.nl
[ERROR][11:56:37] [Tracker][ogar.mivabe.nl]: Error: getaddrinfo EAI_AGAIN ogar.mivabe.nl
[ERROR][11:57:07] [Tracker][ogar.mivabe.nl]: Error: getaddrinfo EAI_AGAIN ogar.mivabe.nl
[ERROR][11:57:37] [Tracker][ogar.mivabe.nl]: Error: getaddrinfo EAI_AGAIN ogar.mivabe.nl
[ERROR][11:58:07] [Tracker][ogar.mivabe.nl]: Error: getaddrinfo EAI_AGAIN ogar.mivabe.nl
[ERROR][11:58:37] [Tracker][ogar.mivabe.nl]: Error: getaddrinfo EAI_AGAIN ogar.mivabe.nl
[ERROR][11:59:07] [Tracker][ogar.mivabe.nl]: Error: getaddrinfo EAI_AGAIN ogar.mivabe.nl
[ERROR][11:59:37] [Tracker][ogar.mivabe.nl]: Error: getaddrinfo EAI_AGAIN ogar.mivabe.nl
[ERROR][12:00:07] [Tracker][ogar.mivabe.nl]: Error: getaddrinfo EAI_AGAIN ogar.mivabe.nl
[ERROR][12:00:37] [Tracker][ogar.mivabe.nl]: Error: getaddrinfo EAI_AGAIN ogar.mivabe.nl
[ERROR][12:01:07] [Tracker][ogar.mivabe.nl]: Error: getaddrinfo EAI_AGAIN ogar.mivabe.nl
[ERROR][12:01:37] [Tracker][ogar.mivabe.nl]: Error: getaddrinfo EAI_AGAIN ogar.mivabe.nl
[ERROR][12:02:07] [Tracker][ogar.mivabe.nl]: Error: getaddrinfo EAI_AGAIN ogar.mivabe.nl
[ERROR][12:02:37] [Tracker][ogar.mivabe.nl]: Error: getaddrinfo EAI_AGAIN ogar.mivabe.nl
[ERROR][12:03:07] [Tracker][ogar.mivabe.nl]: Error: getaddrinfo EAI_AGAIN ogar.mivabe.nl
[ERROR][12:03:37] [Tracker][ogar.mivabe.nl]: Error: getaddrinfo EAI_AGAIN ogar.mivabe.nl
[ERROR][12:04:07] [Tracker][ogar.mivabe.nl]: Error: getaddrinfo EAI_AGAIN ogar.mivabe.nl
[ERROR][12:04:37] [Tracker][ogar.mivabe.nl]: Error: getaddrinfo EAI_AGAIN ogar.mivabe.nl
[ERROR][12:05:07] [Tracker][ogar.mivabe.nl]: Error: getaddrinfo EAI_AGAIN ogar.mivabe.nl
[ERROR][12:05:37] [Tracker][ogar.mivabe.nl]: Error: getaddrinfo EAI_AGAIN ogar.mivabe.nl
[ERROR][12:06:07] [Tracker][ogar.mivabe.nl]: Error: getaddrinfo EAI_AGAIN ogar.mivabe.nl
[ERROR][12:06:37] [Tracker][ogar.mivabe.nl]: Error: getaddrinfo EAI_AGAIN ogar.mivabe.nl
[ERROR][12:07:07] [Tracker][ogar.mivabe.nl]: Error: getaddrinfo EAI_AGAIN ogar.mivabe.nl
[ERROR][12:07:37] [Tracker][ogar.mivabe.nl]: Error: getaddrinfo EAI_AGAIN ogar.mivabe.nl
[ERROR][12:08:07] [Tracker][ogar.mivabe.nl]: Error: getaddrinfo EAI_AGAIN ogar.mivabe.nl
[ERROR][12:08:37] [Tracker][ogar.mivabe.nl]: Error: getaddrinfo EAI_AGAIN ogar.mivabe.nl
[ERROR][12:09:07] [Tracker][ogar.mivabe.nl]: Error: getaddrinfo EAI_AGAIN ogar.mivabe.nl
[ERROR][12:09:37] [Tracker][ogar.mivabe.nl]: Error: getaddrinfo EAI_AGAIN ogar.mivabe.nl
[ERROR][12:10:07] [Tracker][ogar.mivabe.nl]: Error: getaddrinfo EAI_AGAIN ogar.mivabe.nl
[ERROR][12:10:37] [Tracker][ogar.mivabe.nl]: Error: getaddrinfo EAI_AGAIN ogar.mivabe.nl
[ERROR][12:11:08] [Tracker][ogar.mivabe.nl]: Error: getaddrinfo EAI_AGAIN ogar.mivabe.nl
[ERROR][12:11:37] [Tracker][ogar.mivabe.nl]: Error: getaddrinfo EAI_AGAIN ogar.mivabe.nl
[ERROR][12:12:07] [Tracker][ogar.mivabe.nl]: Error: getaddrinfo EAI_AGAIN ogar.mivabe.nl
[ERROR][12:12:37] [Tracker][ogar.mivabe.nl]: Error: getaddrinfo EAI_AGAIN ogar.mivabe.nl
[ERROR][12:13:07] [Tracker][ogar.mivabe.nl]: Error: getaddrinfo EAI_AGAIN ogar.mivabe.nl
[ERROR][12:13:37] [Tracker][ogar.mivabe.nl]: Error: getaddrinfo EAI_AGAIN ogar.mivabe.nl
[ERROR][12:14:07] [Tracker][ogar.mivabe.nl]: Error: getaddrinfo EAI_AGAIN ogar.mivabe.nl
[ERROR][12:14:37] [Tracker][ogar.mivabe.nl]: Error: getaddrinfo EAI_AGAIN ogar.mivabe.nl
[NONE ][12:22:51] CONNECTED 174.29.181.90:43726, origin: "https://biobit-forked.lxtte.repl.co"
[ERROR][12:23:37] [Tracker][ogar.mivabe.nl]: Error: getaddrinfo EAI_AGAIN ogar.mivabe.nl
[NONE ][12:24:03] DISCONNECTED 174.29.181.90:43726, code: 1006, reason: "null", name: ""
[ERROR][12:24:07] [Tracker][ogar.mivabe.nl]: Error: getaddrinfo EAI_AGAIN ogar.mivabe.nl
[ERROR][12:24:37] [Tracker][ogar.mivabe.nl]: Error: getaddrinfo EAI_AGAIN ogar.mivabe.nl
[ERROR][12:25:07] [Tracker][ogar.mivabe.nl]: Error: getaddrinfo EAI_AGAIN ogar.mivabe.nl
[ERROR][12:25:37] [Tracker][ogar.mivabe.nl]: Error: getaddrinfo EAI_AGAIN ogar.mivabe.nl
[ERROR][12:26:07] [Tracker][ogar.mivabe.nl]: Error: getaddrinfo EAI_AGAIN ogar.mivabe.nl
[ERROR][12:26:37] [Tracker][ogar.mivabe.nl]: Error: getaddrinfo EAI_AGAIN ogar.mivabe.nl
[ERROR][12:27:07] [Tracker][ogar.mivabe.nl]: Error: getaddrinfo EAI_AGAIN ogar.mivabe.nl
[ERROR][12:27:37] [Tracker][ogar.mivabe.nl]: Error: getaddrinfo EAI_AGAIN ogar.mivabe.nl
[ERROR][12:28:07] [Tracker][ogar.mivabe.nl]: Error: getaddrinfo EAI_AGAIN ogar.mivabe.nl
[ERROR][12:28:37] [Tracker][ogar.mivabe.nl]: Error: getaddrinfo EAI_AGAIN ogar.mivabe.nl
[ERROR][12:29:07] [Tracker][ogar.mivabe.nl]: Error: getaddrinfo EAI_AGAIN ogar.mivabe.nl
[ERROR][12:29:37] [Tracker][ogar.mivabe.nl]: Error: getaddrinfo EAI_AGAIN ogar.mivabe.nl
[ERROR][12:30:07] [Tracker][ogar.mivabe.nl]: Error: getaddrinfo EAI_AGAIN ogar.mivabe.nl
[ERROR][12:30:37] [Tracker][ogar.mivabe.nl]: Error: getaddrinfo EAI_AGAIN ogar.mivabe.nl
[ERROR][12:31:08] [Tracker][ogar.mivabe.nl]: Error: getaddrinfo EAI_AGAIN ogar.mivabe.nl
[ERROR][12:31:37] [Tracker][ogar.mivabe.nl]: Error: getaddrinfo EAI_AGAIN ogar.mivabe.nl
[ERROR][12:32:07] [Tracker][ogar.mivabe.nl]: Error: getaddrinfo EAI_AGAIN ogar.mivabe.nl
[ERROR][12:32:37] [Tracker][ogar.mivabe.nl]: Error: getaddrinfo EAI_AGAIN ogar.mivabe.nl
[ERROR][12:33:07] [Tracker][ogar.mivabe.nl]: Error: getaddrinfo EAI_AGAIN ogar.mivabe.nl
[ERROR][12:33:37] [Tracker][ogar.mivabe.nl]: Error: getaddrinfo EAI_AGAIN ogar.mivabe.nl
[ERROR][12:34:07] [Tracker][ogar.mivabe.nl]: Error: getaddrinfo EAI_AGAIN ogar.mivabe.nl
[ERROR][12:34:37] [Tracker][ogar.mivabe.nl]: Error: getaddrinfo EAI_AGAIN ogar.mivabe.nl
[ERROR][12:35:07] [Tracker][ogar.mivabe.nl]: Error: getaddrinfo EAI_AGAIN ogar.mivabe.nl
[ERROR][12:35:37] [Tracker][ogar.mivabe.nl]: Error: getaddrinfo EAI_AGAIN ogar.mivabe.nl
[ERROR][12:36:07] [Tracker][ogar.mivabe.nl]: Error: getaddrinfo EAI_AGAIN ogar.mivabe.nl
[ERROR][12:36:37] [Tracker][ogar.mivabe.nl]: Error: getaddrinfo EAI_AGAIN ogar.mivabe.nl
[ERROR][12:37:07] [Tracker][ogar.mivabe.nl]: Error: getaddrinfo EAI_AGAIN ogar.mivabe.nl
[ERROR][12:37:37] [Tracker][ogar.mivabe.nl]: Error: getaddrinfo EAI_AGAIN ogar.mivabe.nl
[ERROR][12:38:08] [Tracker][ogar.mivabe.nl]: Error: getaddrinfo EAI_AGAIN ogar.mivabe.nl
[ERROR][12:38:37] [Tracker][ogar.mivabe.nl]: Error: getaddrinfo EAI_AGAIN ogar.mivabe.nl
[ERROR][12:39:08] [Tracker][ogar.mivabe.nl]: Error: getaddrinfo EAI_AGAIN ogar.mivabe.nl
[ERROR][12:39:37] [Tracker][ogar.mivabe.nl]: Error: getaddrinfo EAI_AGAIN ogar.mivabe.nl
[ERROR][12:40:07] [Tracker][ogar.mivabe.nl]: Error: getaddrinfo EAI_AGAIN ogar.mivabe.nl
[ERROR][12:40:37] [Tracker][ogar.mivabe.nl]: Error: getaddrinfo EAI_AGAIN ogar.mivabe.nl
[ERROR][12:41:07] [Tracker][ogar.mivabe.nl]: Error: getaddrinfo EAI_AGAIN ogar.mivabe.nl
[ERROR][12:41:37] [Tracker][ogar.mivabe.nl]: Error: getaddrinfo EAI_AGAIN ogar.mivabe.nl
[ERROR][12:42:07] [Tracker][ogar.mivabe.nl]: Error: getaddrinfo EAI_AGAIN ogar.mivabe.nl
[ERROR][12:42:38] [Tracker][ogar.mivabe.nl]: Error: getaddrinfo EAI_AGAIN ogar.mivabe.nl
[ERROR][12:43:07] [Tracker][ogar.mivabe.nl]: Error: getaddrinfo EAI_AGAIN ogar.mivabe.nl
[ERROR][12:43:37] [Tracker][ogar.mivabe.nl]: Error: getaddrinfo EAI_AGAIN ogar.mivabe.nl
[ERROR][12:44:07] [Tracker][ogar.mivabe.nl]: Error: getaddrinfo EAI_AGAIN ogar.mivabe.nl
[ERROR][12:44:37] [Tracker][ogar.mivabe.nl]: Error: getaddrinfo EAI_AGAIN ogar.mivabe.nl
[NONE ][12:44:59] CONNECTED 174.29.181.90:59884, origin: "https://biobit-forked.lxtte.repl.co"
[ERROR][12:45:37] [Tracker][ogar.mivabe.nl]: Error: getaddrinfo EAI_AGAIN ogar.mivabe.nl
[NONE ][12:46:04] DISCONNECTED 174.29.181.90:59884, code: 1006, reason: "null", name: ""
[ERROR][12:46:07] [Tracker][ogar.mivabe.nl]: Error: getaddrinfo EAI_AGAIN ogar.mivabe.nl
[ERROR][12:46:37] [Tracker][ogar.mivabe.nl]: Error: getaddrinfo EAI_AGAIN ogar.mivabe.nl
[ERROR][12:47:07] [Tracker][ogar.mivabe.nl]: Error: getaddrinfo EAI_AGAIN ogar.mivabe.nl
[ERROR][12:47:37] [Tracker][ogar.mivabe.nl]: Error: getaddrinfo EAI_AGAIN ogar.mivabe.nl
[ERROR][12:48:07] [Tracker][ogar.mivabe.nl]: Error: getaddrinfo EAI_AGAIN ogar.mivabe.nl
[ERROR][12:48:37] [Tracker][ogar.mivabe.nl]: Error: getaddrinfo EAI_AGAIN ogar.mivabe.nl
[ERROR][12:49:07] [Tracker][ogar.mivabe.nl]: Error: getaddrinfo EAI_AGAIN ogar.mivabe.nl
[ERROR][12:49:37] [Tracker][ogar.mivabe.nl]: Error: getaddrinfo EAI_AGAIN ogar.mivabe.nl
[ERROR][12:50:07] [Tracker][ogar.mivabe.nl]: Error: getaddrinfo EAI_AGAIN ogar.mivabe.nl
[ERROR][12:50:37] [Tracker][ogar.mivabe.nl]: Error: getaddrinfo EAI_AGAIN ogar.mivabe.nl
[ERROR][12:51:07] [Tracker][ogar.mivabe.nl]: Error: getaddrinfo EAI_AGAIN ogar.mivabe.nl
[ERROR][12:51:37] [Tracker][ogar.mivabe.nl]: Error: getaddrinfo EAI_AGAIN ogar.mivabe.nl
[ERROR][12:52:07] [Tracker][ogar.mivabe.nl]: Error: getaddrinfo EAI_AGAIN ogar.mivabe.nl
[ERROR][12:52:37] [Tracker][ogar.mivabe.nl]: Error: getaddrinfo EAI_AGAIN ogar.mivabe.nl
[ERROR][12:53:07] [Tracker][ogar.mivabe.nl]: Error: getaddrinfo EAI_AGAIN ogar.mivabe.nl
[ERROR][12:53:37] [Tracker][ogar.mivabe.nl]: Error: getaddrinfo EAI_AGAIN ogar.mivabe.nl
[ERROR][12:54:08] [Tracker][ogar.mivabe.nl]: Error: getaddrinfo EAI_AGAIN ogar.mivabe.nl
[ERROR][12:54:37] [Tracker][ogar.mivabe.nl]: Error: getaddrinfo EAI_AGAIN ogar.mivabe.nl
[ERROR][12:55:07] [Tracker][ogar.mivabe.nl]: Error: getaddrinfo EAI_AGAIN ogar.mivabe.nl
[ERROR][12:55:37] [Tracker][ogar.mivabe.nl]: Error: getaddrinfo EAI_AGAIN ogar.mivabe.nl
[ERROR][12:56:08] [Tracker][ogar.mivabe.nl]: Error: getaddrinfo EAI_AGAIN ogar.mivabe.nl
[ERROR][12:56:37] [Tracker][ogar.mivabe.nl]: Error: getaddrinfo EAI_AGAIN ogar.mivabe.nl
[ERROR][12:57:07] [Tracker][ogar.mivabe.nl]: Error: getaddrinfo EAI_AGAIN ogar.mivabe.nl
[ERROR][12:57:37] [Tracker][ogar.mivabe.nl]: Error: getaddrinfo EAI_AGAIN ogar.mivabe.nl
[ERROR][12:58:07] [Tracker][ogar.mivabe.nl]: Error: getaddrinfo EAI_AGAIN ogar.mivabe.nl
[ERROR][12:58:37] [Tracker][ogar.mivabe.nl]: Error: getaddrinfo EAI_AGAIN ogar.mivabe.nl
[ERROR][12:59:07] [Tracker][ogar.mivabe.nl]: Error: getaddrinfo EAI_AGAIN ogar.mivabe.nl
[ERROR][12:59:37] [Tracker][ogar.mivabe.nl]: Error: getaddrinfo EAI_AGAIN ogar.mivabe.nl
[ERROR][13:00:07] [Tracker][ogar.mivabe.nl]: Error: getaddrinfo EAI_AGAIN ogar.mivabe.nl
[ERROR][13:00:38] [Tracker][ogar.mivabe.nl]: Error: getaddrinfo EAI_AGAIN ogar.mivabe.nl
[ERROR][13:01:08] [Tracker][ogar.mivabe.nl]: Error: getaddrinfo EAI_AGAIN ogar.mivabe.nl
[ERROR][13:01:38] [Tracker][ogar.mivabe.nl]: Error: getaddrinfo EAI_AGAIN ogar.mivabe.nl
[ERROR][13:02:08] [Tracker][ogar.mivabe.nl]: Error: getaddrinfo EAI_AGAIN ogar.mivabe.nl
[ERROR][13:02:38] [Tracker][ogar.mivabe.nl]: Error: getaddrinfo EAI_AGAIN ogar.mivabe.nl
[ERROR][13:03:08] [Tracker][ogar.mivabe.nl]: Error: getaddrinfo EAI_AGAIN ogar.mivabe.nl
[ERROR][13:03:38] [Tracker][ogar.mivabe.nl]: Error: getaddrinfo EAI_AGAIN ogar.mivabe.nl
[ERROR][13:04:08] [Tracker][ogar.mivabe.nl]: Error: getaddrinfo EAI_AGAIN ogar.mivabe.nl
[ERROR][13:04:38] [Tracker][ogar.mivabe.nl]: Error: getaddrinfo EAI_AGAIN ogar.mivabe.nl
[ERROR][13:05:08] [Tracker][ogar.mivabe.nl]: Error: getaddrinfo EAI_AGAIN ogar.mivabe.nl
[ERROR][13:05:38] [Tracker][ogar.mivabe.nl]: Error: getaddrinfo EAI_AGAIN ogar.mivabe.nl
[ERROR][13:06:08] [Tracker][ogar.mivabe.nl]: Error: getaddrinfo EAI_AGAIN ogar.mivabe.nl
[ERROR][13:06:38] [Tracker][ogar.mivabe.nl]: Error: getaddrinfo EAI_AGAIN ogar.mivabe.nl
[ERROR][13:07:08] [Tracker][ogar.mivabe.nl]: Error: getaddrinfo EAI_AGAIN ogar.mivabe.nl
[ERROR][13:07:38] [Tracker][ogar.mivabe.nl]: Error: getaddrinfo EAI_AGAIN ogar.mivabe.nl
[ERROR][13:08:08] [Tracker][ogar.mivabe.nl]: Error: getaddrinfo EAI_AGAIN ogar.mivabe.nl
[ERROR][13:08:38] [Tracker][ogar.mivabe.nl]: Error: getaddrinfo EAI_AGAIN ogar.mivabe.nl
[ERROR][13:09:08] [Tracker][ogar.mivabe.nl]: Error: getaddrinfo EAI_AGAIN ogar.mivabe.nl
[ERROR][13:09:38] [Tracker][ogar.mivabe.nl]: Error: getaddrinfo EAI_AGAIN ogar.mivabe.nl
[ERROR][13:10:08] [Tracker][ogar.mivabe.nl]: Error: getaddrinfo EAI_AGAIN ogar.mivabe.nl
[ERROR][13:10:38] [Tracker][ogar.mivabe.nl]: Error: getaddrinfo EAI_AGAIN ogar.mivabe.nl
[ERROR][13:11:08] [Tracker][ogar.mivabe.nl]: Error: getaddrinfo EAI_AGAIN ogar.mivabe.nl
[ERROR][13:11:38] [Tracker][ogar.mivabe.nl]: Error: getaddrinfo EAI_AGAIN ogar.mivabe.nl
[ERROR][13:12:08] [Tracker][ogar.mivabe.nl]: Error: getaddrinfo EAI_AGAIN ogar.mivabe.nl
[ERROR][13:12:38] [Tracker][ogar.mivabe.nl]: Error: getaddrinfo EAI_AGAIN ogar.mivabe.nl
[ERROR][13:13:08] [Tracker][ogar.mivabe.nl]: Error: getaddrinfo EAI_AGAIN ogar.mivabe.nl
[ERROR][13:13:38] [Tracker][ogar.mivabe.nl]: Error: getaddrinfo EAI_AGAIN ogar.mivabe.nl
[ERROR][13:14:08] [Tracker][ogar.mivabe.nl]: Error: getaddrinfo EAI_AGAIN ogar.mivabe.nl
[ERROR][13:14:38] [Tracker][ogar.mivabe.nl]: Error: getaddrinfo EAI_AGAIN ogar.mivabe.nl
[ERROR][13:15:08] [Tracker][ogar.mivabe.nl]: Error: getaddrinfo EAI_AGAIN ogar.mivabe.nl
[ERROR][13:15:38] [Tracker][ogar.mivabe.nl]: Error: getaddrinfo EAI_AGAIN ogar.mivabe.nl
[ERROR][13:16:08] [Tracker][ogar.mivabe.nl]: Error: getaddrinfo EAI_AGAIN ogar.mivabe.nl
[ERROR][13:16:38] [Tracker][ogar.mivabe.nl]: Error: getaddrinfo EAI_AGAIN ogar.mivabe.nl
[ERROR][13:17:08] [Tracker][ogar.mivabe.nl]: Error: getaddrinfo EAI_AGAIN ogar.mivabe.nl
[ERROR][13:17:38] [Tracker][ogar.mivabe.nl]: Error: getaddrinfo EAI_AGAIN ogar.mivabe.nl
[ERROR][13:18:08] [Tracker][ogar.mivabe.nl]: Error: getaddrinfo EAI_AGAIN ogar.mivabe.nl
[ERROR][13:18:38] [Tracker][ogar.mivabe.nl]: Error: getaddrinfo EAI_AGAIN ogar.mivabe.nl
[ERROR][13:19:08] [Tracker][ogar.mivabe.nl]: Error: getaddrinfo EAI_AGAIN ogar.mivabe.nl
[ERROR][13:19:38] [Tracker][ogar.mivabe.nl]: Error: getaddrinfo EAI_AGAIN ogar.mivabe.nl
[ERROR][13:20:08] [Tracker][ogar.mivabe.nl]: Error: getaddrinfo EAI_AGAIN ogar.mivabe.nl
[ERROR][13:20:38] [Tracker][ogar.mivabe.nl]: Error: getaddrinfo EAI_AGAIN ogar.mivabe.nl
[ERROR][13:21:08] [Tracker][ogar.mivabe.nl]: Error: getaddrinfo EAI_AGAIN ogar.mivabe.nl
[ERROR][13:21:38] [Tracker][ogar.mivabe.nl]: Error: getaddrinfo EAI_AGAIN ogar.mivabe.nl
[ERROR][13:22:08] [Tracker][ogar.mivabe.nl]: Error: getaddrinfo EAI_AGAIN ogar.mivabe.nl
[ERROR][13:22:38] [Tracker][ogar.mivabe.nl]: Error: getaddrinfo EAI_AGAIN ogar.mivabe.nl
[ERROR][13:23:08] [Tracker][ogar.mivabe.nl]: Error: getaddrinfo EAI_AGAIN ogar.mivabe.nl
[ERROR][13:23:38] [Tracker][ogar.mivabe.nl]: Error: getaddrinfo EAI_AGAIN ogar.mivabe.nl
[ERROR][13:24:08] [Tracker][ogar.mivabe.nl]: Error: getaddrinfo EAI_AGAIN ogar.mivabe.nl
[ERROR][13:24:38] [Tracker][ogar.mivabe.nl]: Error: getaddrinfo EAI_AGAIN ogar.mivabe.nl
[ERROR][13:25:08] [Tracker][ogar.mivabe.nl]: Error: getaddrinfo EAI_AGAIN ogar.mivabe.nl
[ERROR][13:25:38] [Tracker][ogar.mivabe.nl]: Error: getaddrinfo EAI_AGAIN ogar.mivabe.nl
[ERROR][13:26:08] [Tracker][ogar.mivabe.nl]: Error: getaddrinfo EAI_AGAIN ogar.mivabe.nl
[ERROR][13:26:38] [Tracker][ogar.mivabe.nl]: Error: getaddrinfo EAI_AGAIN ogar.mivabe.nl
[ERROR][13:27:08] [Tracker][ogar.mivabe.nl]: Error: getaddrinfo EAI_AGAIN ogar.mivabe.nl
[ERROR][13:27:38] [Tracker][ogar.mivabe.nl]: Error: getaddrinfo EAI_AGAIN ogar.mivabe.nl
[ERROR][13:28:08] [Tracker][ogar.mivabe.nl]: Error: getaddrinfo EAI_AGAIN ogar.mivabe.nl
[ERROR][13:28:38] [Tracker][ogar.mivabe.nl]: Error: getaddrinfo EAI_AGAIN ogar.mivabe.nl
[ERROR][13:29:08] [Tracker][ogar.mivabe.nl]: Error: getaddrinfo EAI_AGAIN ogar.mivabe.nl
[ERROR][13:29:38] [Tracker][ogar.mivabe.nl]: Error: getaddrinfo EAI_AGAIN ogar.mivabe.nl
[ERROR][13:31:08] [Tracker][ogar.mivabe.nl]: Error: getaddrinfo EAI_AGAIN ogar.mivabe.nl
[ERROR][13:31:38] [Tracker][ogar.mivabe.nl]: Error: getaddrinfo EAI_AGAIN ogar.mivabe.nl
[ERROR][13:32:08] [Tracker][ogar.mivabe.nl]: Error: getaddrinfo EAI_AGAIN ogar.mivabe.nl
[ERROR][13:32:38] [Tracker][ogar.mivabe.nl]: Error: getaddrinfo EAI_AGAIN ogar.mivabe.nl
[ERROR][13:33:08] [Tracker][ogar.mivabe.nl]: Error: getaddrinfo EAI_AGAIN ogar.mivabe.nl
[ERROR][13:33:38] [Tracker][ogar.mivabe.nl]: Error: getaddrinfo EAI_AGAIN ogar.mivabe.nl
[ERROR][13:34:08] [Tracker][ogar.mivabe.nl]: Error: getaddrinfo EAI_AGAIN ogar.mivabe.nl
[ERROR][13:34:38] [Tracker][ogar.mivabe.nl]: Error: getaddrinfo EAI_AGAIN ogar.mivabe.nl
[ERROR][13:35:08] [Tracker][ogar.mivabe.nl]: Error: getaddrinfo EAI_AGAIN ogar.mivabe.nl
[ERROR][13:35:38] [Tracker][ogar.mivabe.nl]: Error: getaddrinfo EAI_AGAIN ogar.mivabe.nl
[ERROR][13:36:08] [Tracker][ogar.mivabe.nl]: Error: getaddrinfo EAI_AGAIN ogar.mivabe.nl
[ERROR][13:36:38] [Tracker][ogar.mivabe.nl]: Error: getaddrinfo EAI_AGAIN ogar.mivabe.nl
[ERROR][13:37:08] [Tracker][ogar.mivabe.nl]: Error: getaddrinfo EAI_AGAIN ogar.mivabe.nl
[ERROR][13:37:38] [Tracker][ogar.mivabe.nl]: Error: getaddrinfo EAI_AGAIN ogar.mivabe.nl
[ERROR][13:38:08] [Tracker][ogar.mivabe.nl]: Error: getaddrinfo EAI_AGAIN ogar.mivabe.nl
[ERROR][13:38:38] [Tracker][ogar.mivabe.nl]: Error: getaddrinfo EAI_AGAIN ogar.mivabe.nl
[ERROR][13:39:08] [Tracker][ogar.mivabe.nl]: Error: getaddrinfo EAI_AGAIN ogar.mivabe.nl
[ERROR][13:39:38] [Tracker][ogar.mivabe.nl]: Error: getaddrinfo EAI_AGAIN ogar.mivabe.nl
[ERROR][13:40:38] [Tracker][ogar.mivabe.nl]: Error: getaddrinfo EAI_AGAIN ogar.mivabe.nl
[ERROR][13:41:08] [Tracker][ogar.mivabe.nl]: Error: getaddrinfo EAI_AGAIN ogar.mivabe.nl
[ERROR][13:41:38] [Tracker][ogar.mivabe.nl]: Error: getaddrinfo EAI_AGAIN ogar.mivabe.nl
[ERROR][13:42:08] [Tracker][ogar.mivabe.nl]: Error: getaddrinfo EAI_AGAIN ogar.mivabe.nl
[ERROR][13:42:38] [Tracker][ogar.mivabe.nl]: Error: getaddrinfo EAI_AGAIN ogar.mivabe.nl
[ERROR][13:43:08] [Tracker][ogar.mivabe.nl]: Error: getaddrinfo EAI_AGAIN ogar.mivabe.nl
[ERROR][13:43:38] [Tracker][ogar.mivabe.nl]: Error: getaddrinfo EAI_AGAIN ogar.mivabe.nl
[ERROR][13:44:08] [Tracker][ogar.mivabe.nl]: Error: getaddrinfo EAI_AGAIN ogar.mivabe.nl
[ERROR][13:44:38] [Tracker][ogar.mivabe.nl]: Error: getaddrinfo EAI_AGAIN ogar.mivabe.nl
[ERROR][13:45:08] [Tracker][ogar.mivabe.nl]: Error: getaddrinfo EAI_AGAIN ogar.mivabe.nl
[ERROR][13:45:38] [Tracker][ogar.mivabe.nl]: Error: getaddrinfo EAI_AGAIN ogar.mivabe.nl
[ERROR][13:46:08] [Tracker][ogar.mivabe.nl]: Error: getaddrinfo EAI_AGAIN ogar.mivabe.nl
[ERROR][13:46:38] [Tracker][ogar.mivabe.nl]: Error: getaddrinfo EAI_AGAIN ogar.mivabe.nl
[ERROR][13:47:08] [Tracker][ogar.mivabe.nl]: Error: getaddrinfo EAI_AGAIN ogar.mivabe.nl
[ERROR][13:47:38] [Tracker][ogar.mivabe.nl]: Error: getaddrinfo EAI_AGAIN ogar.mivabe.nl
[ERROR][13:48:08] [Tracker][ogar.mivabe.nl]: Error: getaddrinfo EAI_AGAIN ogar.mivabe.nl
[ERROR][13:48:38] [Tracker][ogar.mivabe.nl]: Error: getaddrinfo EAI_AGAIN ogar.mivabe.nl
[ERROR][13:49:08] [Tracker][ogar.mivabe.nl]: Error: getaddrinfo EAI_AGAIN ogar.mivabe.nl
[ERROR][13:49:38] [Tracker][ogar.mivabe.nl]: Error: getaddrinfo EAI_AGAIN ogar.mivabe.nl
[ERROR][13:50:08] [Tracker][ogar.mivabe.nl]: Error: getaddrinfo EAI_AGAIN ogar.mivabe.nl
[ERROR][13:50:38] [Tracker][ogar.mivabe.nl]: Error: getaddrinfo EAI_AGAIN ogar.mivabe.nl
[ERROR][13:51:08] [Tracker][ogar.mivabe.nl]: Error: getaddrinfo EAI_AGAIN ogar.mivabe.nl
[ERROR][13:51:38] [Tracker][ogar.mivabe.nl]: Error: getaddrinfo EAI_AGAIN ogar.mivabe.nl
[ERROR][13:52:08] [Tracker][ogar.mivabe.nl]: Error: getaddrinfo EAI_AGAIN ogar.mivabe.nl
[ERROR][13:52:38] [Tracker][ogar.mivabe.nl]: Error: getaddrinfo EAI_AGAIN ogar.mivabe.nl
[ERROR][13:53:08] [Tracker][ogar.mivabe.nl]: Error: getaddrinfo EAI_AGAIN ogar.mivabe.nl
[ERROR][13:53:38] [Tracker][ogar.mivabe.nl]: Error: getaddrinfo EAI_AGAIN ogar.mivabe.nl
[ERROR][13:54:08] [Tracker][ogar.mivabe.nl]: Error: getaddrinfo EAI_AGAIN ogar.mivabe.nl
[ERROR][13:54:38] [Tracker][ogar.mivabe.nl]: Error: getaddrinfo EAI_AGAIN ogar.mivabe.nl
[ERROR][13:55:08] [Tracker][ogar.mivabe.nl]: Error: getaddrinfo EAI_AGAIN ogar.mivabe.nl
[ERROR][13:55:38] [Tracker][ogar.mivabe.nl]: Error: getaddrinfo EAI_AGAIN ogar.mivabe.nl
[ERROR][13:56:08] [Tracker][ogar.mivabe.nl]: Error: getaddrinfo EAI_AGAIN ogar.mivabe.nl
[ERROR][13:56:38] [Tracker][ogar.mivabe.nl]: Error: getaddrinfo EAI_AGAIN ogar.mivabe.nl
[ERROR][13:57:08] [Tracker][ogar.mivabe.nl]: Error: getaddrinfo EAI_AGAIN ogar.mivabe.nl
[ERROR][13:57:38] [Tracker][ogar.mivabe.nl]: Error: getaddrinfo EAI_AGAIN ogar.mivabe.nl
[ERROR][13:58:08] [Tracker][ogar.mivabe.nl]: Error: getaddrinfo EAI_AGAIN ogar.mivabe.nl
[ERROR][13:58:38] [Tracker][ogar.mivabe.nl]: Error: getaddrinfo EAI_AGAIN ogar.mivabe.nl
[ERROR][13:59:08] [Tracker][ogar.mivabe.nl]: Error: getaddrinfo EAI_AGAIN ogar.mivabe.nl
[ERROR][13:59:38] [Tracker][ogar.mivabe.nl]: Error: getaddrinfo EAI_AGAIN ogar.mivabe.nl
[ERROR][14:00:08] [Tracker][ogar.mivabe.nl]: Error: getaddrinfo EAI_AGAIN ogar.mivabe.nl
[ERROR][14:00:38] [Tracker][ogar.mivabe.nl]: Error: getaddrinfo EAI_AGAIN ogar.mivabe.nl
[ERROR][14:01:08] [Tracker][ogar.mivabe.nl]: Error: getaddrinfo EAI_AGAIN ogar.mivabe.nl
[ERROR][14:01:38] [Tracker][ogar.mivabe.nl]: Error: getaddrinfo EAI_AGAIN ogar.mivabe.nl
[ERROR][14:02:08] [Tracker][ogar.mivabe.nl]: Error: getaddrinfo EAI_AGAIN ogar.mivabe.nl
[ERROR][14:02:38] [Tracker][ogar.mivabe.nl]: Error: getaddrinfo EAI_AGAIN ogar.mivabe.nl
[ERROR][14:03:08] [Tracker][ogar.mivabe.nl]: Error: getaddrinfo EAI_AGAIN ogar.mivabe.nl
[ERROR][14:03:38] [Tracker][ogar.mivabe.nl]: Error: getaddrinfo EAI_AGAIN ogar.mivabe.nl
[ERROR][14:04:08] [Tracker][ogar.mivabe.nl]: Error: getaddrinfo EAI_AGAIN ogar.mivabe.nl
[ERROR][14:04:38] [Tracker][ogar.mivabe.nl]: Error: getaddrinfo EAI_AGAIN ogar.mivabe.nl
[NONE ][14:05:40] CONNECTED 165.29.56.189:47980, origin: "https://biobit-forked.lxtte.repl.co"
[ERROR][14:06:38] [Tracker][ogar.mivabe.nl]: Error: getaddrinfo EAI_AGAIN ogar.mivabe.nl
[NONE ][14:06:49] DISCONNECTED 165.29.56.189:47980, code: 1006, reason: "null", name: ""
[ERROR][14:07:08] [Tracker][ogar.mivabe.nl]: Error: getaddrinfo EAI_AGAIN ogar.mivabe.nl
[ERROR][14:07:38] [Tracker][ogar.mivabe.nl]: Error: getaddrinfo EAI_AGAIN ogar.mivabe.nl
[ERROR][14:08:08] [Tracker][ogar.mivabe.nl]: Error: getaddrinfo EAI_AGAIN ogar.mivabe.nl
[ERROR][14:08:38] [Tracker][ogar.mivabe.nl]: Error: getaddrinfo EAI_AGAIN ogar.mivabe.nl
[ERROR][14:09:08] [Tracker][ogar.mivabe.nl]: Error: getaddrinfo EAI_AGAIN ogar.mivabe.nl
[ERROR][14:09:38] [Tracker][ogar.mivabe.nl]: Error: getaddrinfo EAI_AGAIN ogar.mivabe.nl
[ERROR][14:10:08] [Tracker][ogar.mivabe.nl]: Error: getaddrinfo EAI_AGAIN ogar.mivabe.nl
[ERROR][14:10:38] [Tracker][ogar.mivabe.nl]: Error: getaddrinfo EAI_AGAIN ogar.mivabe.nl
[ERROR][14:11:08] [Tracker][ogar.mivabe.nl]: Error: getaddrinfo EAI_AGAIN ogar.mivabe.nl
[ERROR][14:11:38] [Tracker][ogar.mivabe.nl]: Error: getaddrinfo EAI_AGAIN ogar.mivabe.nl
[ERROR][14:12:08] [Tracker][ogar.mivabe.nl]: Error: getaddrinfo EAI_AGAIN ogar.mivabe.nl
[ERROR][14:12:38] [Tracker][ogar.mivabe.nl]: Error: getaddrinfo EAI_AGAIN ogar.mivabe.nl
[ERROR][14:13:08] [Tracker][ogar.mivabe.nl]: Error: getaddrinfo EAI_AGAIN ogar.mivabe.nl
[ERROR][14:13:38] [Tracker][ogar.mivabe.nl]: Error: getaddrinfo EAI_AGAIN ogar.mivabe.nl
[ERROR][14:14:08] [Tracker][ogar.mivabe.nl]: Error: getaddrinfo EAI_AGAIN ogar.mivabe.nl
[ERROR][14:14:38] [Tracker][ogar.mivabe.nl]: Error: getaddrinfo EAI_AGAIN ogar.mivabe.nl
[ERROR][14:15:08] [Tracker][ogar.mivabe.nl]: Error: getaddrinfo EAI_AGAIN ogar.mivabe.nl
[ERROR][14:15:38] [Tracker][ogar.mivabe.nl]: Error: getaddrinfo EAI_AGAIN ogar.mivabe.nl
[ERROR][14:16:08] [Tracker][ogar.mivabe.nl]: Error: getaddrinfo EAI_AGAIN ogar.mivabe.nl
[ERROR][14:16:38] [Tracker][ogar.mivabe.nl]: Error: getaddrinfo EAI_AGAIN ogar.mivabe.nl
[ERROR][14:17:08] [Tracker][ogar.mivabe.nl]: Error: getaddrinfo EAI_AGAIN ogar.mivabe.nl
[ERROR][14:17:38] [Tracker][ogar.mivabe.nl]: Error: getaddrinfo EAI_AGAIN ogar.mivabe.nl
[ERROR][14:18:08] [Tracker][ogar.mivabe.nl]: Error: getaddrinfo EAI_AGAIN ogar.mivabe.nl
[ERROR][14:18:38] [Tracker][ogar.mivabe.nl]: Error: getaddrinfo EAI_AGAIN ogar.mivabe.nl
[ERROR][14:19:08] [Tracker][ogar.mivabe.nl]: Error: getaddrinfo EAI_AGAIN ogar.mivabe.nl
[ERROR][14:19:38] [Tracker][ogar.mivabe.nl]: Error: getaddrinfo EAI_AGAIN ogar.mivabe.nl
[ERROR][14:20:08] [Tracker][ogar.mivabe.nl]: Error: getaddrinfo EAI_AGAIN ogar.mivabe.nl
[ERROR][14:20:38] [Tracker][ogar.mivabe.nl]: Error: getaddrinfo EAI_AGAIN ogar.mivabe.nl
[ERROR][14:21:08] [Tracker][ogar.mivabe.nl]: Error: getaddrinfo EAI_AGAIN ogar.mivabe.nl
[ERROR][14:21:38] [Tracker][ogar.mivabe.nl]: Error: getaddrinfo EAI_AGAIN ogar.mivabe.nl
[ERROR][14:22:08] [Tracker][ogar.mivabe.nl]: Error: getaddrinfo EAI_AGAIN ogar.mivabe.nl
[ERROR][14:22:38] [Tracker][ogar.mivabe.nl]: Error: getaddrinfo EAI_AGAIN ogar.mivabe.nl
[ERROR][14:23:08] [Tracker][ogar.mivabe.nl]: Error: getaddrinfo EAI_AGAIN ogar.mivabe.nl
[ERROR][14:23:38] [Tracker][ogar.mivabe.nl]: Error: getaddrinfo EAI_AGAIN ogar.mivabe.nl
[ERROR][14:24:08] [Tracker][ogar.mivabe.nl]: Error: getaddrinfo EAI_AGAIN ogar.mivabe.nl
[ERROR][14:24:38] [Tracker][ogar.mivabe.nl]: Error: getaddrinfo EAI_AGAIN ogar.mivabe.nl
[NONE ][14:27:52] CONNECTED 165.29.56.189:33704, origin: "https://biobit-forked.lxtte.repl.co"
[ERROR][14:28:38] [Tracker][ogar.mivabe.nl]: Error: getaddrinfo EAI_AGAIN ogar.mivabe.nl
[NONE ][14:28:59] DISCONNECTED 165.29.56.189:33704, code: 1006, reason: "null", name: ""
[ERROR][14:29:08] [Tracker][ogar.mivabe.nl]: Error: getaddrinfo EAI_AGAIN ogar.mivabe.nl
[ERROR][14:29:38] [Tracker][ogar.mivabe.nl]: Error: getaddrinfo EAI_AGAIN ogar.mivabe.nl
[ERROR][14:30:08] [Tracker][ogar.mivabe.nl]: Error: getaddrinfo EAI_AGAIN ogar.mivabe.nl
[ERROR][14:30:38] [Tracker][ogar.mivabe.nl]: Error: getaddrinfo EAI_AGAIN ogar.mivabe.nl
[ERROR][14:31:08] [Tracker][ogar.mivabe.nl]: Error: getaddrinfo EAI_AGAIN ogar.mivabe.nl
[ERROR][14:31:38] [Tracker][ogar.mivabe.nl]: Error: getaddrinfo EAI_AGAIN ogar.mivabe.nl
[ERROR][14:32:08] [Tracker][ogar.mivabe.nl]: Error: getaddrinfo EAI_AGAIN ogar.mivabe.nl
[ERROR][14:32:38] [Tracker][ogar.mivabe.nl]: Error: getaddrinfo EAI_AGAIN ogar.mivabe.nl
[ERROR][14:33:08] [Tracker][ogar.mivabe.nl]: Error: getaddrinfo EAI_AGAIN ogar.mivabe.nl
[ERROR][14:33:38] [Tracker][ogar.mivabe.nl]: Error: getaddrinfo EAI_AGAIN ogar.mivabe.nl
[ERROR][14:34:08] [Tracker][ogar.mivabe.nl]: Error: getaddrinfo EAI_AGAIN ogar.mivabe.nl
[ERROR][14:34:38] [Tracker][ogar.mivabe.nl]: Error: getaddrinfo EAI_AGAIN ogar.mivabe.nl
[ERROR][14:35:08] [Tracker][ogar.mivabe.nl]: Error: getaddrinfo EAI_AGAIN ogar.mivabe.nl
[ERROR][14:35:38] [Tracker][ogar.mivabe.nl]: Error: getaddrinfo EAI_AGAIN ogar.mivabe.nl
[ERROR][14:36:08] [Tracker][ogar.mivabe.nl]: Error: getaddrinfo EAI_AGAIN ogar.mivabe.nl
[ERROR][14:36:38] [Tracker][ogar.mivabe.nl]: Error: getaddrinfo EAI_AGAIN ogar.mivabe.nl
[ERROR][14:37:08] [Tracker][ogar.mivabe.nl]: Error: getaddrinfo EAI_AGAIN ogar.mivabe.nl
[ERROR][14:37:38] [Tracker][ogar.mivabe.nl]: Error: getaddrinfo EAI_AGAIN ogar.mivabe.nl
[ERROR][14:38:08] [Tracker][ogar.mivabe.nl]: Error: getaddrinfo EAI_AGAIN ogar.mivabe.nl
[ERROR][14:38:38] [Tracker][ogar.mivabe.nl]: Error: getaddrinfo EAI_AGAIN ogar.mivabe.nl
[ERROR][14:39:08] [Tracker][ogar.mivabe.nl]: Error: getaddrinfo EAI_AGAIN ogar.mivabe.nl
[ERROR][14:39:38] [Tracker][ogar.mivabe.nl]: Error: getaddrinfo EAI_AGAIN ogar.mivabe.nl
[NONE ][14:39:47] CONNECTED 165.29.56.189:34322, origin: "https://biobit-forked.lxtte.repl.co"
[ERROR][14:40:38] [Tracker][ogar.mivabe.nl]: Error: getaddrinfo EAI_AGAIN ogar.mivabe.nl
[NONE ][14:40:55] DISCONNECTED 165.29.56.189:34322, code: 1006, reason: "null", name: ""
[ERROR][14:41:08] [Tracker][ogar.mivabe.nl]: Error: getaddrinfo EAI_AGAIN ogar.mivabe.nl
[ERROR][14:41:38] [Tracker][ogar.mivabe.nl]: Error: getaddrinfo EAI_AGAIN ogar.mivabe.nl
[ERROR][14:42:08] [Tracker][ogar.mivabe.nl]: Error: getaddrinfo EAI_AGAIN ogar.mivabe.nl
[ERROR][14:42:38] [Tracker][ogar.mivabe.nl]: Error: getaddrinfo EAI_AGAIN ogar.mivabe.nl
[ERROR][14:43:08] [Tracker][ogar.mivabe.nl]: Error: getaddrinfo EAI_AGAIN ogar.mivabe.nl
[ERROR][14:43:38] [Tracker][ogar.mivabe.nl]: Error: getaddrinfo EAI_AGAIN ogar.mivabe.nl
[ERROR][14:44:08] [Tracker][ogar.mivabe.nl]: Error: getaddrinfo EAI_AGAIN ogar.mivabe.nl
[ERROR][14:44:38] [Tracker][ogar.mivabe.nl]: Error: getaddrinfo EAI_AGAIN ogar.mivabe.nl
[NONE ][14:44:43] CONNECTED 165.29.56.189:53614, origin: "https://biobit-forked.lxtte.repl.co"
[ERROR][14:45:38] [Tracker][ogar.mivabe.nl]: Error: getaddrinfo EAI_AGAIN ogar.mivabe.nl
[NONE ][14:45:52] DISCONNECTED 165.29.56.189:53614, code: 1006, reason: "null", name: ""
[ERROR][14:46:08] [Tracker][ogar.mivabe.nl]: Error: getaddrinfo EAI_AGAIN ogar.mivabe.nl
[ERROR][14:46:38] [Tracker][ogar.mivabe.nl]: Error: getaddrinfo EAI_AGAIN ogar.mivabe.nl
[ERROR][14:47:08] [Tracker][ogar.mivabe.nl]: Error: getaddrinfo EAI_AGAIN ogar.mivabe.nl
[ERROR][14:47:38] [Tracker][ogar.mivabe.nl]: Error: getaddrinfo EAI_AGAIN ogar.mivabe.nl
[ERROR][14:48:08] [Tracker][ogar.mivabe.nl]: Error: getaddrinfo EAI_AGAIN ogar.mivabe.nl
[ERROR][14:48:38] [Tracker][ogar.mivabe.nl]: Error: getaddrinfo EAI_AGAIN ogar.mivabe.nl
[ERROR][14:49:08] [Tracker][ogar.mivabe.nl]: Error: getaddrinfo EAI_AGAIN ogar.mivabe.nl
[ERROR][14:49:38] [Tracker][ogar.mivabe.nl]: Error: getaddrinfo EAI_AGAIN ogar.mivabe.nl
[ERROR][14:50:38] [Tracker][ogar.mivabe.nl]: Error: getaddrinfo EAI_AGAIN ogar.mivabe.nl
[ERROR][14:51:08] [Tracker][ogar.mivabe.nl]: Error: getaddrinfo EAI_AGAIN ogar.mivabe.nl
[ERROR][14:51:38] [Tracker][ogar.mivabe.nl]: Error: getaddrinfo EAI_AGAIN ogar.mivabe.nl
[ERROR][14:52:08] [Tracker][ogar.mivabe.nl]: Error: getaddrinfo EAI_AGAIN ogar.mivabe.nl
[ERROR][14:52:38] [Tracker][ogar.mivabe.nl]: Error: getaddrinfo EAI_AGAIN ogar.mivabe.nl
[ERROR][14:53:08] [Tracker][ogar.mivabe.nl]: Error: getaddrinfo EAI_AGAIN ogar.mivabe.nl
[ERROR][14:53:38] [Tracker][ogar.mivabe.nl]: Error: getaddrinfo EAI_AGAIN ogar.mivabe.nl
[ERROR][14:54:08] [Tracker][ogar.mivabe.nl]: Error: getaddrinfo EAI_AGAIN ogar.mivabe.nl
[ERROR][14:54:38] [Tracker][ogar.mivabe.nl]: Error: getaddrinfo EAI_AGAIN ogar.mivabe.nl
[NONE ][14:54:45] CONNECTED 66.204.50.58:33722, origin: "https://34f255ab-3d17-48d9-9f19-a2c64b272861.id.repl.co"
[ERROR][14:55:38] [Tracker][ogar.mivabe.nl]: Error: getaddrinfo EAI_AGAIN ogar.mivabe.nl
[NONE ][14:56:03] DISCONNECTED 66.204.50.58:33722, code: 1006, reason: "null", name: ""
[ERROR][14:56:08] [Tracker][ogar.mivabe.nl]: Error: getaddrinfo EAI_AGAIN ogar.mivabe.nl
[ERROR][14:56:38] [Tracker][ogar.mivabe.nl]: Error: getaddrinfo EAI_AGAIN ogar.mivabe.nl
[ERROR][14:57:08] [Tracker][ogar.mivabe.nl]: Error: getaddrinfo EAI_AGAIN ogar.mivabe.nl
[ERROR][14:57:38] [Tracker][ogar.mivabe.nl]: Error: getaddrinfo EAI_AGAIN ogar.mivabe.nl
[ERROR][14:58:08] [Tracker][ogar.mivabe.nl]: Error: getaddrinfo EAI_AGAIN ogar.mivabe.nl
[ERROR][14:58:38] [Tracker][ogar.mivabe.nl]: Error: getaddrinfo EAI_AGAIN ogar.mivabe.nl
[ERROR][14:59:08] [Tracker][ogar.mivabe.nl]: Error: getaddrinfo EAI_AGAIN ogar.mivabe.nl
[ERROR][14:59:38] [Tracker][ogar.mivabe.nl]: Error: getaddrinfo EAI_AGAIN ogar.mivabe.nl
[ERROR][15:00:08] [Tracker][ogar.mivabe.nl]: Error: getaddrinfo EAI_AGAIN ogar.mivabe.nl
[ERROR][15:00:38] [Tracker][ogar.mivabe.nl]: Error: getaddrinfo EAI_AGAIN ogar.mivabe.nl
[ERROR][15:01:08] [Tracker][ogar.mivabe.nl]: Error: getaddrinfo EAI_AGAIN ogar.mivabe.nl
[ERROR][15:01:38] [Tracker][ogar.mivabe.nl]: Error: getaddrinfo EAI_AGAIN ogar.mivabe.nl
[ERROR][15:02:08] [Tracker][ogar.mivabe.nl]: Error: getaddrinfo EAI_AGAIN ogar.mivabe.nl
[ERROR][15:02:38] [Tracker][ogar.mivabe.nl]: Error: getaddrinfo EAI_AGAIN ogar.mivabe.nl
[ERROR][15:03:08] [Tracker][ogar.mivabe.nl]: Error: getaddrinfo EAI_AGAIN ogar.mivabe.nl
[ERROR][15:03:38] [Tracker][ogar.mivabe.nl]: Error: getaddrinfo EAI_AGAIN ogar.mivabe.nl
[ERROR][15:04:08] [Tracker][ogar.mivabe.nl]: Error: getaddrinfo EAI_AGAIN ogar.mivabe.nl
[ERROR][15:04:38] [Tracker][ogar.mivabe.nl]: Error: getaddrinfo EAI_AGAIN ogar.mivabe.nl
[NONE ][15:08:15] CONNECTED 66.204.50.58:59582, origin: "https://34f255ab-3d17-48d9-9f19-a2c64b272861.id.repl.co"
[ERROR][15:09:08] [Tracker][ogar.mivabe.nl]: Error: getaddrinfo EAI_AGAIN ogar.mivabe.nl
[NONE ][15:09:32] DISCONNECTED 66.204.50.58:59582, code: 1006, reason: "null", name: ""
[ERROR][15:09:38] [Tracker][ogar.mivabe.nl]: Error: getaddrinfo EAI_AGAIN ogar.mivabe.nl
[NONE ][15:09:43] CONNECTED 66.204.50.58:39526, origin: "https://34f255ab-3d17-48d9-9f19-a2c64b272861.id.repl.co"
[ERROR][15:10:08] [Tracker][ogar.mivabe.nl]: Error: getaddrinfo EAI_AGAIN ogar.mivabe.nl
[ERROR][15:10:38] [Tracker][ogar.mivabe.nl]: Error: getaddrinfo EAI_AGAIN ogar.mivabe.nl
[NONE ][15:10:47] DISCONNECTED 66.204.50.58:39526, code: 1006, reason: "null", name: ""
[ERROR][15:11:08] [Tracker][ogar.mivabe.nl]: Error: getaddrinfo EAI_AGAIN ogar.mivabe.nl
[ERROR][15:11:38] [Tracker][ogar.mivabe.nl]: Error: getaddrinfo EAI_AGAIN ogar.mivabe.nl
[ERROR][15:12:08] [Tracker][ogar.mivabe.nl]: Error: getaddrinfo EAI_AGAIN ogar.mivabe.nl
[ERROR][15:12:38] [Tracker][ogar.mivabe.nl]: Error: getaddrinfo EAI_AGAIN ogar.mivabe.nl
[ERROR][15:13:08] [Tracker][ogar.mivabe.nl]: Error: getaddrinfo EAI_AGAIN ogar.mivabe.nl
[ERROR][15:13:38] [Tracker][ogar.mivabe.nl]: Error: getaddrinfo EAI_AGAIN ogar.mivabe.nl
[ERROR][15:14:08] [Tracker][ogar.mivabe.nl]: Error: getaddrinfo EAI_AGAIN ogar.mivabe.nl
[ERROR][15:14:38] [Tracker][ogar.mivabe.nl]: Error: getaddrinfo EAI_AGAIN ogar.mivabe.nl
[ERROR][15:15:08] [Tracker][ogar.mivabe.nl]: Error: getaddrinfo EAI_AGAIN ogar.mivabe.nl
[ERROR][15:15:38] [Tracker][ogar.mivabe.nl]: Error: getaddrinfo EAI_AGAIN ogar.mivabe.nl
[ERROR][15:16:08] [Tracker][ogar.mivabe.nl]: Error: getaddrinfo EAI_AGAIN ogar.mivabe.nl
[ERROR][15:16:38] [Tracker][ogar.mivabe.nl]: Error: getaddrinfo EAI_AGAIN ogar.mivabe.nl
[ERROR][15:17:08] [Tracker][ogar.mivabe.nl]: Error: getaddrinfo EAI_AGAIN ogar.mivabe.nl
[ERROR][15:17:38] [Tracker][ogar.mivabe.nl]: Error: getaddrinfo EAI_AGAIN ogar.mivabe.nl
[ERROR][15:18:08] [Tracker][ogar.mivabe.nl]: Error: getaddrinfo EAI_AGAIN ogar.mivabe.nl
[ERROR][15:18:38] [Tracker][ogar.mivabe.nl]: Error: getaddrinfo EAI_AGAIN ogar.mivabe.nl
[ERROR][15:19:08] [Tracker][ogar.mivabe.nl]: Error: getaddrinfo EAI_AGAIN ogar.mivabe.nl
[ERROR][15:19:38] [Tracker][ogar.mivabe.nl]: Error: getaddrinfo EAI_AGAIN ogar.mivabe.nl
[ERROR][15:20:08] [Tracker][ogar.mivabe.nl]: Error: getaddrinfo EAI_AGAIN ogar.mivabe.nl
[ERROR][15:20:38] [Tracker][ogar.mivabe.nl]: Error: getaddrinfo EAI_AGAIN ogar.mivabe.nl
[ERROR][15:21:08] [Tracker][ogar.mivabe.nl]: Error: getaddrinfo EAI_AGAIN ogar.mivabe.nl
[ERROR][15:21:38] [Tracker][ogar.mivabe.nl]: Error: getaddrinfo EAI_AGAIN ogar.mivabe.nl
[ERROR][15:22:08] [Tracker][ogar.mivabe.nl]: Error: getaddrinfo EAI_AGAIN ogar.mivabe.nl
[ERROR][15:22:38] [Tracker][ogar.mivabe.nl]: Error: getaddrinfo EAI_AGAIN ogar.mivabe.nl
[ERROR][15:23:08] [Tracker][ogar.mivabe.nl]: Error: getaddrinfo EAI_AGAIN ogar.mivabe.nl
[ERROR][15:23:38] [Tracker][ogar.mivabe.nl]: Error: getaddrinfo EAI_AGAIN ogar.mivabe.nl
[ERROR][15:24:08] [Tracker][ogar.mivabe.nl]: Error: getaddrinfo EAI_AGAIN ogar.mivabe.nl
[ERROR][15:24:38] [Tracker][ogar.mivabe.nl]: Error: getaddrinfo EAI_AGAIN ogar.mivabe.nl
[NONE ][15:25:04] CONNECTED 166.113.16.94:54416, origin: "https://biobit-forked.lxtte.repl.co"
[ERROR][15:25:38] [Tracker][ogar.mivabe.nl]: Error: getaddrinfo EAI_AGAIN ogar.mivabe.nl
[NONE ][15:26:08] DISCONNECTED 166.113.16.94:54416, code: 1006, reason: "null", name: ""
[ERROR][15:26:08] [Tracker][ogar.mivabe.nl]: Error: getaddrinfo EAI_AGAIN ogar.mivabe.nl
[ERROR][15:26:38] [Tracker][ogar.mivabe.nl]: Error: getaddrinfo EAI_AGAIN ogar.mivabe.nl
[ERROR][15:27:08] [Tracker][ogar.mivabe.nl]: Error: getaddrinfo EAI_AGAIN ogar.mivabe.nl
[ERROR][15:27:38] [Tracker][ogar.mivabe.nl]: Error: getaddrinfo EAI_AGAIN ogar.mivabe.nl
[ERROR][15:28:08] [Tracker][ogar.mivabe.nl]: Error: getaddrinfo EAI_AGAIN ogar.mivabe.nl
[ERROR][15:28:38] [Tracker][ogar.mivabe.nl]: Error: getaddrinfo EAI_AGAIN ogar.mivabe.nl
[ERROR][15:29:08] [Tracker][ogar.mivabe.nl]: Error: getaddrinfo EAI_AGAIN ogar.mivabe.nl
[ERROR][15:29:38] [Tracker][ogar.mivabe.nl]: Error: getaddrinfo EAI_AGAIN ogar.mivabe.nl
[ERROR][15:30:08] [Tracker][ogar.mivabe.nl]: Error: getaddrinfo EAI_AGAIN ogar.mivabe.nl
[ERROR][15:30:38] [Tracker][ogar.mivabe.nl]: Error: getaddrinfo EAI_AGAIN ogar.mivabe.nl
[ERROR][15:31:08] [Tracker][ogar.mivabe.nl]: Error: getaddrinfo EAI_AGAIN ogar.mivabe.nl
[ERROR][15:31:38] [Tracker][ogar.mivabe.nl]: Error: getaddrinfo EAI_AGAIN ogar.mivabe.nl
[ERROR][15:32:08] [Tracker][ogar.mivabe.nl]: Error: getaddrinfo EAI_AGAIN ogar.mivabe.nl
[ERROR][15:32:38] [Tracker][ogar.mivabe.nl]: Error: getaddrinfo EAI_AGAIN ogar.mivabe.nl
[ERROR][15:33:08] [Tracker][ogar.mivabe.nl]: Error: getaddrinfo EAI_AGAIN ogar.mivabe.nl
[ERROR][15:33:38] [Tracker][ogar.mivabe.nl]: Error: getaddrinfo EAI_AGAIN ogar.mivabe.nl
[ERROR][15:34:08] [Tracker][ogar.mivabe.nl]: Error: getaddrinfo EAI_AGAIN ogar.mivabe.nl
[ERROR][15:34:38] [Tracker][ogar.mivabe.nl]: Error: getaddrinfo EAI_AGAIN ogar.mivabe.nl
[ERROR][15:35:08] [Tracker][ogar.mivabe.nl]: Error: getaddrinfo EAI_AGAIN ogar.mivabe.nl
[ERROR][15:35:38] [Tracker][ogar.mivabe.nl]: Error: getaddrinfo EAI_AGAIN ogar.mivabe.nl
[ERROR][15:36:08] [Tracker][ogar.mivabe.nl]: Error: getaddrinfo EAI_AGAIN ogar.mivabe.nl
[ERROR][15:36:38] [Tracker][ogar.mivabe.nl]: Error: getaddrinfo EAI_AGAIN ogar.mivabe.nl
[ERROR][15:37:08] [Tracker][ogar.mivabe.nl]: Error: getaddrinfo EAI_AGAIN ogar.mivabe.nl
[ERROR][15:37:38] [Tracker][ogar.mivabe.nl]: Error: getaddrinfo EAI_AGAIN ogar.mivabe.nl
[ERROR][15:38:08] [Tracker][ogar.mivabe.nl]: Error: getaddrinfo EAI_AGAIN ogar.mivabe.nl
[ERROR][15:38:38] [Tracker][ogar.mivabe.nl]: Error: getaddrinfo EAI_AGAIN ogar.mivabe.nl
[ERROR][15:39:08] [Tracker][ogar.mivabe.nl]: Error: getaddrinfo EAI_AGAIN ogar.mivabe.nl
[ERROR][15:39:38] [Tracker][ogar.mivabe.nl]: Error: getaddrinfo EAI_AGAIN ogar.mivabe.nl
[ERROR][15:40:08] [Tracker][ogar.mivabe.nl]: Error: getaddrinfo EAI_AGAIN ogar.mivabe.nl
[ERROR][15:40:38] [Tracker][ogar.mivabe.nl]: Error: getaddrinfo EAI_AGAIN ogar.mivabe.nl
[ERROR][15:41:08] [Tracker][ogar.mivabe.nl]: Error: getaddrinfo EAI_AGAIN ogar.mivabe.nl
[ERROR][15:41:38] [Tracker][ogar.mivabe.nl]: Error: getaddrinfo EAI_AGAIN ogar.mivabe.nl
[ERROR][15:42:08] [Tracker][ogar.mivabe.nl]: Error: getaddrinfo EAI_AGAIN ogar.mivabe.nl
[ERROR][15:42:38] [Tracker][ogar.mivabe.nl]: Error: getaddrinfo EAI_AGAIN ogar.mivabe.nl
[ERROR][15:43:08] [Tracker][ogar.mivabe.nl]: Error: getaddrinfo EAI_AGAIN ogar.mivabe.nl
[ERROR][15:43:38] [Tracker][ogar.mivabe.nl]: Error: getaddrinfo EAI_AGAIN ogar.mivabe.nl
[ERROR][15:44:08] [Tracker][ogar.mivabe.nl]: Error: getaddrinfo EAI_AGAIN ogar.mivabe.nl
[ERROR][15:44:38] [Tracker][ogar.mivabe.nl]: Error: getaddrinfo EAI_AGAIN ogar.mivabe.nl
[ERROR][15:45:08] [Tracker][ogar.mivabe.nl]: Error: getaddrinfo EAI_AGAIN ogar.mivabe.nl
[ERROR][15:45:38] [Tracker][ogar.mivabe.nl]: Error: getaddrinfo EAI_AGAIN ogar.mivabe.nl
[ERROR][15:46:08] [Tracker][ogar.mivabe.nl]: Error: getaddrinfo EAI_AGAIN ogar.mivabe.nl
[ERROR][15:46:38] [Tracker][ogar.mivabe.nl]: Error: getaddrinfo EAI_AGAIN ogar.mivabe.nl
[ERROR][15:47:08] [Tracker][ogar.mivabe.nl]: Error: getaddrinfo EAI_AGAIN ogar.mivabe.nl
[ERROR][15:47:38] [Tracker][ogar.mivabe.nl]: Error: getaddrinfo EAI_AGAIN ogar.mivabe.nl
[ERROR][15:48:08] [Tracker][ogar.mivabe.nl]: Error: getaddrinfo EAI_AGAIN ogar.mivabe.nl
[ERROR][15:48:38] [Tracker][ogar.mivabe.nl]: Error: getaddrinfo EAI_AGAIN ogar.mivabe.nl
[ERROR][15:49:08] [Tracker][ogar.mivabe.nl]: Error: getaddrinfo EAI_AGAIN ogar.mivabe.nl
[ERROR][15:49:38] [Tracker][ogar.mivabe.nl]: Error: getaddrinfo EAI_AGAIN ogar.mivabe.nl
[NONE ][15:56:18] CONNECTED 166.113.16.94:53628, origin: "https://biobit-forked.lxtte.repl.co"
[ERROR][15:57:08] [Tracker][ogar.mivabe.nl]: Error: getaddrinfo EAI_AGAIN ogar.mivabe.nl
[NONE ][15:57:21] DISCONNECTED 166.113.16.94:53628, code: 1006, reason: "null", name: ""
[ERROR][15:57:38] [Tracker][ogar.mivabe.nl]: Error: getaddrinfo EAI_AGAIN ogar.mivabe.nl
[ERROR][15:58:08] [Tracker][ogar.mivabe.nl]: Error: getaddrinfo EAI_AGAIN ogar.mivabe.nl
[ERROR][15:58:38] [Tracker][ogar.mivabe.nl]: Error: getaddrinfo EAI_AGAIN ogar.mivabe.nl
[ERROR][15:59:08] [Tracker][ogar.mivabe.nl]: Error: getaddrinfo EAI_AGAIN ogar.mivabe.nl
[ERROR][15:59:38] [Tracker][ogar.mivabe.nl]: Error: getaddrinfo EAI_AGAIN ogar.mivabe.nl
[ERROR][16:00:08] [Tracker][ogar.mivabe.nl]: Error: getaddrinfo EAI_AGAIN ogar.mivabe.nl
[ERROR][16:00:38] [Tracker][ogar.mivabe.nl]: Error: getaddrinfo EAI_AGAIN ogar.mivabe.nl
[ERROR][16:01:08] [Tracker][ogar.mivabe.nl]: Error: getaddrinfo EAI_AGAIN ogar.mivabe.nl
[ERROR][16:01:38] [Tracker][ogar.mivabe.nl]: Error: getaddrinfo EAI_AGAIN ogar.mivabe.nl
[ERROR][16:02:08] [Tracker][ogar.mivabe.nl]: Error: getaddrinfo EAI_AGAIN ogar.mivabe.nl
[ERROR][16:02:38] [Tracker][ogar.mivabe.nl]: Error: getaddrinfo EAI_AGAIN ogar.mivabe.nl
[ERROR][16:03:08] [Tracker][ogar.mivabe.nl]: Error: getaddrinfo EAI_AGAIN ogar.mivabe.nl
[ERROR][16:03:38] [Tracker][ogar.mivabe.nl]: Error: getaddrinfo EAI_AGAIN ogar.mivabe.nl
[ERROR][16:04:08] [Tracker][ogar.mivabe.nl]: Error: getaddrinfo EAI_AGAIN ogar.mivabe.nl
[ERROR][16:04:38] [Tracker][ogar.mivabe.nl]: Error: getaddrinfo EAI_AGAIN ogar.mivabe.nl
[ERROR][16:05:08] [Tracker][ogar.mivabe.nl]: Error: getaddrinfo EAI_AGAIN ogar.mivabe.nl
[ERROR][16:05:38] [Tracker][ogar.mivabe.nl]: Error: getaddrinfo EAI_AGAIN ogar.mivabe.nl
[ERROR][16:06:08] [Tracker][ogar.mivabe.nl]: Error: getaddrinfo EAI_AGAIN ogar.mivabe.nl
[ERROR][16:06:38] [Tracker][ogar.mivabe.nl]: Error: getaddrinfo EAI_AGAIN ogar.mivabe.nl
[ERROR][16:07:08] [Tracker][ogar.mivabe.nl]: Error: getaddrinfo EAI_AGAIN ogar.mivabe.nl
[ERROR][16:07:38] [Tracker][ogar.mivabe.nl]: Error: getaddrinfo EAI_AGAIN ogar.mivabe.nl
[ERROR][16:08:08] [Tracker][ogar.mivabe.nl]: Error: getaddrinfo EAI_AGAIN ogar.mivabe.nl
[ERROR][16:08:38] [Tracker][ogar.mivabe.nl]: Error: getaddrinfo EAI_AGAIN ogar.mivabe.nl
[ERROR][16:09:08] [Tracker][ogar.mivabe.nl]: Error: getaddrinfo EAI_AGAIN ogar.mivabe.nl
[ERROR][16:09:38] [Tracker][ogar.mivabe.nl]: Error: getaddrinfo EAI_AGAIN ogar.mivabe.nl
[ERROR][16:10:08] [Tracker][ogar.mivabe.nl]: Error: getaddrinfo EAI_AGAIN ogar.mivabe.nl
[ERROR][16:10:38] [Tracker][ogar.mivabe.nl]: Error: getaddrinfo EAI_AGAIN ogar.mivabe.nl
[ERROR][16:11:08] [Tracker][ogar.mivabe.nl]: Error: getaddrinfo EAI_AGAIN ogar.mivabe.nl
[ERROR][16:11:38] [Tracker][ogar.mivabe.nl]: Error: getaddrinfo EAI_AGAIN ogar.mivabe.nl
[ERROR][16:12:08] [Tracker][ogar.mivabe.nl]: Error: getaddrinfo EAI_AGAIN ogar.mivabe.nl
[ERROR][16:12:38] [Tracker][ogar.mivabe.nl]: Error: getaddrinfo EAI_AGAIN ogar.mivabe.nl
[ERROR][16:13:08] [Tracker][ogar.mivabe.nl]: Error: getaddrinfo EAI_AGAIN ogar.mivabe.nl
[ERROR][16:13:38] [Tracker][ogar.mivabe.nl]: Error: getaddrinfo EAI_AGAIN ogar.mivabe.nl
[ERROR][16:14:08] [Tracker][ogar.mivabe.nl]: Error: getaddrinfo EAI_AGAIN ogar.mivabe.nl
[ERROR][16:14:38] [Tracker][ogar.mivabe.nl]: Error: getaddrinfo EAI_AGAIN ogar.mivabe.nl
[ERROR][16:15:08] [Tracker][ogar.mivabe.nl]: Error: getaddrinfo EAI_AGAIN ogar.mivabe.nl
[ERROR][16:15:38] [Tracker][ogar.mivabe.nl]: Error: getaddrinfo EAI_AGAIN ogar.mivabe.nl
[ERROR][16:16:08] [Tracker][ogar.mivabe.nl]: Error: getaddrinfo EAI_AGAIN ogar.mivabe.nl
[ERROR][16:16:38] [Tracker][ogar.mivabe.nl]: Error: getaddrinfo EAI_AGAIN ogar.mivabe.nl
[ERROR][16:17:08] [Tracker][ogar.mivabe.nl]: Error: getaddrinfo EAI_AGAIN ogar.mivabe.nl
[ERROR][16:17:38] [Tracker][ogar.mivabe.nl]: Error: getaddrinfo EAI_AGAIN ogar.mivabe.nl
[ERROR][16:18:08] [Tracker][ogar.mivabe.nl]: Error: getaddrinfo EAI_AGAIN ogar.mivabe.nl
[ERROR][16:18:38] [Tracker][ogar.mivabe.nl]: Error: getaddrinfo EAI_AGAIN ogar.mivabe.nl
[ERROR][16:19:08] [Tracker][ogar.mivabe.nl]: Error: getaddrinfo EAI_AGAIN ogar.mivabe.nl
[ERROR][16:19:38] [Tracker][ogar.mivabe.nl]: Error: getaddrinfo EAI_AGAIN ogar.mivabe.nl
[ERROR][16:20:08] [Tracker][ogar.mivabe.nl]: Error: getaddrinfo EAI_AGAIN ogar.mivabe.nl
[ERROR][16:20:38] [Tracker][ogar.mivabe.nl]: Error: getaddrinfo EAI_AGAIN ogar.mivabe.nl
[ERROR][16:21:08] [Tracker][ogar.mivabe.nl]: Error: getaddrinfo EAI_AGAIN ogar.mivabe.nl
[ERROR][16:21:38] [Tracker][ogar.mivabe.nl]: Error: getaddrinfo EAI_AGAIN ogar.mivabe.nl
[ERROR][16:22:08] [Tracker][ogar.mivabe.nl]: Error: getaddrinfo EAI_AGAIN ogar.mivabe.nl
[ERROR][16:22:38] [Tracker][ogar.mivabe.nl]: Error: getaddrinfo EAI_AGAIN ogar.mivabe.nl
[ERROR][16:23:08] [Tracker][ogar.mivabe.nl]: Error: getaddrinfo EAI_AGAIN ogar.mivabe.nl
[ERROR][16:23:38] [Tracker][ogar.mivabe.nl]: Error: getaddrinfo EAI_AGAIN ogar.mivabe.nl
[ERROR][16:24:08] [Tracker][ogar.mivabe.nl]: Error: getaddrinfo EAI_AGAIN ogar.mivabe.nl
[ERROR][16:24:38] [Tracker][ogar.mivabe.nl]: Error: getaddrinfo EAI_AGAIN ogar.mivabe.nl
[NONE ][16:26:00] CONNECTED 166.113.16.94:55148, origin: "https://biobit-forked.lxtte.repl.co"
[ERROR][16:26:38] [Tracker][ogar.mivabe.nl]: Error: getaddrinfo EAI_AGAIN ogar.mivabe.nl
[NONE ][16:27:02] DISCONNECTED 166.113.16.94:55148, code: 1006, reason: "null", name: ""
[ERROR][16:27:08] [Tracker][ogar.mivabe.nl]: Error: getaddrinfo EAI_AGAIN ogar.mivabe.nl
[ERROR][16:27:38] [Tracker][ogar.mivabe.nl]: Error: getaddrinfo EAI_AGAIN ogar.mivabe.nl
[ERROR][16:28:08] [Tracker][ogar.mivabe.nl]: Error: getaddrinfo EAI_AGAIN ogar.mivabe.nl
[ERROR][16:28:38] [Tracker][ogar.mivabe.nl]: Error: getaddrinfo EAI_AGAIN ogar.mivabe.nl
[ERROR][16:29:08] [Tracker][ogar.mivabe.nl]: Error: getaddrinfo EAI_AGAIN ogar.mivabe.nl
[ERROR][16:29:38] [Tracker][ogar.mivabe.nl]: Error: getaddrinfo EAI_AGAIN ogar.mivabe.nl
[ERROR][16:30:08] [Tracker][ogar.mivabe.nl]: Error: getaddrinfo EAI_AGAIN ogar.mivabe.nl
[ERROR][16:30:38] [Tracker][ogar.mivabe.nl]: Error: getaddrinfo EAI_AGAIN ogar.mivabe.nl
[ERROR][16:31:08] [Tracker][ogar.mivabe.nl]: Error: getaddrinfo EAI_AGAIN ogar.mivabe.nl
[ERROR][16:31:38] [Tracker][ogar.mivabe.nl]: Error: getaddrinfo EAI_AGAIN ogar.mivabe.nl
[ERROR][16:32:08] [Tracker][ogar.mivabe.nl]: Error: getaddrinfo EAI_AGAIN ogar.mivabe.nl
[ERROR][16:32:38] [Tracker][ogar.mivabe.nl]: Error: getaddrinfo EAI_AGAIN ogar.mivabe.nl
[ERROR][16:33:08] [Tracker][ogar.mivabe.nl]: Error: getaddrinfo EAI_AGAIN ogar.mivabe.nl
[ERROR][16:33:38] [Tracker][ogar.mivabe.nl]: Error: getaddrinfo EAI_AGAIN ogar.mivabe.nl
[ERROR][16:34:08] [Tracker][ogar.mivabe.nl]: Error: getaddrinfo EAI_AGAIN ogar.mivabe.nl
[ERROR][16:34:38] [Tracker][ogar.mivabe.nl]: Error: getaddrinfo EAI_AGAIN ogar.mivabe.nl
[NONE ][16:34:44] CONNECTED 66.204.50.55:53978, origin: "https://34f255ab-3d17-48d9-9f19-a2c64b272861.id.repl.co"
[NONE ][16:34:46] CONNECTED 166.113.16.94:42416, origin: "https://biobit-forked.lxtte.repl.co"
[ERROR][16:35:38] [Tracker][ogar.mivabe.nl]: Error: getaddrinfo EAI_AGAIN ogar.mivabe.nl
[NONE ][16:35:52] DISCONNECTED 66.204.50.55:53978, code: 1006, reason: "null", name: "your mom"
[ERROR][16:36:08] [Tracker][ogar.mivabe.nl]: Error: getaddrinfo EAI_AGAIN ogar.mivabe.nl
[ERROR][16:36:38] [Tracker][ogar.mivabe.nl]: Error: getaddrinfo EAI_AGAIN ogar.mivabe.nl
[ERROR][16:37:08] [Tracker][ogar.mivabe.nl]: Error: getaddrinfo EAI_AGAIN ogar.mivabe.nl
[ERROR][16:37:38] [Tracker][ogar.mivabe.nl]: Error: getaddrinfo EAI_AGAIN ogar.mivabe.nl
[ERROR][16:38:08] [Tracker][ogar.mivabe.nl]: Error: getaddrinfo EAI_AGAIN ogar.mivabe.nl
[ERROR][16:38:38] [Tracker][ogar.mivabe.nl]: Error: getaddrinfo EAI_AGAIN ogar.mivabe.nl
[ERROR][16:39:08] [Tracker][ogar.mivabe.nl]: Error: getaddrinfo EAI_AGAIN ogar.mivabe.nl
[ERROR][16:39:38] [Tracker][ogar.mivabe.nl]: Error: getaddrinfo EAI_AGAIN ogar.mivabe.nl
[NONE ][16:39:44] DISCONNECTED 166.113.16.94:42416, code: null, reason: "null", name: ""
[ERROR][16:39:44] [172.31.128.1:42416] Error [ERR_STREAM_DESTROYED]: Cannot call write after a stream was destroyed
    at new NodeError (node:internal/errors:393:5)
    at errorBuffer (node:internal/streams/writable:520:31)
    at afterWrite (node:internal/streams/writable:504:5)
    at onwrite (node:internal/streams/writable:480:7)
    at WriteWrap.onWriteComplete [as oncomplete] (node:internal/stream_base_commons:87:12)
[NONE ][16:39:44] DISCONNECTED 166.113.16.94:42416, code: null, reason: "null", name: ""
[NONE ][16:39:46] CONNECTED 166.113.16.94:53264, origin: "https://biobit-forked.lxtte.repl.co"
[ERROR][16:40:38] [Tracker][ogar.mivabe.nl]: Error: getaddrinfo EAI_AGAIN ogar.mivabe.nl
[NONE ][16:40:54] DISCONNECTED 166.113.16.94:53264, code: 1006, reason: "null", name: ""
[ERROR][16:41:08] [Tracker][ogar.mivabe.nl]: Error: getaddrinfo EAI_AGAIN ogar.mivabe.nl
[ERROR][16:41:38] [Tracker][ogar.mivabe.nl]: Error: getaddrinfo EAI_AGAIN ogar.mivabe.nl
[ERROR][16:42:08] [Tracker][ogar.mivabe.nl]: Error: getaddrinfo EAI_AGAIN ogar.mivabe.nl
[ERROR][16:42:38] [Tracker][ogar.mivabe.nl]: Error: getaddrinfo EAI_AGAIN ogar.mivabe.nl
[ERROR][16:43:08] [Tracker][ogar.mivabe.nl]: Error: getaddrinfo EAI_AGAIN ogar.mivabe.nl
[ERROR][16:43:38] [Tracker][ogar.mivabe.nl]: Error: getaddrinfo EAI_AGAIN ogar.mivabe.nl
[ERROR][16:44:08] [Tracker][ogar.mivabe.nl]: Error: getaddrinfo EAI_AGAIN ogar.mivabe.nl
[ERROR][16:44:38] [Tracker][ogar.mivabe.nl]: Error: getaddrinfo EAI_AGAIN ogar.mivabe.nl
[ERROR][16:45:08] [Tracker][ogar.mivabe.nl]: Error: getaddrinfo EAI_AGAIN ogar.mivabe.nl
[ERROR][16:45:38] [Tracker][ogar.mivabe.nl]: Error: getaddrinfo EAI_AGAIN ogar.mivabe.nl
[ERROR][16:46:08] [Tracker][ogar.mivabe.nl]: Error: getaddrinfo EAI_AGAIN ogar.mivabe.nl
[ERROR][16:46:38] [Tracker][ogar.mivabe.nl]: Error: getaddrinfo EAI_AGAIN ogar.mivabe.nl
[ERROR][16:47:08] [Tracker][ogar.mivabe.nl]: Error: getaddrinfo EAI_AGAIN ogar.mivabe.nl
[ERROR][16:47:38] [Tracker][ogar.mivabe.nl]: Error: getaddrinfo EAI_AGAIN ogar.mivabe.nl
[ERROR][16:48:08] [Tracker][ogar.mivabe.nl]: Error: getaddrinfo EAI_AGAIN ogar.mivabe.nl
[ERROR][16:48:38] [Tracker][ogar.mivabe.nl]: Error: getaddrinfo EAI_AGAIN ogar.mivabe.nl
[ERROR][16:49:08] [Tracker][ogar.mivabe.nl]: Error: getaddrinfo EAI_AGAIN ogar.mivabe.nl
[ERROR][16:49:38] [Tracker][ogar.mivabe.nl]: Error: getaddrinfo EAI_AGAIN ogar.mivabe.nl
[ERROR][16:50:08] [Tracker][ogar.mivabe.nl]: Error: getaddrinfo EAI_AGAIN ogar.mivabe.nl
[ERROR][16:50:38] [Tracker][ogar.mivabe.nl]: Error: getaddrinfo EAI_AGAIN ogar.mivabe.nl
[ERROR][16:51:08] [Tracker][ogar.mivabe.nl]: Error: getaddrinfo EAI_AGAIN ogar.mivabe.nl
[ERROR][16:51:38] [Tracker][ogar.mivabe.nl]: Error: getaddrinfo EAI_AGAIN ogar.mivabe.nl
[ERROR][16:52:08] [Tracker][ogar.mivabe.nl]: Error: getaddrinfo EAI_AGAIN ogar.mivabe.nl
[ERROR][16:52:38] [Tracker][ogar.mivabe.nl]: Error: getaddrinfo EAI_AGAIN ogar.mivabe.nl
[ERROR][16:53:08] [Tracker][ogar.mivabe.nl]: Error: getaddrinfo EAI_AGAIN ogar.mivabe.nl
[ERROR][16:53:38] [Tracker][ogar.mivabe.nl]: Error: getaddrinfo EAI_AGAIN ogar.mivabe.nl
[ERROR][16:54:08] [Tracker][ogar.mivabe.nl]: Error: getaddrinfo EAI_AGAIN ogar.mivabe.nl
[ERROR][16:54:38] [Tracker][ogar.mivabe.nl]: Error: getaddrinfo EAI_AGAIN ogar.mivabe.nl
[NONE ][16:54:48] CONNECTED 166.113.16.94:41008, origin: "https://biobit-forked.lxtte.repl.co"
[ERROR][16:55:38] [Tracker][ogar.mivabe.nl]: Error: getaddrinfo EAI_AGAIN ogar.mivabe.nl
[NONE ][16:56:03] DISCONNECTED 166.113.16.94:41008, code: 1006, reason: "null", name: ""
[ERROR][16:56:08] [Tracker][ogar.mivabe.nl]: Error: getaddrinfo EAI_AGAIN ogar.mivabe.nl
[ERROR][16:56:38] [Tracker][ogar.mivabe.nl]: Error: getaddrinfo EAI_AGAIN ogar.mivabe.nl
[ERROR][16:57:08] [Tracker][ogar.mivabe.nl]: Error: getaddrinfo EAI_AGAIN ogar.mivabe.nl
[ERROR][16:57:38] [Tracker][ogar.mivabe.nl]: Error: getaddrinfo EAI_AGAIN ogar.mivabe.nl
[ERROR][16:58:08] [Tracker][ogar.mivabe.nl]: Error: getaddrinfo EAI_AGAIN ogar.mivabe.nl
[ERROR][16:58:38] [Tracker][ogar.mivabe.nl]: Error: getaddrinfo EAI_AGAIN ogar.mivabe.nl
[ERROR][16:59:08] [Tracker][ogar.mivabe.nl]: Error: getaddrinfo EAI_AGAIN ogar.mivabe.nl
[ERROR][16:59:38] [Tracker][ogar.mivabe.nl]: Error: getaddrinfo EAI_AGAIN ogar.mivabe.nl
[NONE ][16:59:50] CONNECTED 166.113.16.94:44438, origin: "https://biobit-forked.lxtte.repl.co"
[ERROR][17:00:38] [Tracker][ogar.mivabe.nl]: Error: getaddrinfo EAI_AGAIN ogar.mivabe.nl
[NONE ][17:01:03] DISCONNECTED 166.113.16.94:44438, code: 1006, reason: "null", name: ""
[ERROR][17:01:08] [Tracker][ogar.mivabe.nl]: Error: getaddrinfo EAI_AGAIN ogar.mivabe.nl
[ERROR][17:01:38] [Tracker][ogar.mivabe.nl]: Error: getaddrinfo EAI_AGAIN ogar.mivabe.nl
[ERROR][17:02:08] [Tracker][ogar.mivabe.nl]: Error: getaddrinfo EAI_AGAIN ogar.mivabe.nl
[ERROR][17:02:38] [Tracker][ogar.mivabe.nl]: Error: getaddrinfo EAI_AGAIN ogar.mivabe.nl
[ERROR][17:03:08] [Tracker][ogar.mivabe.nl]: Error: getaddrinfo EAI_AGAIN ogar.mivabe.nl
[ERROR][17:03:38] [Tracker][ogar.mivabe.nl]: Error: getaddrinfo EAI_AGAIN ogar.mivabe.nl
[ERROR][17:04:08] [Tracker][ogar.mivabe.nl]: Error: getaddrinfo EAI_AGAIN ogar.mivabe.nl
[ERROR][17:04:38] [Tracker][ogar.mivabe.nl]: Error: getaddrinfo EAI_AGAIN ogar.mivabe.nl
[ERROR][17:05:08] [Tracker][ogar.mivabe.nl]: Error: getaddrinfo EAI_AGAIN ogar.mivabe.nl
[INFO ][17:05:18] Added 4 player bots
[ERROR][17:05:38] [Tracker][ogar.mivabe.nl]: Error: getaddrinfo EAI_AGAIN ogar.mivabe.nl
[ERROR][17:06:08] [Tracker][ogar.mivabe.nl]: Error: getaddrinfo EAI_AGAIN ogar.mivabe.nl
[ERROR][17:06:38] [Tracker][ogar.mivabe.nl]: Error: getaddrinfo EAI_AGAIN ogar.mivabe.nl
[ERROR][17:07:08] [Tracker][ogar.mivabe.nl]: Error: getaddrinfo EAI_AGAIN ogar.mivabe.nl
[ERROR][17:07:38] [Tracker][ogar.mivabe.nl]: Error: getaddrinfo EAI_AGAIN ogar.mivabe.nl
[ERROR][17:08:08] [Tracker][ogar.mivabe.nl]: Error: getaddrinfo EAI_AGAIN ogar.mivabe.nl
[ERROR][17:08:38] [Tracker][ogar.mivabe.nl]: Error: getaddrinfo EAI_AGAIN ogar.mivabe.nl
[ERROR][17:09:08] [Tracker][ogar.mivabe.nl]: Error: getaddrinfo EAI_AGAIN ogar.mivabe.nl
[ERROR][17:09:38] [Tracker][ogar.mivabe.nl]: Error: getaddrinfo EAI_AGAIN ogar.mivabe.nl
[NONE ][17:10:06] CONNECTED 166.113.16.94:46470, origin: "https://biobit-forked.lxtte.repl.co"
[ERROR][17:11:08] [Tracker][ogar.mivabe.nl]: Error: getaddrinfo EAI_AGAIN ogar.mivabe.nl
[NONE ][17:11:15] DISCONNECTED 166.113.16.94:46470, code: 1006, reason: "null", name: ""
[ERROR][17:11:38] [Tracker][ogar.mivabe.nl]: Error: getaddrinfo EAI_AGAIN ogar.mivabe.nl
[ERROR][17:12:08] [Tracker][ogar.mivabe.nl]: Error: getaddrinfo EAI_AGAIN ogar.mivabe.nl
[ERROR][17:12:38] [Tracker][ogar.mivabe.nl]: Error: getaddrinfo EAI_AGAIN ogar.mivabe.nl
[ERROR][17:13:08] [Tracker][ogar.mivabe.nl]: Error: getaddrinfo EAI_AGAIN ogar.mivabe.nl
[ERROR][17:13:38] [Tracker][ogar.mivabe.nl]: Error: getaddrinfo EAI_AGAIN ogar.mivabe.nl
[ERROR][17:14:08] [Tracker][ogar.mivabe.nl]: Error: getaddrinfo EAI_AGAIN ogar.mivabe.nl
[ERROR][17:14:38] [Tracker][ogar.mivabe.nl]: Error: getaddrinfo EAI_AGAIN ogar.mivabe.nl
[ERROR][17:15:08] [Tracker][ogar.mivabe.nl]: Error: getaddrinfo EAI_AGAIN ogar.mivabe.nl
[ERROR][17:15:38] [Tracker][ogar.mivabe.nl]: Error: getaddrinfo EAI_AGAIN ogar.mivabe.nl
[ERROR][17:16:08] [Tracker][ogar.mivabe.nl]: Error: getaddrinfo EAI_AGAIN ogar.mivabe.nl
[ERROR][17:16:38] [Tracker][ogar.mivabe.nl]: Error: getaddrinfo EAI_AGAIN ogar.mivabe.nl
[ERROR][17:17:08] [Tracker][ogar.mivabe.nl]: Error: getaddrinfo EAI_AGAIN ogar.mivabe.nl
[ERROR][17:17:38] [Tracker][ogar.mivabe.nl]: Error: getaddrinfo EAI_AGAIN ogar.mivabe.nl
[ERROR][17:18:08] [Tracker][ogar.mivabe.nl]: Error: getaddrinfo EAI_AGAIN ogar.mivabe.nl
[ERROR][17:18:38] [Tracker][ogar.mivabe.nl]: Error: getaddrinfo EAI_AGAIN ogar.mivabe.nl
[ERROR][17:19:08] [Tracker][ogar.mivabe.nl]: Error: getaddrinfo EAI_AGAIN ogar.mivabe.nl
[ERROR][17:19:38] [Tracker][ogar.mivabe.nl]: Error: getaddrinfo EAI_AGAIN ogar.mivabe.nl
[NONE ][17:29:51] CONNECTED 166.113.16.94:48328, origin: "https://biobit-forked.lxtte.repl.co"
[ERROR][17:30:38] [Tracker][ogar.mivabe.nl]: Error: getaddrinfo EAI_AGAIN ogar.mivabe.nl
[NONE ][17:31:03] DISCONNECTED 166.113.16.94:48328, code: 1006, reason: "null", name: ""
[ERROR][17:31:08] [Tracker][ogar.mivabe.nl]: Error: getaddrinfo EAI_AGAIN ogar.mivabe.nl
[ERROR][17:31:38] [Tracker][ogar.mivabe.nl]: Error: getaddrinfo EAI_AGAIN ogar.mivabe.nl
[ERROR][17:32:08] [Tracker][ogar.mivabe.nl]: Error: getaddrinfo EAI_AGAIN ogar.mivabe.nl
[ERROR][17:32:38] [Tracker][ogar.mivabe.nl]: Error: getaddrinfo EAI_AGAIN ogar.mivabe.nl
[ERROR][17:33:08] [Tracker][ogar.mivabe.nl]: Error: getaddrinfo EAI_AGAIN ogar.mivabe.nl
[ERROR][17:33:38] [Tracker][ogar.mivabe.nl]: Error: getaddrinfo EAI_AGAIN ogar.mivabe.nl
[ERROR][17:34:08] [Tracker][ogar.mivabe.nl]: Error: getaddrinfo EAI_AGAIN ogar.mivabe.nl
[ERROR][17:34:38] [Tracker][ogar.mivabe.nl]: Error: getaddrinfo EAI_AGAIN ogar.mivabe.nl
[ERROR][17:35:08] [Tracker][ogar.mivabe.nl]: Error: getaddrinfo EAI_AGAIN ogar.mivabe.nl
[ERROR][17:35:38] [Tracker][ogar.mivabe.nl]: Error: getaddrinfo EAI_AGAIN ogar.mivabe.nl
[ERROR][17:36:08] [Tracker][ogar.mivabe.nl]: Error: getaddrinfo EAI_AGAIN ogar.mivabe.nl
[ERROR][17:36:38] [Tracker][ogar.mivabe.nl]: Error: getaddrinfo EAI_AGAIN ogar.mivabe.nl
[ERROR][17:37:08] [Tracker][ogar.mivabe.nl]: Error: getaddrinfo EAI_AGAIN ogar.mivabe.nl
[ERROR][17:37:38] [Tracker][ogar.mivabe.nl]: Error: getaddrinfo EAI_AGAIN ogar.mivabe.nl
[ERROR][17:38:08] [Tracker][ogar.mivabe.nl]: Error: getaddrinfo EAI_AGAIN ogar.mivabe.nl
[ERROR][17:38:38] [Tracker][ogar.mivabe.nl]: Error: getaddrinfo EAI_AGAIN ogar.mivabe.nl
[ERROR][17:39:08] [Tracker][ogar.mivabe.nl]: Error: getaddrinfo EAI_AGAIN ogar.mivabe.nl
[ERROR][17:39:38] [Tracker][ogar.mivabe.nl]: Error: getaddrinfo EAI_AGAIN ogar.mivabe.nl
[NONE ][17:39:57] CONNECTED 166.113.16.94:48336, origin: "https://biobit-forked.lxtte.repl.co"
[ERROR][17:40:38] [Tracker][ogar.mivabe.nl]: Error: getaddrinfo EAI_AGAIN ogar.mivabe.nl
[ERROR][17:41:08] [Tracker][ogar.mivabe.nl]: Error: getaddrinfo EAI_AGAIN ogar.mivabe.nl
[ERROR][17:41:38] [Tracker][ogar.mivabe.nl]: Error: getaddrinfo EAI_AGAIN ogar.mivabe.nl
[ERROR][17:42:08] [Tracker][ogar.mivabe.nl]: Error: getaddrinfo EAI_AGAIN ogar.mivabe.nl
[ERROR][17:42:38] [Tracker][ogar.mivabe.nl]: Error: getaddrinfo EAI_AGAIN ogar.mivabe.nl
[ERROR][17:43:08] [Tracker][ogar.mivabe.nl]: Error: getaddrinfo EAI_AGAIN ogar.mivabe.nl
[ERROR][17:43:38] [Tracker][ogar.mivabe.nl]: Error: getaddrinfo EAI_AGAIN ogar.mivabe.nl
[ERROR][17:44:08] [Tracker][ogar.mivabe.nl]: Error: getaddrinfo EAI_AGAIN ogar.mivabe.nl
[ERROR][17:44:38] [Tracker][ogar.mivabe.nl]: Error: getaddrinfo EAI_AGAIN ogar.mivabe.nl
[ERROR][17:45:08] [Tracker][ogar.mivabe.nl]: Error: getaddrinfo EAI_AGAIN ogar.mivabe.nl
[ERROR][17:45:38] [Tracker][ogar.mivabe.nl]: Error: getaddrinfo EAI_AGAIN ogar.mivabe.nl
[ERROR][17:46:08] [Tracker][ogar.mivabe.nl]: Error: getaddrinfo EAI_AGAIN ogar.mivabe.nl
[ERROR][17:46:38] [Tracker][ogar.mivabe.nl]: Error: getaddrinfo EAI_AGAIN ogar.mivabe.nl
[ERROR][17:47:08] [Tracker][ogar.mivabe.nl]: Error: getaddrinfo EAI_AGAIN ogar.mivabe.nl
[ERROR][17:47:38] [Tracker][ogar.mivabe.nl]: Error: getaddrinfo EAI_AGAIN ogar.mivabe.nl
[ERROR][17:48:08] [Tracker][ogar.mivabe.nl]: Error: getaddrinfo EAI_AGAIN ogar.mivabe.nl
[ERROR][17:48:38] [Tracker][ogar.mivabe.nl]: Error: getaddrinfo EAI_AGAIN ogar.mivabe.nl
[ERROR][17:49:08] [Tracker][ogar.mivabe.nl]: Error: getaddrinfo EAI_AGAIN ogar.mivabe.nl
[ERROR][17:49:38] [Tracker][ogar.mivabe.nl]: Error: getaddrinfo EAI_AGAIN ogar.mivabe.nl
[ERROR][17:50:08] [Tracker][ogar.mivabe.nl]: Error: getaddrinfo EAI_AGAIN ogar.mivabe.nl
[ERROR][17:50:38] [Tracker][ogar.mivabe.nl]: Error: getaddrinfo EAI_AGAIN ogar.mivabe.nl
[ERROR][17:51:08] [Tracker][ogar.mivabe.nl]: Error: getaddrinfo EAI_AGAIN ogar.mivabe.nl
[ERROR][17:51:38] [Tracker][ogar.mivabe.nl]: Error: getaddrinfo EAI_AGAIN ogar.mivabe.nl
[ERROR][17:52:08] [Tracker][ogar.mivabe.nl]: Error: getaddrinfo EAI_AGAIN ogar.mivabe.nl
[ERROR][17:52:38] [Tracker][ogar.mivabe.nl]: Error: getaddrinfo EAI_AGAIN ogar.mivabe.nl
[ERROR][17:53:08] [Tracker][ogar.mivabe.nl]: Error: getaddrinfo EAI_AGAIN ogar.mivabe.nl
[ERROR][17:53:38] [Tracker][ogar.mivabe.nl]: Error: getaddrinfo EAI_AGAIN ogar.mivabe.nl
[ERROR][17:54:08] [Tracker][ogar.mivabe.nl]: Error: getaddrinfo EAI_AGAIN ogar.mivabe.nl
[ERROR][17:54:38] [Tracker][ogar.mivabe.nl]: Error: getaddrinfo EAI_AGAIN ogar.mivabe.nl
[ERROR][17:55:08] [Tracker][ogar.mivabe.nl]: Error: getaddrinfo EAI_AGAIN ogar.mivabe.nl
[ERROR][17:55:38] [Tracker][ogar.mivabe.nl]: Error: getaddrinfo EAI_AGAIN ogar.mivabe.nl
[NONE ][17:56:05] DISCONNECTED 166.113.16.94:48336, code: 1006, reason: "null", name: ""
[ERROR][17:56:08] [Tracker][ogar.mivabe.nl]: Error: getaddrinfo EAI_AGAIN ogar.mivabe.nl
[ERROR][17:56:38] [Tracker][ogar.mivabe.nl]: Error: getaddrinfo EAI_AGAIN ogar.mivabe.nl
[ERROR][17:57:08] [Tracker][ogar.mivabe.nl]: Error: getaddrinfo EAI_AGAIN ogar.mivabe.nl
[ERROR][17:57:38] [Tracker][ogar.mivabe.nl]: Error: getaddrinfo EAI_AGAIN ogar.mivabe.nl
[ERROR][17:58:08] [Tracker][ogar.mivabe.nl]: Error: getaddrinfo EAI_AGAIN ogar.mivabe.nl
[ERROR][17:58:38] [Tracker][ogar.mivabe.nl]: Error: getaddrinfo EAI_AGAIN ogar.mivabe.nl
[ERROR][17:59:08] [Tracker][ogar.mivabe.nl]: Error: getaddrinfo EAI_AGAIN ogar.mivabe.nl
[ERROR][17:59:39] [Tracker][ogar.mivabe.nl]: Error: getaddrinfo EAI_AGAIN ogar.mivabe.nl
[NONE ][18:00:03] CONNECTED 84.68.187.247:51060, origin: "https://biobit-forked.lxtte.repl.co"
[ERROR][18:00:39] [Tracker][ogar.mivabe.nl]: Error: getaddrinfo EAI_AGAIN ogar.mivabe.nl
[ERROR][18:01:09] [Tracker][ogar.mivabe.nl]: Error: getaddrinfo EAI_AGAIN ogar.mivabe.nl
[ERROR][18:01:39] [Tracker][ogar.mivabe.nl]: Error: getaddrinfo EAI_AGAIN ogar.mivabe.nl
[ERROR][18:02:09] [Tracker][ogar.mivabe.nl]: Error: getaddrinfo EAI_AGAIN ogar.mivabe.nl
[ERROR][18:02:39] [Tracker][ogar.mivabe.nl]: Error: getaddrinfo EAI_AGAIN ogar.mivabe.nl
[ERROR][18:03:09] [Tracker][ogar.mivabe.nl]: Error: getaddrinfo EAI_AGAIN ogar.mivabe.nl
[ERROR][18:03:39] [Tracker][ogar.mivabe.nl]: Error: getaddrinfo EAI_AGAIN ogar.mivabe.nl
[ERROR][18:04:09] [Tracker][ogar.mivabe.nl]: Error: getaddrinfo EAI_AGAIN ogar.mivabe.nl
[ERROR][18:04:39] [Tracker][ogar.mivabe.nl]: Error: getaddrinfo EAI_AGAIN ogar.mivabe.nl
[ERROR][18:05:09] [Tracker][ogar.mivabe.nl]: Error: getaddrinfo EAI_AGAIN ogar.mivabe.nl
[ERROR][18:05:39] [Tracker][ogar.mivabe.nl]: Error: getaddrinfo EAI_AGAIN ogar.mivabe.nl
[ERROR][18:06:09] [Tracker][ogar.mivabe.nl]: Error: getaddrinfo EAI_AGAIN ogar.mivabe.nl
[ERROR][18:06:39] [Tracker][ogar.mivabe.nl]: Error: getaddrinfo EAI_AGAIN ogar.mivabe.nl
[ERROR][18:07:09] [Tracker][ogar.mivabe.nl]: Error: getaddrinfo EAI_AGAIN ogar.mivabe.nl
[ERROR][18:07:39] [Tracker][ogar.mivabe.nl]: Error: getaddrinfo EAI_AGAIN ogar.mivabe.nl
[ERROR][18:08:09] [Tracker][ogar.mivabe.nl]: Error: getaddrinfo EAI_AGAIN ogar.mivabe.nl
[ERROR][18:08:39] [Tracker][ogar.mivabe.nl]: Error: getaddrinfo EAI_AGAIN ogar.mivabe.nl
[ERROR][18:09:09] [Tracker][ogar.mivabe.nl]: Error: getaddrinfo EAI_AGAIN ogar.mivabe.nl
[ERROR][18:09:39] [Tracker][ogar.mivabe.nl]: Error: getaddrinfo EAI_AGAIN ogar.mivabe.nl
[ERROR][18:10:09] [Tracker][ogar.mivabe.nl]: Error: getaddrinfo EAI_AGAIN ogar.mivabe.nl
[ERROR][18:10:39] [Tracker][ogar.mivabe.nl]: Error: getaddrinfo EAI_AGAIN ogar.mivabe.nl
[ERROR][18:11:09] [Tracker][ogar.mivabe.nl]: Error: getaddrinfo EAI_AGAIN ogar.mivabe.nl
[ERROR][18:11:39] [Tracker][ogar.mivabe.nl]: Error: getaddrinfo EAI_AGAIN ogar.mivabe.nl
[ERROR][18:12:09] [Tracker][ogar.mivabe.nl]: Error: getaddrinfo EAI_AGAIN ogar.mivabe.nl
[ERROR][18:12:39] [Tracker][ogar.mivabe.nl]: Error: getaddrinfo EAI_AGAIN ogar.mivabe.nl
[ERROR][18:13:09] [Tracker][ogar.mivabe.nl]: Error: getaddrinfo EAI_AGAIN ogar.mivabe.nl
[ERROR][18:13:39] [Tracker][ogar.mivabe.nl]: Error: getaddrinfo EAI_AGAIN ogar.mivabe.nl
[ERROR][18:14:09] [Tracker][ogar.mivabe.nl]: Error: getaddrinfo EAI_AGAIN ogar.mivabe.nl
[ERROR][18:14:39] [Tracker][ogar.mivabe.nl]: Error: getaddrinfo EAI_AGAIN ogar.mivabe.nl
[ERROR][18:15:09] [Tracker][ogar.mivabe.nl]: Error: getaddrinfo EAI_AGAIN ogar.mivabe.nl
[NONE ][18:15:13] DISCONNECTED 84.68.187.247:51060, code: 1006, reason: "null", name: ""
[ERROR][18:15:39] [Tracker][ogar.mivabe.nl]: Error: getaddrinfo EAI_AGAIN ogar.mivabe.nl
[ERROR][18:16:09] [Tracker][ogar.mivabe.nl]: Error: getaddrinfo EAI_AGAIN ogar.mivabe.nl
[ERROR][18:16:39] [Tracker][ogar.mivabe.nl]: Error: getaddrinfo EAI_AGAIN ogar.mivabe.nl
[ERROR][18:17:09] [Tracker][ogar.mivabe.nl]: Error: getaddrinfo EAI_AGAIN ogar.mivabe.nl
[ERROR][18:17:39] [Tracker][ogar.mivabe.nl]: Error: getaddrinfo EAI_AGAIN ogar.mivabe.nl
[ERROR][18:18:09] [Tracker][ogar.mivabe.nl]: Error: getaddrinfo EAI_AGAIN ogar.mivabe.nl
[ERROR][18:18:39] [Tracker][ogar.mivabe.nl]: Error: getaddrinfo EAI_AGAIN ogar.mivabe.nl
[ERROR][18:19:09] [Tracker][ogar.mivabe.nl]: Error: getaddrinfo EAI_AGAIN ogar.mivabe.nl
[ERROR][18:19:39] [Tracker][ogar.mivabe.nl]: Error: getaddrinfo EAI_AGAIN ogar.mivabe.nl
[ERROR][18:20:09] [Tracker][ogar.mivabe.nl]: Error: getaddrinfo EAI_AGAIN ogar.mivabe.nl
[ERROR][18:20:39] [Tracker][ogar.mivabe.nl]: Error: getaddrinfo EAI_AGAIN ogar.mivabe.nl
[ERROR][18:21:09] [Tracker][ogar.mivabe.nl]: Error: getaddrinfo EAI_AGAIN ogar.mivabe.nl
[ERROR][18:21:39] [Tracker][ogar.mivabe.nl]: Error: getaddrinfo EAI_AGAIN ogar.mivabe.nl
[ERROR][18:22:09] [Tracker][ogar.mivabe.nl]: Error: getaddrinfo EAI_AGAIN ogar.mivabe.nl
[ERROR][18:22:39] [Tracker][ogar.mivabe.nl]: Error: getaddrinfo EAI_AGAIN ogar.mivabe.nl
[ERROR][18:23:09] [Tracker][ogar.mivabe.nl]: Error: getaddrinfo EAI_AGAIN ogar.mivabe.nl
[ERROR][18:23:39] [Tracker][ogar.mivabe.nl]: Error: getaddrinfo EAI_AGAIN ogar.mivabe.nl
[ERROR][18:24:09] [Tracker][ogar.mivabe.nl]: Error: getaddrinfo EAI_AGAIN ogar.mivabe.nl
[ERROR][18:24:39] [Tracker][ogar.mivabe.nl]: Error: getaddrinfo EAI_AGAIN ogar.mivabe.nl
[NONE ][18:24:45] CONNECTED 84.68.187.247:49648, origin: "https://biobit-forked.lxtte.repl.co"
[ERROR][18:25:39] [Tracker][ogar.mivabe.nl]: Error: getaddrinfo EAI_AGAIN ogar.mivabe.nl
[ERROR][18:26:09] [Tracker][ogar.mivabe.nl]: Error: getaddrinfo EAI_AGAIN ogar.mivabe.nl
[ERROR][18:26:39] [Tracker][ogar.mivabe.nl]: Error: getaddrinfo EAI_AGAIN ogar.mivabe.nl
[ERROR][18:27:09] [Tracker][ogar.mivabe.nl]: Error: getaddrinfo EAI_AGAIN ogar.mivabe.nl
[ERROR][18:27:39] [Tracker][ogar.mivabe.nl]: Error: getaddrinfo EAI_AGAIN ogar.mivabe.nl
[ERROR][18:28:09] [Tracker][ogar.mivabe.nl]: Error: getaddrinfo EAI_AGAIN ogar.mivabe.nl
[ERROR][18:28:39] [Tracker][ogar.mivabe.nl]: Error: getaddrinfo EAI_AGAIN ogar.mivabe.nl
[ERROR][18:29:09] [Tracker][ogar.mivabe.nl]: Error: getaddrinfo EAI_AGAIN ogar.mivabe.nl
[ERROR][18:29:39] [Tracker][ogar.mivabe.nl]: Error: getaddrinfo EAI_AGAIN ogar.mivabe.nl
[NONE ][18:29:43] DISCONNECTED 84.68.187.247:49648, code: null, reason: "null", name: ""
[ERROR][18:29:43] [172.31.128.1:49648] Error [ERR_STREAM_DESTROYED]: Cannot call write after a stream was destroyed
    at new NodeError (node:internal/errors:393:5)
    at errorBuffer (node:internal/streams/writable:520:31)
    at afterWrite (node:internal/streams/writable:504:5)
    at onwrite (node:internal/streams/writable:480:7)
    at WriteWrap.onWriteComplete [as oncomplete] (node:internal/stream_base_commons:87:12)
[NONE ][18:29:43] DISCONNECTED 84.68.187.247:49648, code: null, reason: "null", name: ""
[ERROR][18:30:09] [Tracker][ogar.mivabe.nl]: Error: getaddrinfo EAI_AGAIN ogar.mivabe.nl
[ERROR][18:30:39] [Tracker][ogar.mivabe.nl]: Error: getaddrinfo EAI_AGAIN ogar.mivabe.nl
[ERROR][18:31:09] [Tracker][ogar.mivabe.nl]: Error: getaddrinfo EAI_AGAIN ogar.mivabe.nl
[ERROR][18:31:39] [Tracker][ogar.mivabe.nl]: Error: getaddrinfo EAI_AGAIN ogar.mivabe.nl
[ERROR][18:32:09] [Tracker][ogar.mivabe.nl]: Error: getaddrinfo EAI_AGAIN ogar.mivabe.nl
[ERROR][18:32:39] [Tracker][ogar.mivabe.nl]: Error: getaddrinfo EAI_AGAIN ogar.mivabe.nl
[ERROR][18:33:09] [Tracker][ogar.mivabe.nl]: Error: getaddrinfo EAI_AGAIN ogar.mivabe.nl
[ERROR][18:33:39] [Tracker][ogar.mivabe.nl]: Error: getaddrinfo EAI_AGAIN ogar.mivabe.nl
[ERROR][18:34:09] [Tracker][ogar.mivabe.nl]: Error: getaddrinfo EAI_AGAIN ogar.mivabe.nl
[ERROR][18:34:39] [Tracker][ogar.mivabe.nl]: Error: getaddrinfo EAI_AGAIN ogar.mivabe.nl
[ERROR][18:35:09] [Tracker][ogar.mivabe.nl]: Error: getaddrinfo EAI_AGAIN ogar.mivabe.nl
[ERROR][18:35:39] [Tracker][ogar.mivabe.nl]: Error: getaddrinfo EAI_AGAIN ogar.mivabe.nl
[ERROR][18:36:09] [Tracker][ogar.mivabe.nl]: Error: getaddrinfo EAI_AGAIN ogar.mivabe.nl
[ERROR][18:36:39] [Tracker][ogar.mivabe.nl]: Error: getaddrinfo EAI_AGAIN ogar.mivabe.nl
[ERROR][18:37:09] [Tracker][ogar.mivabe.nl]: Error: getaddrinfo EAI_AGAIN ogar.mivabe.nl
[ERROR][18:37:39] [Tracker][ogar.mivabe.nl]: Error: getaddrinfo EAI_AGAIN ogar.mivabe.nl
[ERROR][18:38:09] [Tracker][ogar.mivabe.nl]: Error: getaddrinfo EAI_AGAIN ogar.mivabe.nl
[ERROR][18:38:39] [Tracker][ogar.mivabe.nl]: Error: getaddrinfo EAI_AGAIN ogar.mivabe.nl
[ERROR][18:39:09] [Tracker][ogar.mivabe.nl]: Error: getaddrinfo EAI_AGAIN ogar.mivabe.nl
[ERROR][18:39:39] [Tracker][ogar.mivabe.nl]: Error: getaddrinfo EAI_AGAIN ogar.mivabe.nl
[ERROR][18:40:09] [Tracker][ogar.mivabe.nl]: Error: getaddrinfo EAI_AGAIN ogar.mivabe.nl
[ERROR][18:40:39] [Tracker][ogar.mivabe.nl]: Error: getaddrinfo EAI_AGAIN ogar.mivabe.nl
[ERROR][18:41:09] [Tracker][ogar.mivabe.nl]: Error: getaddrinfo EAI_AGAIN ogar.mivabe.nl
[ERROR][18:41:39] [Tracker][ogar.mivabe.nl]: Error: getaddrinfo EAI_AGAIN ogar.mivabe.nl
[ERROR][18:42:09] [Tracker][ogar.mivabe.nl]: Error: getaddrinfo EAI_AGAIN ogar.mivabe.nl
[ERROR][18:42:39] [Tracker][ogar.mivabe.nl]: Error: getaddrinfo EAI_AGAIN ogar.mivabe.nl
[ERROR][18:43:09] [Tracker][ogar.mivabe.nl]: Error: getaddrinfo EAI_AGAIN ogar.mivabe.nl
[ERROR][18:43:39] [Tracker][ogar.mivabe.nl]: Error: getaddrinfo EAI_AGAIN ogar.mivabe.nl
[ERROR][18:44:09] [Tracker][ogar.mivabe.nl]: Error: getaddrinfo EAI_AGAIN ogar.mivabe.nl
[ERROR][18:44:39] [Tracker][ogar.mivabe.nl]: Error: getaddrinfo EAI_AGAIN ogar.mivabe.nl
[ERROR][18:45:09] [Tracker][ogar.mivabe.nl]: Error: getaddrinfo EAI_AGAIN ogar.mivabe.nl
[ERROR][18:45:39] [Tracker][ogar.mivabe.nl]: Error: getaddrinfo EAI_AGAIN ogar.mivabe.nl
[ERROR][18:46:09] [Tracker][ogar.mivabe.nl]: Error: getaddrinfo EAI_AGAIN ogar.mivabe.nl
[ERROR][18:46:39] [Tracker][ogar.mivabe.nl]: Error: getaddrinfo EAI_AGAIN ogar.mivabe.nl
[ERROR][18:47:09] [Tracker][ogar.mivabe.nl]: Error: getaddrinfo EAI_AGAIN ogar.mivabe.nl
[ERROR][18:47:39] [Tracker][ogar.mivabe.nl]: Error: getaddrinfo EAI_AGAIN ogar.mivabe.nl
[ERROR][18:48:09] [Tracker][ogar.mivabe.nl]: Error: getaddrinfo EAI_AGAIN ogar.mivabe.nl
[ERROR][18:48:39] [Tracker][ogar.mivabe.nl]: Error: getaddrinfo EAI_AGAIN ogar.mivabe.nl
[ERROR][18:49:09] [Tracker][ogar.mivabe.nl]: Error: getaddrinfo EAI_AGAIN ogar.mivabe.nl
[ERROR][18:49:39] [Tracker][ogar.mivabe.nl]: Error: getaddrinfo EAI_AGAIN ogar.mivabe.nl
[ERROR][18:50:09] [Tracker][ogar.mivabe.nl]: Error: getaddrinfo EAI_AGAIN ogar.mivabe.nl
[ERROR][18:50:39] [Tracker][ogar.mivabe.nl]: Error: getaddrinfo EAI_AGAIN ogar.mivabe.nl
[ERROR][18:51:09] [Tracker][ogar.mivabe.nl]: Error: getaddrinfo EAI_AGAIN ogar.mivabe.nl
[ERROR][18:51:39] [Tracker][ogar.mivabe.nl]: Error: getaddrinfo EAI_AGAIN ogar.mivabe.nl
[ERROR][18:52:09] [Tracker][ogar.mivabe.nl]: Error: getaddrinfo EAI_AGAIN ogar.mivabe.nl
[ERROR][18:52:39] [Tracker][ogar.mivabe.nl]: Error: getaddrinfo EAI_AGAIN ogar.mivabe.nl
[ERROR][18:53:09] [Tracker][ogar.mivabe.nl]: Error: getaddrinfo EAI_AGAIN ogar.mivabe.nl
[ERROR][18:53:39] [Tracker][ogar.mivabe.nl]: Error: getaddrinfo EAI_AGAIN ogar.mivabe.nl
[ERROR][18:54:09] [Tracker][ogar.mivabe.nl]: Error: getaddrinfo EAI_AGAIN ogar.mivabe.nl
[ERROR][18:54:39] [Tracker][ogar.mivabe.nl]: Error: getaddrinfo EAI_AGAIN ogar.mivabe.nl
[ERROR][18:55:09] [Tracker][ogar.mivabe.nl]: Error: getaddrinfo EAI_AGAIN ogar.mivabe.nl
[ERROR][18:55:39] [Tracker][ogar.mivabe.nl]: Error: getaddrinfo EAI_AGAIN ogar.mivabe.nl
[ERROR][18:56:09] [Tracker][ogar.mivabe.nl]: Error: getaddrinfo EAI_AGAIN ogar.mivabe.nl
[ERROR][18:56:39] [Tracker][ogar.mivabe.nl]: Error: getaddrinfo EAI_AGAIN ogar.mivabe.nl
[ERROR][18:57:09] [Tracker][ogar.mivabe.nl]: Error: getaddrinfo EAI_AGAIN ogar.mivabe.nl
[ERROR][18:57:39] [Tracker][ogar.mivabe.nl]: Error: getaddrinfo EAI_AGAIN ogar.mivabe.nl
[ERROR][18:58:09] [Tracker][ogar.mivabe.nl]: Error: getaddrinfo EAI_AGAIN ogar.mivabe.nl
[ERROR][18:58:39] [Tracker][ogar.mivabe.nl]: Error: getaddrinfo EAI_AGAIN ogar.mivabe.nl
[ERROR][18:59:09] [Tracker][ogar.mivabe.nl]: Error: getaddrinfo EAI_AGAIN ogar.mivabe.nl
[ERROR][18:59:39] [Tracker][ogar.mivabe.nl]: Error: getaddrinfo EAI_AGAIN ogar.mivabe.nl
[NONE ][19:09:49] CONNECTED 208.4.80.130:57964, origin: "https://34f255ab-3d17-48d9-9f19-a2c64b272861.id.repl.co"
[ERROR][19:10:39] [Tracker][ogar.mivabe.nl]: Error: getaddrinfo EAI_AGAIN ogar.mivabe.nl
[ERROR][19:11:09] [Tracker][ogar.mivabe.nl]: Error: getaddrinfo EAI_AGAIN ogar.mivabe.nl
[ERROR][19:11:39] [Tracker][ogar.mivabe.nl]: Error: getaddrinfo EAI_AGAIN ogar.mivabe.nl
[ERROR][19:12:09] [Tracker][ogar.mivabe.nl]: Error: getaddrinfo EAI_AGAIN ogar.mivabe.nl
[ERROR][19:12:39] [Tracker][ogar.mivabe.nl]: Error: getaddrinfo EAI_AGAIN ogar.mivabe.nl
[ERROR][19:13:09] [Tracker][ogar.mivabe.nl]: Error: getaddrinfo EAI_AGAIN ogar.mivabe.nl
[ERROR][19:13:39] [Tracker][ogar.mivabe.nl]: Error: getaddrinfo EAI_AGAIN ogar.mivabe.nl
[ERROR][19:14:09] [Tracker][ogar.mivabe.nl]: Error: getaddrinfo EAI_AGAIN ogar.mivabe.nl
[ERROR][19:14:39] [Tracker][ogar.mivabe.nl]: Error: getaddrinfo EAI_AGAIN ogar.mivabe.nl
[NONE ][19:14:43] DISCONNECTED 208.4.80.130:57964, code: null, reason: "null", name: ""
[ERROR][19:14:43] [172.31.128.1:57964] Error [ERR_STREAM_DESTROYED]: Cannot call write after a stream was destroyed
    at new NodeError (node:internal/errors:393:5)
    at errorBuffer (node:internal/streams/writable:520:31)
    at afterWrite (node:internal/streams/writable:504:5)
    at onwrite (node:internal/streams/writable:480:7)
    at WriteWrap.onWriteComplete [as oncomplete] (node:internal/stream_base_commons:87:12)
[NONE ][19:14:43] DISCONNECTED 208.4.80.130:57964, code: null, reason: "null", name: "hljsefjfs"
[ERROR][19:20:09] [Tracker][ogar.mivabe.nl]: Error: getaddrinfo EAI_AGAIN ogar.mivabe.nl
[ERROR][19:20:39] [Tracker][ogar.mivabe.nl]: Error: getaddrinfo EAI_AGAIN ogar.mivabe.nl
[ERROR][19:21:09] [Tracker][ogar.mivabe.nl]: Error: getaddrinfo EAI_AGAIN ogar.mivabe.nl
[ERROR][19:21:39] [Tracker][ogar.mivabe.nl]: Error: getaddrinfo EAI_AGAIN ogar.mivabe.nl
[ERROR][19:22:09] [Tracker][ogar.mivabe.nl]: Error: getaddrinfo EAI_AGAIN ogar.mivabe.nl
[ERROR][19:22:39] [Tracker][ogar.mivabe.nl]: Error: getaddrinfo EAI_AGAIN ogar.mivabe.nl
[ERROR][19:23:09] [Tracker][ogar.mivabe.nl]: Error: getaddrinfo EAI_AGAIN ogar.mivabe.nl
[ERROR][19:23:39] [Tracker][ogar.mivabe.nl]: Error: getaddrinfo EAI_AGAIN ogar.mivabe.nl
[ERROR][19:24:09] [Tracker][ogar.mivabe.nl]: Error: getaddrinfo EAI_AGAIN ogar.mivabe.nl
[ERROR][19:24:39] [Tracker][ogar.mivabe.nl]: Error: getaddrinfo EAI_AGAIN ogar.mivabe.nl
[ERROR][19:25:09] [Tracker][ogar.mivabe.nl]: Error: getaddrinfo EAI_AGAIN ogar.mivabe.nl
[ERROR][19:25:39] [Tracker][ogar.mivabe.nl]: Error: getaddrinfo EAI_AGAIN ogar.mivabe.nl
[ERROR][19:26:09] [Tracker][ogar.mivabe.nl]: Error: getaddrinfo EAI_AGAIN ogar.mivabe.nl
[ERROR][19:26:39] [Tracker][ogar.mivabe.nl]: Error: getaddrinfo EAI_AGAIN ogar.mivabe.nl
[ERROR][19:27:09] [Tracker][ogar.mivabe.nl]: Error: getaddrinfo EAI_AGAIN ogar.mivabe.nl
[ERROR][19:27:39] [Tracker][ogar.mivabe.nl]: Error: getaddrinfo EAI_AGAIN ogar.mivabe.nl
[ERROR][19:28:09] [Tracker][ogar.mivabe.nl]: Error: getaddrinfo EAI_AGAIN ogar.mivabe.nl
[ERROR][19:28:39] [Tracker][ogar.mivabe.nl]: Error: getaddrinfo EAI_AGAIN ogar.mivabe.nl
[ERROR][19:29:09] [Tracker][ogar.mivabe.nl]: Error: getaddrinfo EAI_AGAIN ogar.mivabe.nl
[ERROR][19:29:39] [Tracker][ogar.mivabe.nl]: Error: getaddrinfo EAI_AGAIN ogar.mivabe.nl
[NONE ][19:36:07] CONNECTED 165.29.56.190:55918, origin: "https://34f255ab-3d17-48d9-9f19-a2c64b272861.id.repl.co"
