=== Started 2023-04-27T08-45-44-317 ===
[ERROR][08:45:44] Unknown gameserver.ini value: serverWelcome3
[INFO ][08:45:44] 2 bad words loaded
[INFO ][08:45:44] 4 user records loaded.
[INFO ][08:45:44] 0 IP ban records loaded.
[INFO ][08:45:44] [1m[32mMultiOgar-Edited 1.6.1[37m - An open source multi-protocol ogar server[0m
[INFO ][08:45:44] WebSocket: ws
[INFO ][08:45:44] Started stats server on port 1234
[INFO ][08:45:44] Listening on port 3000
[INFO ][08:45:44] Current game mode is vFree For All
[INFO ][08:45:44] Added 4 player bots
[NONE ][08:45:44]   __  __       _ _   _  ___                        _____    _ _ _           _    _   __    _ 
 |  \/  |_   _| | |_(_)/ _ \  __ _  __ _ _ __     | ____|__| (_) |_ ___  __| |  / | / /_  / |
 | |\/| | | | | | __| | | | |/ _` |/ _` | '__|____|  _| / _` | | __/ _ \/ _` |  | || '_ \ | |
 | |  | | |_| | | |_| | |_| | (_| | (_| | | |_____| |__| (_| | | ||  __/ (_| |  | || (_) || |
 |_|  |_|\__,_|_|\__|_|\___/ \__, |\__,_|_|       |_____\__,_|_|\__\___|\__,_|  |_(_)___(_)_|
                             |___/                                                           
[NONE ][08:46:17] CONNECTED 217.165.57.157:46110, origin: "https://34f255ab-3d17-48d9-9f19-a2c64b272861.id.repl.co"
[NONE ][08:46:46] DISCONNECTED 217.165.57.157:46110, code: 1006, reason: "null", name: ""
[ERROR][08:47:07] [Tracker][ogar.mivabe.nl]: Error: getaddrinfo EAI_AGAIN ogar.mivabe.nl
[ERROR][08:48:05] [Tracker][ogar.mivabe.nl]: Error: getaddrinfo EAI_AGAIN ogar.mivabe.nl
