=== Started 2023-04-20T02-25-46-583 ===
[ERROR][02:25:46] Unknown gameserver.ini value: serverWelcome3
[INFO ][02:25:46] 2 bad words loaded
[INFO ][02:25:46] 4 user records loaded.
[INFO ][02:25:46] 0 IP ban records loaded.
[INFO ][02:25:46] [1m[32mMultiOgar-Edited 1.6.1[37m - An open source multi-protocol ogar server[0m
[INFO ][02:25:46] WebSocket: ws
[INFO ][02:25:46] Started stats server on port 1234
[INFO ][02:25:46] Listening on port 3000
[INFO ][02:25:46] Current game mode is vFree For All
[INFO ][02:25:46] Added 4 player bots
[NONE ][02:25:46]   __  __       _ _   _  ___                        _____    _ _ _           _    _   __    _ 
 |  \/  |_   _| | |_(_)/ _ \  __ _  __ _ _ __     | ____|__| (_) |_ ___  __| |  / | / /_  / |
 | |\/| | | | | | __| | | | |/ _` |/ _` | '__|____|  _| / _` | | __/ _ \/ _` |  | || '_ \ | |
 | |  | | |_| | | |_| | |_| | (_| | (_| | | |_____| |__| (_| | | ||  __/ (_| |  | || (_) || |
 |_|  |_|\__,_|_|\__|_|\___/ \__, |\__,_|_|       |_____\__,_|_|\__\___|\__,_|  |_(_)___(_)_|
                             |___/                                                           
[NONE ][02:25:50] CONNECTED 130.45.55.31:47454, origin: "https://biobit-forked.lxtte.repl.co"
[ERROR][02:27:10] [Tracker][ogar.mivabe.nl]: Error: getaddrinfo EAI_AGAIN ogar.mivabe.nl
[ERROR][02:27:36] [Tracker][ogar.mivabe.nl]: Error: getaddrinfo EAI_AGAIN ogar.mivabe.nl
[NONE ][02:28:01] DISCONNECTED 130.45.55.31:47454, code: 1006, reason: "null", name: "toe"
[ERROR][02:28:06] [Tracker][ogar.mivabe.nl]: Error: getaddrinfo EAI_AGAIN ogar.mivabe.nl
