=== Started 2023-03-06T07-06-19-093 ===
[ERROR][07:06:19] Unknown gameserver.ini value: serverWelcome3
[INFO ][07:06:19] 2 bad words loaded
[INFO ][07:06:19] 4 user records loaded.
[INFO ][07:06:19] 0 IP ban records loaded.
[INFO ][07:06:19] [1m[32mMultiOgar-Edited 1.6.1[37m - An open source multi-protocol ogar server[0m
[INFO ][07:06:19] WebSocket: ws
[INFO ][07:06:19] Started stats server on port 1234
[INFO ][07:06:19] Listening on port 3000
[INFO ][07:06:19] Current game mode is vFree For All
[INFO ][07:06:19] Added 4 player bots
[NONE ][07:06:19]   __  __       _ _   _  ___                        _____    _ _ _           _    _   __    _ 
 |  \/  |_   _| | |_(_)/ _ \  __ _  __ _ _ __     | ____|__| (_) |_ ___  __| |  / | / /_  / |
 | |\/| | | | | | __| | | | |/ _` |/ _` | '__|____|  _| / _` | | __/ _ \/ _` |  | || '_ \ | |
 | |  | | |_| | | |_| | |_| | (_| | (_| | | |_____| |__| (_| | | ||  __/ (_| |  | || (_) || |
 |_|  |_|\__,_|_|\__|_|\___/ \__, |\__,_|_|       |_____\__,_|_|\__\___|\__,_|  |_(_)___(_)_|
                             |___/                                                           
[NONE ][07:06:31] CONNECTED 5.195.47.111:46250, origin: "https://34f255ab-3d17-48d9-9f19-a2c64b272861.id.repl.co"
[NONE ][07:06:40] DISCONNECTED 5.195.47.111:46250, code: 1001, reason: "", name: "Player"
[NONE ][07:07:52] CONNECTED 5.195.47.111:44228, origin: "https://34f255ab-3d17-48d9-9f19-a2c64b272861.id.repl.co"
[NONE ][07:15:38] DISCONNECTED 5.195.47.111:44228, code: 1001, reason: "", name: "Player"
