=== Started 2023-05-17T08-22-01-890 ===
[ERROR][08:22:01] Unknown gameserver.ini value: serverWelcome3
[INFO ][08:22:01] 2 bad words loaded
[INFO ][08:22:01] 4 user records loaded.
[INFO ][08:22:01] 0 IP ban records loaded.
[INFO ][08:22:01] [1m[32mMultiOgar-Edited 1.6.1[37m - An open source multi-protocol ogar server[0m
[INFO ][08:22:01] WebSocket: ws
[INFO ][08:22:02] Started stats server on port 1234
[INFO ][08:22:02] Listening on port 3000
[INFO ][08:22:02] Current game mode is vFree For All
[INFO ][08:22:02] Added 4 player bots
[NONE ][08:22:02]   __  __       _ _   _  ___                        _____    _ _ _           _    _   __    _ 
 |  \/  |_   _| | |_(_)/ _ \  __ _  __ _ _ __     | ____|__| (_) |_ ___  __| |  / | / /_  / |
 | |\/| | | | | | __| | | | |/ _` |/ _` | '__|____|  _| / _` | | __/ _ \/ _` |  | || '_ \ | |
 | |  | | |_| | | |_| | |_| | (_| | (_| | | |_____| |__| (_| | | ||  __/ (_| |  | || (_) || |
 |_|  |_|\__,_|_|\__|_|\___/ \__, |\__,_|_|       |_____\__,_|_|\__\___|\__,_|  |_(_)___(_)_|
                             |___/                                                           
[NONE ][08:22:24] CONNECTED 213.81.69.28:51798, origin: "https://34f255ab-3d17-48d9-9f19-a2c64b272861.id.repl.co"
[ERROR][08:22:52] [Tracker][ogar.mivabe.nl]: Error: getaddrinfo EAI_AGAIN ogar.mivabe.nl
[NONE ][08:22:59] DISCONNECTED 213.81.69.28:51798, code: 1001, reason: "", name: "Cone Head"
[ERROR][08:23:20] [Tracker][ogar.mivabe.nl]: Error: getaddrinfo ENOTFOUND ogar.mivabe.nl
[NONE ][08:24:43] CONNECTED 213.81.69.28:34516, origin: "https://34f255ab-3d17-48d9-9f19-a2c64b272861.id.repl.co"
[ERROR][08:25:22] [Tracker][ogar.mivabe.nl]: Error: getaddrinfo EAI_AGAIN ogar.mivabe.nl
[ERROR][08:25:52] [Tracker][ogar.mivabe.nl]: Error: getaddrinfo EAI_AGAIN ogar.mivabe.nl
[ERROR][08:26:22] [Tracker][ogar.mivabe.nl]: Error: getaddrinfo EAI_AGAIN ogar.mivabe.nl
[ERROR][08:26:52] [Tracker][ogar.mivabe.nl]: Error: getaddrinfo EAI_AGAIN ogar.mivabe.nl
[NONE ][08:26:57] DISCONNECTED 213.81.69.28:34516, code: 1006, reason: "null", name: "josh"
