=== Started 2023-03-18T19-08-15-627 ===
[ERROR][19:08:15] Unknown gameserver.ini value: serverWelcome3
[INFO ][19:08:15] 2 bad words loaded
[INFO ][19:08:15] 4 user records loaded.
[INFO ][19:08:15] 0 IP ban records loaded.
[INFO ][19:08:15] [1m[32mMultiOgar-Edited 1.6.1[37m - An open source multi-protocol ogar server[0m
[INFO ][19:08:15] WebSocket: ws
[INFO ][19:08:15] Started stats server on port 1234
[INFO ][19:08:15] Listening on port 3000
[INFO ][19:08:15] Current game mode is vFree For All
[INFO ][19:08:15] Added 4 player bots
[NONE ][19:08:15]   __  __       _ _   _  ___                        _____    _ _ _           _    _   __    _ 
 |  \/  |_   _| | |_(_)/ _ \  __ _  __ _ _ __     | ____|__| (_) |_ ___  __| |  / | / /_  / |
 | |\/| | | | | | __| | | | |/ _` |/ _` | '__|____|  _| / _` | | __/ _ \/ _` |  | || '_ \ | |
 | |  | | |_| | | |_| | |_| | (_| | (_| | | |_____| |__| (_| | | ||  __/ (_| |  | || (_) || |
 |_|  |_|\__,_|_|\__|_|\___/ \__, |\__,_|_|       |_____\__,_|_|\__\___|\__,_|  |_(_)___(_)_|
                             |___/                                                           
[NONE ][20:05:58] CONNECTED 162.208.182.167:40704, origin: "https://34f255ab-3d17-48d9-9f19-a2c64b272861.id.repl.co"
[ERROR][20:06:36] [Tracker][ogar.mivabe.nl]: Error: getaddrinfo EAI_AGAIN ogar.mivabe.nl
[NONE ][20:06:58] DISCONNECTED 162.208.182.167:40704, code: 1006, reason: "null", name: ""
[ERROR][20:07:06] [Tracker][ogar.mivabe.nl]: Error: getaddrinfo EAI_AGAIN ogar.mivabe.nl
