=== Started 2023-02-07T01-00-37-915 ===
[ERROR][01:00:38] Unknown gameserver.ini value: serverWelcome3
[INFO ][01:00:38] 1 bad words loaded
[INFO ][01:00:38] 4 user records loaded.
[INFO ][01:00:38] 0 IP ban records loaded.
[INFO ][01:00:38] [1m[32mMultiOgar-Edited 1.6.1[37m - An open source multi-protocol ogar server[0m
[INFO ][01:00:38] WebSocket: ws
[INFO ][01:00:42] Started stats server on port 1234
[INFO ][01:00:42] Listening on port 3000
[INFO ][01:00:42] Current game mode is Free For All
[INFO ][01:00:43] Added 4 player bots
[NONE ][01:00:50]   __  __       _ _   _  ___                        _____    _ _ _           _    _   __    _ 
 |  \/  |_   _| | |_(_)/ _ \  __ _  __ _ _ __     | ____|__| (_) |_ ___  __| |  / | / /_  / |
 | |\/| | | | | | __| | | | |/ _` |/ _` | '__|____|  _| / _` | | __/ _ \/ _` |  | || '_ \ | |
 | |  | | |_| | | |_| | |_| | (_| | (_| | | |_____| |__| (_| | | ||  __/ (_| |  | || (_) || |
 |_|  |_|\__,_|_|\__|_|\___/ \__, |\__,_|_|       |_____\__,_|_|\__\___|\__,_|  |_(_)___(_)_|
                             |___/                                                           
[NONE ][01:01:50] CONNECTED 73.73.5.53:57722, origin: "https://8451268c-7b9d-4530-8b13-9f1ac828e838.id.repl.co"
[NONE ][01:01:50] CONNECTED 64.114.239.120:55146, origin: "https://biobit.bigfatgrub.repl.co"
[NONE ][01:01:50] CONNECTED 98.161.224.186:57276, origin: "https://biobit.bigfatgrub.repl.co"
[FATAL][01:02:04] RangeError: Maximum call stack size exceeded
    at Receiver.readBuffer (/home/runner/BioBit/node_modules/ws/lib/Receiver.js:71:14)
    at Receiver.start (/home/runner/BioBit/node_modules/ws/lib/Receiver.js:158:22)
    at Receiver.dataMessage (/home/runner/BioBit/node_modules/ws/lib/Receiver.js:373:10)
    at Receiver.getData (/home/runner/BioBit/node_modules/ws/lib/Receiver.js:319:12)
    at Receiver.getMask (/home/runner/BioBit/node_modules/ws/lib/Receiver.js:295:10)
    at Receiver.haveLength (/home/runner/BioBit/node_modules/ws/lib/Receiver.js:278:12)
    at Receiver.start (/home/runner/BioBit/node_modules/ws/lib/Receiver.js:226:12)
    at Receiver.dataMessage (/home/runner/BioBit/node_modules/ws/lib/Receiver.js:373:10)
    at Receiver.getData (/home/runner/BioBit/node_modules/ws/lib/Receiver.js:319:12)
    at Receiver.getMask (/home/runner/BioBit/node_modules/ws/lib/Receiver.js:295:10)
[DEBUG][01:02:04] process.exit(1)
=== Shutdown 2023-02-07T01-02-04-925 ===
