=== Started 2023-04-12T09-46-54-753 ===
[ERROR][09:46:54] Unknown gameserver.ini value: serverWelcome3
[INFO ][09:46:54] 2 bad words loaded
[INFO ][09:46:54] 4 user records loaded.
[INFO ][09:46:54] 0 IP ban records loaded.
[INFO ][09:46:54] [1m[32mMultiOgar-Edited 1.6.1[37m - An open source multi-protocol ogar server[0m
[INFO ][09:46:54] WebSocket: ws
[INFO ][09:46:54] Started stats server on port 1234
[INFO ][09:46:54] Listening on port 3000
[INFO ][09:46:54] Current game mode is vFree For All
[INFO ][09:46:55] Added 4 player bots
[NONE ][09:46:55]   __  __       _ _   _  ___                        _____    _ _ _           _    _   __    _ 
 |  \/  |_   _| | |_(_)/ _ \  __ _  __ _ _ __     | ____|__| (_) |_ ___  __| |  / | / /_  / |
 | |\/| | | | | | __| | | | |/ _` |/ _` | '__|____|  _| / _` | | __/ _ \/ _` |  | || '_ \ | |
 | |  | | |_| | | |_| | |_| | (_| | (_| | | |_____| |__| (_| | | ||  __/ (_| |  | || (_) || |
 |_|  |_|\__,_|_|\__|_|\___/ \__, |\__,_|_|       |_____\__,_|_|\__\___|\__,_|  |_(_)___(_)_|
                             |___/                                                           
[NONE ][09:47:06] CONNECTED 94.7.249.209:42286, origin: "https://34f255ab-3d17-48d9-9f19-a2c64b272861.id.repl.co"
[NONE ][09:47:08] CONNECTED 194.54.8.249:50600, origin: "https://34f255ab-3d17-48d9-9f19-a2c64b272861.id.repl.co"
[NONE ][10:06:16] DISCONNECTED 94.7.249.209:42286, code: 1001, reason: "", name: "Nose pimple"
[NONE ][10:06:54] DISCONNECTED 194.54.8.249:50600, code: 1001, reason: "", name: "eyelashes"
