=== Started 2023-05-16T01-08-24-604 ===
[ERROR][01:08:24] Unknown gameserver.ini value: serverWelcome3
[INFO ][01:08:24] 2 bad words loaded
[INFO ][01:08:24] 4 user records loaded.
[INFO ][01:08:24] 0 IP ban records loaded.
[INFO ][01:08:24] [1m[32mMultiOgar-Edited 1.6.1[37m - An open source multi-protocol ogar server[0m
[INFO ][01:08:24] WebSocket: ws
[INFO ][01:08:24] Started stats server on port 1234
[INFO ][01:08:24] Listening on port 3000
[INFO ][01:08:24] Current game mode is vFree For All
[INFO ][01:08:24] Added 4 player bots
[NONE ][01:08:24]   __  __       _ _   _  ___                        _____    _ _ _           _    _   __    _ 
 |  \/  |_   _| | |_(_)/ _ \  __ _  __ _ _ __     | ____|__| (_) |_ ___  __| |  / | / /_  / |
 | |\/| | | | | | __| | | | |/ _` |/ _` | '__|____|  _| / _` | | __/ _ \/ _` |  | || '_ \ | |
 | |  | | |_| | | |_| | |_| | (_| | (_| | | |_____| |__| (_| | | ||  __/ (_| |  | || (_) || |
 |_|  |_|\__,_|_|\__|_|\___/ \__, |\__,_|_|       |_____\__,_|_|\__\___|\__,_|  |_(_)___(_)_|
                             |___/                                                           
[ERROR][01:10:44] [Tracker][ogar.mivabe.nl]: Error: getaddrinfo EAI_AGAIN ogar.mivabe.nl
[ERROR][01:11:14] [Tracker][ogar.mivabe.nl]: Error: getaddrinfo EAI_AGAIN ogar.mivabe.nl
[ERROR][01:11:44] [Tracker][ogar.mivabe.nl]: Error: getaddrinfo EAI_AGAIN ogar.mivabe.nl
[ERROR][01:12:14] [Tracker][ogar.mivabe.nl]: Error: getaddrinfo EAI_AGAIN ogar.mivabe.nl
[ERROR][01:12:44] [Tracker][ogar.mivabe.nl]: Error: getaddrinfo EAI_AGAIN ogar.mivabe.nl
[ERROR][01:13:14] [Tracker][ogar.mivabe.nl]: Error: getaddrinfo EAI_AGAIN ogar.mivabe.nl
[ERROR][01:13:44] [Tracker][ogar.mivabe.nl]: Error: getaddrinfo EAI_AGAIN ogar.mivabe.nl
[ERROR][01:14:14] [Tracker][ogar.mivabe.nl]: Error: getaddrinfo EAI_AGAIN ogar.mivabe.nl
[NONE ][01:14:21] CONNECTED 67.191.73.65:44416, origin: "https://biobit-forked.lxtte.repl.co"
[ERROR][01:15:14] [Tracker][ogar.mivabe.nl]: Error: getaddrinfo EAI_AGAIN ogar.mivabe.nl
[ERROR][01:15:44] [Tracker][ogar.mivabe.nl]: Error: getaddrinfo EAI_AGAIN ogar.mivabe.nl
[NONE ][01:15:50] DISCONNECTED 67.191.73.65:44416, code: 1000, reason: "Connection timeout", name: ""
[NONE ][01:15:53] CONNECTED 67.191.73.65:56246, origin: "https://biobit-forked.lxtte.repl.co"
[ERROR][01:16:45] [Tracker][ogar.mivabe.nl]: Error: getaddrinfo EAI_AGAIN ogar.mivabe.nl
[NONE ][01:16:52] DISCONNECTED 67.191.73.65:56246, code: 1006, reason: "null", name: "Player"
[NONE ][01:56:46] CONNECTED 67.191.73.65:41422, origin: "https://biobit-forked.lxtte.repl.co"
[ERROR][01:59:48] [Tracker][ogar.mivabe.nl]: Error: getaddrinfo EAI_AGAIN ogar.mivabe.nl
[NONE ][02:00:52] DISCONNECTED 67.191.73.65:41422, code: 1000, reason: "", name: "Player"
