=== Started 2023-02-14T18-00-12-727 ===
[ERROR][18:00:12] Unknown gameserver.ini value: serverWelcome3
[INFO ][18:00:12] 2 bad words loaded
[INFO ][18:00:12] 4 user records loaded.
[INFO ][18:00:12] 0 IP ban records loaded.
[INFO ][18:00:12] [1m[32mMultiOgar-Edited 1.6.1[37m - An open source multi-protocol ogar server[0m
[INFO ][18:00:12] WebSocket: ws
[INFO ][18:00:12] Started stats server on port 1234
[INFO ][18:00:12] Listening on port 3000
[INFO ][18:00:12] Current game mode is vFree For All
[INFO ][18:00:12] Added 4 player bots
[NONE ][18:00:12]   __  __       _ _   _  ___                        _____    _ _ _           _    _   __    _ 
 |  \/  |_   _| | |_(_)/ _ \  __ _  __ _ _ __     | ____|__| (_) |_ ___  __| |  / | / /_  / |
 | |\/| | | | | | __| | | | |/ _` |/ _` | '__|____|  _| / _` | | __/ _ \/ _` |  | || '_ \ | |
 | |  | | |_| | | |_| | |_| | (_| | (_| | | |_____| |__| (_| | | ||  __/ (_| |  | || (_) || |
 |_|  |_|\__,_|_|\__|_|\___/ \__, |\__,_|_|       |_____\__,_|_|\__\___|\__,_|  |_(_)___(_)_|
                             |___/                                                           
[NONE ][18:00:38] CONNECTED 152.157.185.136:32904, origin: "https://biobit-forked.lxtte.repl.co"
[NONE ][18:01:12] >speed 5 5
[NONE ][18:01:12] Set base speed of Joe swansonson to 5
[NONE ][18:01:16] >mass 5 1000
[WARN ][18:01:16] That player is either dead or not playing!
[NONE ][18:01:22] CONNECTED 152.157.185.87:43860, origin: "https://biobit-forked.lxtte.repl.co"
[NONE ][18:01:22] >mass 5 1000
[NONE ][18:01:22] Set mass of Joe swansonson to 1000.000
[NONE ][18:03:00] >addbot 100
[NONE ][18:03:00] Added 100 player bots
[ERROR][18:03:28] [172.31.128.1:43860] Error: write EPIPE
    at afterWriteDispatched (node:internal/stream_base_commons:160:15)
    at writeGeneric (node:internal/stream_base_commons:151:3)
    at Socket._writeGeneric (node:net:917:11)
    at Socket._write (node:net:929:8)
    at writeOrBuffer (node:internal/streams/writable:392:12)
    at _write (node:internal/streams/writable:333:10)
    at Writable.write (node:internal/streams/writable:337:10)
    at sendFramedData (/home/runner/BioBit-Forked/node_modules/ws/lib/Sender.js:435:20)
    at Sender.frameAndSend (/home/runner/BioBit-Forked/node_modules/ws/lib/Sender.js:347:5)
    at Sender.doClose (/home/runner/BioBit-Forked/node_modules/ws/lib/Sender.js:74:10)
[NONE ][18:03:28] DISCONNECTED 152.157.185.87:43860, code: 1006, reason: "", name: "ballsack"
[NONE ][18:04:20] DISCONNECTED 152.157.185.136:32904, code: null, reason: "null", name: "Joe swansonson"
[NONE ][18:04:22] CONNECTED 152.157.185.136:47898, origin: "https://biobit-forked.lxtte.repl.co"
[NONE ][18:05:27] DISCONNECTED 152.157.185.136:47898, code: 1006, reason: "null", name: ""
