=== Started 2023-02-13T17-02-11-611 ===
[ERROR][17:02:11] Unknown gameserver.ini value: serverWelcome3
[INFO ][17:02:11] 2 bad words loaded
[INFO ][17:02:11] 4 user records loaded.
[INFO ][17:02:11] 0 IP ban records loaded.
[INFO ][17:02:11] [1m[32mMultiOgar-Edited 1.6.1[37m - An open source multi-protocol ogar server[0m
[INFO ][17:02:11] WebSocket: ws
[INFO ][17:02:11] Started stats server on port 1234
[INFO ][17:02:11] Listening on port 3000
[INFO ][17:02:11] Current game mode is Free For All
[INFO ][17:02:11] Added 4 player bots
[NONE ][17:02:11]   __  __       _ _   _  ___                        _____    _ _ _           _    _   __    _ 
 |  \/  |_   _| | |_(_)/ _ \  __ _  __ _ _ __     | ____|__| (_) |_ ___  __| |  / | / /_  / |
 | |\/| | | | | | __| | | | |/ _` |/ _` | '__|____|  _| / _` | | __/ _ \/ _` |  | || '_ \ | |
 | |  | | |_| | | |_| | |_| | (_| | (_| | | |_____| |__| (_| | | ||  __/ (_| |  | || (_) || |
 |_|  |_|\__,_|_|\__|_|\___/ \__, |\__,_|_|       |_____\__,_|_|\__\___|\__,_|  |_(_)___(_)_|
                             |___/                                                           
[NONE ][17:02:16] CONNECTED 152.157.185.136:50066, origin: "https://34f255ab-3d17-48d9-9f19-a2c64b272861.id.repl.co"
[NONE ][17:02:16] Welcome to BioBit v1.0! 
[NONE ][17:02:16] SERVER
[NONE ][17:02:16] Message from admin: SERVER
[NONE ][17:02:16] Hello There! 
[NONE ][17:02:16] SERVER
[NONE ][17:02:16] Message from admin: SERVER
[NONE ][17:03:16] DISCONNECTED 152.157.185.136:50066, code: 1006, reason: "null", name: ""
