=== Started 2023-02-11T04-37-04-171 ===
[ERROR][04:37:04] Unknown gameserver.ini value: serverWelcome3
[INFO ][04:37:04] 2 bad words loaded
[INFO ][04:37:04] 4 user records loaded.
[INFO ][04:37:04] 0 IP ban records loaded.
[INFO ][04:37:04] [1m[32mMultiOgar-Edited 1.6.1[37m - An open source multi-protocol ogar server[0m
[INFO ][04:37:04] WebSocket: ws
[INFO ][04:37:04] Started stats server on port 1234
[INFO ][04:37:04] Listening on port 3000
[INFO ][04:37:04] Current game mode is Free For All
[INFO ][04:37:04] Added 4 player bots
[NONE ][04:37:04]   __  __       _ _   _  ___                        _____    _ _ _           _    _   __    _ 
 |  \/  |_   _| | |_(_)/ _ \  __ _  __ _ _ __     | ____|__| (_) |_ ___  __| |  / | / /_  / |
 | |\/| | | | | | __| | | | |/ _` |/ _` | '__|____|  _| / _` | | __/ _ \/ _` |  | || '_ \ | |
 | |  | | |_| | | |_| | |_| | (_| | (_| | | |_____| |__| (_| | | ||  __/ (_| |  | || (_) || |
 |_|  |_|\__,_|_|\__|_|\___/ \__, |\__,_|_|       |_____\__,_|_|\__\___|\__,_|  |_(_)___(_)_|
                             |___/                                                           
[NONE ][04:37:11] CONNECTED 185.177.125.181:59134, origin: "https://34f255ab-3d17-48d9-9f19-a2c64b272861.id.repl.co"
[NONE ][04:37:11] Welcome to BioBit v1.0! 
[NONE ][04:37:11] Hello There! 
[NONE ][04:37:19] <ref *2> PlayerTracker {
  gameServer: <ref *1> GameServer {
    srcFiles: '../src',
    run: true,
    version: '1.6.1',
    httpServer: Server {
      maxHeaderSize: undefined,
      insecureHTTPParser: undefined,
      requestTimeout: 300000,
      headersTimeout: 60000,
      keepAliveTimeout: 5000,
      connectionsCheckingInterval: 30000,
      _events: [Object: null prototype],
      _eventsCount: 3,
      _maxListeners: undefined,
      _connections: 0,
      _handle: [TCP],
      _usingWorkers: false,
      _workers: [],
      _unref: false,
      allowHalfOpen: true,
      pauseOnConnect: false,
      noDelay: true,
      keepAlive: false,
      keepAliveInitialDelay: 0,
      httpAllowHalfOpen: false,
      timeout: 0,
      maxHeadersCount: null,
      maxRequestsPerSocket: 0,
      _connectionKey: '6::::1234',
      [Symbol(IncomingMessage)]: [Function: IncomingMessage],
      [Symbol(ServerResponse)]: [Function: ServerResponse],
      [Symbol(kCapture)]: false,
      [Symbol(async_id_symbol)]: 11,
      [Symbol(http.server.connections)]: ConnectionsList {},
      [Symbol(http.server.connectionsCheckingInterval)]: Timeout {
        _idleTimeout: 30000,
        _idlePrev: [Timeout],
        _idleNext: [Timeout],
        _idleStart: 1498,
        _onTimeout: [Function: bound checkConnections],
        _timerArgs: undefined,
        _repeat: 30000,
        _destroyed: false,
        [Symbol(refed)]: false,
        [Symbol(kHasPrimitive)]: false,
        [Symbol(asyncId)]: 10,
        [Symbol(triggerId)]: 1
      },
      [Symbol(kUniqueHeaders)]: null
    },
    lastNodeId: 1122,
    lastPlayerId: 6,
    clients: [
      [FakeSocket],
      [FakeSocket],
      [FakeSocket],
      [FakeSocket],
      [WebSocket]
    ],
    socketCount: 1,
    largestClient: PlayerTracker {
      gameServer: [Circular *1],
      socket: [FakeSocket],
      pID: 2,
      userAuth: null,
      isRemoved: false,
      isCloseRequested: false,
      _name: 'Maggot 🤖',
      _skin: '',
      _nameUtf8: <Buffer 4d 61 67 67 6f 74 20 f0 9f a4 96 00>,
      _skinUtf8protocol11: null,
      _nameUnicode: <Buffer 4d 00 61 00 67 00 67 00 6f 00 74 00 20 00 3e d8 16 dd 00 00>,
      _skinUtf8: null,
      color: [Object],
      viewNodes: [Array],
      clientNodes: [],
      cells: [Array],
      mergeOverride: false,
      _score: 39.15219460255405,
      _scale: 1,
      borderCounter: 0,
      connectedTime: 2023-02-11T04:37:04.656Z,
      tickLeaderboard: 0,
      team: 0,
      spectate: false,
      freeRoam: false,
      spectateTarget: null,
      lastKeypressTick: 0,
      centerPos: [Vec2],
      mouse: [Vec2],
      viewBox: [Object],
      scrambleX: 0,
      scrambleY: 0,
      scrambleId: 0,
      isMinion: false,
      isMuted: false,
      spawnmass: 0,
      frozen: false,
      customspeed: 0,
      rec: false,
      miQ: 0,
      isMi: false,
      minionSplit: false,
      minionEject: false,
      minionFrozen: false,
      minionControl: false,
      collectPellets: false,
      userRole: 0,
      splitCooldown: 0
    },
    nodes: [
      [Cell], [Cell], [Cell], [Cell], [Cell], [Cell], [Cell],
      [Cell], [Cell], [Cell], [Cell], [Cell], [Cell], [Cell],
      [Cell], [Cell], [Cell], [Cell], [Cell], [Cell], [Cell],
      [Cell], [Cell], [Cell], [Cell], [Cell], [Cell], [Cell],
      [Cell], [Cell], [Cell], [Cell], [Cell], [Cell], [Cell],
      [Cell], [Cell], [Cell], [Cell], [Cell], [Cell], [Cell],
      [Cell], [Cell], [Cell], [Cell], [Cell], [Cell], [Cell],
      [Cell], [Cell], [Cell], [Cell], [Cell], [Cell], [Cell],
      [Cell], [Cell], [Cell], [Cell], [Cell], [Cell], [Cell],
      [Cell], [Cell], [Cell], [Cell], [Cell], [Cell], [Cell],
      [Cell], [Cell], [Cell], [Cell], [Cell], [Cell], [Cell],
      [Cell], [Cell], [Cell], [Cell], [Cell], [Cell], [Cell],
      [Cell], [Cell], [Cell], [Cell], [Cell], [Cell], [Cell],
      [Cell], [Cell], [Cell], [Cell], [Cell], [Cell], [Cell],
      [Cell], [Cell],
      ... 994 more items
    ],
    nodesVirus: [
      [Cell], [Cell], [Cell], [Cell],
      [Cell], [Cell], [Cell], [Cell],
      [Cell], [Cell], [Cell], [Cell],
      [Cell], [Cell], [Cell], [Cell],
      [Cell], [Cell], [Cell], [Cell],
      [Cell], [Cell], [Cell], [Cell],
      [Cell], [Cell], [Cell], [Cell],
      [Cell], [Cell], [Cell], [Cell],
      [Cell], [Cell], [Cell], [Cell]
    ],
    nodesFood: [
      [Cell], [Cell], [Cell], [Cell], [Cell], [Cell], [Cell],
      [Cell], [Cell], [Cell], [Cell], [Cell], [Cell], [Cell],
      [Cell], [Cell], [Cell], [Cell], [Cell], [Cell], [Cell],
      [Cell], [Cell], [Cell], [Cell], [Cell], [Cell], [Cell],
      [Cell], [Cell], [Cell], [Cell], [Cell], [Cell], [Cell],
      [Cell], [Cell], [Cell], [Cell], [Cell], [Cell], [Cell],
      [Cell], [Cell], [Cell], [Cell], [Cell], [Cell], [Cell],
      [Cell], [Cell], [Cell], [Cell], [Cell], [Cell], [Cell],
      [Cell], [Cell], [Cell], [Cell], [Cell], [Cell], [Cell],
      [Cell], [Cell], [Cell], [Cell], [Cell], [Cell], [Cell],
      [Cell], [Cell], [Cell], [Cell], [Cell], [Cell], [Cell],
      [Cell], [Cell], [Cell], [Cell], [Cell], [Cell], [Cell],
      [Cell], [Cell], [Cell], [Cell], [Cell], [Cell], [Cell],
      [Cell], [Cell], [Cell], [Cell], [Cell], [Cell], [Cell],
      [Cell], [Cell],
      ... 953 more items
    ],
    nodesEjected: [],
    nodesPlayer: [ [Cell], [Cell], [Cell], [Cell], [Cell] ],
    movingNodes: [],
    leaderboard: [
      [PlayerTracker],
      [PlayerTracker],
      [PlayerTracker],
      [PlayerTracker],
      [Circular *2]
    ],
    leaderboardType: 49,
    bots: BotLoader {
      gameServer: [Circular *1],
      randomNames: [Array],
      nameIndex: 0
    },
    startTime: 1676090224248,
    stepDateTime: 1676090239247,
    timeStamp: 1676090239232,
    updateTime: 0.46524,
    updateTimeAvg: 0.5090957078566062,
    timerLoopBind: [Function: bound ],
    mainLoopBind: [Function: bound ],
    tickCounter: 360,
    disableSpawn: false,
    config: {
      logVerbosity: 4,
      logFileVerbosity: 5,
      serverTimeout: 30,
      serverWsModule: 'ws',
      serverMaxConnections: 0,
      serverPort: 3000,
      serverBind: '0.0.0.0',
      serverTracker: 1,
      serverGamemode: 0,
      serverBots: 4,
      serverViewBaseX: 1920,
      serverViewBaseY: 1080,
      serverMinScale: 0.15,
      serverSpectatorScale: 0.4,
      serverStatsPort: 1234,
      serverStatsUpdate: 30,
      mobilePhysics: 0,
      badWordFilter: 0,
      serverRestart: 540000,
      serverMaxLB: 20,
      serverChat: 1,
      serverChatAscii: 0,
      separateChatForTeams: 0,
      serverName: 'BioBit v1.0',
      serverWelcome1: 'Welcome to BioBit v1.0! ',
      serverWelcome2: 'Hello There! ',
      clientBind: NaN,
      serverIpLimit: 2,
      serverMinionIgnoreTime: 30,
      serverMinionThreshold: 10,
      serverMinionInterval: 1000,
      serverScrambleLevel: 0,
      playerBotGrow: 0,
      borderWidth: 14142.135623730952,
      borderHeight: 14142.135623730952,
      foodMinSize: 16,
      foodMaxSize: 20,
      foodMinAmount: 2000,
      foodMaxAmount: 2000,
      foodSpawnAmount: 30,
      foodMassGrow: 1,
      spawnInterval: 10,
      virusMinSize: 100,
      virusMaxSize: 110,
      virusMaxPoppedSize: 60,
      virusEqualPopSize: 0,
      virusMinAmount: 50,
      virusMaxAmount: 100,
      motherCellMaxMass: 0,
      virusVelocity: 900,
      virusMaxCells: 0,
      ejectSize: 36.06,
      ejectSizeLoss: 42.43,
      ejectCooldown: 3,
      ejectSpawnPercent: 0.5,
      ejectVirus: 0,
      ejectVelocity: 780,
      playerMinSize: 60,
      playerMaxSize: 3000,
      playerMinSplitSize: 59.16079783,
      playerMinEjectSize: 59.16079783,
      playerStartSize: 36,
      playerMaxCells: 21,
      playerSpeed: 1,
      playerDecayRate: 0.002,
      playerDecayCap: 0,
      playerRecombineTime: 15,
      playerDisconnectTime: -1,
      playerMaxNickLength: 50,
      splitVelocity: 780,
      minionStartSize: 31.6227766017,
      minionMaxStartSize: 31.6227766017,
      minionCollideTeam: 0,
      disableERTP: 1,
      disableQ: 0,
      serverMinions: 0,
      collectPellets: 0,
      defaultName: '🦋',
      minionsOnLeaderboard: 0,
      tourneyMaxPlayers: 6,
      tourneyPrepTime: 10,
      tourneyEndTime: 30,
      tourneyTimeLimit: 20,
      tourneyAutoFill: 0,
      tourneyAutoFillPlayers: 1,
      tourneyLeaderboardToggleTime: 0
    },
    IpBan: [],
    minionTest: [],
    userList: [ [Object], [Object], [Object], [Object] ],
    badWords: [ ' <r>nigga ', ' <r>nigger ' ],
    ipBanList: [],
    border: {
      minx: -7071.067811865476,
      miny: -7071.067811865476,
      maxx: 7071.067811865476,
      maxy: 7071.067811865476,
      width: 14142.135623730952,
      height: 14142.135623730952,
      cx: 0,
      cy: 0
    },
    quadTree: QuadNode {
      halfWidth: 7071.067811865476,
      halfHeight: 7071.067811865476,
      bound: [Object],
      childNodes: [Array],
      items: [Array]
    },
    gameMode: Mode {
      ID: 0,
      name: 'Free For All',
      decayMod: 1,
      packetLB: 49,
      haveTeams: false,
      specByLeaderboard: true,
      IsTournament: false,
      rankOne: [PlayerTracker]
    },
    clientBind: [ 'NaN' ],
    WebSocket: [class WebSocket extends EventEmitter] {
      CONNECTING: 0,
      OPEN: 1,
      CLOSING: 2,
      CLOSED: 3,
      Server: [class WebSocketServer extends EventEmitter],
      Receiver: [class Receiver],
      Sender: [class Sender]
    },
    wsServer: WebSocketServer {
      _events: [Object: null prototype],
      _eventsCount: 2,
      _maxListeners: undefined,
      _server: [Server],
      _ultron: [Ultron],
      clients: [Set],
      options: [Object],
      path: null,
      [Symbol(kCapture)]: false
    },
    stats: '{"server_name":"BioBit v1.0","server_chat":"true","border_width":14142.135623730952,"border_height":14142.135623730952,"gamemode":"Free For All","max_players":0,"current_players":0,"alive":0,"spectators":0,"update_time":"0.000","uptime":-27934837,"start_time":1676090224248}'
  },
  socket: <ref *3> WebSocket {
    _events: [Object: null prototype] {
      close: [Array],
      error: [Array],
      message: [Function (anonymous)]
    },
    _eventsCount: 3,
    _maxListeners: undefined,
    readyState: 1,
    bytesReceived: 3604,
    extensions: {},
    protocol: '',
    _finalize: [Function: bound finalize] { __ultron: 1 },
    _binaryType: 'nodebuffer',
    _finalizeCalled: false,
    _closeMessage: null,
    _closeTimer: null,
    _closeCode: null,
    _receiver: Receiver {
      extensions: {},
      maxPayload: 4096,
      bufferedBytes: 0,
      buffers: [],
      compressed: false,
      payloadLength: 7,
      fragmented: 0,
      masked: true,
      fin: true,
      mask: <Buffer c6 e0 40 c9>,
      opcode: 2,
      totalPayloadLength: 0,
      messageLength: 0,
      fragments: [],
      cleanupCallback: null,
      hadError: false,
      dead: false,
      onmessage: [Function (anonymous)],
      onclose: [Function (anonymous)],
      onerror: [Function (anonymous)],
      onping: [Function (anonymous)],
      onpong: [Function (anonymous)],
      state: 4
    },
    _sender: Sender {
      perMessageDeflate: undefined,
      _socket: [Socket],
      firstFragment: true,
      compress: false,
      processing: false,
      bufferedBytes: 0,
      queue: [],
      onerror: [Function (anonymous)]
    },
    _socket: Socket {
      connecting: false,
      _hadError: false,
      _parent: null,
      _host: null,
      _closeAfterHandlingError: false,
      _readableState: [ReadableState],
      _events: [Object: null prototype],
      _eventsCount: 4,
      _maxListeners: undefined,
      _writableState: [WritableState],
      allowHalfOpen: true,
      _sockname: null,
      _pendingData: null,
      _pendingEncoding: '',
      server: [Server],
      _server: [Server],
      parser: null,
      on: [Function (anonymous)],
      addListener: [Function (anonymous)],
      prependListener: [Function: prependListener],
      setEncoding: [Function: socketSetEncoding],
      _paused: false,
      timeout: 0,
      _peername: [Object],
      [Symbol(async_id_symbol)]: 652,
      [Symbol(kHandle)]: [TCP],
      [Symbol(lastWriteQueueSize)]: 0,
      [Symbol(timeout)]: null,
      [Symbol(kBuffer)]: null,
      [Symbol(kBufferCb)]: null,
      [Symbol(kBufferGen)]: null,
      [Symbol(kCapture)]: false,
      [Symbol(kSetNoDelay)]: true,
      [Symbol(kSetKeepAlive)]: false,
      [Symbol(kSetKeepAliveInitialDelay)]: 0,
      [Symbol(kBytesRead)]: 0,
      [Symbol(kBytesWritten)]: 0
    },
    _ultron: Ultron { id: 1, ee: [Socket] },
    protocolVersion: 13,
    maxPayload: 4096,
    upgradeReq: IncomingMessage {
      _readableState: [ReadableState],
      _events: [Object: null prototype] {},
      _eventsCount: 0,
      _maxListeners: undefined,
      socket: [Socket],
      httpVersionMajor: 1,
      httpVersionMinor: 1,
      httpVersion: '1.1',
      complete: true,
      rawHeaders: [Array],
      rawTrailers: [],
      aborted: false,
      upgrade: true,
      url: '/',
      method: 'GET',
      statusCode: null,
      statusMessage: null,
      client: [Socket],
      _consuming: false,
      _dumped: false,
      parser: null,
      [Symbol(kCapture)]: false,
      [Symbol(kHeaders)]: [Object],
      [Symbol(kHeadersCount)]: 42,
      [Symbol(kTrailers)]: null,
      [Symbol(kTrailersCount)]: 0
    },
    _isServer: true,
    isConnected: true,
    remoteAddress: '185.177.125.181',
    remotePort: 59134,
    lastAliveTime: 1676090239209,
    playerTracker: [Circular *2],
    packetHandler: PacketHandler {
      gameServer: [GameServer],
      socket: [Circular *3],
      protocol: 6,
      handshakeProtocol: 6,
      handshakeKey: 1,
      lastJoinTick: 309,
      lastChatTick: 360,
      lastStatTick: 345,
      lastQTick: 0,
      lastSpaceTick: 0,
      pressQ: false,
      pressW: false,
      pressSpace: false,
      mouseData: null,
      handler: [Object]
    },
    playerCommand: PlayerCommand {
      gameServer: [GameServer],
      playerTracker: [Circular *2]
    },
    [Symbol(kCapture)]: false
  },
  pID: 5,
  userAuth: null,
  isRemoved: false,
  isCloseRequested: false,
  _name: 'Player',
  _skin: '',
  _nameUtf8: <Buffer 50 6c 61 79 65 72 00>,
  _skinUtf8protocol11: null,
  _nameUnicode: <Buffer 50 00 6c 00 61 00 79 00 65 00 72 00 00 00>,
  _skinUtf8: null,
  color: { r: 255, g: 230, b: 7 },
  viewNodes: [
    Cell {
      gameServer: [GameServer],
      owner: null,
      color: [Object],
      radius: 346.6772411605386,
      _size: 18.61927069357279,
      _mass: 3.466772411605386,
      cellType: 1,
      isSpiked: false,
      isAgitated: false,
      killedBy: null,
      isMoving: false,
      boostDistance: 0,
      boostDirection: [Vec2],
      tickOfBirth: 10,
      nodeId: 51,
      position: [Vec2],
      quadItem: [Object]
    },
    Cell {
      gameServer: [GameServer],
      owner: null,
      color: [Object],
      radius: 258.5025701285499,
      _size: 16.078015117810715,
      _mass: 2.585025701285499,
      cellType: 1,
      isSpiked: false,
      isAgitated: false,
      killedBy: null,
      isMoving: false,
      boostDistance: 0,
      boostDirection: [Vec2],
      tickOfBirth: 20,
      nodeId: 71,
      position: [Vec2],
      quadItem: [Object]
    },
    Cell {
      gameServer: [GameServer],
      owner: null,
      color: [Object],
      radius: 344.1116494000974,
      _size: 18.550246612918585,
      _mass: 3.441116494000974,
      cellType: 1,
      isSpiked: false,
      isAgitated: false,
      killedBy: null,
      isMoving: false,
      boostDistance: 0,
      boostDirection: [Vec2],
      tickOfBirth: 60,
      nodeId: 202,
      position: [Vec2],
      quadItem: [Object]
    },
    Cell {
      gameServer: [GameServer],
      owner: null,
      color: [Object],
      radius: 277.5618809771208,
      _size: 16.660188503649074,
      _mass: 2.775618809771208,
      cellType: 1,
      isSpiked: false,
      isAgitated: false,
      killedBy: null,
      isMoving: false,
      boostDistance: 0,
      boostDirection: [Vec2],
      tickOfBirth: 100,
      nodeId: 328,
      position: [Vec2],
      quadItem: [Object]
    },
    Cell {
      gameServer: [GameServer],
      owner: null,
      color: [Object],
      radius: 260.8067377025665,
      _size: 16.149511995802428,
      _mass: 2.608067377025665,
      cellType: 1,
      isSpiked: false,
      isAgitated: false,
      killedBy: null,
      isMoving: false,
      boostDistance: 0,
      boostDirection: [Vec2],
      tickOfBirth: 110,
      nodeId: 369,
      position: [Vec2],
      quadItem: [Object]
    },
    Cell {
      gameServer: [GameServer],
      owner: null,
      color: [Object],
      radius: 281.3178702507629,
      _size: 16.77253320911194,
      _mass: 2.813178702507629,
      cellType: 1,
      isSpiked: false,
      isAgitated: false,
      killedBy: null,
      isMoving: false,
      boostDistance: 0,
      boostDirection: [Vec2],
      tickOfBirth: 140,
      nodeId: 466,
      position: [Vec2],
      quadItem: [Object]
    },
    Cell {
      gameServer: [GameServer],
      owner: null,
      color: [Object],
      radius: 346.36052311051145,
      _size: 18.6107636358778,
      _mass: 3.4636052311051144,
      cellType: 1,
      isSpiked: false,
      isAgitated: false,
      killedBy: null,
      isMoving: false,
      boostDistance: 0,
      boostDirection: [Vec2],
      tickOfBirth: 160,
      nodeId: 509,
      position: [Vec2],
      quadItem: [Object]
    },
    Cell {
      gameServer: [GameServer],
      owner: null,
      color: [Object],
      radius: 303.0823229649642,
      _size: 17.409259690318947,
      _mass: 3.030823229649642,
      cellType: 1,
      isSpiked: false,
      isAgitated: false,
      killedBy: null,
      isMoving: false,
      boostDistance: 0,
      boostDirection: [Vec2],
      tickOfBirth: 180,
      nodeId: 588,
      position: [Vec2],
      quadItem: [Object]
    },
    Cell {
      gameServer: [GameServer],
      owner: null,
      color: [Object],
      radius: 10000,
      _size: 100,
      _mass: 100,
      cellType: 2,
      isSpiked: true,
      isAgitated: false,
      killedBy: null,
      isMoving: false,
      boostDistance: 0,
      boostDirection: [Vec2],
      tickOfBirth: 190,
      nodeId: 624,
      position: [Vec2],
      isMotherCell: false,
      quadItem: [Object],
      div: 3
    },
    Cell {
      gameServer: [GameServer],
      owner: null,
      color: [Object],
      radius: 301.45133344146507,
      _size: 17.362353914186436,
      _mass: 3.0145133344146506,
      cellType: 1,
      isSpiked: false,
      isAgitated: false,
      killedBy: null,
      isMoving: false,
      boostDistance: 0,
      boostDirection: [Vec2],
      tickOfBirth: 250,
      nodeId: 789,
      position: [Vec2],
      quadItem: [Object]
    },
    Cell {
      gameServer: [GameServer],
      owner: null,
      color: [Object],
      radius: 270.40905766469086,
      _size: 16.444119242595235,
      _mass: 2.7040905766469088,
      cellType: 1,
      isSpiked: false,
      isAgitated: false,
      killedBy: null,
      isMoving: false,
      boostDistance: 0,
      boostDirection: [Vec2],
      tickOfBirth: 280,
      nodeId: 875,
      position: [Vec2],
      quadItem: [Object]
    },
    Cell {
      gameServer: [GameServer],
      owner: null,
      color: [Object],
      radius: 352.8242000320255,
      _size: 18.783615201340382,
      _mass: 3.528242000320255,
      cellType: 1,
      isSpiked: false,
      isAgitated: false,
      killedBy: null,
      isMoving: false,
      boostDistance: 0,
      boostDirection: [Vec2],
      tickOfBirth: 290,
      nodeId: 932,
      position: [Vec2],
      quadItem: [Object]
    },
    Cell {
      gameServer: [GameServer],
      owner: null,
      color: [Object],
      radius: 377.3373815412792,
      _size: 19.425173912767917,
      _mass: 3.7733738154127923,
      cellType: 1,
      isSpiked: false,
      isAgitated: false,
      killedBy: null,
      isMoving: false,
      boostDistance: 0,
      boostDirection: [Vec2],
      tickOfBirth: 300,
      nodeId: 956,
      position: [Vec2],
      quadItem: [Object]
    },
    Cell {
      gameServer: [GameServer],
      owner: [Circular *2],
      color: [Object],
      radius: 1296,
      _size: 36,
      _mass: 12.96,
      cellType: 0,
      isSpiked: false,
      isAgitated: false,
      killedBy: null,
      isMoving: false,
      boostDistance: 0,
      boostDirection: [Vec2],
      tickOfBirth: 309,
      nodeId: 966,
      position: [Vec2],
      _canRemerge: false,
      quadItem: [Object],
      div: 3
    },
    Cell {
      gameServer: [GameServer],
      owner: null,
      color: [Object],
      radius: 369.62830146493604,
      _size: 19.225719790554944,
      _mass: 3.6962830146493606,
      cellType: 1,
      isSpiked: false,
      isAgitated: false,
      killedBy: null,
      isMoving: false,
      boostDistance: 0,
      boostDirection: [Vec2],
      tickOfBirth: 330,
      nodeId: 1033,
      position: [Vec2],
      quadItem: [Object]
    }
  ],
  clientNodes: [
    Cell {
      gameServer: [GameServer],
      owner: null,
      color: [Object],
      radius: 346.6772411605386,
      _size: 18.61927069357279,
      _mass: 3.466772411605386,
      cellType: 1,
      isSpiked: false,
      isAgitated: false,
      killedBy: null,
      isMoving: false,
      boostDistance: 0,
      boostDirection: [Vec2],
      tickOfBirth: 10,
      nodeId: 51,
      position: [Vec2],
      quadItem: [Object]
    },
    Cell {
      gameServer: [GameServer],
      owner: null,
      color: [Object],
      radius: 258.5025701285499,
      _size: 16.078015117810715,
      _mass: 2.585025701285499,
      cellType: 1,
      isSpiked: false,
      isAgitated: false,
      killedBy: null,
      isMoving: false,
      boostDistance: 0,
      boostDirection: [Vec2],
      tickOfBirth: 20,
      nodeId: 71,
      position: [Vec2],
      quadItem: [Object]
    },
    Cell {
      gameServer: [GameServer],
      owner: null,
      color: [Object],
      radius: 344.1116494000974,
      _size: 18.550246612918585,
      _mass: 3.441116494000974,
      cellType: 1,
      isSpiked: false,
      isAgitated: false,
      killedBy: null,
      isMoving: false,
      boostDistance: 0,
      boostDirection: [Vec2],
      tickOfBirth: 60,
      nodeId: 202,
      position: [Vec2],
      quadItem: [Object]
    },
    Cell {
      gameServer: [GameServer],
      owner: null,
      color: [Object],
      radius: 277.5618809771208,
      _size: 16.660188503649074,
      _mass: 2.775618809771208,
      cellType: 1,
      isSpiked: false,
      isAgitated: false,
      killedBy: null,
      isMoving: false,
      boostDistance: 0,
      boostDirection: [Vec2],
      tickOfBirth: 100,
      nodeId: 328,
      position: [Vec2],
      quadItem: [Object]
    },
    Cell {
      gameServer: [GameServer],
      owner: null,
      color: [Object],
      radius: 260.8067377025665,
      _size: 16.149511995802428,
      _mass: 2.608067377025665,
      cellType: 1,
      isSpiked: false,
      isAgitated: false,
      killedBy: null,
      isMoving: false,
      boostDistance: 0,
      boostDirection: [Vec2],
      tickOfBirth: 110,
      nodeId: 369,
      position: [Vec2],
      quadItem: [Object]
    },
    Cell {
      gameServer: [GameServer],
      owner: null,
      color: [Object],
      radius: 281.3178702507629,
      _size: 16.77253320911194,
      _mass: 2.813178702507629,
      cellType: 1,
      isSpiked: false,
      isAgitated: false,
      killedBy: null,
      isMoving: false,
      boostDistance: 0,
      boostDirection: [Vec2],
      tickOfBirth: 140,
      nodeId: 466,
      position: [Vec2],
      quadItem: [Object]
    },
    Cell {
      gameServer: [GameServer],
      owner: null,
      color: [Object],
      radius: 346.36052311051145,
      _size: 18.6107636358778,
      _mass: 3.4636052311051144,
      cellType: 1,
      isSpiked: false,
      isAgitated: false,
      killedBy: null,
      isMoving: false,
      boostDistance: 0,
      boostDirection: [Vec2],
      tickOfBirth: 160,
      nodeId: 509,
      position: [Vec2],
      quadItem: [Object]
    },
    Cell {
      gameServer: [GameServer],
      owner: null,
      color: [Object],
      radius: 303.0823229649642,
      _size: 17.409259690318947,
      _mass: 3.030823229649642,
      cellType: 1,
      isSpiked: false,
      isAgitated: false,
      killedBy: null,
      isMoving: false,
      boostDistance: 0,
      boostDirection: [Vec2],
      tickOfBirth: 180,
      nodeId: 588,
      position: [Vec2],
      quadItem: [Object]
    },
    Cell {
      gameServer: [GameServer],
      owner: null,
      color: [Object],
      radius: 10000,
      _size: 100,
      _mass: 100,
      cellType: 2,
      isSpiked: true,
      isAgitated: false,
      killedBy: null,
      isMoving: false,
      boostDistance: 0,
      boostDirection: [Vec2],
      tickOfBirth: 190,
      nodeId: 624,
      position: [Vec2],
      isMotherCell: false,
      quadItem: [Object],
      div: 3
    },
    Cell {
      gameServer: [GameServer],
      owner: null,
      color: [Object],
      radius: 301.45133344146507,
      _size: 17.362353914186436,
      _mass: 3.0145133344146506,
      cellType: 1,
      isSpiked: false,
      isAgitated: false,
      killedBy: null,
      isMoving: false,
      boostDistance: 0,
      boostDirection: [Vec2],
      tickOfBirth: 250,
      nodeId: 789,
      position: [Vec2],
      quadItem: [Object]
    },
    Cell {
      gameServer: [GameServer],
      owner: null,
      color: [Object],
      radius: 270.40905766469086,
      _size: 16.444119242595235,
      _mass: 2.7040905766469088,
      cellType: 1,
      isSpiked: false,
      isAgitated: false,
      killedBy: null,
      isMoving: false,
      boostDistance: 0,
      boostDirection: [Vec2],
      tickOfBirth: 280,
      nodeId: 875,
      position: [Vec2],
      quadItem: [Object]
    },
    Cell {
      gameServer: [GameServer],
      owner: null,
      color: [Object],
      radius: 352.8242000320255,
      _size: 18.783615201340382,
      _mass: 3.528242000320255,
      cellType: 1,
      isSpiked: false,
      isAgitated: false,
      killedBy: null,
      isMoving: false,
      boostDistance: 0,
      boostDirection: [Vec2],
      tickOfBirth: 290,
      nodeId: 932,
      position: [Vec2],
      quadItem: [Object]
    },
    Cell {
      gameServer: [GameServer],
      owner: null,
      color: [Object],
      radius: 377.3373815412792,
      _size: 19.425173912767917,
      _mass: 3.7733738154127923,
      cellType: 1,
      isSpiked: false,
      isAgitated: false,
      killedBy: null,
      isMoving: false,
      boostDistance: 0,
      boostDirection: [Vec2],
      tickOfBirth: 300,
      nodeId: 956,
      position: [Vec2],
      quadItem: [Object]
    },
    Cell {
      gameServer: [GameServer],
      owner: [Circular *2],
      color: [Object],
      radius: 1296,
      _size: 36,
      _mass: 12.96,
      cellType: 0,
      isSpiked: false,
      isAgitated: false,
      killedBy: null,
      isMoving: false,
      boostDistance: 0,
      boostDirection: [Vec2],
      tickOfBirth: 309,
      nodeId: 966,
      position: [Vec2],
      _canRemerge: false,
      quadItem: [Object],
      div: 3
    },
    Cell {
      gameServer: [GameServer],
      owner: null,
      color: [Object],
      radius: 369.62830146493604,
      _size: 19.225719790554944,
      _mass: 3.6962830146493606,
      cellType: 1,
      isSpiked: false,
      isAgitated: false,
      killedBy: null,
      isMoving: false,
      boostDistance: 0,
      boostDirection: [Vec2],
      tickOfBirth: 330,
      nodeId: 1033,
      position: [Vec2],
      quadItem: [Object]
    }
  ],
  cells: [
    Cell {
      gameServer: [GameServer],
      owner: [Circular *2],
      color: [Object],
      radius: 1296,
      _size: 36,
      _mass: 12.96,
      cellType: 0,
      isSpiked: false,
      isAgitated: false,
      killedBy: null,
      isMoving: false,
      boostDistance: 0,
      boostDirection: [Vec2],
      tickOfBirth: 309,
      nodeId: 966,
      position: [Vec2],
      _canRemerge: false,
      quadItem: [Object],
      div: 3
    }
  ],
  mergeOverride: false,
  _score: 12.96,
  _scale: 1,
  borderCounter: 0,
  connectedTime: 2023-02-11T04:37:11.392Z,
  tickLeaderboard: 4,
  team: 0,
  spectate: false,
  freeRoam: false,
  spectateTarget: null,
  lastKeypressTick: 0,
  centerPos: Vec2 { x: -334.2425424338032, y: 5692.383544312527 },
  mouse: Vec2 { x: -337, y: 5694 },
  viewBox: {
    minx: -1344.2425424338032,
    miny: 5102.383544312527,
    maxx: 675.7574575661968,
    maxy: 6282.383544312527
  },
  scrambleX: 0,
  scrambleY: 0,
  scrambleId: 0,
  isMinion: false,
  isMuted: false,
  spawnmass: 0,
  frozen: false,
  customspeed: 0,
  rec: false,
  miQ: 0,
  isMi: false,
  minionSplit: false,
  minionEject: false,
  minionFrozen: false,
  minionControl: false,
  collectPellets: false,
  userRole: 0
}
[NONE ][04:37:19] test
[NONE ][04:37:40] DISCONNECTED 185.177.125.181:59134, code: 1001, reason: "", name: "Player"
[NONE ][04:37:44] CONNECTED 185.177.125.181:56158, origin: "https://34f255ab-3d17-48d9-9f19-a2c64b272861.id.repl.co"
[NONE ][04:37:44] Welcome to BioBit v1.0! 
[NONE ][04:37:44] Hello There! 
[NONE ][04:37:54] <ref *2> PlayerTracker {
  gameServer: <ref *1> GameServer {
    srcFiles: '../src',
    run: true,
    version: '1.6.1',
    httpServer: Server {
      maxHeaderSize: undefined,
      insecureHTTPParser: undefined,
      requestTimeout: 300000,
      headersTimeout: 60000,
      keepAliveTimeout: 5000,
      connectionsCheckingInterval: 30000,
      _events: [Object: null prototype],
      _eventsCount: 3,
      _maxListeners: undefined,
      _connections: 0,
      _handle: [TCP],
      _usingWorkers: false,
      _workers: [],
      _unref: false,
      allowHalfOpen: true,
      pauseOnConnect: false,
      noDelay: true,
      keepAlive: false,
      keepAliveInitialDelay: 0,
      httpAllowHalfOpen: false,
      timeout: 0,
      maxHeadersCount: null,
      maxRequestsPerSocket: 0,
      _connectionKey: '6::::1234',
      [Symbol(IncomingMessage)]: [Function: IncomingMessage],
      [Symbol(ServerResponse)]: [Function: ServerResponse],
      [Symbol(kCapture)]: false,
      [Symbol(async_id_symbol)]: 11,
      [Symbol(http.server.connections)]: ConnectionsList {},
      [Symbol(http.server.connectionsCheckingInterval)]: Timeout {
        _idleTimeout: 30000,
        _idlePrev: [Timeout],
        _idleNext: [Timeout],
        _idleStart: 31498,
        _onTimeout: [Function: bound checkConnections],
        _timerArgs: undefined,
        _repeat: 30000,
        _destroyed: false,
        [Symbol(refed)]: false,
        [Symbol(kHasPrimitive)]: false,
        [Symbol(asyncId)]: 10,
        [Symbol(triggerId)]: 1
      },
      [Symbol(kUniqueHeaders)]: null
    },
    lastNodeId: 2218,
    lastPlayerId: 7,
    clients: [
      [FakeSocket],
      [FakeSocket],
      [FakeSocket],
      [FakeSocket],
      [WebSocket]
    ],
    socketCount: 1,
    largestClient: PlayerTracker {
      gameServer: [Circular *1],
      socket: [FakeSocket],
      pID: 2,
      userAuth: null,
      isRemoved: false,
      isCloseRequested: false,
      _name: 'Maggot 🤖',
      _skin: '',
      _nameUtf8: <Buffer 4d 61 67 67 6f 74 20 f0 9f a4 96 00>,
      _skinUtf8protocol11: null,
      _nameUnicode: <Buffer 4d 00 61 00 67 00 67 00 6f 00 74 00 20 00 3e d8 16 dd 00 00>,
      _skinUtf8: null,
      color: [Object],
      viewNodes: [Array],
      clientNodes: [],
      cells: [Array],
      mergeOverride: false,
      _score: 276.76330566204285,
      _scale: 0.6018501412699183,
      borderCounter: 0,
      connectedTime: 2023-02-11T04:37:04.656Z,
      tickLeaderboard: 0,
      team: 0,
      spectate: false,
      freeRoam: false,
      spectateTarget: null,
      lastKeypressTick: 0,
      centerPos: [Vec2],
      mouse: [Vec2],
      viewBox: [Object],
      scrambleX: 0,
      scrambleY: 0,
      scrambleId: 0,
      isMinion: false,
      isMuted: false,
      spawnmass: 0,
      frozen: false,
      customspeed: 0,
      rec: false,
      miQ: 0,
      isMi: false,
      minionSplit: false,
      minionEject: false,
      minionFrozen: false,
      minionControl: false,
      collectPellets: false,
      userRole: 0,
      splitCooldown: 0
    },
    nodes: [
      [Cell], [Cell], [Cell], [Cell], [Cell], [Cell], [Cell],
      [Cell], [Cell], [Cell], [Cell], [Cell], [Cell], [Cell],
      [Cell], [Cell], [Cell], [Cell], [Cell], [Cell], [Cell],
      [Cell], [Cell], [Cell], [Cell], [Cell], [Cell], [Cell],
      [Cell], [Cell], [Cell], [Cell], [Cell], [Cell], [Cell],
      [Cell], [Cell], [Cell], [Cell], [Cell], [Cell], [Cell],
      [Cell], [Cell], [Cell], [Cell], [Cell], [Cell], [Cell],
      [Cell], [Cell], [Cell], [Cell], [Cell], [Cell], [Cell],
      [Cell], [Cell], [Cell], [Cell], [Cell], [Cell], [Cell],
      [Cell], [Cell], [Cell], [Cell], [Cell], [Cell], [Cell],
      [Cell], [Cell], [Cell], [Cell], [Cell], [Cell], [Cell],
      [Cell], [Cell], [Cell], [Cell], [Cell], [Cell], [Cell],
      [Cell], [Cell], [Cell], [Cell], [Cell], [Cell], [Cell],
      [Cell], [Cell], [Cell], [Cell], [Cell], [Cell], [Cell],
      [Cell], [Cell],
      ... 1956 more items
    ],
    nodesVirus: [
      [Cell], [Cell], [Cell], [Cell], [Cell],
      [Cell], [Cell], [Cell], [Cell], [Cell],
      [Cell], [Cell], [Cell], [Cell], [Cell],
      [Cell], [Cell], [Cell], [Cell], [Cell],
      [Cell], [Cell], [Cell], [Cell], [Cell],
      [Cell], [Cell], [Cell], [Cell], [Cell],
      [Cell], [Cell], [Cell], [Cell], [Cell],
      [Cell], [Cell], [Cell], [Cell], [Cell],
      [Cell], [Cell], [Cell], [Cell], [Cell],
      [Cell], [Cell], [Cell], [Cell], [Cell]
    ],
    nodesFood: [
      [Cell], [Cell], [Cell], [Cell], [Cell], [Cell], [Cell],
      [Cell], [Cell], [Cell], [Cell], [Cell], [Cell], [Cell],
      [Cell], [Cell], [Cell], [Cell], [Cell], [Cell], [Cell],
      [Cell], [Cell], [Cell], [Cell], [Cell], [Cell], [Cell],
      [Cell], [Cell], [Cell], [Cell], [Cell], [Cell], [Cell],
      [Cell], [Cell], [Cell], [Cell], [Cell], [Cell], [Cell],
      [Cell], [Cell], [Cell], [Cell], [Cell], [Cell], [Cell],
      [Cell], [Cell], [Cell], [Cell], [Cell], [Cell], [Cell],
      [Cell], [Cell], [Cell], [Cell], [Cell], [Cell], [Cell],
      [Cell], [Cell], [Cell], [Cell], [Cell], [Cell], [Cell],
      [Cell], [Cell], [Cell], [Cell], [Cell], [Cell], [Cell],
      [Cell], [Cell], [Cell], [Cell], [Cell], [Cell], [Cell],
      [Cell], [Cell], [Cell], [Cell], [Cell], [Cell], [Cell],
      [Cell], [Cell], [Cell], [Cell], [Cell], [Cell], [Cell],
      [Cell], [Cell],
      ... 1900 more items
    ],
    nodesEjected: [],
    nodesPlayer: [ [Cell], [Cell], [Cell], [Cell], [Cell], [Cell] ],
    movingNodes: [],
    leaderboard: [
      [PlayerTracker],
      [PlayerTracker],
      [PlayerTracker],
      [PlayerTracker],
      [Circular *2]
    ],
    leaderboardType: 49,
    bots: BotLoader {
      gameServer: [Circular *1],
      randomNames: [Array],
      nameIndex: 0
    },
    startTime: 1676090224248,
    stepDateTime: 1676090274307,
    timeStamp: 1676090274284,
    updateTime: 0.592099,
    updateTimeAvg: 0.6328266210935197,
    timerLoopBind: [Function: bound ],
    mainLoopBind: [Function: bound ],
    tickCounter: 1234,
    disableSpawn: false,
    config: {
      logVerbosity: 4,
      logFileVerbosity: 5,
      serverTimeout: 30,
      serverWsModule: 'ws',
      serverMaxConnections: 0,
      serverPort: 3000,
      serverBind: '0.0.0.0',
      serverTracker: 1,
      serverGamemode: 0,
      serverBots: 4,
      serverViewBaseX: 1920,
      serverViewBaseY: 1080,
      serverMinScale: 0.15,
      serverSpectatorScale: 0.4,
      serverStatsPort: 1234,
      serverStatsUpdate: 30,
      mobilePhysics: 0,
      badWordFilter: 0,
      serverRestart: 540000,
      serverMaxLB: 20,
      serverChat: 1,
      serverChatAscii: 0,
      separateChatForTeams: 0,
      serverName: 'BioBit v1.0',
      serverWelcome1: 'Welcome to BioBit v1.0! ',
      serverWelcome2: 'Hello There! ',
      clientBind: NaN,
      serverIpLimit: 2,
      serverMinionIgnoreTime: 30,
      serverMinionThreshold: 10,
      serverMinionInterval: 1000,
      serverScrambleLevel: 0,
      playerBotGrow: 0,
      borderWidth: 14142.135623730952,
      borderHeight: 14142.135623730952,
      foodMinSize: 16,
      foodMaxSize: 20,
      foodMinAmount: 2000,
      foodMaxAmount: 2000,
      foodSpawnAmount: 30,
      foodMassGrow: 1,
      spawnInterval: 10,
      virusMinSize: 100,
      virusMaxSize: 110,
      virusMaxPoppedSize: 60,
      virusEqualPopSize: 0,
      virusMinAmount: 50,
      virusMaxAmount: 100,
      motherCellMaxMass: 0,
      virusVelocity: 900,
      virusMaxCells: 0,
      ejectSize: 36.06,
      ejectSizeLoss: 42.43,
      ejectCooldown: 3,
      ejectSpawnPercent: 0.5,
      ejectVirus: 0,
      ejectVelocity: 780,
      playerMinSize: 60,
      playerMaxSize: 3000,
      playerMinSplitSize: 59.16079783,
      playerMinEjectSize: 59.16079783,
      playerStartSize: 36,
      playerMaxCells: 21,
      playerSpeed: 1,
      playerDecayRate: 0.002,
      playerDecayCap: 0,
      playerRecombineTime: 15,
      playerDisconnectTime: -1,
      playerMaxNickLength: 50,
      splitVelocity: 780,
      minionStartSize: 31.6227766017,
      minionMaxStartSize: 31.6227766017,
      minionCollideTeam: 0,
      disableERTP: 1,
      disableQ: 0,
      serverMinions: 0,
      collectPellets: 0,
      defaultName: '🦋',
      minionsOnLeaderboard: 0,
      tourneyMaxPlayers: 6,
      tourneyPrepTime: 10,
      tourneyEndTime: 30,
      tourneyTimeLimit: 20,
      tourneyAutoFill: 0,
      tourneyAutoFillPlayers: 1,
      tourneyLeaderboardToggleTime: 0
    },
    IpBan: [],
    minionTest: [],
    userList: [ [Object], [Object], [Object], [Object] ],
    badWords: [ ' <r>nigga ', ' <r>nigger ' ],
    ipBanList: [],
    border: {
      minx: -7071.067811865476,
      miny: -7071.067811865476,
      maxx: 7071.067811865476,
      maxy: 7071.067811865476,
      width: 14142.135623730952,
      height: 14142.135623730952,
      cx: 0,
      cy: 0
    },
    quadTree: QuadNode {
      halfWidth: 7071.067811865476,
      halfHeight: 7071.067811865476,
      bound: [Object],
      childNodes: [Array],
      items: [Array]
    },
    gameMode: Mode {
      ID: 0,
      name: 'Free For All',
      decayMod: 1,
      packetLB: 49,
      haveTeams: false,
      specByLeaderboard: true,
      IsTournament: false,
      rankOne: [PlayerTracker]
    },
    clientBind: [ 'NaN' ],
    WebSocket: [class WebSocket extends EventEmitter] {
      CONNECTING: 0,
      OPEN: 1,
      CLOSING: 2,
      CLOSED: 3,
      Server: [class WebSocketServer extends EventEmitter],
      Receiver: [class Receiver],
      Sender: [class Sender]
    },
    wsServer: WebSocketServer {
      _events: [Object: null prototype],
      _eventsCount: 2,
      _maxListeners: undefined,
      _server: [Server],
      _ultron: [Ultron],
      clients: [Set],
      options: [Object],
      path: null,
      [Symbol(kCapture)]: false
    },
    stats: '{"server_name":"BioBit v1.0","server_chat":"true","border_width":14142.135623730952,"border_height":14142.135623730952,"gamemode":"Free For All","max_players":0,"current_players":1,"alive":1,"spectators":0,"update_time":"8.573","uptime":1,"start_time":1676090224248}'
  },
  socket: <ref *3> WebSocket {
    _events: [Object: null prototype] {
      close: [Array],
      error: [Array],
      message: [Function (anonymous)]
    },
    _eventsCount: 3,
    _maxListeners: undefined,
    readyState: 1,
    bytesReceived: 4601,
    extensions: {},
    protocol: '',
    _finalize: [Function: bound finalize] { __ultron: 2 },
    _binaryType: 'nodebuffer',
    _finalizeCalled: false,
    _closeMessage: null,
    _closeTimer: null,
    _closeCode: null,
    _receiver: Receiver {
      extensions: {},
      maxPayload: 4096,
      bufferedBytes: 0,
      buffers: [],
      compressed: false,
      payloadLength: 7,
      fragmented: 0,
      masked: true,
      fin: true,
      mask: <Buffer 03 61 02 32>,
      opcode: 2,
      totalPayloadLength: 0,
      messageLength: 0,
      fragments: [],
      cleanupCallback: null,
      hadError: false,
      dead: false,
      onmessage: [Function (anonymous)],
      onclose: [Function (anonymous)],
      onerror: [Function (anonymous)],
      onping: [Function (anonymous)],
      onpong: [Function (anonymous)],
      state: 4
    },
    _sender: Sender {
      perMessageDeflate: undefined,
      _socket: [Socket],
      firstFragment: true,
      compress: false,
      processing: false,
      bufferedBytes: 0,
      queue: [],
      onerror: [Function (anonymous)]
    },
    _socket: Socket {
      connecting: false,
      _hadError: false,
      _parent: null,
      _host: null,
      _closeAfterHandlingError: false,
      _readableState: [ReadableState],
      _events: [Object: null prototype],
      _eventsCount: 4,
      _maxListeners: undefined,
      _writableState: [WritableState],
      allowHalfOpen: true,
      _sockname: null,
      _pendingData: null,
      _pendingEncoding: '',
      server: [Server],
      _server: [Server],
      parser: null,
      on: [Function (anonymous)],
      addListener: [Function (anonymous)],
      prependListener: [Function: prependListener],
      setEncoding: [Function: socketSetEncoding],
      _paused: false,
      timeout: 0,
      _peername: [Object],
      [Symbol(async_id_symbol)]: 4757,
      [Symbol(kHandle)]: [TCP],
      [Symbol(lastWriteQueueSize)]: 0,
      [Symbol(timeout)]: null,
      [Symbol(kBuffer)]: null,
      [Symbol(kBufferCb)]: null,
      [Symbol(kBufferGen)]: null,
      [Symbol(kCapture)]: false,
      [Symbol(kSetNoDelay)]: true,
      [Symbol(kSetKeepAlive)]: false,
      [Symbol(kSetKeepAliveInitialDelay)]: 0,
      [Symbol(kBytesRead)]: 0,
      [Symbol(kBytesWritten)]: 0
    },
    _ultron: Ultron { id: 2, ee: [Socket] },
    protocolVersion: 13,
    maxPayload: 4096,
    upgradeReq: IncomingMessage {
      _readableState: [ReadableState],
      _events: [Object: null prototype] {},
      _eventsCount: 0,
      _maxListeners: undefined,
      socket: [Socket],
      httpVersionMajor: 1,
      httpVersionMinor: 1,
      httpVersion: '1.1',
      complete: true,
      rawHeaders: [Array],
      rawTrailers: [],
      aborted: false,
      upgrade: true,
      url: '/',
      method: 'GET',
      statusCode: null,
      statusMessage: null,
      client: [Socket],
      _consuming: false,
      _dumped: false,
      parser: null,
      [Symbol(kCapture)]: false,
      [Symbol(kHeaders)]: [Object],
      [Symbol(kHeadersCount)]: 42,
      [Symbol(kTrailers)]: null,
      [Symbol(kTrailersCount)]: 0
    },
    _isServer: true,
    isConnected: true,
    remoteAddress: '185.177.125.181',
    remotePort: 56158,
    lastAliveTime: 1676090274270,
    playerTracker: [Circular *2],
    packetHandler: PacketHandler {
      gameServer: [GameServer],
      socket: [Circular *3],
      protocol: 6,
      handshakeProtocol: 6,
      handshakeKey: 1,
      lastJoinTick: 1132,
      lastChatTick: 1234,
      lastStatTick: 1207,
      lastQTick: 0,
      lastSpaceTick: 0,
      pressQ: false,
      pressW: false,
      pressSpace: false,
      mouseData: null,
      handler: [Object]
    },
    playerCommand: PlayerCommand {
      gameServer: [GameServer],
      playerTracker: [Circular *2]
    },
    [Symbol(kCapture)]: false
  },
  pID: 6,
  userAuth: null,
  isRemoved: false,
  isCloseRequested: false,
  _name: 'Player',
  _skin: '',
  _nameUtf8: <Buffer 50 6c 61 79 65 72 00>,
  _skinUtf8protocol11: null,
  _nameUnicode: <Buffer 50 00 6c 00 61 00 79 00 65 00 72 00 00 00>,
  _skinUtf8: null,
  color: { r: 255, g: 7, b: 103 },
  viewNodes: [
    Cell {
      gameServer: [GameServer],
      owner: null,
      color: [Object],
      radius: 354.83453605405737,
      _size: 18.83705221243646,
      _mass: 3.5483453605405737,
      cellType: 1,
      isSpiked: false,
      isAgitated: false,
      killedBy: null,
      isMoving: false,
      boostDistance: 0,
      boostDirection: [Vec2],
      tickOfBirth: 20,
      nodeId: 87,
      position: [Vec2],
      quadItem: [Object]
    },
    Cell {
      gameServer: [GameServer],
      owner: null,
      color: [Object],
      radius: 382.61833188499617,
      _size: 19.560632195432646,
      _mass: 3.826183318849962,
      cellType: 1,
      isSpiked: false,
      isAgitated: false,
      killedBy: null,
      isMoving: false,
      boostDistance: 0,
      boostDirection: [Vec2],
      tickOfBirth: 30,
      nodeId: 98,
      position: [Vec2],
      quadItem: [Object]
    },
    Cell {
      gameServer: [GameServer],
      owner: null,
      color: [Object],
      radius: 373.4295433347695,
      _size: 19.324325171523313,
      _mass: 3.734295433347695,
      cellType: 1,
      isSpiked: false,
      isAgitated: false,
      killedBy: null,
      isMoving: false,
      boostDistance: 0,
      boostDirection: [Vec2],
      tickOfBirth: 40,
      nodeId: 136,
      position: [Vec2],
      quadItem: [Object]
    },
    Cell {
      gameServer: [GameServer],
      owner: null,
      color: [Object],
      radius: 353.8101292692978,
      _size: 18.809841287722175,
      _mass: 3.538101292692978,
      cellType: 1,
      isSpiked: false,
      isAgitated: false,
      killedBy: null,
      isMoving: false,
      boostDistance: 0,
      boostDirection: [Vec2],
      tickOfBirth: 180,
      nodeId: 578,
      position: [Vec2],
      quadItem: [Object]
    },
    Cell {
      gameServer: [GameServer],
      owner: null,
      color: [Object],
      radius: 314.6840156968574,
      _size: 17.73933526648779,
      _mass: 3.1468401569685738,
      cellType: 1,
      isSpiked: false,
      isAgitated: false,
      killedBy: null,
      isMoving: false,
      boostDistance: 0,
      boostDirection: [Vec2],
      tickOfBirth: 190,
      nodeId: 618,
      position: [Vec2],
      quadItem: [Object]
    },
    Cell {
      gameServer: [GameServer],
      owner: null,
      color: [Object],
      radius: 281.17466830771457,
      _size: 16.768263723704806,
      _mass: 2.811746683077146,
      cellType: 1,
      isSpiked: false,
      isAgitated: false,
      killedBy: null,
      isMoving: false,
      boostDistance: 0,
      boostDirection: [Vec2],
      tickOfBirth: 210,
      nodeId: 663,
      position: [Vec2],
      quadItem: [Object]
    },
    Cell {
      gameServer: [GameServer],
      owner: null,
      color: [Object],
      radius: 379.2475724013342,
      _size: 19.474279765920336,
      _mass: 3.7924757240133418,
      cellType: 1,
      isSpiked: false,
      isAgitated: false,
      killedBy: null,
      isMoving: false,
      boostDistance: 0,
      boostDirection: [Vec2],
      tickOfBirth: 280,
      nodeId: 889,
      position: [Vec2],
      quadItem: [Object]
    },
    Cell {
      gameServer: [GameServer],
      owner: null,
      color: [Object],
      radius: 343.3351199942519,
      _size: 18.529304358077017,
      _mass: 3.433351199942519,
      cellType: 1,
      isSpiked: false,
      isAgitated: false,
      killedBy: null,
      isMoving: false,
      boostDistance: 0,
      boostDirection: [Vec2],
      tickOfBirth: 280,
      nodeId: 891,
      position: [Vec2],
      quadItem: [Object]
    },
    Cell {
      gameServer: [GameServer],
      owner: null,
      color: [Object],
      radius: 10000,
      _size: 100,
      _mass: 100,
      cellType: 2,
      isSpiked: true,
      isAgitated: false,
      killedBy: null,
      isMoving: false,
      boostDistance: 0,
      boostDirection: [Vec2],
      tickOfBirth: 340,
      nodeId: 1090,
      position: [Vec2],
      isMotherCell: false,
      quadItem: [Object]
    },
    Cell {
      gameServer: [GameServer],
      owner: null,
      color: [Object],
      radius: 268.8439326004259,
      _size: 16.396460977919165,
      _mass: 2.688439326004259,
      cellType: 1,
      isSpiked: false,
      isAgitated: false,
      killedBy: null,
      isMoving: false,
      boostDistance: 0,
      boostDirection: [Vec2],
      tickOfBirth: 450,
      nodeId: 1409,
      position: [Vec2],
      quadItem: [Object]
    },
    Cell {
      gameServer: [GameServer],
      owner: null,
      color: [Object],
      radius: 352.7201149580164,
      _size: 18.78084436222228,
      _mass: 3.5272011495801636,
      cellType: 1,
      isSpiked: false,
      isAgitated: false,
      killedBy: null,
      isMoving: false,
      boostDistance: 0,
      boostDirection: [Vec2],
      tickOfBirth: 450,
      nodeId: 1430,
      position: [Vec2],
      quadItem: [Object]
    },
    Cell {
      gameServer: [GameServer],
      owner: null,
      color: [Object],
      radius: 10000,
      _size: 100,
      _mass: 100,
      cellType: 2,
      isSpiked: true,
      isAgitated: false,
      killedBy: null,
      isMoving: false,
      boostDistance: 0,
      boostDirection: [Vec2],
      tickOfBirth: 490,
      nodeId: 1555,
      position: [Vec2],
      isMotherCell: false,
      quadItem: [Object]
    },
    Cell {
      gameServer: [GameServer],
      owner: null,
      color: [Object],
      radius: 373.2414990402448,
      _size: 19.31945907732007,
      _mass: 3.732414990402448,
      cellType: 1,
      isSpiked: false,
      isAgitated: false,
      killedBy: null,
      isMoving: false,
      boostDistance: 0,
      boostDirection: [Vec2],
      tickOfBirth: 520,
      nodeId: 1617,
      position: [Vec2],
      quadItem: [Object]
    },
    Cell {
      gameServer: [GameServer],
      owner: null,
      color: [Object],
      radius: 259.72106656737407,
      _size: 16.115863816977793,
      _mass: 2.5972106656737406,
      cellType: 1,
      isSpiked: false,
      isAgitated: false,
      killedBy: null,
      isMoving: false,
      boostDistance: 0,
      boostDirection: [Vec2],
      tickOfBirth: 550,
      nodeId: 1716,
      position: [Vec2],
      quadItem: [Object]
    },
    Cell {
      gameServer: [GameServer],
      owner: null,
      color: [Object],
      radius: 393.9987959411714,
      _size: 19.84940291145231,
      _mass: 3.939987959411714,
      cellType: 1,
      isSpiked: false,
      isAgitated: false,
      killedBy: null,
      isMoving: false,
      boostDistance: 0,
      boostDirection: [Vec2],
      tickOfBirth: 560,
      nodeId: 1758,
      position: [Vec2],
      quadItem: [Object]
    },
    Cell {
      gameServer: [GameServer],
      owner: [Circular *2],
      color: [Object],
      radius: 1296,
      _size: 36,
      _mass: 12.96,
      cellType: 0,
      isSpiked: false,
      isAgitated: false,
      killedBy: null,
      isMoving: false,
      boostDistance: 0,
      boostDirection: [Vec2],
      tickOfBirth: 1132,
      nodeId: 2193,
      position: [Vec2],
      _canRemerge: false,
      quadItem: [Object]
    }
  ],
  clientNodes: [
    Cell {
      gameServer: [GameServer],
      owner: null,
      color: [Object],
      radius: 354.83453605405737,
      _size: 18.83705221243646,
      _mass: 3.5483453605405737,
      cellType: 1,
      isSpiked: false,
      isAgitated: false,
      killedBy: null,
      isMoving: false,
      boostDistance: 0,
      boostDirection: [Vec2],
      tickOfBirth: 20,
      nodeId: 87,
      position: [Vec2],
      quadItem: [Object]
    },
    Cell {
      gameServer: [GameServer],
      owner: null,
      color: [Object],
      radius: 382.61833188499617,
      _size: 19.560632195432646,
      _mass: 3.826183318849962,
      cellType: 1,
      isSpiked: false,
      isAgitated: false,
      killedBy: null,
      isMoving: false,
      boostDistance: 0,
      boostDirection: [Vec2],
      tickOfBirth: 30,
      nodeId: 98,
      position: [Vec2],
      quadItem: [Object]
    },
    Cell {
      gameServer: [GameServer],
      owner: null,
      color: [Object],
      radius: 373.4295433347695,
      _size: 19.324325171523313,
      _mass: 3.734295433347695,
      cellType: 1,
      isSpiked: false,
      isAgitated: false,
      killedBy: null,
      isMoving: false,
      boostDistance: 0,
      boostDirection: [Vec2],
      tickOfBirth: 40,
      nodeId: 136,
      position: [Vec2],
      quadItem: [Object]
    },
    Cell {
      gameServer: [GameServer],
      owner: null,
      color: [Object],
      radius: 353.8101292692978,
      _size: 18.809841287722175,
      _mass: 3.538101292692978,
      cellType: 1,
      isSpiked: false,
      isAgitated: false,
      killedBy: null,
      isMoving: false,
      boostDistance: 0,
      boostDirection: [Vec2],
      tickOfBirth: 180,
      nodeId: 578,
      position: [Vec2],
      quadItem: [Object]
    },
    Cell {
      gameServer: [GameServer],
      owner: null,
      color: [Object],
      radius: 314.6840156968574,
      _size: 17.73933526648779,
      _mass: 3.1468401569685738,
      cellType: 1,
      isSpiked: false,
      isAgitated: false,
      killedBy: null,
      isMoving: false,
      boostDistance: 0,
      boostDirection: [Vec2],
      tickOfBirth: 190,
      nodeId: 618,
      position: [Vec2],
      quadItem: [Object]
    },
    Cell {
      gameServer: [GameServer],
      owner: null,
      color: [Object],
      radius: 281.17466830771457,
      _size: 16.768263723704806,
      _mass: 2.811746683077146,
      cellType: 1,
      isSpiked: false,
      isAgitated: false,
      killedBy: null,
      isMoving: false,
      boostDistance: 0,
      boostDirection: [Vec2],
      tickOfBirth: 210,
      nodeId: 663,
      position: [Vec2],
      quadItem: [Object]
    },
    Cell {
      gameServer: [GameServer],
      owner: null,
      color: [Object],
      radius: 379.2475724013342,
      _size: 19.474279765920336,
      _mass: 3.7924757240133418,
      cellType: 1,
      isSpiked: false,
      isAgitated: false,
      killedBy: null,
      isMoving: false,
      boostDistance: 0,
      boostDirection: [Vec2],
      tickOfBirth: 280,
      nodeId: 889,
      position: [Vec2],
      quadItem: [Object]
    },
    Cell {
      gameServer: [GameServer],
      owner: null,
      color: [Object],
      radius: 343.3351199942519,
      _size: 18.529304358077017,
      _mass: 3.433351199942519,
      cellType: 1,
      isSpiked: false,
      isAgitated: false,
      killedBy: null,
      isMoving: false,
      boostDistance: 0,
      boostDirection: [Vec2],
      tickOfBirth: 280,
      nodeId: 891,
      position: [Vec2],
      quadItem: [Object]
    },
    Cell {
      gameServer: [GameServer],
      owner: null,
      color: [Object],
      radius: 10000,
      _size: 100,
      _mass: 100,
      cellType: 2,
      isSpiked: true,
      isAgitated: false,
      killedBy: null,
      isMoving: false,
      boostDistance: 0,
      boostDirection: [Vec2],
      tickOfBirth: 340,
      nodeId: 1090,
      position: [Vec2],
      isMotherCell: false,
      quadItem: [Object]
    },
    Cell {
      gameServer: [GameServer],
      owner: null,
      color: [Object],
      radius: 268.8439326004259,
      _size: 16.396460977919165,
      _mass: 2.688439326004259,
      cellType: 1,
      isSpiked: false,
      isAgitated: false,
      killedBy: null,
      isMoving: false,
      boostDistance: 0,
      boostDirection: [Vec2],
      tickOfBirth: 450,
      nodeId: 1409,
      position: [Vec2],
      quadItem: [Object]
    },
    Cell {
      gameServer: [GameServer],
      owner: null,
      color: [Object],
      radius: 352.7201149580164,
      _size: 18.78084436222228,
      _mass: 3.5272011495801636,
      cellType: 1,
      isSpiked: false,
      isAgitated: false,
      killedBy: null,
      isMoving: false,
      boostDistance: 0,
      boostDirection: [Vec2],
      tickOfBirth: 450,
      nodeId: 1430,
      position: [Vec2],
      quadItem: [Object]
    },
    Cell {
      gameServer: [GameServer],
      owner: null,
      color: [Object],
      radius: 10000,
      _size: 100,
      _mass: 100,
      cellType: 2,
      isSpiked: true,
      isAgitated: false,
      killedBy: null,
      isMoving: false,
      boostDistance: 0,
      boostDirection: [Vec2],
      tickOfBirth: 490,
      nodeId: 1555,
      position: [Vec2],
      isMotherCell: false,
      quadItem: [Object]
    },
    Cell {
      gameServer: [GameServer],
      owner: null,
      color: [Object],
      radius: 373.2414990402448,
      _size: 19.31945907732007,
      _mass: 3.732414990402448,
      cellType: 1,
      isSpiked: false,
      isAgitated: false,
      killedBy: null,
      isMoving: false,
      boostDistance: 0,
      boostDirection: [Vec2],
      tickOfBirth: 520,
      nodeId: 1617,
      position: [Vec2],
      quadItem: [Object]
    },
    Cell {
      gameServer: [GameServer],
      owner: null,
      color: [Object],
      radius: 259.72106656737407,
      _size: 16.115863816977793,
      _mass: 2.5972106656737406,
      cellType: 1,
      isSpiked: false,
      isAgitated: false,
      killedBy: null,
      isMoving: false,
      boostDistance: 0,
      boostDirection: [Vec2],
      tickOfBirth: 550,
      nodeId: 1716,
      position: [Vec2],
      quadItem: [Object]
    },
    Cell {
      gameServer: [GameServer],
      owner: null,
      color: [Object],
      radius: 393.9987959411714,
      _size: 19.84940291145231,
      _mass: 3.939987959411714,
      cellType: 1,
      isSpiked: false,
      isAgitated: false,
      killedBy: null,
      isMoving: false,
      boostDistance: 0,
      boostDirection: [Vec2],
      tickOfBirth: 560,
      nodeId: 1758,
      position: [Vec2],
      quadItem: [Object]
    },
    Cell {
      gameServer: [GameServer],
      owner: [Circular *2],
      color: [Object],
      radius: 1296,
      _size: 36,
      _mass: 12.96,
      cellType: 0,
      isSpiked: false,
      isAgitated: false,
      killedBy: null,
      isMoving: false,
      boostDistance: 0,
      boostDirection: [Vec2],
      tickOfBirth: 1132,
      nodeId: 2193,
      position: [Vec2],
      _canRemerge: false,
      quadItem: [Object]
    }
  ],
  cells: [
    Cell {
      gameServer: [GameServer],
      owner: [Circular *2],
      color: [Object],
      radius: 1296,
      _size: 36,
      _mass: 12.96,
      cellType: 0,
      isSpiked: false,
      isAgitated: false,
      killedBy: null,
      isMoving: false,
      boostDistance: 0,
      boostDirection: [Vec2],
      tickOfBirth: 1132,
      nodeId: 2193,
      position: [Vec2],
      _canRemerge: false,
      quadItem: [Object]
    }
  ],
  mergeOverride: false,
  _score: 12.96,
  _scale: 1,
  borderCounter: 0,
  connectedTime: 2023-02-11T04:37:44.278Z,
  tickLeaderboard: 3,
  team: 0,
  spectate: false,
  freeRoam: false,
  spectateTarget: null,
  lastKeypressTick: 0,
  centerPos: Vec2 { x: 504, y: -69 },
  mouse: Vec2 { x: 502, y: -69 },
  viewBox: { minx: -506, miny: -659, maxx: 1514, maxy: 521 },
  scrambleX: 0,
  scrambleY: 0,
  scrambleId: 0,
  isMinion: false,
  isMuted: false,
  spawnmass: 0,
  frozen: false,
  customspeed: 0,
  rec: false,
  miQ: 0,
  isMi: false,
  minionSplit: false,
  minionEject: false,
  minionFrozen: false,
  minionControl: false,
  collectPellets: false,
  userRole: 0
}
[NONE ][04:37:54] test
[NONE ][04:39:04] DISCONNECTED 185.177.125.181:56158, code: 1001, reason: "", name: "Player"
