=== Started 2023-03-20T18-05-45-657 ===
[ERROR][18:05:45] Unknown gameserver.ini value: serverWelcome3
[INFO ][18:05:45] 2 bad words loaded
[INFO ][18:05:45] 4 user records loaded.
[INFO ][18:05:45] 0 IP ban records loaded.
[INFO ][18:05:45] [1m[32mMultiOgar-Edited 1.6.1[37m - An open source multi-protocol ogar server[0m
[INFO ][18:05:45] WebSocket: ws
[INFO ][18:05:45] Started stats server on port 1234
[INFO ][18:05:45] Listening on port 3000
[INFO ][18:05:45] Current game mode is vFree For All
[INFO ][18:05:45] Added 4 player bots
[NONE ][18:05:45]   __  __       _ _   _  ___                        _____    _ _ _           _    _   __    _ 
 |  \/  |_   _| | |_(_)/ _ \  __ _  __ _ _ __     | ____|__| (_) |_ ___  __| |  / | / /_  / |
 | |\/| | | | | | __| | | | |/ _` |/ _` | '__|____|  _| / _` | | __/ _ \/ _` |  | || '_ \ | |
 | |  | | |_| | | |_| | |_| | (_| | (_| | | |_____| |__| (_| | | ||  __/ (_| |  | || (_) || |
 |_|  |_|\__,_|_|\__|_|\___/ \__, |\__,_|_|       |_____\__,_|_|\__\___|\__,_|  |_(_)___(_)_|
                             |___/                                                           
[NONE ][18:06:27] CONNECTED 165.139.22.113:60618, origin: "https://34f255ab-3d17-48d9-9f19-a2c64b272861.id.repl.co"
[ERROR][18:07:05] [Tracker][ogar.mivabe.nl]: Error: getaddrinfo EAI_AGAIN ogar.mivabe.nl
[NONE ][18:07:27] DISCONNECTED 165.139.22.113:60618, code: 1006, reason: "null", name: ""
[ERROR][18:07:35] [Tracker][ogar.mivabe.nl]: Error: getaddrinfo EAI_AGAIN ogar.mivabe.nl
[ERROR][18:08:05] [Tracker][ogar.mivabe.nl]: Error: getaddrinfo EAI_AGAIN ogar.mivabe.nl
[ERROR][18:08:35] [Tracker][ogar.mivabe.nl]: Error: getaddrinfo EAI_AGAIN ogar.mivabe.nl
[ERROR][18:09:05] [Tracker][ogar.mivabe.nl]: Error: getaddrinfo EAI_AGAIN ogar.mivabe.nl
[ERROR][18:09:35] [Tracker][ogar.mivabe.nl]: Error: getaddrinfo EAI_AGAIN ogar.mivabe.nl
[ERROR][18:10:05] [Tracker][ogar.mivabe.nl]: Error: getaddrinfo EAI_AGAIN ogar.mivabe.nl
[ERROR][18:10:35] [Tracker][ogar.mivabe.nl]: Error: getaddrinfo EAI_AGAIN ogar.mivabe.nl
[ERROR][18:11:05] [Tracker][ogar.mivabe.nl]: Error: getaddrinfo EAI_AGAIN ogar.mivabe.nl
[ERROR][18:11:35] [Tracker][ogar.mivabe.nl]: Error: getaddrinfo EAI_AGAIN ogar.mivabe.nl
[ERROR][18:12:05] [Tracker][ogar.mivabe.nl]: Error: getaddrinfo EAI_AGAIN ogar.mivabe.nl
[ERROR][18:12:35] [Tracker][ogar.mivabe.nl]: Error: getaddrinfo EAI_AGAIN ogar.mivabe.nl
[ERROR][18:13:05] [Tracker][ogar.mivabe.nl]: Error: getaddrinfo EAI_AGAIN ogar.mivabe.nl
[ERROR][18:13:35] [Tracker][ogar.mivabe.nl]: Error: getaddrinfo EAI_AGAIN ogar.mivabe.nl
[ERROR][18:14:05] [Tracker][ogar.mivabe.nl]: Error: getaddrinfo EAI_AGAIN ogar.mivabe.nl
[ERROR][18:14:35] [Tracker][ogar.mivabe.nl]: Error: getaddrinfo EAI_AGAIN ogar.mivabe.nl
[ERROR][18:15:05] [Tracker][ogar.mivabe.nl]: Error: getaddrinfo EAI_AGAIN ogar.mivabe.nl
[ERROR][18:15:35] [Tracker][ogar.mivabe.nl]: Error: getaddrinfo EAI_AGAIN ogar.mivabe.nl
[ERROR][18:16:05] [Tracker][ogar.mivabe.nl]: Error: getaddrinfo EAI_AGAIN ogar.mivabe.nl
[ERROR][18:16:35] [Tracker][ogar.mivabe.nl]: Error: getaddrinfo EAI_AGAIN ogar.mivabe.nl
[ERROR][18:17:05] [Tracker][ogar.mivabe.nl]: Error: getaddrinfo EAI_AGAIN ogar.mivabe.nl
[ERROR][18:17:35] [Tracker][ogar.mivabe.nl]: Error: getaddrinfo EAI_AGAIN ogar.mivabe.nl
[ERROR][18:18:05] [Tracker][ogar.mivabe.nl]: Error: getaddrinfo EAI_AGAIN ogar.mivabe.nl
[ERROR][18:18:35] [Tracker][ogar.mivabe.nl]: Error: getaddrinfo EAI_AGAIN ogar.mivabe.nl
[ERROR][18:19:05] [Tracker][ogar.mivabe.nl]: Error: getaddrinfo EAI_AGAIN ogar.mivabe.nl
[ERROR][18:19:35] [Tracker][ogar.mivabe.nl]: Error: getaddrinfo EAI_AGAIN ogar.mivabe.nl
[ERROR][18:20:05] [Tracker][ogar.mivabe.nl]: Error: getaddrinfo EAI_AGAIN ogar.mivabe.nl
[ERROR][18:20:35] [Tracker][ogar.mivabe.nl]: Error: getaddrinfo EAI_AGAIN ogar.mivabe.nl
[ERROR][18:21:05] [Tracker][ogar.mivabe.nl]: Error: getaddrinfo EAI_AGAIN ogar.mivabe.nl
[ERROR][18:21:35] [Tracker][ogar.mivabe.nl]: Error: getaddrinfo EAI_AGAIN ogar.mivabe.nl
[ERROR][18:22:05] [Tracker][ogar.mivabe.nl]: Error: getaddrinfo EAI_AGAIN ogar.mivabe.nl
[ERROR][18:22:35] [Tracker][ogar.mivabe.nl]: Error: getaddrinfo EAI_AGAIN ogar.mivabe.nl
[ERROR][18:23:05] [Tracker][ogar.mivabe.nl]: Error: getaddrinfo EAI_AGAIN ogar.mivabe.nl
[ERROR][18:23:35] [Tracker][ogar.mivabe.nl]: Error: getaddrinfo EAI_AGAIN ogar.mivabe.nl
[ERROR][18:24:05] [Tracker][ogar.mivabe.nl]: Error: getaddrinfo EAI_AGAIN ogar.mivabe.nl
[ERROR][18:24:35] [Tracker][ogar.mivabe.nl]: Error: getaddrinfo EAI_AGAIN ogar.mivabe.nl
[ERROR][18:25:05] [Tracker][ogar.mivabe.nl]: Error: getaddrinfo EAI_AGAIN ogar.mivabe.nl
[ERROR][18:25:35] [Tracker][ogar.mivabe.nl]: Error: getaddrinfo EAI_AGAIN ogar.mivabe.nl
[ERROR][18:30:05] [Tracker][ogar.mivabe.nl]: Error: getaddrinfo EAI_AGAIN ogar.mivabe.nl
[ERROR][18:30:35] [Tracker][ogar.mivabe.nl]: Error: getaddrinfo EAI_AGAIN ogar.mivabe.nl
[NONE ][18:45:27] CONNECTED 96.2.247.202:40384, origin: "https://biobit-forked.lxtte.repl.co"
[ERROR][18:46:05] [Tracker][ogar.mivabe.nl]: Error: getaddrinfo EAI_AGAIN ogar.mivabe.nl
[NONE ][18:46:29] DISCONNECTED 96.2.247.202:40384, code: 1006, reason: "null", name: ""
[ERROR][18:46:35] [Tracker][ogar.mivabe.nl]: Error: getaddrinfo EAI_AGAIN ogar.mivabe.nl
[ERROR][18:47:05] [Tracker][ogar.mivabe.nl]: Error: getaddrinfo EAI_AGAIN ogar.mivabe.nl
[ERROR][18:47:35] [Tracker][ogar.mivabe.nl]: Error: getaddrinfo EAI_AGAIN ogar.mivabe.nl
[ERROR][18:48:05] [Tracker][ogar.mivabe.nl]: Error: getaddrinfo EAI_AGAIN ogar.mivabe.nl
[ERROR][18:48:35] [Tracker][ogar.mivabe.nl]: Error: getaddrinfo EAI_AGAIN ogar.mivabe.nl
[ERROR][18:49:05] [Tracker][ogar.mivabe.nl]: Error: getaddrinfo EAI_AGAIN ogar.mivabe.nl
[ERROR][18:49:35] [Tracker][ogar.mivabe.nl]: Error: getaddrinfo EAI_AGAIN ogar.mivabe.nl
[ERROR][18:50:05] [Tracker][ogar.mivabe.nl]: Error: getaddrinfo EAI_AGAIN ogar.mivabe.nl
[ERROR][18:50:35] [Tracker][ogar.mivabe.nl]: Error: getaddrinfo EAI_AGAIN ogar.mivabe.nl
[NONE ][19:04:34] CONNECTED 205.118.120.140:42666, origin: "https://biobit-forked.lxtte.repl.co"
[ERROR][19:05:05] [Tracker][ogar.mivabe.nl]: Error: getaddrinfo EAI_AGAIN ogar.mivabe.nl
[NONE ][19:05:34] DISCONNECTED 205.118.120.140:42666, code: 1006, reason: "null", name: ""
[ERROR][19:05:35] [Tracker][ogar.mivabe.nl]: Error: getaddrinfo EAI_AGAIN ogar.mivabe.nl
[ERROR][19:06:05] [Tracker][ogar.mivabe.nl]: Error: getaddrinfo EAI_AGAIN ogar.mivabe.nl
[ERROR][19:06:35] [Tracker][ogar.mivabe.nl]: Error: getaddrinfo EAI_AGAIN ogar.mivabe.nl
[ERROR][19:07:05] [Tracker][ogar.mivabe.nl]: Error: getaddrinfo EAI_AGAIN ogar.mivabe.nl
[ERROR][19:07:35] [Tracker][ogar.mivabe.nl]: Error: getaddrinfo EAI_AGAIN ogar.mivabe.nl
[ERROR][19:08:05] [Tracker][ogar.mivabe.nl]: Error: getaddrinfo EAI_AGAIN ogar.mivabe.nl
[ERROR][19:08:35] [Tracker][ogar.mivabe.nl]: Error: getaddrinfo EAI_AGAIN ogar.mivabe.nl
[ERROR][19:09:05] [Tracker][ogar.mivabe.nl]: Error: getaddrinfo EAI_AGAIN ogar.mivabe.nl
[ERROR][19:09:35] [Tracker][ogar.mivabe.nl]: Error: getaddrinfo EAI_AGAIN ogar.mivabe.nl
[ERROR][19:10:05] [Tracker][ogar.mivabe.nl]: Error: getaddrinfo EAI_AGAIN ogar.mivabe.nl
[ERROR][19:10:35] [Tracker][ogar.mivabe.nl]: Error: getaddrinfo EAI_AGAIN ogar.mivabe.nl
[ERROR][19:11:05] [Tracker][ogar.mivabe.nl]: Error: getaddrinfo EAI_AGAIN ogar.mivabe.nl
[ERROR][19:11:35] [Tracker][ogar.mivabe.nl]: Error: getaddrinfo EAI_AGAIN ogar.mivabe.nl
[ERROR][19:12:05] [Tracker][ogar.mivabe.nl]: Error: getaddrinfo EAI_AGAIN ogar.mivabe.nl
[ERROR][19:12:35] [Tracker][ogar.mivabe.nl]: Error: getaddrinfo EAI_AGAIN ogar.mivabe.nl
[ERROR][19:13:05] [Tracker][ogar.mivabe.nl]: Error: getaddrinfo EAI_AGAIN ogar.mivabe.nl
[ERROR][19:13:35] [Tracker][ogar.mivabe.nl]: Error: getaddrinfo EAI_AGAIN ogar.mivabe.nl
[ERROR][19:14:05] [Tracker][ogar.mivabe.nl]: Error: getaddrinfo EAI_AGAIN ogar.mivabe.nl
[ERROR][19:14:35] [Tracker][ogar.mivabe.nl]: Error: getaddrinfo EAI_AGAIN ogar.mivabe.nl
[ERROR][19:15:05] [Tracker][ogar.mivabe.nl]: Error: getaddrinfo EAI_AGAIN ogar.mivabe.nl
[ERROR][19:15:35] [Tracker][ogar.mivabe.nl]: Error: getaddrinfo EAI_AGAIN ogar.mivabe.nl
[ERROR][19:16:05] [Tracker][ogar.mivabe.nl]: Error: getaddrinfo EAI_AGAIN ogar.mivabe.nl
[ERROR][19:16:35] [Tracker][ogar.mivabe.nl]: Error: getaddrinfo EAI_AGAIN ogar.mivabe.nl
[ERROR][19:17:05] [Tracker][ogar.mivabe.nl]: Error: getaddrinfo EAI_AGAIN ogar.mivabe.nl
[ERROR][19:17:35] [Tracker][ogar.mivabe.nl]: Error: getaddrinfo EAI_AGAIN ogar.mivabe.nl
[ERROR][19:18:05] [Tracker][ogar.mivabe.nl]: Error: getaddrinfo EAI_AGAIN ogar.mivabe.nl
[ERROR][19:18:35] [Tracker][ogar.mivabe.nl]: Error: getaddrinfo EAI_AGAIN ogar.mivabe.nl
[ERROR][19:19:05] [Tracker][ogar.mivabe.nl]: Error: getaddrinfo EAI_AGAIN ogar.mivabe.nl
[ERROR][19:19:35] [Tracker][ogar.mivabe.nl]: Error: getaddrinfo EAI_AGAIN ogar.mivabe.nl
