=== Started 2023-04-08T01-47-20-720 ===
[ERROR][01:47:20] Unknown gameserver.ini value: serverWelcome3
[INFO ][01:47:20] 2 bad words loaded
[INFO ][01:47:20] 4 user records loaded.
[INFO ][01:47:20] 0 IP ban records loaded.
[INFO ][01:47:20] [1m[32mMultiOgar-Edited 1.6.1[37m - An open source multi-protocol ogar server[0m
[INFO ][01:47:20] WebSocket: ws
[INFO ][01:47:20] Started stats server on port 1234
[INFO ][01:47:20] Listening on port 3000
[INFO ][01:47:20] Current game mode is vFree For All
[INFO ][01:47:20] Added 4 player bots
[NONE ][01:47:20]   __  __       _ _   _  ___                        _____    _ _ _           _    _   __    _ 
 |  \/  |_   _| | |_(_)/ _ \  __ _  __ _ _ __     | ____|__| (_) |_ ___  __| |  / | / /_  / |
 | |\/| | | | | | __| | | | |/ _` |/ _` | '__|____|  _| / _` | | __/ _ \/ _` |  | || '_ \ | |
 | |  | | |_| | | |_| | |_| | (_| | (_| | | |_____| |__| (_| | | ||  __/ (_| |  | || (_) || |
 |_|  |_|\__,_|_|\__|_|\___/ \__, |\__,_|_|       |_____\__,_|_|\__\___|\__,_|  |_(_)___(_)_|
                             |___/                                                           
[NONE ][01:57:50] CONNECTED 170.64.93.84:50986, origin: "https://34f255ab-3d17-48d9-9f19-a2c64b272861.id.repl.co"
[NONE ][02:01:22] DISCONNECTED 170.64.93.84:50986, code: 1001, reason: "", name: "Player"
[NONE ][02:02:56] CONNECTED 170.64.93.84:53250, origin: "https://34f255ab-3d17-48d9-9f19-a2c64b272861.id.repl.co"
[NONE ][02:03:01] DISCONNECTED 170.64.93.84:53250, code: 1001, reason: "", name: ""
