=== Started 2023-02-24T18-23-27-579 ===
[ERROR][18:23:27] Unknown gameserver.ini value: serverWelcome3
[INFO ][18:23:27] 2 bad words loaded
[INFO ][18:23:27] 4 user records loaded.
[INFO ][18:23:27] 0 IP ban records loaded.
[INFO ][18:23:27] [1m[32mMultiOgar-Edited 1.6.1[37m - An open source multi-protocol ogar server[0m
[INFO ][18:23:27] WebSocket: ws
[INFO ][18:23:27] Started stats server on port 1234
[INFO ][18:23:27] Listening on port 3000
[INFO ][18:23:27] Current game mode is vFree For All
[INFO ][18:23:27] Added 4 player bots
[NONE ][18:23:27]   __  __       _ _   _  ___                        _____    _ _ _           _    _   __    _ 
 |  \/  |_   _| | |_(_)/ _ \  __ _  __ _ _ __     | ____|__| (_) |_ ___  __| |  / | / /_  / |
 | |\/| | | | | | __| | | | |/ _` |/ _` | '__|____|  _| / _` | | __/ _ \/ _` |  | || '_ \ | |
 | |  | | |_| | | |_| | |_| | (_| | (_| | | |_____| |__| (_| | | ||  __/ (_| |  | || (_) || |
 |_|  |_|\__,_|_|\__|_|\___/ \__, |\__,_|_|       |_____\__,_|_|\__\___|\__,_|  |_(_)___(_)_|
                             |___/                                                           
[NONE ][18:23:29] CONNECTED 152.157.185.136:33624, origin: "https://34f255ab-3d17-48d9-9f19-a2c64b272861.id.repl.co"
[NONE ][18:23:39] >mass 5 10000
[NONE ][18:23:39] Set mass of Joe Swansonson to 10000.000
[NONE ][18:23:41] undefined
[NONE ][18:23:53] undefined
[NONE ][18:28:36] undefined
[NONE ][18:29:25] undefined
[NONE ][18:29:34] undefined
[NONE ][18:29:45] undefined
[NONE ][18:30:09] undefined
[NONE ][18:30:22] undefined
[NONE ][18:30:33] undefined
