=== Started 2023-02-13T16-52-56-231 ===
[ERROR][16:52:56] Unknown gameserver.ini value: serverWelcome3
[INFO ][16:52:56] 2 bad words loaded
[INFO ][16:52:56] 4 user records loaded.
[INFO ][16:52:56] 0 IP ban records loaded.
[INFO ][16:52:56] [1m[32mMultiOgar-Edited 1.6.1[37m - An open source multi-protocol ogar server[0m
[INFO ][16:52:56] WebSocket: ws
[INFO ][16:52:56] Started stats server on port 1234
[INFO ][16:52:56] Listening on port 3000
[INFO ][16:52:56] Current game mode is Free For All
[INFO ][16:52:56] Added 4 player bots
[NONE ][16:52:56]   __  __       _ _   _  ___                        _____    _ _ _           _    _   __    _ 
 |  \/  |_   _| | |_(_)/ _ \  __ _  __ _ _ __     | ____|__| (_) |_ ___  __| |  / | / /_  / |
 | |\/| | | | | | __| | | | |/ _` |/ _` | '__|____|  _| / _` | | __/ _ \/ _` |  | || '_ \ | |
 | |  | | |_| | | |_| | |_| | (_| | (_| | | |_____| |__| (_| | | ||  __/ (_| |  | || (_) || |
 |_|  |_|\__,_|_|\__|_|\___/ \__, |\__,_|_|       |_____\__,_|_|\__\___|\__,_|  |_(_)___(_)_|
                             |___/                                                           
[NONE ][16:53:00] CONNECTED 152.157.185.136:44692, origin: "https://34f255ab-3d17-48d9-9f19-a2c64b272861.id.repl.co"
[NONE ][16:53:00] Welcome to BioBit v1.0! 
[NONE ][16:53:00] SERVER
[NONE ][16:53:00] Hello There! 
[NONE ][16:53:00] SERVER
[NONE ][16:53:04] test
[NONE ][16:53:04] Joe Swansonson
[NONE ][16:53:04] 0
