=== Started 2023-03-11T19-18-04-120 ===
[ERROR][19:18:04] Unknown gameserver.ini value: serverWelcome3
[INFO ][19:18:04] 2 bad words loaded
[INFO ][19:18:04] 4 user records loaded.
[INFO ][19:18:04] 0 IP ban records loaded.
[INFO ][19:18:04] [1m[32mMultiOgar-Edited 1.6.1[37m - An open source multi-protocol ogar server[0m
[INFO ][19:18:04] WebSocket: ws
[INFO ][19:18:04] Started stats server on port 1234
[INFO ][19:18:04] Listening on port 3000
[INFO ][19:18:04] Current game mode is vFree For All
[INFO ][19:18:04] Added 4 player bots
[NONE ][19:18:04]   __  __       _ _   _  ___                        _____    _ _ _           _    _   __    _ 
 |  \/  |_   _| | |_(_)/ _ \  __ _  __ _ _ __     | ____|__| (_) |_ ___  __| |  / | / /_  / |
 | |\/| | | | | | __| | | | |/ _` |/ _` | '__|____|  _| / _` | | __/ _ \/ _` |  | || '_ \ | |
 | |  | | |_| | | |_| | |_| | (_| | (_| | | |_____| |__| (_| | | ||  __/ (_| |  | || (_) || |
 |_|  |_|\__,_|_|\__|_|\___/ \__, |\__,_|_|       |_____\__,_|_|\__\___|\__,_|  |_(_)___(_)_|
                             |___/                                                           
[NONE ][19:18:06] CONNECTED 174.204.69.118:35452, origin: "https://34f255ab-3d17-48d9-9f19-a2c64b272861.id.repl.co"
[NONE ][19:18:19] DISCONNECTED 174.204.69.118:35452, code: 1000, reason: "", name: ""
[NONE ][19:19:26] CONNECTED 174.204.69.118:34558, origin: "https://34f255ab-3d17-48d9-9f19-a2c64b272861.id.repl.co"
[NONE ][19:21:12] DISCONNECTED 174.204.69.118:34558, code: 1000, reason: "", name: ""
