=== Started 2023-04-19T10-44-25-207 ===
[ERROR][10:44:25] Unknown gameserver.ini value: serverWelcome3
[INFO ][10:44:25] 2 bad words loaded
[INFO ][10:44:25] 4 user records loaded.
[INFO ][10:44:25] 0 IP ban records loaded.
[INFO ][10:44:25] [1m[32mMultiOgar-Edited 1.6.1[37m - An open source multi-protocol ogar server[0m
[INFO ][10:44:25] WebSocket: ws
[INFO ][10:44:25] Started stats server on port 1234
[INFO ][10:44:25] Listening on port 3000
[INFO ][10:44:25] Current game mode is vFree For All
[INFO ][10:44:25] Added 4 player bots
[NONE ][10:44:25]   __  __       _ _   _  ___                        _____    _ _ _           _    _   __    _ 
 |  \/  |_   _| | |_(_)/ _ \  __ _  __ _ _ __     | ____|__| (_) |_ ___  __| |  / | / /_  / |
 | |\/| | | | | | __| | | | |/ _` |/ _` | '__|____|  _| / _` | | __/ _ \/ _` |  | || '_ \ | |
 | |  | | |_| | | |_| | |_| | (_| | (_| | | |_____| |__| (_| | | ||  __/ (_| |  | || (_) || |
 |_|  |_|\__,_|_|\__|_|\___/ \__, |\__,_|_|       |_____\__,_|_|\__\___|\__,_|  |_(_)___(_)_|
                             |___/                                                           
[NONE ][10:45:00] CONNECTED 159.242.66.90:47724, origin: "https://34f255ab-3d17-48d9-9f19-a2c64b272861.id.repl.co"
[NONE ][10:45:26] DISCONNECTED 159.242.66.90:47724, code: 1001, reason: "", name: "elliott"
[NONE ][10:45:51] CONNECTED 159.242.66.90:39528, origin: "https://34f255ab-3d17-48d9-9f19-a2c64b272861.id.repl.co"
[NONE ][10:46:27] DISCONNECTED 159.242.66.90:39528, code: 1001, reason: "", name: "elliott"
