=== Started 2023-02-11T02-06-17-200 ===
[ERROR][02:06:17] Unknown gameserver.ini value: serverWelcome3
[INFO ][02:06:17] 2 bad words loaded
[INFO ][02:06:17] 4 user records loaded.
[INFO ][02:06:17] 0 IP ban records loaded.
[INFO ][02:06:17] [1m[32mMultiOgar-Edited 1.6.1[37m - An open source multi-protocol ogar server[0m
[INFO ][02:06:17] WebSocket: ws
[INFO ][02:06:17] Started stats server on port 1234
[INFO ][02:06:17] Listening on port 3000
[INFO ][02:06:17] Current game mode is Free For All
[INFO ][02:06:17] Added 4 player bots
[NONE ][02:06:17]   __  __       _ _   _  ___                        _____    _ _ _           _    _   __    _ 
 |  \/  |_   _| | |_(_)/ _ \  __ _  __ _ _ __     | ____|__| (_) |_ ___  __| |  / | / /_  / |
 | |\/| | | | | | __| | | | |/ _` |/ _` | '__|____|  _| / _` | | __/ _ \/ _` |  | || '_ \ | |
 | |  | | |_| | | |_| | |_| | (_| | (_| | | |_____| |__| (_| | | ||  __/ (_| |  | || (_) || |
 |_|  |_|\__,_|_|\__|_|\___/ \__, |\__,_|_|       |_____\__,_|_|\__\___|\__,_|  |_(_)___(_)_|
                             |___/                                                           
[NONE ][02:06:27] CONNECTED 89.39.107.196:56544, origin: "https://34f255ab-3d17-48d9-9f19-a2c64b272861.id.repl.co"
[NONE ][02:06:27] Welcome to BioBit v1.0! 
[NONE ][02:06:27] Hello There! 
[NONE ][02:06:28] CONNECTED 89.39.107.196:43764, origin: "https://biobit-forked.lxtte.repl.co"
[NONE ][02:06:28] Welcome to BioBit v1.0! 
[NONE ][02:06:28] Hello There! 
[NONE ][02:06:32] test
[NONE ][02:06:32] test
[NONE ][02:06:35] DISCONNECTED 89.39.107.196:43764, code: 1001, reason: "", name: ""
