=== Started 2023-03-19T19-13-54-905 ===
[ERROR][19:13:54] Unknown gameserver.ini value: serverWelcome3
[INFO ][19:13:54] 2 bad words loaded
[INFO ][19:13:54] 4 user records loaded.
[INFO ][19:13:54] 0 IP ban records loaded.
[INFO ][19:13:54] [1m[32mMultiOgar-Edited 1.6.1[37m - An open source multi-protocol ogar server[0m
[INFO ][19:13:54] WebSocket: ws
[INFO ][19:13:55] Started stats server on port 1234
[INFO ][19:13:55] Listening on port 3000
[INFO ][19:13:55] Current game mode is vFree For All
[INFO ][19:13:55] Added 4 player bots
[NONE ][19:13:55]   __  __       _ _   _  ___                        _____    _ _ _           _    _   __    _ 
 |  \/  |_   _| | |_(_)/ _ \  __ _  __ _ _ __     | ____|__| (_) |_ ___  __| |  / | / /_  / |
 | |\/| | | | | | __| | | | |/ _` |/ _` | '__|____|  _| / _` | | __/ _ \/ _` |  | || '_ \ | |
 | |  | | |_| | | |_| | |_| | (_| | (_| | | |_____| |__| (_| | | ||  __/ (_| |  | || (_) || |
 |_|  |_|\__,_|_|\__|_|\___/ \__, |\__,_|_|       |_____\__,_|_|\__\___|\__,_|  |_(_)___(_)_|
                             |___/                                                           
[NONE ][19:14:09] CONNECTED 65.154.226.168:59006, origin: "https://biobit-forked.lxtte.repl.co"
[ERROR][19:14:45] [Tracker][ogar.mivabe.nl]: Error: getaddrinfo EAI_AGAIN ogar.mivabe.nl
[NONE ][19:15:10] DISCONNECTED 65.154.226.168:59006, code: 1006, reason: "null", name: ""
[ERROR][19:15:15] [Tracker][ogar.mivabe.nl]: Error: getaddrinfo EAI_AGAIN ogar.mivabe.nl
[ERROR][19:15:45] [Tracker][ogar.mivabe.nl]: Error: getaddrinfo EAI_AGAIN ogar.mivabe.nl
[ERROR][19:16:15] [Tracker][ogar.mivabe.nl]: Error: getaddrinfo EAI_AGAIN ogar.mivabe.nl
[ERROR][19:16:45] [Tracker][ogar.mivabe.nl]: Error: getaddrinfo EAI_AGAIN ogar.mivabe.nl
[ERROR][19:17:15] [Tracker][ogar.mivabe.nl]: Error: getaddrinfo EAI_AGAIN ogar.mivabe.nl
[ERROR][19:17:45] [Tracker][ogar.mivabe.nl]: Error: getaddrinfo EAI_AGAIN ogar.mivabe.nl
[ERROR][19:18:15] [Tracker][ogar.mivabe.nl]: Error: getaddrinfo EAI_AGAIN ogar.mivabe.nl
[ERROR][19:18:45] [Tracker][ogar.mivabe.nl]: Error: getaddrinfo EAI_AGAIN ogar.mivabe.nl
