=== Started 2023-04-20T23-58-43-909 ===
[ERROR][23:58:43] Unknown gameserver.ini value: serverWelcome3
[INFO ][23:58:43] 2 bad words loaded
[INFO ][23:58:43] 4 user records loaded.
[INFO ][23:58:43] 0 IP ban records loaded.
[INFO ][23:58:43] [1m[32mMultiOgar-Edited 1.6.1[37m - An open source multi-protocol ogar server[0m
[INFO ][23:58:43] WebSocket: ws
[INFO ][23:58:44] Started stats server on port 1234
[INFO ][23:58:44] Listening on port 3000
[INFO ][23:58:44] Current game mode is vFree For All
[INFO ][23:58:44] Added 4 player bots
[NONE ][23:58:44]   __  __       _ _   _  ___                        _____    _ _ _           _    _   __    _ 
 |  \/  |_   _| | |_(_)/ _ \  __ _  __ _ _ __     | ____|__| (_) |_ ___  __| |  / | / /_  / |
 | |\/| | | | | | __| | | | |/ _` |/ _` | '__|____|  _| / _` | | __/ _ \/ _` |  | || '_ \ | |
 | |  | | |_| | | |_| | |_| | (_| | (_| | | |_____| |__| (_| | | ||  __/ (_| |  | || (_) || |
 |_|  |_|\__,_|_|\__|_|\___/ \__, |\__,_|_|       |_____\__,_|_|\__\___|\__,_|  |_(_)___(_)_|
                             |___/                                                           
[NONE ][23:58:59] CONNECTED 129.222.218.129:37990, origin: "https://34f255ab-3d17-48d9-9f19-a2c64b272861.id.repl.co"
[NONE ][23:59:23] DISCONNECTED 129.222.218.129:37990, code: 1006, reason: "null", name: "Player"
[ERROR][23:59:29] [Tracker][ogar.mivabe.nl]: Error: getaddrinfo ENOTFOUND ogar.mivabe.nl
