=== Started 2023-02-24T18-15-37-425 ===
[ERROR][18:15:37] Unknown gameserver.ini value: serverWelcome3
[INFO ][18:15:37] 2 bad words loaded
[INFO ][18:15:37] 4 user records loaded.
[INFO ][18:15:37] 0 IP ban records loaded.
[INFO ][18:15:37] [1m[32mMultiOgar-Edited 1.6.1[37m - An open source multi-protocol ogar server[0m
[INFO ][18:15:37] WebSocket: ws
[INFO ][18:15:37] Started stats server on port 1234
[INFO ][18:15:37] Listening on port 3000
[INFO ][18:15:37] Current game mode is vFree For All
[INFO ][18:15:37] Added 4 player bots
[NONE ][18:15:37]   __  __       _ _   _  ___                        _____    _ _ _           _    _   __    _ 
 |  \/  |_   _| | |_(_)/ _ \  __ _  __ _ _ __     | ____|__| (_) |_ ___  __| |  / | / /_  / |
 | |\/| | | | | | __| | | | |/ _` |/ _` | '__|____|  _| / _` | | __/ _ \/ _` |  | || '_ \ | |
 | |  | | |_| | | |_| | |_| | (_| | (_| | | |_____| |__| (_| | | ||  __/ (_| |  | || (_) || |
 |_|  |_|\__,_|_|\__|_|\___/ \__, |\__,_|_|       |_____\__,_|_|\__\___|\__,_|  |_(_)___(_)_|
                             |___/                                                           
[NONE ][18:15:39] CONNECTED 152.157.185.136:44756, origin: "https://34f255ab-3d17-48d9-9f19-a2c64b272861.id.repl.co"
[NONE ][18:15:40] CONNECTED 152.157.185.136:53332, origin: "https://biobit-forked.lxtte.repl.co"
[NONE ][18:15:47] >playerlist
[NONE ][18:15:47] 
Current players: 6
[NONE ][18:15:47] Do "playerlist m" or "pl m" to list minions

[NONE ][18:15:47]  ID     | IP              | P | CELLS | SCORE  |   POSITION   | NICK                                               
[NONE ][18:15:47] ───────────────────────────────────────────────────────────────────────────────────────────────────────────────────
[NONE ][18:15:47]       1 | [BOT]           | ? |     1 |     15 | -6258, -5674 | Bruh 🤖                                           
[NONE ][18:15:47]       2 | [BOT]           | ? |     1 |     12 |  4334,  6708 | Sweaty 🤖                                         
[NONE ][18:15:47]       3 | [BOT]           | ? |     1 |     12 |  3043, -5144 | Sweaty 🤖                                         
[NONE ][18:15:47]       4 | [BOT]           | ? |     1 |     15 | -2572, -3556 | Maggot 🤖                                         
[NONE ][18:15:47]       5 | 152.157.185.136 | 6 | ---------------------------------------------------------------DEAD OR NOT PLAYING
[NONE ][18:15:47]       6 | 152.157.185.136 | 6 |     1 |     22 | -2570,   932 | Joe swansonson                                    
[NONE ][18:15:55] >nass 932 10000
[WARN ][18:15:55] Invalid Command!
[NONE ][18:15:59] >mass 932 10000
[WARN ][18:15:59] That player ID is non-existant!
[NONE ][18:16:02] >reset
[WARN ][18:16:02] Removed 1842 nodes
[NONE ][18:16:06] >playerlist
[NONE ][18:16:06] 
Current players: 6
[NONE ][18:16:06] Do "playerlist m" or "pl m" to list minions

[NONE ][18:16:06]  ID     | IP              | P | CELLS | SCORE  |   POSITION   | NICK                                               
[NONE ][18:16:06] ───────────────────────────────────────────────────────────────────────────────────────────────────────────────────
[NONE ][18:16:06]       1 | [BOT]           | ? |     1 |     12 |  -472,  2213 | Bruh 🤖                                           
[NONE ][18:16:06]       2 | [BOT]           | ? |     1 |     12 |  6379,  4077 | Sweaty 🤖                                         
[NONE ][18:16:06]       3 | [BOT]           | ? |     1 |     12 |  3553, -5533 | Sweaty 🤖                                         
[NONE ][18:16:06]       4 | [BOT]           | ? |     1 |     16 |   891,  3417 | Maggot 🤖                                         
[NONE ][18:16:06]       5 | 152.157.185.136 | 6 | ---------------------------------------------------------------DEAD OR NOT PLAYING
[NONE ][18:16:06]       6 | 152.157.185.136 | 6 | ---------------------------------------------------------------DEAD OR NOT PLAYING
[NONE ][18:16:17] >platerlist
[WARN ][18:16:17] Invalid Command!
[NONE ][18:16:30] >plasyerlist
[WARN ][18:16:30] Invalid Command!
[NONE ][18:16:32] >playerlsit
[WARN ][18:16:32] Invalid Command!
[NONE ][18:16:36] >playerlist
[NONE ][18:16:36] 
Current players: 6
[NONE ][18:16:36] Do "playerlist m" or "pl m" to list minions

[NONE ][18:16:36]  ID     | IP              | P | CELLS | SCORE  |   POSITION   | NICK                                               
[NONE ][18:16:36] ───────────────────────────────────────────────────────────────────────────────────────────────────────────────────
[NONE ][18:16:36]       1 | [BOT]           | ? |     1 |     47 |  3451,  1024 | Bruh 🤖                                           
[NONE ][18:16:36]       2 | [BOT]           | ? |     1 |     96 |  6380,   966 | Sweaty 🤖                                         
[NONE ][18:16:36]       3 | [BOT]           | ? |     1 |     88 |  2735, -4186 | Sweaty 🤖                                         
[NONE ][18:16:36]       4 | [BOT]           | ? |     1 |     71 |  2567,  1695 | Maggot 🤖                                         
[NONE ][18:16:36]       5 | 152.157.185.136 | 6 | ---------------------------------------------------------------DEAD OR NOT PLAYING
[NONE ][18:16:36]       6 | 152.157.185.136 | 6 |     1 |     12 | -6786, -2734 | Joe swansonson                                    
[NONE ][18:16:40] >mass 6 10000
[NONE ][18:16:40] Set mass of Joe swansonson to 10000.000
[NONE ][18:16:40] <ref *2> Cell {
  gameServer: <ref *1> GameServer {
    srcFiles: '../src',
    run: true,
    version: '1.6.1',
    httpServer: Server {
      maxHeaderSize: undefined,
      insecureHTTPParser: undefined,
      requestTimeout: 300000,
      headersTimeout: 60000,
      keepAliveTimeout: 5000,
      connectionsCheckingInterval: 30000,
      _events: [Object: null prototype],
      _eventsCount: 3,
      _maxListeners: undefined,
      _connections: 0,
      _handle: [TCP],
      _usingWorkers: false,
      _workers: [],
      _unref: false,
      allowHalfOpen: true,
      pauseOnConnect: false,
      noDelay: true,
      keepAlive: false,
      keepAliveInitialDelay: 0,
      httpAllowHalfOpen: false,
      timeout: 0,
      maxHeadersCount: null,
      maxRequestsPerSocket: 0,
      _connectionKey: '6::::1234',
      [Symbol(IncomingMessage)]: [Function: IncomingMessage],
      [Symbol(ServerResponse)]: [Function: ServerResponse],
      [Symbol(kCapture)]: false,
      [Symbol(async_id_symbol)]: 11,
      [Symbol(http.server.connections)]: ConnectionsList {},
      [Symbol(http.server.connectionsCheckingInterval)]: Timeout {
        _idleTimeout: 30000,
        _idlePrev: [Timeout],
        _idleNext: [Timeout],
        _idleStart: 61490,
        _onTimeout: [Function: bound checkConnections],
        _timerArgs: undefined,
        _repeat: 30000,
        _destroyed: false,
        [Symbol(refed)]: false,
        [Symbol(kHasPrimitive)]: false,
        [Symbol(asyncId)]: 10,
        [Symbol(triggerId)]: 1
      },
      [Symbol(kUniqueHeaders)]: null
    },
    lastNodeId: 4037,
    lastPlayerId: 7,
    clients: [
      [FakeSocket],
      [FakeSocket],
      [FakeSocket],
      [FakeSocket],
      [WebSocket],
      [WebSocket]
    ],
    socketCount: 2,
    largestClient: PlayerTracker {
      gameServer: [Circular *1],
      socket: [FakeSocket],
      pID: 2,
      userAuth: null,
      isRemoved: false,
      isCloseRequested: false,
      _name: 'Sweaty 🤖',
      _skin: '',
      _nameUtf8: <Buffer 53 77 65 61 74 79 20 f0 9f a4 96 00>,
      _skinUtf8protocol11: null,
      _nameUnicode: <Buffer 53 00 77 00 65 00 61 00 74 00 79 00 20 00 3e d8 16 dd 00 00>,
      _skinUtf8: null,
      color: [Object],
      viewNodes: [Array],
      clientNodes: [],
      cells: [Array],
      mergeOverride: false,
      _score: 109.14773276811125,
      _scale: 0.8219947538957633,
      borderCounter: 0,
      connectedTime: 2023-02-24T18:15:37.808Z,
      tickLeaderboard: 0,
      team: 0,
      spectate: false,
      freeRoam: false,
      spectateTarget: null,
      lastKeypressTick: 0,
      centerPos: [Vec2],
      mouse: [Vec2],
      viewBox: [Object],
      scrambleX: 0,
      scrambleY: 0,
      scrambleId: 0,
      isMinion: false,
      isMuted: false,
      spawnmass: 0,
      frozen: false,
      customspeed: 0,
      rec: false,
      miQ: 0,
      isMi: false,
      minionSplit: false,
      minionEject: false,
      minionFrozen: false,
      minionControl: false,
      collectPellets: false,
      userRole: 0,
      splitCooldown: 0
    },
    nodes: [
      [Cell], [Cell], [Cell], [Cell], [Cell], [Cell], [Cell],
      [Cell], [Cell], [Cell], [Cell], [Cell], [Cell], [Cell],
      [Cell], [Cell], [Cell], [Cell], [Cell], [Cell], [Cell],
      [Cell], [Cell], [Cell], [Cell], [Cell], [Cell], [Cell],
      [Cell], [Cell], [Cell], [Cell], [Cell], [Cell], [Cell],
      [Cell], [Cell], [Cell], [Cell], [Cell], [Cell], [Cell],
      [Cell], [Cell], [Cell], [Cell], [Cell], [Cell], [Cell],
      [Cell], [Cell], [Cell], [Cell], [Cell], [Cell], [Cell],
      [Cell], [Cell], [Cell], [Cell], [Cell], [Cell], [Cell],
      [Cell], [Cell], [Cell], [Cell], [Cell], [Cell], [Cell],
      [Cell], [Cell], [Cell], [Cell], [Cell], [Cell], [Cell],
      [Cell], [Cell], [Cell], [Cell], [Cell], [Cell], [Cell],
      [Cell], [Cell], [Cell], [Cell], [Cell], [Cell], [Cell],
      [Cell], [Cell], [Cell], [Cell], [Cell], [Cell], [Cell],
      [Cell], [Cell],
      ... 1933 more items
    ],
    nodesVirus: [
      [Cell], [Cell], [Cell], [Cell], [Cell],
      [Cell], [Cell], [Cell], [Cell], [Cell],
      [Cell], [Cell], [Cell], [Cell], [Cell],
      [Cell], [Cell], [Cell], [Cell], [Cell],
      [Cell], [Cell], [Cell], [Cell], [Cell],
      [Cell], [Cell], [Cell], [Cell], [Cell],
      [Cell], [Cell], [Cell], [Cell], [Cell],
      [Cell], [Cell], [Cell], [Cell], [Cell],
      [Cell], [Cell], [Cell], [Cell], [Cell],
      [Cell], [Cell], [Cell], [Cell], [Cell]
    ],
    nodesFood: [
      [Cell], [Cell], [Cell], [Cell], [Cell], [Cell], [Cell],
      [Cell], [Cell], [Cell], [Cell], [Cell], [Cell], [Cell],
      [Cell], [Cell], [Cell], [Cell], [Cell], [Cell], [Cell],
      [Cell], [Cell], [Cell], [Cell], [Cell], [Cell], [Cell],
      [Cell], [Cell], [Cell], [Cell], [Cell], [Cell], [Cell],
      [Cell], [Cell], [Cell], [Cell], [Cell], [Cell], [Cell],
      [Cell], [Cell], [Cell], [Cell], [Cell], [Cell], [Cell],
      [Cell], [Cell], [Cell], [Cell], [Cell], [Cell], [Cell],
      [Cell], [Cell], [Cell], [Cell], [Cell], [Cell], [Cell],
      [Cell], [Cell], [Cell], [Cell], [Cell], [Cell], [Cell],
      [Cell], [Cell], [Cell], [Cell], [Cell], [Cell], [Cell],
      [Cell], [Cell], [Cell], [Cell], [Cell], [Cell], [Cell],
      [Cell], [Cell], [Cell], [Cell], [Cell], [Cell], [Cell],
      [Cell], [Cell], [Cell], [Cell], [Cell], [Cell], [Cell],
      [Cell], [Cell],
      ... 1878 more items
    ],
    nodesEjected: [],
    nodesPlayer: [ [Circular *2], [Cell], [Cell], [Cell], [Cell] ],
    movingNodes: [],
    leaderboard: [
      [PlayerTracker],
      [PlayerTracker],
      [PlayerTracker],
      [PlayerTracker],
      [PlayerTracker]
    ],
    leaderboardType: 49,
    bots: BotLoader {
      gameServer: [Circular *1],
      randomNames: [Array],
      nameIndex: 0
    },
    startTime: 1677262537431,
    stepDateTime: 1677262600399,
    timeStamp: 1677262600371,
    updateTime: 1.61865,
    updateTimeAvg: 1.2169715722522534,
    timerLoopBind: [Function: bound ],
    mainLoopBind: [Function: bound ],
    tickCounter: 1547,
    disableSpawn: false,
    config: {
      logVerbosity: 4,
      logFileVerbosity: 5,
      serverTimeout: 30,
      serverWsModule: 'ws',
      serverMaxConnections: 0,
      serverPort: 3000,
      serverBind: '0.0.0.0',
      serverTracker: 1,
      serverGamemode: 0,
      serverBots: 4,
      serverViewBaseX: 1920,
      serverViewBaseY: 1080,
      serverMinScale: 0.15,
      serverSpectatorScale: 0.4,
      serverStatsPort: 1234,
      serverStatsUpdate: 30,
      mobilePhysics: 0,
      badWordFilter: 0,
      serverRestart: 540000,
      serverMaxLB: 20,
      serverChat: 1,
      serverChatAscii: 0,
      separateChatForTeams: 0,
      serverName: 'BioBit v1.0',
      serverWelcome1: 'Welcome to BioBit v1.0! ',
      serverWelcome2: 'Hello There! ',
      clientBind: NaN,
      serverIpLimit: 2,
      serverMinionIgnoreTime: 30,
      serverMinionThreshold: 10,
      serverMinionInterval: 1000,
      serverScrambleLevel: 0,
      playerBotGrow: 0,
      borderWidth: 14142.135623730952,
      borderHeight: 14142.135623730952,
      foodMinSize: 16,
      foodMaxSize: 20,
      foodMinAmount: 2000,
      foodMaxAmount: 2000,
      foodSpawnAmount: 30,
      foodMassGrow: 1,
      spawnInterval: 10,
      virusMinSize: 100,
      virusMaxSize: 110,
      virusMaxPoppedSize: 60,
      virusEqualPopSize: 0,
      virusMinAmount: 50,
      virusMaxAmount: 100,
      motherCellMaxMass: 0,
      virusVelocity: 900,
      virusMaxCells: 0,
      ejectSize: 36.06,
      ejectSizeLoss: 42.43,
      ejectCooldown: 3,
      ejectSpawnPercent: 0.5,
      ejectVirus: 0,
      ejectVelocity: 780,
      playerMinSize: 60,
      playerMaxSize: 3000,
      playerMinSplitSize: 59.16079783,
      playerMinEjectSize: 59.16079783,
      playerStartSize: 36,
      playerMaxCells: 21,
      playerSpeed: 1,
      playerDecayRate: 0.002,
      playerDecayCap: 0,
      playerRecombineTime: 15,
      playerDisconnectTime: -1,
      playerMaxNickLength: 50,
      splitVelocity: 780,
      minionStartSize: 31.6227766017,
      minionMaxStartSize: 31.6227766017,
      minionCollideTeam: 0,
      disableERTP: 1,
      disableQ: 0,
      serverMinions: 0,
      collectPellets: 0,
      defaultName: '🦋',
      minionsOnLeaderboard: 0,
      tourneyMaxPlayers: 6,
      tourneyPrepTime: 10,
      tourneyEndTime: 30,
      tourneyTimeLimit: 20,
      tourneyAutoFill: 0,
      tourneyAutoFillPlayers: 1,
      tourneyLeaderboardToggleTime: 0
    },
    IpBan: [],
    minionTest: [],
    userList: [ [Object], [Object], [Object], [Object] ],
    badWords: [ ' <r>nigga ', ' <r>nigger ' ],
    ipBanList: [],
    border: {
      minx: -7071.067811865476,
      miny: -7071.067811865476,
      maxx: 7071.067811865476,
      maxy: 7071.067811865476,
      width: 14142.135623730952,
      height: 14142.135623730952,
      cx: 0,
      cy: 0
    },
    quadTree: QuadNode {
      halfWidth: 7071.067811865476,
      halfHeight: 7071.067811865476,
      bound: [Object],
      childNodes: [Array],
      items: [Array]
    },
    gameMode: Mode {
      ID: 0,
      name: 'vFree For All',
      decayMod: 1,
      packetLB: 49,
      haveTeams: false,
      specByLeaderboard: true,
      IsTournament: false,
      rankOne: [PlayerTracker]
    },
    clientBind: [ 'NaN' ],
    WebSocket: [class WebSocket extends EventEmitter] {
      CONNECTING: 0,
      OPEN: 1,
      CLOSING: 2,
      CLOSED: 3,
      Server: [class WebSocketServer extends EventEmitter],
      Receiver: [class Receiver],
      Sender: [class Sender]
    },
    wsServer: WebSocketServer {
      _events: [Object: null prototype],
      _eventsCount: 2,
      _maxListeners: undefined,
      _server: [Server],
      _ultron: [Ultron],
      clients: [Set],
      options: [Object],
      path: null,
      [Symbol(kCapture)]: false
    },
    stats: '{"server_name":"BioBit v1.0","server_chat":"true","border_width":14142.135623730952,"border_height":14142.135623730952,"gamemode":"vFree For All","max_players":0,"current_players":2,"alive":1,"spectators":1,"update_time":"2.063","uptime":1,"start_time":1677262537431}'
  },
  owner: <ref *3> PlayerTracker {
    gameServer: <ref *1> GameServer {
      srcFiles: '../src',
      run: true,
      version: '1.6.1',
      httpServer: [Server],
      lastNodeId: 4037,
      lastPlayerId: 7,
      clients: [Array],
      socketCount: 2,
      largestClient: [PlayerTracker],
      nodes: [Array],
      nodesVirus: [Array],
      nodesFood: [Array],
      nodesEjected: [],
      nodesPlayer: [Array],
      movingNodes: [],
      leaderboard: [Array],
      leaderboardType: 49,
      bots: [BotLoader],
      startTime: 1677262537431,
      stepDateTime: 1677262600399,
      timeStamp: 1677262600371,
      updateTime: 1.61865,
      updateTimeAvg: 1.2169715722522534,
      timerLoopBind: [Function: bound ],
      mainLoopBind: [Function: bound ],
      tickCounter: 1547,
      disableSpawn: false,
      config: [Object],
      IpBan: [],
      minionTest: [],
      userList: [Array],
      badWords: [Array],
      ipBanList: [],
      border: [Object],
      quadTree: [QuadNode],
      gameMode: [Mode],
      clientBind: [Array],
      WebSocket: [Function],
      wsServer: [WebSocketServer],
      stats: '{"server_name":"BioBit v1.0","server_chat":"true","border_width":14142.135623730952,"border_height":14142.135623730952,"gamemode":"vFree For All","max_players":0,"current_players":2,"alive":1,"spectators":1,"update_time":"2.063","uptime":1,"start_time":1677262537431}'
    },
    socket: WebSocket {
      _events: [Object: null prototype],
      _eventsCount: 3,
      _maxListeners: undefined,
      readyState: 1,
      bytesReceived: 4829,
      extensions: {},
      protocol: '',
      _finalize: [Function],
      _binaryType: 'nodebuffer',
      _finalizeCalled: false,
      _closeMessage: null,
      _closeTimer: null,
      _closeCode: null,
      _receiver: [Receiver],
      _sender: [Sender],
      _socket: [Socket],
      _ultron: [Ultron],
      protocolVersion: 13,
      maxPayload: 4096,
      upgradeReq: [IncomingMessage],
      _isServer: true,
      isConnected: true,
      remoteAddress: '152.157.185.136',
      remotePort: 53332,
      lastAliveTime: 1677262599987,
      playerTracker: [Circular *3],
      packetHandler: [PacketHandler],
      playerCommand: [PlayerCommand],
      [Symbol(kCapture)]: false
    },
    pID: 6,
    userAuth: null,
    isRemoved: false,
    isCloseRequested: false,
    _name: 'Joe swansonson',
    _skin: '',
    _nameUtf8: <Buffer 4a 6f 65 20 73 77 61 6e 73 6f 6e 73 6f 6e 00>,
    _skinUtf8protocol11: null,
    _nameUnicode: <Buffer 4a 00 6f 00 65 00 20 00 73 00 77 00 61 00 6e 00 73 00 6f 00 6e 00 73 00 6f 00 6e 00 00 00>,
    _skinUtf8: null,
    color: { r: 7, g: 255, b: 203 },
    viewNodes: [
      [Cell], [Cell], [Cell],        [Cell], [Cell],
      [Cell], [Cell], [Cell],        [Cell], [Cell],
      [Cell], [Cell], [Cell],        [Cell], [Cell],
      [Cell], [Cell], [Cell],        [Cell], [Cell],
      [Cell], [Cell], [Cell],        [Cell], [Cell],
      [Cell], [Cell], [Cell],        [Cell], [Cell],
      [Cell], [Cell], [Cell],        [Cell], [Cell],
      [Cell], [Cell], [Cell],        [Cell], [Cell],
      [Cell], [Cell], [Cell],        [Cell], [Cell],
      [Cell], [Cell], [Cell],        [Cell], [Cell],
      [Cell], [Cell], [Cell],        [Cell], [Cell],
      [Cell], [Cell], [Cell],        [Cell], [Cell],
      [Cell], [Cell], [Cell],        [Cell], [Cell],
      [Cell], [Cell], [Cell],        [Cell], [Cell],
      [Cell], [Cell], [Cell],        [Cell], [Cell],
      [Cell], [Cell], [Cell],        [Cell], [Cell],
      [Cell], [Cell], [Cell],        [Cell], [Cell],
      [Cell], [Cell], [Cell],        [Cell], [Cell],
      [Cell], [Cell], [Circular *2], [Cell], [Cell],
      [Cell], [Cell], [Cell],        [Cell], [Cell],
      ... 24 more items
    ],
    clientNodes: [
      [Cell], [Cell], [Cell],        [Cell], [Cell],
      [Cell], [Cell], [Cell],        [Cell], [Cell],
      [Cell], [Cell], [Cell],        [Cell], [Cell],
      [Cell], [Cell], [Cell],        [Cell], [Cell],
      [Cell], [Cell], [Cell],        [Cell], [Cell],
      [Cell], [Cell], [Cell],        [Cell], [Cell],
      [Cell], [Cell], [Cell],        [Cell], [Cell],
      [Cell], [Cell], [Cell],        [Cell], [Cell],
      [Cell], [Cell], [Cell],        [Cell], [Cell],
      [Cell], [Cell], [Cell],        [Cell], [Cell],
      [Cell], [Cell], [Cell],        [Cell], [Cell],
      [Cell], [Cell], [Cell],        [Cell], [Cell],
      [Cell], [Cell], [Cell],        [Cell], [Cell],
      [Cell], [Cell], [Cell],        [Cell], [Cell],
      [Cell], [Cell], [Cell],        [Cell], [Cell],
      [Cell], [Cell], [Cell],        [Cell], [Cell],
      [Cell], [Cell], [Cell],        [Cell], [Cell],
      [Cell], [Cell], [Cell],        [Cell], [Cell],
      [Cell], [Cell], [Circular *2], [Cell], [Cell],
      [Cell], [Cell], [Cell],        [Cell], [Cell],
      ... 24 more items
    ],
    cells: [ [Circular *2] ],
    mergeOverride: false,
    _score: 10000,
    _scale: 0.33302128296074923,
    borderCounter: 0,
    connectedTime: 2023-02-24T18:15:40.109Z,
    tickLeaderboard: 16,
    team: 0,
    spectate: false,
    freeRoam: false,
    spectateTarget: null,
    lastKeypressTick: 0,
    centerPos: Vec2 { x: -6571.067811865476, y: -2734 },
    mouse: Vec2 { x: -6786, y: -2734 },
    viewBox: {
      minx: -9603.90700766859,
      miny: -4505.658540122611,
      maxx: -3538.2286160623617,
      maxy: -962.3414598773888
    },
    scrambleX: 0,
    scrambleY: 0,
    scrambleId: 0,
    isMinion: false,
    isMuted: false,
    spawnmass: 0,
    frozen: false,
    customspeed: 0,
    rec: false,
    miQ: 0,
    isMi: false,
    minionSplit: false,
    minionEject: false,
    minionFrozen: false,
    minionControl: false,
    collectPellets: false,
    userRole: 0
  },
  color: { r: 7, g: 255, b: 203 },
  radius: 1014791.4803043526,
  _size: 1007.3685920775735,
  _mass: 10147.914803043526,
  cellType: 0,
  isSpiked: false,
  isAgitated: false,
  killedBy: null,
  isMoving: false,
  boostDistance: 0,
  boostDirection: Vec2 { x: 1, y: 0 },
  tickOfBirth: 1130,
  nodeId: 3501,
  position: Vec2 { x: -6571.067811865476, y: -2734 },
  _canRemerge: false,
  quadItem: {
    cell: [Circular *2],
    bound: {
      minx: -7571.067811865476,
      miny: -3734,
      maxx: -5571.067811865476,
      maxy: -1734
    },
    _quadNode: QuadNode {
      halfWidth: 3535.533905932738,
      halfHeight: 3535.533905932738,
      bound: [Object],
      childNodes: [Array],
      items: [Array]
    }
  },
  div: 3
}
[NONE ][18:16:40] undefined
[NONE ][18:16:48] <ref *2> Cell {
  gameServer: <ref *1> GameServer {
    srcFiles: '../src',
    run: true,
    version: '1.6.1',
    httpServer: Server {
      maxHeaderSize: undefined,
      insecureHTTPParser: undefined,
      requestTimeout: 300000,
      headersTimeout: 60000,
      keepAliveTimeout: 5000,
      connectionsCheckingInterval: 30000,
      _events: [Object: null prototype],
      _eventsCount: 3,
      _maxListeners: undefined,
      _connections: 0,
      _handle: [TCP],
      _usingWorkers: false,
      _workers: [],
      _unref: false,
      allowHalfOpen: true,
      pauseOnConnect: false,
      noDelay: true,
      keepAlive: false,
      keepAliveInitialDelay: 0,
      httpAllowHalfOpen: false,
      timeout: 0,
      maxHeadersCount: null,
      maxRequestsPerSocket: 0,
      _connectionKey: '6::::1234',
      [Symbol(IncomingMessage)]: [Function: IncomingMessage],
      [Symbol(ServerResponse)]: [Function: ServerResponse],
      [Symbol(kCapture)]: false,
      [Symbol(async_id_symbol)]: 11,
      [Symbol(http.server.connections)]: ConnectionsList {},
      [Symbol(http.server.connectionsCheckingInterval)]: Timeout {
        _idleTimeout: 30000,
        _idlePrev: [Timeout],
        _idleNext: [Timeout],
        _idleStart: 61490,
        _onTimeout: [Function: bound checkConnections],
        _timerArgs: undefined,
        _repeat: 30000,
        _destroyed: false,
        [Symbol(refed)]: false,
        [Symbol(kHasPrimitive)]: false,
        [Symbol(asyncId)]: 10,
        [Symbol(triggerId)]: 1
      },
      [Symbol(kUniqueHeaders)]: null
    },
    lastNodeId: 4135,
    lastPlayerId: 7,
    clients: [
      [FakeSocket],
      [FakeSocket],
      [FakeSocket],
      [FakeSocket],
      [WebSocket],
      [WebSocket]
    ],
    socketCount: 2,
    largestClient: PlayerTracker {
      gameServer: [Circular *1],
      socket: [WebSocket],
      pID: 6,
      userAuth: null,
      isRemoved: false,
      isCloseRequested: false,
      _name: 'Joe swansonson',
      _skin: '',
      _nameUtf8: <Buffer 4a 6f 65 20 73 77 61 6e 73 6f 6e 73 6f 6e 00>,
      _skinUtf8protocol11: null,
      _nameUnicode: <Buffer 4a 00 6f 00 65 00 20 00 73 00 77 00 61 00 6e 00 73 00 6f 00 6e 00 73 00 6f 00 6e 00 00 00>,
      _skinUtf8: null,
      color: [Object],
      viewNodes: [Array],
      clientNodes: [Array],
      cells: [Array],
      mergeOverride: false,
      _score: 10080.660423381632,
      _scale: 0.22215100905253346,
      borderCounter: 0,
      connectedTime: 2023-02-24T18:15:40.109Z,
      tickLeaderboard: 11,
      team: 0,
      spectate: false,
      freeRoam: false,
      spectateTarget: null,
      lastKeypressTick: 0,
      centerPos: [Vec2],
      mouse: [Vec2],
      viewBox: [Object],
      scrambleX: 0,
      scrambleY: 0,
      scrambleId: 0,
      isMinion: false,
      isMuted: false,
      spawnmass: 0,
      frozen: false,
      customspeed: 0,
      rec: false,
      miQ: 0,
      isMi: false,
      minionSplit: false,
      minionEject: false,
      minionFrozen: false,
      minionControl: false,
      collectPellets: false,
      userRole: 0
    },
    nodes: [
      [Cell], [Cell], [Cell], [Cell], [Cell], [Cell], [Cell],
      [Cell], [Cell], [Cell], [Cell], [Cell], [Cell], [Cell],
      [Cell], [Cell], [Cell], [Cell], [Cell], [Cell], [Cell],
      [Cell], [Cell], [Cell], [Cell], [Cell], [Cell], [Cell],
      [Cell], [Cell], [Cell], [Cell], [Cell], [Cell], [Cell],
      [Cell], [Cell], [Cell], [Cell], [Cell], [Cell], [Cell],
      [Cell], [Cell], [Cell], [Cell], [Cell], [Cell], [Cell],
      [Cell], [Cell], [Cell], [Cell], [Cell], [Cell], [Cell],
      [Cell], [Cell], [Cell], [Cell], [Cell], [Cell], [Cell],
      [Cell], [Cell], [Cell], [Cell], [Cell], [Cell], [Cell],
      [Cell], [Cell], [Cell], [Cell], [Cell], [Cell], [Cell],
      [Cell], [Cell], [Cell], [Cell], [Cell], [Cell], [Cell],
      [Cell], [Cell], [Cell], [Cell], [Cell], [Cell], [Cell],
      [Cell], [Cell], [Cell], [Cell], [Cell], [Cell], [Cell],
      [Cell], [Cell],
      ... 1968 more items
    ],
    nodesVirus: [
      [Cell], [Cell], [Cell], [Cell], [Cell],
      [Cell], [Cell], [Cell], [Cell], [Cell],
      [Cell], [Cell], [Cell], [Cell], [Cell],
      [Cell], [Cell], [Cell], [Cell], [Cell],
      [Cell], [Cell], [Cell], [Cell], [Cell],
      [Cell], [Cell], [Cell], [Cell], [Cell],
      [Cell], [Cell], [Cell], [Cell], [Cell],
      [Cell], [Cell], [Cell], [Cell], [Cell],
      [Cell], [Cell], [Cell], [Cell], [Cell],
      [Cell], [Cell], [Cell], [Cell], [Cell]
    ],
    nodesFood: [
      [Cell], [Cell], [Cell], [Cell], [Cell], [Cell], [Cell],
      [Cell], [Cell], [Cell], [Cell], [Cell], [Cell], [Cell],
      [Cell], [Cell], [Cell], [Cell], [Cell], [Cell], [Cell],
      [Cell], [Cell], [Cell], [Cell], [Cell], [Cell], [Cell],
      [Cell], [Cell], [Cell], [Cell], [Cell], [Cell], [Cell],
      [Cell], [Cell], [Cell], [Cell], [Cell], [Cell], [Cell],
      [Cell], [Cell], [Cell], [Cell], [Cell], [Cell], [Cell],
      [Cell], [Cell], [Cell], [Cell], [Cell], [Cell], [Cell],
      [Cell], [Cell], [Cell], [Cell], [Cell], [Cell], [Cell],
      [Cell], [Cell], [Cell], [Cell], [Cell], [Cell], [Cell],
      [Cell], [Cell], [Cell], [Cell], [Cell], [Cell], [Cell],
      [Cell], [Cell], [Cell], [Cell], [Cell], [Cell], [Cell],
      [Cell], [Cell], [Cell], [Cell], [Cell], [Cell], [Cell],
      [Cell], [Cell], [Cell], [Cell], [Cell], [Cell], [Cell],
      [Cell], [Cell],
      ... 1893 more items
    ],
    nodesEjected: [],
    nodesPlayer: [
      [Cell], [Cell], [Cell],
      [Cell], [Cell], [Cell],
      [Cell], [Cell], [Cell],
      [Cell], [Cell], [Cell],
      [Cell], [Cell], [Cell],
      [Cell], [Cell], [Cell],
      [Cell], [Cell], [Circular *2],
      [Cell], [Cell], [Cell],
      [Cell]
    ],
    movingNodes: [],
    leaderboard: [
      [PlayerTracker],
      [PlayerTracker],
      [PlayerTracker],
      [PlayerTracker],
      [PlayerTracker]
    ],
    leaderboardType: 49,
    bots: BotLoader {
      gameServer: [Circular *1],
      randomNames: [Array],
      nameIndex: 0
    },
    startTime: 1677262537431,
    stepDateTime: 1677262608518,
    timeStamp: 1677262608491,
    updateTime: 3.70367,
    updateTimeAvg: 2.6707874244234286,
    timerLoopBind: [Function: bound ],
    mainLoopBind: [Function: bound ],
    tickCounter: 1750,
    disableSpawn: false,
    config: {
      logVerbosity: 4,
      logFileVerbosity: 5,
      serverTimeout: 30,
      serverWsModule: 'ws',
      serverMaxConnections: 0,
      serverPort: 3000,
      serverBind: '0.0.0.0',
      serverTracker: 1,
      serverGamemode: 0,
      serverBots: 4,
      serverViewBaseX: 1920,
      serverViewBaseY: 1080,
      serverMinScale: 0.15,
      serverSpectatorScale: 0.4,
      serverStatsPort: 1234,
      serverStatsUpdate: 30,
      mobilePhysics: 0,
      badWordFilter: 0,
      serverRestart: 540000,
      serverMaxLB: 20,
      serverChat: 1,
      serverChatAscii: 0,
      separateChatForTeams: 0,
      serverName: 'BioBit v1.0',
      serverWelcome1: 'Welcome to BioBit v1.0! ',
      serverWelcome2: 'Hello There! ',
      clientBind: NaN,
      serverIpLimit: 2,
      serverMinionIgnoreTime: 30,
      serverMinionThreshold: 10,
      serverMinionInterval: 1000,
      serverScrambleLevel: 0,
      playerBotGrow: 0,
      borderWidth: 14142.135623730952,
      borderHeight: 14142.135623730952,
      foodMinSize: 16,
      foodMaxSize: 20,
      foodMinAmount: 2000,
      foodMaxAmount: 2000,
      foodSpawnAmount: 30,
      foodMassGrow: 1,
      spawnInterval: 10,
      virusMinSize: 100,
      virusMaxSize: 110,
      virusMaxPoppedSize: 60,
      virusEqualPopSize: 0,
      virusMinAmount: 50,
      virusMaxAmount: 100,
      motherCellMaxMass: 0,
      virusVelocity: 900,
      virusMaxCells: 0,
      ejectSize: 36.06,
      ejectSizeLoss: 42.43,
      ejectCooldown: 3,
      ejectSpawnPercent: 0.5,
      ejectVirus: 0,
      ejectVelocity: 780,
      playerMinSize: 60,
      playerMaxSize: 3000,
      playerMinSplitSize: 59.16079783,
      playerMinEjectSize: 59.16079783,
      playerStartSize: 36,
      playerMaxCells: 21,
      playerSpeed: 1,
      playerDecayRate: 0.002,
      playerDecayCap: 0,
      playerRecombineTime: 15,
      playerDisconnectTime: -1,
      playerMaxNickLength: 50,
      splitVelocity: 780,
      minionStartSize: 31.6227766017,
      minionMaxStartSize: 31.6227766017,
      minionCollideTeam: 0,
      disableERTP: 1,
      disableQ: 0,
      serverMinions: 0,
      collectPellets: 0,
      defaultName: '🦋',
      minionsOnLeaderboard: 0,
      tourneyMaxPlayers: 6,
      tourneyPrepTime: 10,
      tourneyEndTime: 30,
      tourneyTimeLimit: 20,
      tourneyAutoFill: 0,
      tourneyAutoFillPlayers: 1,
      tourneyLeaderboardToggleTime: 0
    },
    IpBan: [],
    minionTest: [],
    userList: [ [Object], [Object], [Object], [Object] ],
    badWords: [ ' <r>nigga ', ' <r>nigger ' ],
    ipBanList: [],
    border: {
      minx: -7071.067811865476,
      miny: -7071.067811865476,
      maxx: 7071.067811865476,
      maxy: 7071.067811865476,
      width: 14142.135623730952,
      height: 14142.135623730952,
      cx: 0,
      cy: 0
    },
    quadTree: QuadNode {
      halfWidth: 7071.067811865476,
      halfHeight: 7071.067811865476,
      bound: [Object],
      childNodes: [Array],
      items: [Array]
    },
    gameMode: Mode {
      ID: 0,
      name: 'vFree For All',
      decayMod: 1,
      packetLB: 49,
      haveTeams: false,
      specByLeaderboard: true,
      IsTournament: false,
      rankOne: [PlayerTracker]
    },
    clientBind: [ 'NaN' ],
    WebSocket: [class WebSocket extends EventEmitter] {
      CONNECTING: 0,
      OPEN: 1,
      CLOSING: 2,
      CLOSED: 3,
      Server: [class WebSocketServer extends EventEmitter],
      Receiver: [class Receiver],
      Sender: [class Sender]
    },
    wsServer: WebSocketServer {
      _events: [Object: null prototype],
      _eventsCount: 2,
      _maxListeners: undefined,
      _server: [Server],
      _ultron: [Ultron],
      clients: [Set],
      options: [Object],
      path: null,
      [Symbol(kCapture)]: false
    },
    stats: '{"server_name":"BioBit v1.0","server_chat":"true","border_width":14142.135623730952,"border_height":14142.135623730952,"gamemode":"vFree For All","max_players":0,"current_players":2,"alive":1,"spectators":1,"update_time":"2.063","uptime":1,"start_time":1677262537431}'
  },
  owner: <ref *3> PlayerTracker {
    gameServer: <ref *1> GameServer {
      srcFiles: '../src',
      run: true,
      version: '1.6.1',
      httpServer: [Server],
      lastNodeId: 4135,
      lastPlayerId: 7,
      clients: [Array],
      socketCount: 2,
      largestClient: [Circular *3],
      nodes: [Array],
      nodesVirus: [Array],
      nodesFood: [Array],
      nodesEjected: [],
      nodesPlayer: [Array],
      movingNodes: [],
      leaderboard: [Array],
      leaderboardType: 49,
      bots: [BotLoader],
      startTime: 1677262537431,
      stepDateTime: 1677262608518,
      timeStamp: 1677262608491,
      updateTime: 3.70367,
      updateTimeAvg: 2.6707874244234286,
      timerLoopBind: [Function: bound ],
      mainLoopBind: [Function: bound ],
      tickCounter: 1750,
      disableSpawn: false,
      config: [Object],
      IpBan: [],
      minionTest: [],
      userList: [Array],
      badWords: [Array],
      ipBanList: [],
      border: [Object],
      quadTree: [QuadNode],
      gameMode: [Mode],
      clientBind: [Array],
      WebSocket: [Function],
      wsServer: [WebSocketServer],
      stats: '{"server_name":"BioBit v1.0","server_chat":"true","border_width":14142.135623730952,"border_height":14142.135623730952,"gamemode":"vFree For All","max_players":0,"current_players":2,"alive":1,"spectators":1,"update_time":"2.063","uptime":1,"start_time":1677262537431}'
    },
    socket: WebSocket {
      _events: [Object: null prototype],
      _eventsCount: 3,
      _maxListeners: undefined,
      readyState: 1,
      bytesReceived: 7536,
      extensions: {},
      protocol: '',
      _finalize: [Function],
      _binaryType: 'nodebuffer',
      _finalizeCalled: false,
      _closeMessage: null,
      _closeTimer: null,
      _closeCode: null,
      _receiver: [Receiver],
      _sender: [Sender],
      _socket: [Socket],
      _ultron: [Ultron],
      protocolVersion: 13,
      maxPayload: 4096,
      upgradeReq: [IncomingMessage],
      _isServer: true,
      isConnected: true,
      remoteAddress: '152.157.185.136',
      remotePort: 53332,
      lastAliveTime: 1677262608207,
      playerTracker: [Circular *3],
      packetHandler: [PacketHandler],
      playerCommand: [PlayerCommand],
      [Symbol(kCapture)]: false
    },
    pID: 6,
    userAuth: null,
    isRemoved: false,
    isCloseRequested: false,
    _name: 'Joe swansonson',
    _skin: '',
    _nameUtf8: <Buffer 4a 6f 65 20 73 77 61 6e 73 6f 6e 73 6f 6e 00>,
    _skinUtf8protocol11: null,
    _nameUnicode: <Buffer 4a 00 6f 00 65 00 20 00 73 00 77 00 61 00 6e 00 73 00 6f 00 6e 00 73 00 6f 00 6e 00 00 00>,
    _skinUtf8: null,
    color: { r: 7, g: 255, b: 203 },
    viewNodes: [
      [Cell], [Cell], [Cell], [Cell], [Cell], [Cell], [Cell],
      [Cell], [Cell], [Cell], [Cell], [Cell], [Cell], [Cell],
      [Cell], [Cell], [Cell], [Cell], [Cell], [Cell], [Cell],
      [Cell], [Cell], [Cell], [Cell], [Cell], [Cell], [Cell],
      [Cell], [Cell], [Cell], [Cell], [Cell], [Cell], [Cell],
      [Cell], [Cell], [Cell], [Cell], [Cell], [Cell], [Cell],
      [Cell], [Cell], [Cell], [Cell], [Cell], [Cell], [Cell],
      [Cell], [Cell], [Cell], [Cell], [Cell], [Cell], [Cell],
      [Cell], [Cell], [Cell], [Cell], [Cell], [Cell], [Cell],
      [Cell], [Cell], [Cell], [Cell], [Cell], [Cell], [Cell],
      [Cell], [Cell], [Cell], [Cell], [Cell], [Cell], [Cell],
      [Cell], [Cell], [Cell], [Cell], [Cell], [Cell], [Cell],
      [Cell], [Cell], [Cell], [Cell], [Cell], [Cell], [Cell],
      [Cell], [Cell], [Cell], [Cell], [Cell], [Cell], [Cell],
      [Cell], [Cell],
      ... 171 more items
    ],
    clientNodes: [
      [Cell], [Cell], [Cell], [Cell], [Cell], [Cell], [Cell],
      [Cell], [Cell], [Cell], [Cell], [Cell], [Cell], [Cell],
      [Cell], [Cell], [Cell], [Cell], [Cell], [Cell], [Cell],
      [Cell], [Cell], [Cell], [Cell], [Cell], [Cell], [Cell],
      [Cell], [Cell], [Cell], [Cell], [Cell], [Cell], [Cell],
      [Cell], [Cell], [Cell], [Cell], [Cell], [Cell], [Cell],
      [Cell], [Cell], [Cell], [Cell], [Cell], [Cell], [Cell],
      [Cell], [Cell], [Cell], [Cell], [Cell], [Cell], [Cell],
      [Cell], [Cell], [Cell], [Cell], [Cell], [Cell], [Cell],
      [Cell], [Cell], [Cell], [Cell], [Cell], [Cell], [Cell],
      [Cell], [Cell], [Cell], [Cell], [Cell], [Cell], [Cell],
      [Cell], [Cell], [Cell], [Cell], [Cell], [Cell], [Cell],
      [Cell], [Cell], [Cell], [Cell], [Cell], [Cell], [Cell],
      [Cell], [Cell], [Cell], [Cell], [Cell], [Cell], [Cell],
      [Cell], [Cell],
      ... 171 more items
    ],
    cells: [
      [Circular *2], [Cell],
      [Cell],        [Cell],
      [Cell],        [Cell],
      [Cell],        [Cell],
      [Cell],        [Cell],
      [Cell],        [Cell],
      [Cell],        [Cell],
      [Cell],        [Cell],
      [Cell],        [Cell],
      [Cell],        [Cell],
      [Cell]
    ],
    mergeOverride: false,
    _score: 10080.660423381632,
    _scale: 0.22215100905253346,
    borderCounter: 0,
    connectedTime: 2023-02-24T18:15:40.109Z,
    tickLeaderboard: 11,
    team: 0,
    spectate: false,
    freeRoam: false,
    spectateTarget: null,
    lastKeypressTick: 0,
    centerPos: Vec2 { x: -6460.383709117263, y: -3911.479516410905 },
    mouse: Vec2 { x: -6168, y: -6216 },
    viewBox: {
      minx: -11006.840663364808,
      miny: -6567.330608496104,
      maxx: -1913.926754869718,
      maxy: -1255.6284243257055
    },
    scrambleX: 0,
    scrambleY: 0,
    scrambleId: 0,
    isMinion: false,
    isMuted: false,
    spawnmass: 0,
    frozen: false,
    customspeed: 0,
    rec: false,
    miQ: 0,
    isMi: false,
    minionSplit: false,
    minionEject: false,
    minionFrozen: false,
    minionControl: false,
    collectPellets: false,
    userRole: 0
  },
  color: { r: 7, g: 255, b: 203 },
  radius: 508324.72593096696,
  _size: 712.9689515897358,
  _mass: 5083.24725930967,
  cellType: 0,
  isSpiked: false,
  isAgitated: false,
  killedBy: null,
  isMoving: false,
  boostDistance: 0,
  boostDirection: Vec2 { x: -1, y: 0 },
  tickOfBirth: 1130,
  nodeId: 3501,
  position: Vec2 { x: -6685.117630043622, y: -3478.723952277342 },
  _canRemerge: false,
  quadItem: {
    cell: [Circular *2],
    bound: {
      minx: -7391.038819646942,
      miny: -4184.645141880663,
      maxx: -5979.196440440302,
      maxy: -2772.802762674022
    },
    _quadNode: QuadNode {
      halfWidth: 3535.533905932738,
      halfHeight: 3535.533905932738,
      bound: [Object],
      childNodes: [Array],
      items: [Array]
    }
  },
  div: 3
}
[NONE ][18:16:48] undefined
[NONE ][18:16:54] <ref *2> Cell {
  gameServer: <ref *1> GameServer {
    srcFiles: '../src',
    run: true,
    version: '1.6.1',
    httpServer: Server {
      maxHeaderSize: undefined,
      insecureHTTPParser: undefined,
      requestTimeout: 300000,
      headersTimeout: 60000,
      keepAliveTimeout: 5000,
      connectionsCheckingInterval: 30000,
      _events: [Object: null prototype],
      _eventsCount: 3,
      _maxListeners: undefined,
      _connections: 0,
      _handle: [TCP],
      _usingWorkers: false,
      _workers: [],
      _unref: false,
      allowHalfOpen: true,
      pauseOnConnect: false,
      noDelay: true,
      keepAlive: false,
      keepAliveInitialDelay: 0,
      httpAllowHalfOpen: false,
      timeout: 0,
      maxHeadersCount: null,
      maxRequestsPerSocket: 0,
      _connectionKey: '6::::1234',
      [Symbol(IncomingMessage)]: [Function: IncomingMessage],
      [Symbol(ServerResponse)]: [Function: ServerResponse],
      [Symbol(kCapture)]: false,
      [Symbol(async_id_symbol)]: 11,
      [Symbol(http.server.connections)]: ConnectionsList {},
      [Symbol(http.server.connectionsCheckingInterval)]: Timeout {
        _idleTimeout: 30000,
        _idlePrev: [Timeout],
        _idleNext: [Timeout],
        _idleStart: 61490,
        _onTimeout: [Function: bound checkConnections],
        _timerArgs: undefined,
        _repeat: 30000,
        _destroyed: false,
        [Symbol(refed)]: false,
        [Symbol(kHasPrimitive)]: false,
        [Symbol(asyncId)]: 10,
        [Symbol(triggerId)]: 1
      },
      [Symbol(kUniqueHeaders)]: null
    },
    lastNodeId: 4185,
    lastPlayerId: 7,
    clients: [
      [FakeSocket],
      [FakeSocket],
      [FakeSocket],
      [FakeSocket],
      [WebSocket],
      [WebSocket]
    ],
    socketCount: 2,
    largestClient: PlayerTracker {
      gameServer: [Circular *1],
      socket: [WebSocket],
      pID: 6,
      userAuth: null,
      isRemoved: false,
      isCloseRequested: false,
      _name: 'Joe swansonson',
      _skin: '',
      _nameUtf8: <Buffer 4a 6f 65 20 73 77 61 6e 73 6f 6e 73 6f 6e 00>,
      _skinUtf8protocol11: null,
      _nameUnicode: <Buffer 4a 00 6f 00 65 00 20 00 73 00 77 00 61 00 6e 00 73 00 6f 00 6e 00 73 00 6f 00 6e 00 00 00>,
      _skinUtf8: null,
      color: [Object],
      viewNodes: [Array],
      clientNodes: [Array],
      cells: [Array],
      mergeOverride: false,
      _score: 10137.309583386428,
      _scale: 0.22155805769727216,
      borderCounter: 0,
      connectedTime: 2023-02-24T18:15:40.109Z,
      tickLeaderboard: 17,
      team: 0,
      spectate: false,
      freeRoam: false,
      spectateTarget: null,
      lastKeypressTick: 0,
      centerPos: [Vec2],
      mouse: [Vec2],
      viewBox: [Object],
      scrambleX: 0,
      scrambleY: 0,
      scrambleId: 0,
      isMinion: false,
      isMuted: false,
      spawnmass: 0,
      frozen: false,
      customspeed: 0,
      rec: false,
      miQ: 0,
      isMi: false,
      minionSplit: false,
      minionEject: false,
      minionFrozen: false,
      minionControl: false,
      collectPellets: false,
      userRole: 0
    },
    nodes: [
      [Cell], [Cell], [Cell], [Cell], [Cell], [Cell], [Cell],
      [Cell], [Cell], [Cell], [Cell], [Cell], [Cell], [Cell],
      [Cell], [Cell], [Cell], [Cell], [Cell], [Cell], [Cell],
      [Cell], [Cell], [Cell], [Cell], [Cell], [Cell], [Cell],
      [Cell], [Cell], [Cell], [Cell], [Cell], [Cell], [Cell],
      [Cell], [Cell], [Cell], [Cell], [Cell], [Cell], [Cell],
      [Cell], [Cell], [Cell], [Cell], [Cell], [Cell], [Cell],
      [Cell], [Cell], [Cell], [Cell], [Cell], [Cell], [Cell],
      [Cell], [Cell], [Cell], [Cell], [Cell], [Cell], [Cell],
      [Cell], [Cell], [Cell], [Cell], [Cell], [Cell], [Cell],
      [Cell], [Cell], [Cell], [Cell], [Cell], [Cell], [Cell],
      [Cell], [Cell], [Cell], [Cell], [Cell], [Cell], [Cell],
      [Cell], [Cell], [Cell], [Cell], [Cell], [Cell], [Cell],
      [Cell], [Cell], [Cell], [Cell], [Cell], [Cell], [Cell],
      [Cell], [Cell],
      ... 1975 more items
    ],
    nodesVirus: [
      [Cell], [Cell], [Cell], [Cell], [Cell],
      [Cell], [Cell], [Cell], [Cell], [Cell],
      [Cell], [Cell], [Cell], [Cell], [Cell],
      [Cell], [Cell], [Cell], [Cell], [Cell],
      [Cell], [Cell], [Cell], [Cell], [Cell],
      [Cell], [Cell], [Cell], [Cell], [Cell],
      [Cell], [Cell], [Cell], [Cell], [Cell],
      [Cell], [Cell], [Cell], [Cell], [Cell],
      [Cell], [Cell], [Cell], [Cell], [Cell],
      [Cell], [Cell], [Cell], [Cell], [Cell]
    ],
    nodesFood: [
      [Cell], [Cell], [Cell], [Cell], [Cell], [Cell], [Cell],
      [Cell], [Cell], [Cell], [Cell], [Cell], [Cell], [Cell],
      [Cell], [Cell], [Cell], [Cell], [Cell], [Cell], [Cell],
      [Cell], [Cell], [Cell], [Cell], [Cell], [Cell], [Cell],
      [Cell], [Cell], [Cell], [Cell], [Cell], [Cell], [Cell],
      [Cell], [Cell], [Cell], [Cell], [Cell], [Cell], [Cell],
      [Cell], [Cell], [Cell], [Cell], [Cell], [Cell], [Cell],
      [Cell], [Cell], [Cell], [Cell], [Cell], [Cell], [Cell],
      [Cell], [Cell], [Cell], [Cell], [Cell], [Cell], [Cell],
      [Cell], [Cell], [Cell], [Cell], [Cell], [Cell], [Cell],
      [Cell], [Cell], [Cell], [Cell], [Cell], [Cell], [Cell],
      [Cell], [Cell], [Cell], [Cell], [Cell], [Cell], [Cell],
      [Cell], [Cell], [Cell], [Cell], [Cell], [Cell], [Cell],
      [Cell], [Cell], [Cell], [Cell], [Cell], [Cell], [Cell],
      [Cell], [Cell],
      ... 1900 more items
    ],
    nodesEjected: [],
    nodesPlayer: [
      [Cell], [Cell], [Cell],
      [Cell], [Cell], [Cell],
      [Cell], [Cell], [Cell],
      [Cell], [Cell], [Cell],
      [Cell], [Cell], [Cell],
      [Cell], [Cell], [Cell],
      [Cell], [Cell], [Circular *2],
      [Cell], [Cell], [Cell],
      [Cell]
    ],
    movingNodes: [],
    leaderboard: [
      [PlayerTracker],
      [PlayerTracker],
      [PlayerTracker],
      [PlayerTracker],
      [PlayerTracker]
    ],
    leaderboardType: 49,
    bots: BotLoader {
      gameServer: [Circular *1],
      randomNames: [Array],
      nameIndex: 0
    },
    startTime: 1677262537431,
    stepDateTime: 1677262614974,
    timeStamp: 1677262614971,
    updateTime: 1.82105,
    updateTimeAvg: 1.60396451745986,
    timerLoopBind: [Function: bound ],
    mainLoopBind: [Function: bound ],
    tickCounter: 1912,
    disableSpawn: false,
    config: {
      logVerbosity: 4,
      logFileVerbosity: 5,
      serverTimeout: 30,
      serverWsModule: 'ws',
      serverMaxConnections: 0,
      serverPort: 3000,
      serverBind: '0.0.0.0',
      serverTracker: 1,
      serverGamemode: 0,
      serverBots: 4,
      serverViewBaseX: 1920,
      serverViewBaseY: 1080,
      serverMinScale: 0.15,
      serverSpectatorScale: 0.4,
      serverStatsPort: 1234,
      serverStatsUpdate: 30,
      mobilePhysics: 0,
      badWordFilter: 0,
      serverRestart: 540000,
      serverMaxLB: 20,
      serverChat: 1,
      serverChatAscii: 0,
      separateChatForTeams: 0,
      serverName: 'BioBit v1.0',
      serverWelcome1: 'Welcome to BioBit v1.0! ',
      serverWelcome2: 'Hello There! ',
      clientBind: NaN,
      serverIpLimit: 2,
      serverMinionIgnoreTime: 30,
      serverMinionThreshold: 10,
      serverMinionInterval: 1000,
      serverScrambleLevel: 0,
      playerBotGrow: 0,
      borderWidth: 14142.135623730952,
      borderHeight: 14142.135623730952,
      foodMinSize: 16,
      foodMaxSize: 20,
      foodMinAmount: 2000,
      foodMaxAmount: 2000,
      foodSpawnAmount: 30,
      foodMassGrow: 1,
      spawnInterval: 10,
      virusMinSize: 100,
      virusMaxSize: 110,
      virusMaxPoppedSize: 60,
      virusEqualPopSize: 0,
      virusMinAmount: 50,
      virusMaxAmount: 100,
      motherCellMaxMass: 0,
      virusVelocity: 900,
      virusMaxCells: 0,
      ejectSize: 36.06,
      ejectSizeLoss: 42.43,
      ejectCooldown: 3,
      ejectSpawnPercent: 0.5,
      ejectVirus: 0,
      ejectVelocity: 780,
      playerMinSize: 60,
      playerMaxSize: 3000,
      playerMinSplitSize: 59.16079783,
      playerMinEjectSize: 59.16079783,
      playerStartSize: 36,
      playerMaxCells: 21,
      playerSpeed: 1,
      playerDecayRate: 0.002,
      playerDecayCap: 0,
      playerRecombineTime: 15,
      playerDisconnectTime: -1,
      playerMaxNickLength: 50,
      splitVelocity: 780,
      minionStartSize: 31.6227766017,
      minionMaxStartSize: 31.6227766017,
      minionCollideTeam: 0,
      disableERTP: 1,
      disableQ: 0,
      serverMinions: 0,
      collectPellets: 0,
      defaultName: '🦋',
      minionsOnLeaderboard: 0,
      tourneyMaxPlayers: 6,
      tourneyPrepTime: 10,
      tourneyEndTime: 30,
      tourneyTimeLimit: 20,
      tourneyAutoFill: 0,
      tourneyAutoFillPlayers: 1,
      tourneyLeaderboardToggleTime: 0
    },
    IpBan: [],
    minionTest: [],
    userList: [ [Object], [Object], [Object], [Object] ],
    badWords: [ ' <r>nigga ', ' <r>nigger ' ],
    ipBanList: [],
    border: {
      minx: -7071.067811865476,
      miny: -7071.067811865476,
      maxx: 7071.067811865476,
      maxy: 7071.067811865476,
      width: 14142.135623730952,
      height: 14142.135623730952,
      cx: 0,
      cy: 0
    },
    quadTree: QuadNode {
      halfWidth: 7071.067811865476,
      halfHeight: 7071.067811865476,
      bound: [Object],
      childNodes: [Array],
      items: [Array]
    },
    gameMode: Mode {
      ID: 0,
      name: 'vFree For All',
      decayMod: 1,
      packetLB: 49,
      haveTeams: false,
      specByLeaderboard: true,
      IsTournament: false,
      rankOne: [PlayerTracker]
    },
    clientBind: [ 'NaN' ],
    WebSocket: [class WebSocket extends EventEmitter] {
      CONNECTING: 0,
      OPEN: 1,
      CLOSING: 2,
      CLOSED: 3,
      Server: [class WebSocketServer extends EventEmitter],
      Receiver: [class Receiver],
      Sender: [class Sender]
    },
    wsServer: WebSocketServer {
      _events: [Object: null prototype],
      _eventsCount: 2,
      _maxListeners: undefined,
      _server: [Server],
      _ultron: [Ultron],
      clients: [Set],
      options: [Object],
      path: null,
      [Symbol(kCapture)]: false
    },
    stats: '{"server_name":"BioBit v1.0","server_chat":"true","border_width":14142.135623730952,"border_height":14142.135623730952,"gamemode":"vFree For All","max_players":0,"current_players":2,"alive":1,"spectators":1,"update_time":"2.063","uptime":1,"start_time":1677262537431}'
  },
  owner: <ref *3> PlayerTracker {
    gameServer: <ref *1> GameServer {
      srcFiles: '../src',
      run: true,
      version: '1.6.1',
      httpServer: [Server],
      lastNodeId: 4185,
      lastPlayerId: 7,
      clients: [Array],
      socketCount: 2,
      largestClient: [Circular *3],
      nodes: [Array],
      nodesVirus: [Array],
      nodesFood: [Array],
      nodesEjected: [],
      nodesPlayer: [Array],
      movingNodes: [],
      leaderboard: [Array],
      leaderboardType: 49,
      bots: [BotLoader],
      startTime: 1677262537431,
      stepDateTime: 1677262614974,
      timeStamp: 1677262614971,
      updateTime: 1.82105,
      updateTimeAvg: 1.60396451745986,
      timerLoopBind: [Function: bound ],
      mainLoopBind: [Function: bound ],
      tickCounter: 1912,
      disableSpawn: false,
      config: [Object],
      IpBan: [],
      minionTest: [],
      userList: [Array],
      badWords: [Array],
      ipBanList: [],
      border: [Object],
      quadTree: [QuadNode],
      gameMode: [Mode],
      clientBind: [Array],
      WebSocket: [Function],
      wsServer: [WebSocketServer],
      stats: '{"server_name":"BioBit v1.0","server_chat":"true","border_width":14142.135623730952,"border_height":14142.135623730952,"gamemode":"vFree For All","max_players":0,"current_players":2,"alive":1,"spectators":1,"update_time":"2.063","uptime":1,"start_time":1677262537431}'
    },
    socket: WebSocket {
      _events: [Object: null prototype],
      _eventsCount: 3,
      _maxListeners: undefined,
      readyState: 1,
      bytesReceived: 7671,
      extensions: {},
      protocol: '',
      _finalize: [Function],
      _binaryType: 'nodebuffer',
      _finalizeCalled: false,
      _closeMessage: null,
      _closeTimer: null,
      _closeCode: null,
      _receiver: [Receiver],
      _sender: [Sender],
      _socket: [Socket],
      _ultron: [Ultron],
      protocolVersion: 13,
      maxPayload: 4096,
      upgradeReq: [IncomingMessage],
      _isServer: true,
      isConnected: true,
      remoteAddress: '152.157.185.136',
      remotePort: 53332,
      lastAliveTime: 1677262613997,
      playerTracker: [Circular *3],
      packetHandler: [PacketHandler],
      playerCommand: [PlayerCommand],
      [Symbol(kCapture)]: false
    },
    pID: 6,
    userAuth: null,
    isRemoved: false,
    isCloseRequested: false,
    _name: 'Joe swansonson',
    _skin: '',
    _nameUtf8: <Buffer 4a 6f 65 20 73 77 61 6e 73 6f 6e 73 6f 6e 00>,
    _skinUtf8protocol11: null,
    _nameUnicode: <Buffer 4a 00 6f 00 65 00 20 00 73 00 77 00 61 00 6e 00 73 00 6f 00 6e 00 73 00 6f 00 6e 00 00 00>,
    _skinUtf8: null,
    color: { r: 7, g: 255, b: 203 },
    viewNodes: [
      [Cell], [Cell], [Cell], [Cell], [Cell], [Cell], [Cell],
      [Cell], [Cell], [Cell], [Cell], [Cell], [Cell], [Cell],
      [Cell], [Cell], [Cell], [Cell], [Cell], [Cell], [Cell],
      [Cell], [Cell], [Cell], [Cell], [Cell], [Cell], [Cell],
      [Cell], [Cell], [Cell], [Cell], [Cell], [Cell], [Cell],
      [Cell], [Cell], [Cell], [Cell], [Cell], [Cell], [Cell],
      [Cell], [Cell], [Cell], [Cell], [Cell], [Cell], [Cell],
      [Cell], [Cell], [Cell], [Cell], [Cell], [Cell], [Cell],
      [Cell], [Cell], [Cell], [Cell], [Cell], [Cell], [Cell],
      [Cell], [Cell], [Cell], [Cell], [Cell], [Cell], [Cell],
      [Cell], [Cell], [Cell], [Cell], [Cell], [Cell], [Cell],
      [Cell], [Cell], [Cell], [Cell], [Cell], [Cell], [Cell],
      [Cell], [Cell], [Cell], [Cell], [Cell], [Cell], [Cell],
      [Cell], [Cell], [Cell], [Cell], [Cell], [Cell], [Cell],
      [Cell], [Cell],
      ... 150 more items
    ],
    clientNodes: [
      [Cell], [Cell], [Cell], [Cell], [Cell], [Cell], [Cell],
      [Cell], [Cell], [Cell], [Cell], [Cell], [Cell], [Cell],
      [Cell], [Cell], [Cell], [Cell], [Cell], [Cell], [Cell],
      [Cell], [Cell], [Cell], [Cell], [Cell], [Cell], [Cell],
      [Cell], [Cell], [Cell], [Cell], [Cell], [Cell], [Cell],
      [Cell], [Cell], [Cell], [Cell], [Cell], [Cell], [Cell],
      [Cell], [Cell], [Cell], [Cell], [Cell], [Cell], [Cell],
      [Cell], [Cell], [Cell], [Cell], [Cell], [Cell], [Cell],
      [Cell], [Cell], [Cell], [Cell], [Cell], [Cell], [Cell],
      [Cell], [Cell], [Cell], [Cell], [Cell], [Cell], [Cell],
      [Cell], [Cell], [Cell], [Cell], [Cell], [Cell], [Cell],
      [Cell], [Cell], [Cell], [Cell], [Cell], [Cell], [Cell],
      [Cell], [Cell], [Cell], [Cell], [Cell], [Cell], [Cell],
      [Cell], [Cell], [Cell], [Cell], [Cell], [Cell], [Cell],
      [Cell], [Cell],
      ... 150 more items
    ],
    cells: [
      [Circular *2], [Cell],
      [Cell],        [Cell],
      [Cell],        [Cell],
      [Cell],        [Cell],
      [Cell],        [Cell],
      [Cell],        [Cell],
      [Cell],        [Cell],
      [Cell],        [Cell],
      [Cell],        [Cell],
      [Cell],        [Cell],
      [Cell]
    ],
    mergeOverride: false,
    _score: 10137.309583386428,
    _scale: 0.22155805769727216,
    borderCounter: 0,
    connectedTime: 2023-02-24T18:15:40.109Z,
    tickLeaderboard: 17,
    team: 0,
    spectate: false,
    freeRoam: false,
    spectateTarget: null,
    lastKeypressTick: 0,
    centerPos: Vec2 { x: -6326.856072857286, y: -4926.019667764922 },
    mouse: Vec2 { x: -6161, y: -6249 },
    viewBox: {
      minx: -10885.480618031906,
      miny: -7588.978560490692,
      maxx: -1768.231527682664,
      maxy: -2263.0607750391523
    },
    scrambleX: 0,
    scrambleY: 0,
    scrambleId: 0,
    isMinion: false,
    isMuted: false,
    spawnmass: 0,
    frozen: false,
    customspeed: 0,
    rec: false,
    miQ: 0,
    isMi: false,
    minionSplit: false,
    minionEject: false,
    minionFrozen: false,
    minionControl: false,
    collectPellets: false,
    userRole: 0
  },
  color: { r: 7, g: 255, b: 203 },
  radius: 513542.4857101323,
  _size: 716.6187868805368,
  _mass: 5135.424857101323,
  cellType: 0,
  isSpiked: false,
  isAgitated: false,
  killedBy: null,
  isMoving: false,
  boostDistance: 0,
  boostDirection: Vec2 { x: -1, y: 0 },
  tickOfBirth: 1130,
  nodeId: 3501,
  position: Vec2 { x: -6587.528837119827, y: -4398.393971359056 },
  _canRemerge: false,
  quadItem: {
    cell: [Circular *2],
    bound: {
      minx: -7297.136112808381,
      miny: -5108.00124704761,
      maxx: -5877.9215614312725,
      maxy: -3688.7866956705016
    },
    _quadNode: QuadNode {
      halfWidth: 883.8834764831845,
      halfHeight: 883.8834764831845,
      bound: [Object],
      childNodes: [],
      items: [Array]
    }
  },
  div: 3
}
[NONE ][18:16:54] undefined
