=== Started 2023-02-27T22-54-51-062 ===
[ERROR][22:54:51] Unknown gameserver.ini value: serverWelcome3
[INFO ][22:54:51] 2 bad words loaded
[INFO ][22:54:51] 4 user records loaded.
[INFO ][22:54:51] 0 IP ban records loaded.
[INFO ][22:54:51] [1m[32mMultiOgar-Edited 1.6.1[37m - An open source multi-protocol ogar server[0m
[INFO ][22:54:51] WebSocket: ws
[INFO ][22:54:51] Started stats server on port 1234
[INFO ][22:54:51] Listening on port 3000
[INFO ][22:54:51] Current game mode is vFree For All
[INFO ][22:54:51] Added 4 player bots
[NONE ][22:54:51]   __  __       _ _   _  ___                        _____    _ _ _           _    _   __    _ 
 |  \/  |_   _| | |_(_)/ _ \  __ _  __ _ _ __     | ____|__| (_) |_ ___  __| |  / | / /_  / |
 | |\/| | | | | | __| | | | |/ _` |/ _` | '__|____|  _| / _` | | __/ _ \/ _` |  | || '_ \ | |
 | |  | | |_| | | |_| | |_| | (_| | (_| | | |_____| |__| (_| | | ||  __/ (_| |  | || (_) || |
 |_|  |_|\__,_|_|\__|_|\___/ \__, |\__,_|_|       |_____\__,_|_|\__\___|\__,_|  |_(_)___(_)_|
                             |___/                                                           
[NONE ][22:54:54] CONNECTED 74.131.198.201:36682, origin: "https://34f255ab-3d17-48d9-9f19-a2c64b272861.id.repl.co"
[NONE ][22:55:17] CONNECTED 47.149.82.13:55716, origin: "https://biobit-forked.lxtte.repl.co"
[NONE ][22:55:32] DISCONNECTED 74.131.198.201:36682, code: 1000, reason: "Connection timeout", name: ""
[NONE ][22:55:35] CONNECTED 74.131.198.201:48466, origin: "https://34f255ab-3d17-48d9-9f19-a2c64b272861.id.repl.co"
