=== Started 2023-05-03T00-50-56-449 ===
[ERROR][00:50:56] Unknown gameserver.ini value: serverWelcome3
[INFO ][00:50:56] 2 bad words loaded
[INFO ][00:50:56] 4 user records loaded.
[INFO ][00:50:56] 0 IP ban records loaded.
[INFO ][00:50:56] [1m[32mMultiOgar-Edited 1.6.1[37m - An open source multi-protocol ogar server[0m
[INFO ][00:50:56] WebSocket: ws
[INFO ][00:50:57] Started stats server on port 1234
[INFO ][00:50:57] Listening on port 3000
[INFO ][00:50:57] Current game mode is vFree For All
[INFO ][00:50:57] Added 4 player bots
[NONE ][00:50:57]   __  __       _ _   _  ___                        _____    _ _ _           _    _   __    _ 
 |  \/  |_   _| | |_(_)/ _ \  __ _  __ _ _ __     | ____|__| (_) |_ ___  __| |  / | / /_  / |
 | |\/| | | | | | __| | | | |/ _` |/ _` | '__|____|  _| / _` | | __/ _ \/ _` |  | || '_ \ | |
 | |  | | |_| | | |_| | |_| | (_| | (_| | | |_____| |__| (_| | | ||  __/ (_| |  | || (_) || |
 |_|  |_|\__,_|_|\__|_|\___/ \__, |\__,_|_|       |_____\__,_|_|\__\___|\__,_|  |_(_)___(_)_|
                             |___/                                                           
[NONE ][00:52:46] CONNECTED 73.138.169.106:33570, origin: "https://34f255ab-3d17-48d9-9f19-a2c64b272861.id.repl.co"
[NONE ][00:52:52] DISCONNECTED 73.138.169.106:33570, code: 1001, reason: "", name: ""
[NONE ][00:55:30] CONNECTED 73.138.169.106:54600, origin: "https://34f255ab-3d17-48d9-9f19-a2c64b272861.id.repl.co"
[NONE ][01:22:40] DISCONNECTED 73.138.169.106:54600, code: 1001, reason: "", name: "Esme"
