=== Started 2023-04-20T15-13-45-979 ===
[ERROR][15:13:46] Unknown gameserver.ini value: serverWelcome3
[INFO ][15:13:46] 2 bad words loaded
[INFO ][15:13:46] 4 user records loaded.
[INFO ][15:13:46] 0 IP ban records loaded.
[INFO ][15:13:46] [1m[32mMultiOgar-Edited 1.6.1[37m - An open source multi-protocol ogar server[0m
[INFO ][15:13:46] WebSocket: ws
[INFO ][15:13:46] Started stats server on port 1234
[INFO ][15:13:46] Listening on port 3000
[INFO ][15:13:46] Current game mode is vFree For All
[INFO ][15:13:46] Added 4 player bots
[NONE ][15:13:46]   __  __       _ _   _  ___                        _____    _ _ _           _    _   __    _ 
 |  \/  |_   _| | |_(_)/ _ \  __ _  __ _ _ __     | ____|__| (_) |_ ___  __| |  / | / /_  / |
 | |\/| | | | | | __| | | | |/ _` |/ _` | '__|____|  _| / _` | | __/ _ \/ _` |  | || '_ \ | |
 | |  | | |_| | | |_| | |_| | (_| | (_| | | |_____| |__| (_| | | ||  __/ (_| |  | || (_) || |
 |_|  |_|\__,_|_|\__|_|\___/ \__, |\__,_|_|       |_____\__,_|_|\__\___|\__,_|  |_(_)___(_)_|
                             |___/                                                           
[NONE ][15:14:25] CONNECTED 63.236.213.242:34780, origin: "https://biobit-forked.lxtte.repl.co"
[NONE ][15:15:06] DISCONNECTED 63.236.213.242:34780, code: 1000, reason: "", name: "Adam likes🍆"
[NONE ][15:19:48] CONNECTED 208.54.169.132:58344, origin: "https://34f255ab-3d17-48d9-9f19-a2c64b272861.id.repl.co"
[ERROR][15:20:36] [Tracker][ogar.mivabe.nl]: Error: getaddrinfo EAI_AGAIN ogar.mivabe.nl
[ERROR][15:21:06] [Tracker][ogar.mivabe.nl]: Error: getaddrinfo EAI_AGAIN ogar.mivabe.nl
[NONE ][15:21:33] DISCONNECTED 208.54.169.132:58344, code: 1006, reason: "null", name: ""
[ERROR][15:21:36] [Tracker][ogar.mivabe.nl]: Error: getaddrinfo EAI_AGAIN ogar.mivabe.nl
