=== Started 2023-05-19T06-02-08-933 ===
[ERROR][06:02:08] Unknown gameserver.ini value: serverWelcome3
[INFO ][06:02:08] 2 bad words loaded
[INFO ][06:02:08] 4 user records loaded.
[INFO ][06:02:08] 0 IP ban records loaded.
[INFO ][06:02:08] [1m[32mMultiOgar-Edited 1.6.1[37m - An open source multi-protocol ogar server[0m
[INFO ][06:02:08] WebSocket: ws
[INFO ][06:02:08] Started stats server on port 1234
[INFO ][06:02:08] Listening on port 3000
[INFO ][06:02:08] Current game mode is vFree For All
[INFO ][06:02:08] Added 4 player bots
[NONE ][06:02:09]   __  __       _ _   _  ___                        _____    _ _ _           _    _   __    _ 
 |  \/  |_   _| | |_(_)/ _ \  __ _  __ _ _ __     | ____|__| (_) |_ ___  __| |  / | / /_  / |
 | |\/| | | | | | __| | | | |/ _` |/ _` | '__|____|  _| / _` | | __/ _ \/ _` |  | || '_ \ | |
 | |  | | |_| | | |_| | |_| | (_| | (_| | | |_____| |__| (_| | | ||  __/ (_| |  | || (_) || |
 |_|  |_|\__,_|_|\__|_|\___/ \__, |\__,_|_|       |_____\__,_|_|\__\___|\__,_|  |_(_)___(_)_|
                             |___/                                                           
[ERROR][06:09:56] [Tracker][ogar.mivabe.nl]: Error: getaddrinfo ENOTFOUND ogar.mivabe.nl
[NONE ][06:11:47] CONNECTED 184.22.7.46:51890, origin: "https://34f255ab-3d17-48d9-9f19-a2c64b272861.id.repl.co"
[NONE ][06:11:57] CONNECTED 184.22.1.46:39984, origin: "https://34f255ab-3d17-48d9-9f19-a2c64b272861.id.repl.co"
[NONE ][06:12:47] DISCONNECTED 184.22.7.46:51890, code: 1006, reason: "null", name: ""
[ERROR][06:12:58] [Tracker][ogar.mivabe.nl]: Error: getaddrinfo EAI_AGAIN ogar.mivabe.nl
