=== Started 2023-03-20T20-37-09-654 ===
[ERROR][20:37:09] Unknown gameserver.ini value: serverWelcome3
[INFO ][20:37:09] 2 bad words loaded
[INFO ][20:37:09] 4 user records loaded.
[INFO ][20:37:09] 0 IP ban records loaded.
[INFO ][20:37:09] [1m[32mMultiOgar-Edited 1.6.1[37m - An open source multi-protocol ogar server[0m
[INFO ][20:37:09] WebSocket: ws
[INFO ][20:37:09] Started stats server on port 1234
[INFO ][20:37:09] Listening on port 3000
[INFO ][20:37:09] Current game mode is vFree For All
[INFO ][20:37:09] Added 4 player bots
[NONE ][20:37:09]   __  __       _ _   _  ___                        _____    _ _ _           _    _   __    _ 
 |  \/  |_   _| | |_(_)/ _ \  __ _  __ _ _ __     | ____|__| (_) |_ ___  __| |  / | / /_  / |
 | |\/| | | | | | __| | | | |/ _` |/ _` | '__|____|  _| / _` | | __/ _ \/ _` |  | || '_ \ | |
 | |  | | |_| | | |_| | |_| | (_| | (_| | | |_____| |__| (_| | | ||  __/ (_| |  | || (_) || |
 |_|  |_|\__,_|_|\__|_|\___/ \__, |\__,_|_|       |_____\__,_|_|\__\___|\__,_|  |_(_)___(_)_|
                             |___/                                                           
[NONE ][20:37:33] CONNECTED 205.118.120.140:44756, origin: "https://biobit-forked.lxtte.repl.co"
[ERROR][20:37:59] [Tracker][ogar.mivabe.nl]: Error: getaddrinfo EAI_AGAIN ogar.mivabe.nl
[ERROR][20:38:29] [Tracker][ogar.mivabe.nl]: Error: getaddrinfo EAI_AGAIN ogar.mivabe.nl
[NONE ][20:38:36] DISCONNECTED 205.118.120.140:44756, code: 1006, reason: "null", name: ""
[ERROR][20:38:59] [Tracker][ogar.mivabe.nl]: Error: getaddrinfo EAI_AGAIN ogar.mivabe.nl
[ERROR][20:39:29] [Tracker][ogar.mivabe.nl]: Error: getaddrinfo EAI_AGAIN ogar.mivabe.nl
[ERROR][20:39:59] [Tracker][ogar.mivabe.nl]: Error: getaddrinfo EAI_AGAIN ogar.mivabe.nl
[ERROR][20:40:29] [Tracker][ogar.mivabe.nl]: Error: getaddrinfo EAI_AGAIN ogar.mivabe.nl
[ERROR][20:40:59] [Tracker][ogar.mivabe.nl]: Error: getaddrinfo EAI_AGAIN ogar.mivabe.nl
[ERROR][20:41:29] [Tracker][ogar.mivabe.nl]: Error: getaddrinfo EAI_AGAIN ogar.mivabe.nl
[ERROR][20:41:59] [Tracker][ogar.mivabe.nl]: Error: getaddrinfo EAI_AGAIN ogar.mivabe.nl
[ERROR][20:42:29] [Tracker][ogar.mivabe.nl]: Error: getaddrinfo EAI_AGAIN ogar.mivabe.nl
[ERROR][20:42:59] [Tracker][ogar.mivabe.nl]: Error: getaddrinfo EAI_AGAIN ogar.mivabe.nl
[ERROR][20:43:29] [Tracker][ogar.mivabe.nl]: Error: getaddrinfo EAI_AGAIN ogar.mivabe.nl
[ERROR][20:43:59] [Tracker][ogar.mivabe.nl]: Error: getaddrinfo EAI_AGAIN ogar.mivabe.nl
[ERROR][20:44:29] [Tracker][ogar.mivabe.nl]: Error: getaddrinfo EAI_AGAIN ogar.mivabe.nl
[ERROR][20:44:59] [Tracker][ogar.mivabe.nl]: Error: getaddrinfo EAI_AGAIN ogar.mivabe.nl
[ERROR][20:45:29] [Tracker][ogar.mivabe.nl]: Error: getaddrinfo EAI_AGAIN ogar.mivabe.nl
[ERROR][20:45:59] [Tracker][ogar.mivabe.nl]: Error: getaddrinfo EAI_AGAIN ogar.mivabe.nl
[ERROR][20:46:29] [Tracker][ogar.mivabe.nl]: Error: getaddrinfo EAI_AGAIN ogar.mivabe.nl
[ERROR][20:46:59] [Tracker][ogar.mivabe.nl]: Error: getaddrinfo EAI_AGAIN ogar.mivabe.nl
[ERROR][20:47:29] [Tracker][ogar.mivabe.nl]: Error: getaddrinfo EAI_AGAIN ogar.mivabe.nl
[ERROR][20:47:59] [Tracker][ogar.mivabe.nl]: Error: getaddrinfo EAI_AGAIN ogar.mivabe.nl
[ERROR][20:48:29] [Tracker][ogar.mivabe.nl]: Error: getaddrinfo EAI_AGAIN ogar.mivabe.nl
[ERROR][20:48:59] [Tracker][ogar.mivabe.nl]: Error: getaddrinfo EAI_AGAIN ogar.mivabe.nl
[ERROR][20:49:29] [Tracker][ogar.mivabe.nl]: Error: getaddrinfo EAI_AGAIN ogar.mivabe.nl
[ERROR][20:49:59] [Tracker][ogar.mivabe.nl]: Error: getaddrinfo EAI_AGAIN ogar.mivabe.nl
[ERROR][20:50:29] [Tracker][ogar.mivabe.nl]: Error: getaddrinfo EAI_AGAIN ogar.mivabe.nl
[ERROR][20:50:59] [Tracker][ogar.mivabe.nl]: Error: getaddrinfo EAI_AGAIN ogar.mivabe.nl
[ERROR][20:51:29] [Tracker][ogar.mivabe.nl]: Error: getaddrinfo EAI_AGAIN ogar.mivabe.nl
[ERROR][20:51:59] [Tracker][ogar.mivabe.nl]: Error: getaddrinfo EAI_AGAIN ogar.mivabe.nl
[ERROR][20:52:29] [Tracker][ogar.mivabe.nl]: Error: getaddrinfo EAI_AGAIN ogar.mivabe.nl
[ERROR][20:52:59] [Tracker][ogar.mivabe.nl]: Error: getaddrinfo EAI_AGAIN ogar.mivabe.nl
[ERROR][20:53:29] [Tracker][ogar.mivabe.nl]: Error: getaddrinfo EAI_AGAIN ogar.mivabe.nl
[ERROR][20:53:59] [Tracker][ogar.mivabe.nl]: Error: getaddrinfo EAI_AGAIN ogar.mivabe.nl
[ERROR][20:54:29] [Tracker][ogar.mivabe.nl]: Error: getaddrinfo EAI_AGAIN ogar.mivabe.nl
[ERROR][20:54:59] [Tracker][ogar.mivabe.nl]: Error: getaddrinfo EAI_AGAIN ogar.mivabe.nl
[ERROR][20:55:29] [Tracker][ogar.mivabe.nl]: Error: getaddrinfo EAI_AGAIN ogar.mivabe.nl
[ERROR][20:55:59] [Tracker][ogar.mivabe.nl]: Error: getaddrinfo EAI_AGAIN ogar.mivabe.nl
