=== Started 2023-02-13T16-29-33-267 ===
[ERROR][16:29:33] Unknown gameserver.ini value: serverWelcome3
[INFO ][16:29:33] 2 bad words loaded
[INFO ][16:29:33] 4 user records loaded.
[INFO ][16:29:33] 0 IP ban records loaded.
[INFO ][16:29:33] [1m[32mMultiOgar-Edited 1.6.1[37m - An open source multi-protocol ogar server[0m
[INFO ][16:29:33] WebSocket: ws
[INFO ][16:29:33] Started stats server on port 1234
[INFO ][16:29:33] Listening on port 3000
[INFO ][16:29:33] Current game mode is Free For All
[INFO ][16:29:33] Added 4 player bots
[NONE ][16:29:33]   __  __       _ _   _  ___                        _____    _ _ _           _    _   __    _ 
 |  \/  |_   _| | |_(_)/ _ \  __ _  __ _ _ __     | ____|__| (_) |_ ___  __| |  / | / /_  / |
 | |\/| | | | | | __| | | | |/ _` |/ _` | '__|____|  _| / _` | | __/ _ \/ _` |  | || '_ \ | |
 | |  | | |_| | | |_| | |_| | (_| | (_| | | |_____| |__| (_| | | ||  __/ (_| |  | || (_) || |
 |_|  |_|\__,_|_|\__|_|\___/ \__, |\__,_|_|       |_____\__,_|_|\__\___|\__,_|  |_(_)___(_)_|
                             |___/                                                           
[NONE ][16:29:41] CONNECTED 152.157.185.136:51280, origin: "https://34f255ab-3d17-48d9-9f19-a2c64b272861.id.repl.co"
[NONE ][16:29:41] Welcome to BioBit v1.0! 
[NONE ][16:29:41] Hello There! 
[NONE ][16:29:45] test
[NONE ][16:29:45] 
