=== Started 2023-04-24T05-09-44-019 ===
[ERROR][05:09:44] Unknown gameserver.ini value: serverWelcome3
[INFO ][05:09:44] 2 bad words loaded
[INFO ][05:09:44] 4 user records loaded.
[INFO ][05:09:44] 0 IP ban records loaded.
[INFO ][05:09:44] [1m[32mMultiOgar-Edited 1.6.1[37m - An open source multi-protocol ogar server[0m
[INFO ][05:09:44] WebSocket: ws
[INFO ][05:09:44] Started stats server on port 1234
[INFO ][05:09:44] Listening on port 3000
[INFO ][05:09:44] Current game mode is vFree For All
[INFO ][05:09:44] Added 4 player bots
[NONE ][05:09:44]   __  __       _ _   _  ___                        _____    _ _ _           _    _   __    _ 
 |  \/  |_   _| | |_(_)/ _ \  __ _  __ _ _ __     | ____|__| (_) |_ ___  __| |  / | / /_  / |
 | |\/| | | | | | __| | | | |/ _` |/ _` | '__|____|  _| / _` | | __/ _ \/ _` |  | || '_ \ | |
 | |  | | |_| | | |_| | |_| | (_| | (_| | | |_____| |__| (_| | | ||  __/ (_| |  | || (_) || |
 |_|  |_|\__,_|_|\__|_|\___/ \__, |\__,_|_|       |_____\__,_|_|\__\___|\__,_|  |_(_)___(_)_|
                             |___/                                                           
[NONE ][05:52:30] CONNECTED 5.195.47.105:41420, origin: "https://34f255ab-3d17-48d9-9f19-a2c64b272861.id.repl.co"
[NONE ][05:52:55] DISCONNECTED 5.195.47.105:41420, code: 1006, reason: "null", name: "Player"
[ERROR][05:53:00] [Tracker][ogar.mivabe.nl]: Error: getaddrinfo ENOTFOUND ogar.mivabe.nl
[NONE ][05:58:26] CONNECTED 5.195.47.105:42950, origin: "https://34f255ab-3d17-48d9-9f19-a2c64b272861.id.repl.co"
[NONE ][05:59:26] DISCONNECTED 5.195.47.105:42950, code: 1001, reason: "", name: "Player"
[ERROR][05:59:35] [Tracker][ogar.mivabe.nl]: Error: getaddrinfo EAI_AGAIN ogar.mivabe.nl
