=== Started 2023-04-21T04-36-56-761 ===
[ERROR][04:36:56] Unknown gameserver.ini value: serverWelcome3
[INFO ][04:36:56] 2 bad words loaded
[INFO ][04:36:56] 4 user records loaded.
[INFO ][04:36:56] 0 IP ban records loaded.
[INFO ][04:36:56] [1m[32mMultiOgar-Edited 1.6.1[37m - An open source multi-protocol ogar server[0m
[INFO ][04:36:56] WebSocket: ws
[INFO ][04:36:56] Started stats server on port 1234
[INFO ][04:36:56] Listening on port 3000
[INFO ][04:36:56] Current game mode is vFree For All
[INFO ][04:36:57] Added 4 player bots
[NONE ][04:36:57]   __  __       _ _   _  ___                        _____    _ _ _           _    _   __    _ 
 |  \/  |_   _| | |_(_)/ _ \  __ _  __ _ _ __     | ____|__| (_) |_ ___  __| |  / | / /_  / |
 | |\/| | | | | | __| | | | |/ _` |/ _` | '__|____|  _| / _` | | __/ _ \/ _` |  | || '_ \ | |
 | |  | | |_| | | |_| | |_| | (_| | (_| | | |_____| |__| (_| | | ||  __/ (_| |  | || (_) || |
 |_|  |_|\__,_|_|\__|_|\___/ \__, |\__,_|_|       |_____\__,_|_|\__\___|\__,_|  |_(_)___(_)_|
                             |___/                                                           
[NONE ][04:37:01] CONNECTED 205.118.123.65:40926, origin: "https://biobit-forked.lxtte.repl.co"
[NONE ][04:37:33] DISCONNECTED 205.118.123.65:40926, code: 1006, reason: "null", name: "Player"
[ERROR][04:37:42] [Tracker][ogar.mivabe.nl]: Error: getaddrinfo ENOTFOUND ogar.mivabe.nl
