=== Started 2023-02-15T15-46-33-488 ===
[ERROR][15:46:33] Unknown gameserver.ini value: serverWelcome3
[INFO ][15:46:33] 2 bad words loaded
[INFO ][15:46:33] 4 user records loaded.
[INFO ][15:46:33] 0 IP ban records loaded.
[INFO ][15:46:33] [1m[32mMultiOgar-Edited 1.6.1[37m - An open source multi-protocol ogar server[0m
[INFO ][15:46:33] WebSocket: ws
[INFO ][15:46:33] Started stats server on port 1234
[INFO ][15:46:33] Listening on port 3000
[INFO ][15:46:33] Current game mode is vFree For All
[INFO ][15:46:33] Added 4 player bots
[NONE ][15:46:33]   __  __       _ _   _  ___                        _____    _ _ _           _    _   __    _ 
 |  \/  |_   _| | |_(_)/ _ \  __ _  __ _ _ __     | ____|__| (_) |_ ___  __| |  / | / /_  / |
 | |\/| | | | | | __| | | | |/ _` |/ _` | '__|____|  _| / _` | | __/ _ \/ _` |  | || '_ \ | |
 | |  | | |_| | | |_| | |_| | (_| | (_| | | |_____| |__| (_| | | ||  __/ (_| |  | || (_) || |
 |_|  |_|\__,_|_|\__|_|\___/ \__, |\__,_|_|       |_____\__,_|_|\__\___|\__,_|  |_(_)___(_)_|
                             |___/                                                           
[NONE ][15:46:38] CONNECTED 152.157.185.136:58754, origin: "https://biobit-forked.lxtte.repl.co"
[NONE ][15:46:47] >
[NONE ][15:46:51] >mass 7 1000
[WARN ][15:46:51] That player ID is non-existant!
[NONE ][15:46:53] >mass 6 1000
[WARN ][15:46:53] That player ID is non-existant!
[NONE ][15:46:55] >playerlist
[NONE ][15:46:55] 
Current players: 5
[NONE ][15:46:55] Do "playerlist m" or "pl m" to list minions

[NONE ][15:46:55]  ID     | IP              | P | CELLS | SCORE  |   POSITION   | NICK                                               
[NONE ][15:46:55] ───────────────────────────────────────────────────────────────────────────────────────────────────────────────────
[NONE ][15:46:55]       1 | [BOT]           | ? |     1 |     32 |  2073, -2208 | Hello 🤖                                          
[NONE ][15:46:55]       2 | [BOT]           | ? |     1 |     58 |   487, -4329 | Toenail 🤖                                        
[NONE ][15:46:55]       3 | [BOT]           | ? |     1 |     27 |  6463, -4284 | Toenail 🤖                                        
[NONE ][15:46:55]       4 | [BOT]           | ? |     1 |     16 |   149,  3481 | Bruh 🤖                                           
[NONE ][15:46:55]       5 | 152.157.185.136 | 6 |     1 |     12 | -4830, -7053 | Joe swansonson                                    
[NONE ][15:46:57] >mass 5 1000
[NONE ][15:46:57] Set mass of Joe swansonson to 1000.000
[NONE ][15:47:10] >speed 5 5
[NONE ][15:47:10] Set base speed of Joe swansonson to 5
[NONE ][15:47:35] >rec 5
[NONE ][15:47:35] Joe swansonson is now in rec mode!
[NONE ][15:48:02] >addbot 10
[NONE ][15:48:02] Added 10 player bots
[NONE ][15:48:12] >addbot 10
[NONE ][15:48:12] Added 10 player bots
[NONE ][15:51:23] DISCONNECTED 152.157.185.136:58754, code: null, reason: "null", name: "Joe swansonson"
[NONE ][15:55:07] CONNECTED 152.157.185.136:36606, origin: "https://biobit-forked.lxtte.repl.co"
[NONE ][15:56:57] DISCONNECTED 152.157.185.136:36606, code: null, reason: "null", name: ""
