=== Started 2023-02-11T04-39-08-360 ===
[ERROR][04:39:08] Unknown gameserver.ini value: serverWelcome3
[INFO ][04:39:08] 2 bad words loaded
[INFO ][04:39:08] 4 user records loaded.
[INFO ][04:39:08] 0 IP ban records loaded.
[INFO ][04:39:08] [1m[32mMultiOgar-Edited 1.6.1[37m - An open source multi-protocol ogar server[0m
[INFO ][04:39:08] WebSocket: ws
[INFO ][04:39:08] Started stats server on port 1234
[INFO ][04:39:08] Listening on port 3000
[INFO ][04:39:08] Current game mode is Free For All
[INFO ][04:39:08] Added 4 player bots
[NONE ][04:39:08]   __  __       _ _   _  ___                        _____    _ _ _           _    _   __    _ 
 |  \/  |_   _| | |_(_)/ _ \  __ _  __ _ _ __     | ____|__| (_) |_ ___  __| |  / | / /_  / |
 | |\/| | | | | | __| | | | |/ _` |/ _` | '__|____|  _| / _` | | __/ _ \/ _` |  | || '_ \ | |
 | |  | | |_| | | |_| | |_| | (_| | (_| | | |_____| |__| (_| | | ||  __/ (_| |  | || (_) || |
 |_|  |_|\__,_|_|\__|_|\___/ \__, |\__,_|_|       |_____\__,_|_|\__\___|\__,_|  |_(_)___(_)_|
                             |___/                                                           
[NONE ][04:39:14] CONNECTED 185.177.125.181:36928, origin: "https://34f255ab-3d17-48d9-9f19-a2c64b272861.id.repl.co"
[NONE ][04:39:15] Welcome to BioBit v1.0! 
[NONE ][04:39:15] Hello There! 
[NONE ][04:39:17] <ref *2> PlayerTracker {
  gameServer: <ref *1> GameServer {
    srcFiles: '../src',
    run: true,
    version: '1.6.1',
    httpServer: Server {
      maxHeaderSize: undefined,
      insecureHTTPParser: undefined,
      requestTimeout: 300000,
      headersTimeout: 60000,
      keepAliveTimeout: 5000,
      connectionsCheckingInterval: 30000,
      _events: [Object: null prototype],
      _eventsCount: 3,
      _maxListeners: undefined,
      _connections: 0,
      _handle: [TCP],
      _usingWorkers: false,
      _workers: [],
      _unref: false,
      allowHalfOpen: true,
      pauseOnConnect: false,
      noDelay: true,
      keepAlive: false,
      keepAliveInitialDelay: 0,
      httpAllowHalfOpen: false,
      timeout: 0,
      maxHeadersCount: null,
      maxRequestsPerSocket: 0,
      _connectionKey: '6::::1234',
      [Symbol(IncomingMessage)]: [Function: IncomingMessage],
      [Symbol(ServerResponse)]: [Function: ServerResponse],
      [Symbol(kCapture)]: false,
      [Symbol(async_id_symbol)]: 11,
      [Symbol(http.server.connections)]: ConnectionsList {},
      [Symbol(http.server.connectionsCheckingInterval)]: Timeout {
        _idleTimeout: 30000,
        _idlePrev: [Timeout],
        _idleNext: [Timeout],
        _idleStart: 698,
        _onTimeout: [Function: bound checkConnections],
        _timerArgs: undefined,
        _repeat: 30000,
        _destroyed: false,
        [Symbol(refed)]: false,
        [Symbol(kHasPrimitive)]: false,
        [Symbol(asyncId)]: 10,
        [Symbol(triggerId)]: 1
      },
      [Symbol(kUniqueHeaders)]: null
    },
    lastNodeId: 688,
    lastPlayerId: 6,
    clients: [
      [FakeSocket],
      [FakeSocket],
      [FakeSocket],
      [FakeSocket],
      [WebSocket]
    ],
    socketCount: 1,
    largestClient: PlayerTracker {
      gameServer: [Circular *1],
      socket: [FakeSocket],
      pID: 2,
      userAuth: null,
      isRemoved: false,
      isCloseRequested: false,
      _name: 'Sweaty 🤖',
      _skin: '',
      _nameUtf8: <Buffer 53 77 65 61 74 79 20 f0 9f a4 96 00>,
      _skinUtf8protocol11: null,
      _nameUnicode: <Buffer 53 00 77 00 65 00 61 00 74 00 79 00 20 00 3e d8 16 dd 00 00>,
      _skinUtf8: null,
      color: [Object],
      viewNodes: [Array],
      clientNodes: [],
      cells: [Array],
      mergeOverride: false,
      _score: 20.44225007263431,
      _scale: 1,
      borderCounter: 0,
      connectedTime: 2023-02-11T04:39:08.575Z,
      tickLeaderboard: 0,
      team: 0,
      spectate: false,
      freeRoam: false,
      spectateTarget: null,
      lastKeypressTick: 0,
      centerPos: [Vec2],
      mouse: [Vec2],
      viewBox: [Object],
      scrambleX: 0,
      scrambleY: 0,
      scrambleId: 0,
      isMinion: false,
      isMuted: false,
      spawnmass: 0,
      frozen: false,
      customspeed: 0,
      rec: false,
      miQ: 0,
      isMi: false,
      minionSplit: false,
      minionEject: false,
      minionFrozen: false,
      minionControl: false,
      collectPellets: false,
      userRole: 0,
      splitCooldown: 0
    },
    nodes: [
      [Cell], [Cell], [Cell], [Cell], [Cell], [Cell], [Cell],
      [Cell], [Cell], [Cell], [Cell], [Cell], [Cell], [Cell],
      [Cell], [Cell], [Cell], [Cell], [Cell], [Cell], [Cell],
      [Cell], [Cell], [Cell], [Cell], [Cell], [Cell], [Cell],
      [Cell], [Cell], [Cell], [Cell], [Cell], [Cell], [Cell],
      [Cell], [Cell], [Cell], [Cell], [Cell], [Cell], [Cell],
      [Cell], [Cell], [Cell], [Cell], [Cell], [Cell], [Cell],
      [Cell], [Cell], [Cell], [Cell], [Cell], [Cell], [Cell],
      [Cell], [Cell], [Cell], [Cell], [Cell], [Cell], [Cell],
      [Cell], [Cell], [Cell], [Cell], [Cell], [Cell], [Cell],
      [Cell], [Cell], [Cell], [Cell], [Cell], [Cell], [Cell],
      [Cell], [Cell], [Cell], [Cell], [Cell], [Cell], [Cell],
      [Cell], [Cell], [Cell], [Cell], [Cell], [Cell], [Cell],
      [Cell], [Cell], [Cell], [Cell], [Cell], [Cell], [Cell],
      [Cell], [Cell],
      ... 580 more items
    ],
    nodesVirus: [
      [Cell], [Cell], [Cell],
      [Cell], [Cell], [Cell],
      [Cell], [Cell], [Cell],
      [Cell], [Cell], [Cell],
      [Cell], [Cell], [Cell],
      [Cell], [Cell], [Cell],
      [Cell], [Cell], [Cell],
      [Cell]
    ],
    nodesFood: [
      [Cell], [Cell], [Cell], [Cell], [Cell], [Cell], [Cell],
      [Cell], [Cell], [Cell], [Cell], [Cell], [Cell], [Cell],
      [Cell], [Cell], [Cell], [Cell], [Cell], [Cell], [Cell],
      [Cell], [Cell], [Cell], [Cell], [Cell], [Cell], [Cell],
      [Cell], [Cell], [Cell], [Cell], [Cell], [Cell], [Cell],
      [Cell], [Cell], [Cell], [Cell], [Cell], [Cell], [Cell],
      [Cell], [Cell], [Cell], [Cell], [Cell], [Cell], [Cell],
      [Cell], [Cell], [Cell], [Cell], [Cell], [Cell], [Cell],
      [Cell], [Cell], [Cell], [Cell], [Cell], [Cell], [Cell],
      [Cell], [Cell], [Cell], [Cell], [Cell], [Cell], [Cell],
      [Cell], [Cell], [Cell], [Cell], [Cell], [Cell], [Cell],
      [Cell], [Cell], [Cell], [Cell], [Cell], [Cell], [Cell],
      [Cell], [Cell], [Cell], [Cell], [Cell], [Cell], [Cell],
      [Cell], [Cell], [Cell], [Cell], [Cell], [Cell], [Cell],
      [Cell], [Cell],
      ... 553 more items
    ],
    nodesEjected: [],
    nodesPlayer: [ [Cell], [Cell], [Cell], [Cell], [Cell] ],
    movingNodes: [],
    leaderboard: [
      [PlayerTracker],
      [PlayerTracker],
      [PlayerTracker],
      [PlayerTracker],
      [Circular *2]
    ],
    leaderboardType: 49,
    bots: BotLoader {
      gameServer: [Circular *1],
      randomNames: [Array],
      nameIndex: 0
    },
    startTime: 1676090348366,
    stepDateTime: 1676090357419,
    timeStamp: 1676090357408,
    updateTime: 0.52745,
    updateTimeAvg: 0.5412785483986965,
    timerLoopBind: [Function: bound ],
    mainLoopBind: [Function: bound ],
    tickCounter: 220,
    disableSpawn: false,
    config: {
      logVerbosity: 4,
      logFileVerbosity: 5,
      serverTimeout: 30,
      serverWsModule: 'ws',
      serverMaxConnections: 0,
      serverPort: 3000,
      serverBind: '0.0.0.0',
      serverTracker: 1,
      serverGamemode: 0,
      serverBots: 4,
      serverViewBaseX: 1920,
      serverViewBaseY: 1080,
      serverMinScale: 0.15,
      serverSpectatorScale: 0.4,
      serverStatsPort: 1234,
      serverStatsUpdate: 30,
      mobilePhysics: 0,
      badWordFilter: 0,
      serverRestart: 540000,
      serverMaxLB: 20,
      serverChat: 1,
      serverChatAscii: 0,
      separateChatForTeams: 0,
      serverName: 'BioBit v1.0',
      serverWelcome1: 'Welcome to BioBit v1.0! ',
      serverWelcome2: 'Hello There! ',
      clientBind: NaN,
      serverIpLimit: 2,
      serverMinionIgnoreTime: 30,
      serverMinionThreshold: 10,
      serverMinionInterval: 1000,
      serverScrambleLevel: 0,
      playerBotGrow: 0,
      borderWidth: 14142.135623730952,
      borderHeight: 14142.135623730952,
      foodMinSize: 16,
      foodMaxSize: 20,
      foodMinAmount: 2000,
      foodMaxAmount: 2000,
      foodSpawnAmount: 30,
      foodMassGrow: 1,
      spawnInterval: 10,
      virusMinSize: 100,
      virusMaxSize: 110,
      virusMaxPoppedSize: 60,
      virusEqualPopSize: 0,
      virusMinAmount: 50,
      virusMaxAmount: 100,
      motherCellMaxMass: 0,
      virusVelocity: 900,
      virusMaxCells: 0,
      ejectSize: 36.06,
      ejectSizeLoss: 42.43,
      ejectCooldown: 3,
      ejectSpawnPercent: 0.5,
      ejectVirus: 0,
      ejectVelocity: 780,
      playerMinSize: 60,
      playerMaxSize: 3000,
      playerMinSplitSize: 59.16079783,
      playerMinEjectSize: 59.16079783,
      playerStartSize: 36,
      playerMaxCells: 21,
      playerSpeed: 1,
      playerDecayRate: 0.002,
      playerDecayCap: 0,
      playerRecombineTime: 15,
      playerDisconnectTime: -1,
      playerMaxNickLength: 50,
      splitVelocity: 780,
      minionStartSize: 31.6227766017,
      minionMaxStartSize: 31.6227766017,
      minionCollideTeam: 0,
      disableERTP: 1,
      disableQ: 0,
      serverMinions: 0,
      collectPellets: 0,
      defaultName: '🦋',
      minionsOnLeaderboard: 0,
      tourneyMaxPlayers: 6,
      tourneyPrepTime: 10,
      tourneyEndTime: 30,
      tourneyTimeLimit: 20,
      tourneyAutoFill: 0,
      tourneyAutoFillPlayers: 1,
      tourneyLeaderboardToggleTime: 0
    },
    IpBan: [],
    minionTest: [],
    userList: [ [Object], [Object], [Object], [Object] ],
    badWords: [ ' <r>nigga ', ' <r>nigger ' ],
    ipBanList: [],
    border: {
      minx: -7071.067811865476,
      miny: -7071.067811865476,
      maxx: 7071.067811865476,
      maxy: 7071.067811865476,
      width: 14142.135623730952,
      height: 14142.135623730952,
      cx: 0,
      cy: 0
    },
    quadTree: QuadNode {
      halfWidth: 7071.067811865476,
      halfHeight: 7071.067811865476,
      bound: [Object],
      childNodes: [Array],
      items: [Array]
    },
    gameMode: Mode {
      ID: 0,
      name: 'Free For All',
      decayMod: 1,
      packetLB: 49,
      haveTeams: false,
      specByLeaderboard: true,
      IsTournament: false,
      rankOne: [PlayerTracker]
    },
    clientBind: [ 'NaN' ],
    WebSocket: [class WebSocket extends EventEmitter] {
      CONNECTING: 0,
      OPEN: 1,
      CLOSING: 2,
      CLOSED: 3,
      Server: [class WebSocketServer extends EventEmitter],
      Receiver: [class Receiver],
      Sender: [class Sender]
    },
    wsServer: WebSocketServer {
      _events: [Object: null prototype],
      _eventsCount: 2,
      _maxListeners: undefined,
      _server: [Server],
      _ultron: [Ultron],
      clients: [Set],
      options: [Object],
      path: null,
      [Symbol(kCapture)]: false
    },
    stats: '{"server_name":"BioBit v1.0","server_chat":"true","border_width":14142.135623730952,"border_height":14142.135623730952,"gamemode":"Free For All","max_players":0,"current_players":0,"alive":0,"spectators":0,"update_time":"0.000","uptime":-27934839,"start_time":1676090348366}'
  },
  socket: <ref *3> WebSocket {
    _events: [Object: null prototype] {
      close: [Array],
      error: [Array],
      message: [Function (anonymous)]
    },
    _eventsCount: 3,
    _maxListeners: undefined,
    readyState: 1,
    bytesReceived: 1189,
    extensions: {},
    protocol: '',
    _finalize: [Function: bound finalize] { __ultron: 1 },
    _binaryType: 'nodebuffer',
    _finalizeCalled: false,
    _closeMessage: null,
    _closeTimer: null,
    _closeCode: null,
    _receiver: Receiver {
      extensions: {},
      maxPayload: 4096,
      bufferedBytes: 0,
      buffers: [],
      compressed: false,
      payloadLength: 7,
      fragmented: 0,
      masked: true,
      fin: true,
      mask: <Buffer 34 a9 e2 fb>,
      opcode: 2,
      totalPayloadLength: 0,
      messageLength: 0,
      fragments: [],
      cleanupCallback: null,
      hadError: false,
      dead: false,
      onmessage: [Function (anonymous)],
      onclose: [Function (anonymous)],
      onerror: [Function (anonymous)],
      onping: [Function (anonymous)],
      onpong: [Function (anonymous)],
      state: 4
    },
    _sender: Sender {
      perMessageDeflate: undefined,
      _socket: [Socket],
      firstFragment: true,
      compress: false,
      processing: false,
      bufferedBytes: 0,
      queue: [],
      onerror: [Function (anonymous)]
    },
    _socket: Socket {
      connecting: false,
      _hadError: false,
      _parent: null,
      _host: null,
      _closeAfterHandlingError: false,
      _readableState: [ReadableState],
      _events: [Object: null prototype],
      _eventsCount: 4,
      _maxListeners: undefined,
      _writableState: [WritableState],
      allowHalfOpen: true,
      _sockname: null,
      _pendingData: null,
      _pendingEncoding: '',
      server: [Server],
      _server: [Server],
      parser: null,
      on: [Function (anonymous)],
      addListener: [Function (anonymous)],
      prependListener: [Function: prependListener],
      setEncoding: [Function: socketSetEncoding],
      _paused: false,
      timeout: 0,
      _peername: [Object],
      [Symbol(async_id_symbol)]: 622,
      [Symbol(kHandle)]: [TCP],
      [Symbol(lastWriteQueueSize)]: 0,
      [Symbol(timeout)]: null,
      [Symbol(kBuffer)]: null,
      [Symbol(kBufferCb)]: null,
      [Symbol(kBufferGen)]: null,
      [Symbol(kCapture)]: false,
      [Symbol(kSetNoDelay)]: true,
      [Symbol(kSetKeepAlive)]: false,
      [Symbol(kSetKeepAliveInitialDelay)]: 0,
      [Symbol(kBytesRead)]: 0,
      [Symbol(kBytesWritten)]: 0
    },
    _ultron: Ultron { id: 1, ee: [Socket] },
    protocolVersion: 13,
    maxPayload: 4096,
    upgradeReq: IncomingMessage {
      _readableState: [ReadableState],
      _events: [Object: null prototype] {},
      _eventsCount: 0,
      _maxListeners: undefined,
      socket: [Socket],
      httpVersionMajor: 1,
      httpVersionMinor: 1,
      httpVersion: '1.1',
      complete: true,
      rawHeaders: [Array],
      rawTrailers: [],
      aborted: false,
      upgrade: true,
      url: '/',
      method: 'GET',
      statusCode: null,
      statusMessage: null,
      client: [Socket],
      _consuming: false,
      _dumped: false,
      parser: null,
      [Symbol(kCapture)]: false,
      [Symbol(kHeaders)]: [Object],
      [Symbol(kHeadersCount)]: 42,
      [Symbol(kTrailers)]: null,
      [Symbol(kTrailersCount)]: 0
    },
    _isServer: true,
    isConnected: true,
    remoteAddress: '185.177.125.181',
    remotePort: 36928,
    lastAliveTime: 1676090357382,
    playerTracker: [Circular *2],
    packetHandler: PacketHandler {
      gameServer: [GameServer],
      socket: [Circular *3],
      protocol: 6,
      handshakeProtocol: 6,
      handshakeKey: 1,
      lastJoinTick: 179,
      lastChatTick: 220,
      lastStatTick: 0,
      lastQTick: 0,
      lastSpaceTick: 0,
      pressQ: false,
      pressW: false,
      pressSpace: false,
      mouseData: null,
      handler: [Object]
    },
    playerCommand: PlayerCommand {
      gameServer: [GameServer],
      playerTracker: [Circular *2]
    },
    [Symbol(kCapture)]: false
  },
  pID: 5,
  userAuth: null,
  isRemoved: false,
  isCloseRequested: false,
  _name: 'Player',
  _skin: '',
  _nameUtf8: <Buffer 50 6c 61 79 65 72 00>,
  _skinUtf8protocol11: null,
  _nameUnicode: <Buffer 50 00 6c 00 61 00 79 00 65 00 72 00 00 00>,
  _skinUtf8: null,
  color: { r: 7, g: 115, b: 255 },
  viewNodes: [
    Cell {
      gameServer: [GameServer],
      owner: null,
      color: [Object],
      radius: 283.5536256111613,
      _size: 16.839050614899918,
      _mass: 2.835536256111613,
      cellType: 1,
      isSpiked: false,
      isAgitated: false,
      killedBy: null,
      isMoving: false,
      boostDistance: 0,
      boostDirection: [Vec2],
      tickOfBirth: 0,
      nodeId: 27,
      position: [Vec2],
      quadItem: [Object]
    },
    Cell {
      gameServer: [GameServer],
      owner: null,
      color: [Object],
      radius: 314.1708476937113,
      _size: 17.7248652376742,
      _mass: 3.1417084769371133,
      cellType: 1,
      isSpiked: false,
      isAgitated: false,
      killedBy: null,
      isMoving: false,
      boostDistance: 0,
      boostDirection: [Vec2],
      tickOfBirth: 30,
      nodeId: 120,
      position: [Vec2],
      quadItem: [Object]
    },
    Cell {
      gameServer: [GameServer],
      owner: null,
      color: [Object],
      radius: 399.5188099358454,
      _size: 19.9879666283453,
      _mass: 3.995188099358454,
      cellType: 1,
      isSpiked: false,
      isAgitated: false,
      killedBy: null,
      isMoving: false,
      boostDistance: 0,
      boostDirection: [Vec2],
      tickOfBirth: 70,
      nodeId: 226,
      position: [Vec2],
      quadItem: [Object]
    },
    Cell {
      gameServer: [GameServer],
      owner: null,
      color: [Object],
      radius: 279.3748090855332,
      _size: 16.714508939407498,
      _mass: 2.7937480908553316,
      cellType: 1,
      isSpiked: false,
      isAgitated: false,
      killedBy: null,
      isMoving: false,
      boostDistance: 0,
      boostDirection: [Vec2],
      tickOfBirth: 120,
      nodeId: 396,
      position: [Vec2],
      quadItem: [Object]
    },
    Cell {
      gameServer: [GameServer],
      owner: null,
      color: [Object],
      radius: 298.10117496498304,
      _size: 17.26560670712104,
      _mass: 2.9810117496498303,
      cellType: 1,
      isSpiked: false,
      isAgitated: false,
      killedBy: null,
      isMoving: false,
      boostDistance: 0,
      boostDirection: [Vec2],
      tickOfBirth: 170,
      nodeId: 559,
      position: [Vec2],
      quadItem: [Object]
    },
    Cell {
      gameServer: [GameServer],
      owner: [Circular *2],
      color: [Object],
      radius: 1296,
      _size: 36,
      _mass: 12.96,
      cellType: 0,
      isSpiked: false,
      isAgitated: false,
      killedBy: null,
      isMoving: false,
      boostDistance: 0,
      boostDirection: [Vec2],
      tickOfBirth: 179,
      nodeId: 563,
      position: [Vec2],
      _canRemerge: false,
      quadItem: [Object]
    },
    Cell {
      gameServer: [GameServer],
      owner: null,
      color: [Object],
      radius: 353.59292802766396,
      _size: 18.80406679491604,
      _mass: 3.5359292802766396,
      cellType: 1,
      isSpiked: false,
      isAgitated: false,
      killedBy: null,
      isMoving: false,
      boostDistance: 0,
      boostDirection: [Vec2],
      tickOfBirth: 210,
      nodeId: 663,
      position: [Vec2],
      quadItem: [Object]
    }
  ],
  clientNodes: [
    Cell {
      gameServer: [GameServer],
      owner: null,
      color: [Object],
      radius: 283.5536256111613,
      _size: 16.839050614899918,
      _mass: 2.835536256111613,
      cellType: 1,
      isSpiked: false,
      isAgitated: false,
      killedBy: null,
      isMoving: false,
      boostDistance: 0,
      boostDirection: [Vec2],
      tickOfBirth: 0,
      nodeId: 27,
      position: [Vec2],
      quadItem: [Object]
    },
    Cell {
      gameServer: [GameServer],
      owner: null,
      color: [Object],
      radius: 314.1708476937113,
      _size: 17.7248652376742,
      _mass: 3.1417084769371133,
      cellType: 1,
      isSpiked: false,
      isAgitated: false,
      killedBy: null,
      isMoving: false,
      boostDistance: 0,
      boostDirection: [Vec2],
      tickOfBirth: 30,
      nodeId: 120,
      position: [Vec2],
      quadItem: [Object]
    },
    Cell {
      gameServer: [GameServer],
      owner: null,
      color: [Object],
      radius: 399.5188099358454,
      _size: 19.9879666283453,
      _mass: 3.995188099358454,
      cellType: 1,
      isSpiked: false,
      isAgitated: false,
      killedBy: null,
      isMoving: false,
      boostDistance: 0,
      boostDirection: [Vec2],
      tickOfBirth: 70,
      nodeId: 226,
      position: [Vec2],
      quadItem: [Object]
    },
    Cell {
      gameServer: [GameServer],
      owner: null,
      color: [Object],
      radius: 279.3748090855332,
      _size: 16.714508939407498,
      _mass: 2.7937480908553316,
      cellType: 1,
      isSpiked: false,
      isAgitated: false,
      killedBy: null,
      isMoving: false,
      boostDistance: 0,
      boostDirection: [Vec2],
      tickOfBirth: 120,
      nodeId: 396,
      position: [Vec2],
      quadItem: [Object]
    },
    Cell {
      gameServer: [GameServer],
      owner: null,
      color: [Object],
      radius: 298.10117496498304,
      _size: 17.26560670712104,
      _mass: 2.9810117496498303,
      cellType: 1,
      isSpiked: false,
      isAgitated: false,
      killedBy: null,
      isMoving: false,
      boostDistance: 0,
      boostDirection: [Vec2],
      tickOfBirth: 170,
      nodeId: 559,
      position: [Vec2],
      quadItem: [Object]
    },
    Cell {
      gameServer: [GameServer],
      owner: [Circular *2],
      color: [Object],
      radius: 1296,
      _size: 36,
      _mass: 12.96,
      cellType: 0,
      isSpiked: false,
      isAgitated: false,
      killedBy: null,
      isMoving: false,
      boostDistance: 0,
      boostDirection: [Vec2],
      tickOfBirth: 179,
      nodeId: 563,
      position: [Vec2],
      _canRemerge: false,
      quadItem: [Object]
    },
    Cell {
      gameServer: [GameServer],
      owner: null,
      color: [Object],
      radius: 353.59292802766396,
      _size: 18.80406679491604,
      _mass: 3.5359292802766396,
      cellType: 1,
      isSpiked: false,
      isAgitated: false,
      killedBy: null,
      isMoving: false,
      boostDistance: 0,
      boostDirection: [Vec2],
      tickOfBirth: 210,
      nodeId: 663,
      position: [Vec2],
      quadItem: [Object]
    }
  ],
  cells: [
    Cell {
      gameServer: [GameServer],
      owner: [Circular *2],
      color: [Object],
      radius: 1296,
      _size: 36,
      _mass: 12.96,
      cellType: 0,
      isSpiked: false,
      isAgitated: false,
      killedBy: null,
      isMoving: false,
      boostDistance: 0,
      boostDirection: [Vec2],
      tickOfBirth: 179,
      nodeId: 563,
      position: [Vec2],
      _canRemerge: false,
      quadItem: [Object]
    }
  ],
  mergeOverride: false,
  _score: 12.96,
  _scale: 1,
  borderCounter: 0,
  connectedTime: 2023-02-11T04:39:14.629Z,
  tickLeaderboard: 9,
  team: 0,
  spectate: false,
  freeRoam: false,
  spectateTarget: null,
  lastKeypressTick: 0,
  centerPos: Vec2 { x: -4595.926068152001, y: 4198.642399540625 },
  mouse: Vec2 { x: 0, y: 0 },
  viewBox: {
    minx: -5605.926068152001,
    miny: 3608.642399540625,
    maxx: -3585.926068152001,
    maxy: 4788.642399540625
  },
  scrambleX: 0,
  scrambleY: 0,
  scrambleId: 0,
  isMinion: false,
  isMuted: false,
  spawnmass: 0,
  frozen: false,
  customspeed: 0,
  rec: false,
  miQ: 0,
  isMi: false,
  minionSplit: false,
  minionEject: false,
  minionFrozen: false,
  minionControl: false,
  collectPellets: false,
  userRole: 0
}
[NONE ][04:39:17] test
[NONE ][04:40:19] <ref *2> PlayerTracker {
  gameServer: <ref *1> GameServer {
    srcFiles: '../src',
    run: true,
    version: '1.6.1',
    httpServer: Server {
      maxHeaderSize: undefined,
      insecureHTTPParser: undefined,
      requestTimeout: 300000,
      headersTimeout: 60000,
      keepAliveTimeout: 5000,
      connectionsCheckingInterval: 30000,
      _events: [Object: null prototype],
      _eventsCount: 3,
      _maxListeners: undefined,
      _connections: 0,
      _handle: [TCP],
      _usingWorkers: false,
      _workers: [],
      _unref: false,
      allowHalfOpen: true,
      pauseOnConnect: false,
      noDelay: true,
      keepAlive: false,
      keepAliveInitialDelay: 0,
      httpAllowHalfOpen: false,
      timeout: 0,
      maxHeadersCount: null,
      maxRequestsPerSocket: 0,
      _connectionKey: '6::::1234',
      [Symbol(IncomingMessage)]: [Function: IncomingMessage],
      [Symbol(ServerResponse)]: [Function: ServerResponse],
      [Symbol(kCapture)]: false,
      [Symbol(async_id_symbol)]: 11,
      [Symbol(http.server.connections)]: ConnectionsList {},
      [Symbol(http.server.connectionsCheckingInterval)]: Timeout {
        _idleTimeout: 30000,
        _idlePrev: [Timeout],
        _idleNext: [Timeout],
        _idleStart: 60698,
        _onTimeout: [Function: bound checkConnections],
        _timerArgs: undefined,
        _repeat: 30000,
        _destroyed: false,
        [Symbol(refed)]: false,
        [Symbol(kHasPrimitive)]: false,
        [Symbol(asyncId)]: 10,
        [Symbol(triggerId)]: 1
      },
      [Symbol(kUniqueHeaders)]: null
    },
    lastNodeId: 2154,
    lastPlayerId: 6,
    clients: [
      [FakeSocket],
      [FakeSocket],
      [FakeSocket],
      [FakeSocket],
      [WebSocket]
    ],
    socketCount: 1,
    largestClient: PlayerTracker {
      gameServer: [Circular *1],
      socket: [FakeSocket],
      pID: 3,
      userAuth: null,
      isRemoved: false,
      isCloseRequested: false,
      _name: 'Maggot 🤖',
      _skin: '',
      _nameUtf8: <Buffer 4d 61 67 67 6f 74 20 f0 9f a4 96 00>,
      _skinUtf8protocol11: null,
      _nameUnicode: <Buffer 4d 00 61 00 67 00 67 00 6f 00 74 00 20 00 3e d8 16 dd 00 00>,
      _skinUtf8: null,
      color: [Object],
      viewNodes: [Array],
      clientNodes: [],
      cells: [Array],
      mergeOverride: false,
      _score: 126.84305988407863,
      _scale: 0.797661530682005,
      borderCounter: 0,
      connectedTime: 2023-02-11T04:39:08.645Z,
      tickLeaderboard: 0,
      team: 0,
      spectate: false,
      freeRoam: false,
      spectateTarget: null,
      lastKeypressTick: 0,
      centerPos: [Vec2],
      mouse: [Vec2],
      viewBox: [Object],
      scrambleX: 0,
      scrambleY: 0,
      scrambleId: 0,
      isMinion: false,
      isMuted: false,
      spawnmass: 0,
      frozen: false,
      customspeed: 0,
      rec: false,
      miQ: 0,
      isMi: false,
      minionSplit: false,
      minionEject: false,
      minionFrozen: false,
      minionControl: false,
      collectPellets: false,
      userRole: 0,
      splitCooldown: 0
    },
    nodes: [
      [Cell], [Cell], [Cell], [Cell], [Cell], [Cell], [Cell],
      [Cell], [Cell], [Cell], [Cell], [Cell], [Cell], [Cell],
      [Cell], [Cell], [Cell], [Cell], [Cell], [Cell], [Cell],
      [Cell], [Cell], [Cell], [Cell], [Cell], [Cell], [Cell],
      [Cell], [Cell], [Cell], [Cell], [Cell], [Cell], [Cell],
      [Cell], [Cell], [Cell], [Cell], [Cell], [Cell], [Cell],
      [Cell], [Cell], [Cell], [Cell], [Cell], [Cell], [Cell],
      [Cell], [Cell], [Cell], [Cell], [Cell], [Cell], [Cell],
      [Cell], [Cell], [Cell], [Cell], [Cell], [Cell], [Cell],
      [Cell], [Cell], [Cell], [Cell], [Cell], [Cell], [Cell],
      [Cell], [Cell], [Cell], [Cell], [Cell], [Cell], [Cell],
      [Cell], [Cell], [Cell], [Cell], [Cell], [Cell], [Cell],
      [Cell], [Cell], [Cell], [Cell], [Cell], [Cell], [Cell],
      [Cell], [Cell], [Cell], [Cell], [Cell], [Cell], [Cell],
      [Cell], [Cell],
      ... 1955 more items
    ],
    nodesVirus: [
      [Cell], [Cell], [Cell], [Cell], [Cell],
      [Cell], [Cell], [Cell], [Cell], [Cell],
      [Cell], [Cell], [Cell], [Cell], [Cell],
      [Cell], [Cell], [Cell], [Cell], [Cell],
      [Cell], [Cell], [Cell], [Cell], [Cell],
      [Cell], [Cell], [Cell], [Cell], [Cell],
      [Cell], [Cell], [Cell], [Cell], [Cell],
      [Cell], [Cell], [Cell], [Cell], [Cell],
      [Cell], [Cell], [Cell], [Cell], [Cell],
      [Cell], [Cell], [Cell], [Cell], [Cell]
    ],
    nodesFood: [
      [Cell], [Cell], [Cell], [Cell], [Cell], [Cell], [Cell],
      [Cell], [Cell], [Cell], [Cell], [Cell], [Cell], [Cell],
      [Cell], [Cell], [Cell], [Cell], [Cell], [Cell], [Cell],
      [Cell], [Cell], [Cell], [Cell], [Cell], [Cell], [Cell],
      [Cell], [Cell], [Cell], [Cell], [Cell], [Cell], [Cell],
      [Cell], [Cell], [Cell], [Cell], [Cell], [Cell], [Cell],
      [Cell], [Cell], [Cell], [Cell], [Cell], [Cell], [Cell],
      [Cell], [Cell], [Cell], [Cell], [Cell], [Cell], [Cell],
      [Cell], [Cell], [Cell], [Cell], [Cell], [Cell], [Cell],
      [Cell], [Cell], [Cell], [Cell], [Cell], [Cell], [Cell],
      [Cell], [Cell], [Cell], [Cell], [Cell], [Cell], [Cell],
      [Cell], [Cell], [Cell], [Cell], [Cell], [Cell], [Cell],
      [Cell], [Cell], [Cell], [Cell], [Cell], [Cell], [Cell],
      [Cell], [Cell], [Cell], [Cell], [Cell], [Cell], [Cell],
      [Cell], [Cell],
      ... 1900 more items
    ],
    nodesEjected: [],
    nodesPlayer: [ [Cell], [Cell], [Cell], [Cell], [Cell] ],
    movingNodes: [],
    leaderboard: [
      [PlayerTracker],
      [PlayerTracker],
      [PlayerTracker],
      [PlayerTracker],
      [Circular *2]
    ],
    leaderboardType: 49,
    bots: BotLoader {
      gameServer: [Circular *1],
      randomNames: [Array],
      nameIndex: 0
    },
    startTime: 1676090348366,
    stepDateTime: 1676090419367,
    timeStamp: 1676090419366,
    updateTime: 0.69071,
    updateTimeAvg: 0.5850904677526574,
    timerLoopBind: [Function: bound ],
    mainLoopBind: [Function: bound ],
    tickCounter: 1764,
    disableSpawn: false,
    config: {
      logVerbosity: 4,
      logFileVerbosity: 5,
      serverTimeout: 30,
      serverWsModule: 'ws',
      serverMaxConnections: 0,
      serverPort: 3000,
      serverBind: '0.0.0.0',
      serverTracker: 1,
      serverGamemode: 0,
      serverBots: 4,
      serverViewBaseX: 1920,
      serverViewBaseY: 1080,
      serverMinScale: 0.15,
      serverSpectatorScale: 0.4,
      serverStatsPort: 1234,
      serverStatsUpdate: 30,
      mobilePhysics: 0,
      badWordFilter: 0,
      serverRestart: 540000,
      serverMaxLB: 20,
      serverChat: 1,
      serverChatAscii: 0,
      separateChatForTeams: 0,
      serverName: 'BioBit v1.0',
      serverWelcome1: 'Welcome to BioBit v1.0! ',
      serverWelcome2: 'Hello There! ',
      clientBind: NaN,
      serverIpLimit: 2,
      serverMinionIgnoreTime: 30,
      serverMinionThreshold: 10,
      serverMinionInterval: 1000,
      serverScrambleLevel: 0,
      playerBotGrow: 0,
      borderWidth: 14142.135623730952,
      borderHeight: 14142.135623730952,
      foodMinSize: 16,
      foodMaxSize: 20,
      foodMinAmount: 2000,
      foodMaxAmount: 2000,
      foodSpawnAmount: 30,
      foodMassGrow: 1,
      spawnInterval: 10,
      virusMinSize: 100,
      virusMaxSize: 110,
      virusMaxPoppedSize: 60,
      virusEqualPopSize: 0,
      virusMinAmount: 50,
      virusMaxAmount: 100,
      motherCellMaxMass: 0,
      virusVelocity: 900,
      virusMaxCells: 0,
      ejectSize: 36.06,
      ejectSizeLoss: 42.43,
      ejectCooldown: 3,
      ejectSpawnPercent: 0.5,
      ejectVirus: 0,
      ejectVelocity: 780,
      playerMinSize: 60,
      playerMaxSize: 3000,
      playerMinSplitSize: 59.16079783,
      playerMinEjectSize: 59.16079783,
      playerStartSize: 36,
      playerMaxCells: 21,
      playerSpeed: 1,
      playerDecayRate: 0.002,
      playerDecayCap: 0,
      playerRecombineTime: 15,
      playerDisconnectTime: -1,
      playerMaxNickLength: 50,
      splitVelocity: 780,
      minionStartSize: 31.6227766017,
      minionMaxStartSize: 31.6227766017,
      minionCollideTeam: 0,
      disableERTP: 1,
      disableQ: 0,
      serverMinions: 0,
      collectPellets: 0,
      defaultName: '🦋',
      minionsOnLeaderboard: 0,
      tourneyMaxPlayers: 6,
      tourneyPrepTime: 10,
      tourneyEndTime: 30,
      tourneyTimeLimit: 20,
      tourneyAutoFill: 0,
      tourneyAutoFillPlayers: 1,
      tourneyLeaderboardToggleTime: 0
    },
    IpBan: [],
    minionTest: [],
    userList: [ [Object], [Object], [Object], [Object] ],
    badWords: [ ' <r>nigga ', ' <r>nigger ' ],
    ipBanList: [],
    border: {
      minx: -7071.067811865476,
      miny: -7071.067811865476,
      maxx: 7071.067811865476,
      maxy: 7071.067811865476,
      width: 14142.135623730952,
      height: 14142.135623730952,
      cx: 0,
      cy: 0
    },
    quadTree: QuadNode {
      halfWidth: 7071.067811865476,
      halfHeight: 7071.067811865476,
      bound: [Object],
      childNodes: [Array],
      items: [Array]
    },
    gameMode: Mode {
      ID: 0,
      name: 'Free For All',
      decayMod: 1,
      packetLB: 49,
      haveTeams: false,
      specByLeaderboard: true,
      IsTournament: false,
      rankOne: [PlayerTracker]
    },
    clientBind: [ 'NaN' ],
    WebSocket: [class WebSocket extends EventEmitter] {
      CONNECTING: 0,
      OPEN: 1,
      CLOSING: 2,
      CLOSED: 3,
      Server: [class WebSocketServer extends EventEmitter],
      Receiver: [class Receiver],
      Sender: [class Sender]
    },
    wsServer: WebSocketServer {
      _events: [Object: null prototype],
      _eventsCount: 2,
      _maxListeners: undefined,
      _server: [Server],
      _ultron: [Ultron],
      clients: [Set],
      options: [Object],
      path: null,
      [Symbol(kCapture)]: false
    },
    stats: '{"server_name":"BioBit v1.0","server_chat":"true","border_width":14142.135623730952,"border_height":14142.135623730952,"gamemode":"Free For All","max_players":0,"current_players":1,"alive":1,"spectators":0,"update_time":"0.352","uptime":1,"start_time":1676090348366}'
  },
  socket: <ref *3> WebSocket {
    _events: [Object: null prototype] {
      close: [Array],
      error: [Array],
      message: [Function (anonymous)]
    },
    _eventsCount: 3,
    _maxListeners: undefined,
    readyState: 1,
    bytesReceived: 30870,
    extensions: {},
    protocol: '',
    _finalize: [Function: bound finalize] { __ultron: 1 },
    _binaryType: 'nodebuffer',
    _finalizeCalled: false,
    _closeMessage: null,
    _closeTimer: null,
    _closeCode: null,
    _receiver: Receiver {
      extensions: {},
      maxPayload: 4096,
      bufferedBytes: 0,
      buffers: [],
      compressed: false,
      payloadLength: 8,
      fragmented: 0,
      masked: true,
      fin: true,
      mask: <Buffer 4a 29 f7 82>,
      opcode: 2,
      totalPayloadLength: 0,
      messageLength: 0,
      fragments: [],
      cleanupCallback: null,
      hadError: false,
      dead: false,
      onmessage: [Function (anonymous)],
      onclose: [Function (anonymous)],
      onerror: [Function (anonymous)],
      onping: [Function (anonymous)],
      onpong: [Function (anonymous)],
      state: 4
    },
    _sender: Sender {
      perMessageDeflate: undefined,
      _socket: [Socket],
      firstFragment: true,
      compress: false,
      processing: false,
      bufferedBytes: 0,
      queue: [],
      onerror: [Function (anonymous)]
    },
    _socket: Socket {
      connecting: false,
      _hadError: false,
      _parent: null,
      _host: null,
      _closeAfterHandlingError: false,
      _readableState: [ReadableState],
      _events: [Object: null prototype],
      _eventsCount: 4,
      _maxListeners: undefined,
      _writableState: [WritableState],
      allowHalfOpen: true,
      _sockname: null,
      _pendingData: null,
      _pendingEncoding: '',
      server: [Server],
      _server: [Server],
      parser: null,
      on: [Function (anonymous)],
      addListener: [Function (anonymous)],
      prependListener: [Function: prependListener],
      setEncoding: [Function: socketSetEncoding],
      _paused: false,
      timeout: 0,
      _peername: [Object],
      [Symbol(async_id_symbol)]: 622,
      [Symbol(kHandle)]: [TCP],
      [Symbol(lastWriteQueueSize)]: 0,
      [Symbol(timeout)]: null,
      [Symbol(kBuffer)]: null,
      [Symbol(kBufferCb)]: null,
      [Symbol(kBufferGen)]: null,
      [Symbol(kCapture)]: false,
      [Symbol(kSetNoDelay)]: true,
      [Symbol(kSetKeepAlive)]: false,
      [Symbol(kSetKeepAliveInitialDelay)]: 0,
      [Symbol(kBytesRead)]: 0,
      [Symbol(kBytesWritten)]: 0
    },
    _ultron: Ultron { id: 1, ee: [Socket] },
    protocolVersion: 13,
    maxPayload: 4096,
    upgradeReq: IncomingMessage {
      _readableState: [ReadableState],
      _events: [Object: null prototype] {},
      _eventsCount: 0,
      _maxListeners: undefined,
      socket: [Socket],
      httpVersionMajor: 1,
      httpVersionMinor: 1,
      httpVersion: '1.1',
      complete: true,
      rawHeaders: [Array],
      rawTrailers: [],
      aborted: false,
      upgrade: true,
      url: '/',
      method: 'GET',
      statusCode: null,
      statusMessage: null,
      client: [Socket],
      _consuming: false,
      _dumped: false,
      parser: null,
      [Symbol(kCapture)]: false,
      [Symbol(kHeaders)]: [Object],
      [Symbol(kHeadersCount)]: 42,
      [Symbol(kTrailers)]: null,
      [Symbol(kTrailersCount)]: 0
    },
    _isServer: true,
    isConnected: true,
    remoteAddress: '185.177.125.181',
    remotePort: 36928,
    lastAliveTime: 1676090419367,
    playerTracker: [Circular *2],
    packetHandler: PacketHandler {
      gameServer: [GameServer],
      socket: [Circular *3],
      protocol: 6,
      handshakeProtocol: 6,
      handshakeKey: 1,
      lastJoinTick: 179,
      lastChatTick: 1764,
      lastStatTick: 1717,
      lastQTick: 0,
      lastSpaceTick: 0,
      pressQ: false,
      pressW: false,
      pressSpace: false,
      mouseData: <Buffer 10 41 e4 ff ff 05 1c 00 00 00 00 00 00>,
      handler: [Object]
    },
    playerCommand: PlayerCommand {
      gameServer: [GameServer],
      playerTracker: [Circular *2]
    },
    [Symbol(kCapture)]: false
  },
  pID: 5,
  userAuth: null,
  isRemoved: false,
  isCloseRequested: false,
  _name: 'Player',
  _skin: '',
  _nameUtf8: <Buffer 50 6c 61 79 65 72 00>,
  _skinUtf8protocol11: null,
  _nameUnicode: <Buffer 50 00 6c 00 61 00 79 00 65 00 72 00 00 00>,
  _skinUtf8: null,
  color: { r: 7, g: 115, b: 255 },
  viewNodes: [
    Cell {
      gameServer: [GameServer],
      owner: null,
      color: [Object],
      radius: 266.7532798337403,
      _size: 16.332583379053673,
      _mass: 2.667532798337403,
      cellType: 1,
      isSpiked: false,
      isAgitated: false,
      killedBy: null,
      isMoving: false,
      boostDistance: 0,
      boostDirection: [Vec2],
      tickOfBirth: 20,
      nodeId: 86,
      position: [Vec2],
      quadItem: [Object]
    },
    Cell {
      gameServer: [GameServer],
      owner: [Circular *2],
      color: [Object],
      radius: 3595.0014741588284,
      _size: 59.958331148880625,
      _mass: 35.950014741588284,
      cellType: 0,
      isSpiked: false,
      isAgitated: false,
      killedBy: null,
      isMoving: false,
      boostDistance: 0,
      boostDirection: [Vec2],
      tickOfBirth: 179,
      nodeId: 563,
      position: [Vec2],
      _canRemerge: true,
      quadItem: [Object],
      div: 3
    },
    Cell {
      gameServer: [GameServer],
      owner: null,
      color: [Object],
      radius: 284.3238564148089,
      _size: 16.86190547995122,
      _mass: 2.843238564148089,
      cellType: 1,
      isSpiked: false,
      isAgitated: false,
      killedBy: null,
      isMoving: false,
      boostDistance: 0,
      boostDirection: [Vec2],
      tickOfBirth: 210,
      nodeId: 676,
      position: [Vec2],
      quadItem: [Object]
    },
    Cell {
      gameServer: [GameServer],
      owner: null,
      color: [Object],
      radius: 273.62587627241015,
      _size: 16.54164067655957,
      _mass: 2.7362587627241015,
      cellType: 1,
      isSpiked: false,
      isAgitated: false,
      killedBy: null,
      isMoving: false,
      boostDistance: 0,
      boostDirection: [Vec2],
      tickOfBirth: 630,
      nodeId: 1972,
      position: [Vec2],
      quadItem: [Object]
    }
  ],
  clientNodes: [
    Cell {
      gameServer: [GameServer],
      owner: null,
      color: [Object],
      radius: 266.7532798337403,
      _size: 16.332583379053673,
      _mass: 2.667532798337403,
      cellType: 1,
      isSpiked: false,
      isAgitated: false,
      killedBy: null,
      isMoving: false,
      boostDistance: 0,
      boostDirection: [Vec2],
      tickOfBirth: 20,
      nodeId: 86,
      position: [Vec2],
      quadItem: [Object]
    },
    Cell {
      gameServer: [GameServer],
      owner: [Circular *2],
      color: [Object],
      radius: 3595.0014741588284,
      _size: 59.958331148880625,
      _mass: 35.950014741588284,
      cellType: 0,
      isSpiked: false,
      isAgitated: false,
      killedBy: null,
      isMoving: false,
      boostDistance: 0,
      boostDirection: [Vec2],
      tickOfBirth: 179,
      nodeId: 563,
      position: [Vec2],
      _canRemerge: true,
      quadItem: [Object],
      div: 3
    },
    Cell {
      gameServer: [GameServer],
      owner: null,
      color: [Object],
      radius: 284.3238564148089,
      _size: 16.86190547995122,
      _mass: 2.843238564148089,
      cellType: 1,
      isSpiked: false,
      isAgitated: false,
      killedBy: null,
      isMoving: false,
      boostDistance: 0,
      boostDirection: [Vec2],
      tickOfBirth: 210,
      nodeId: 676,
      position: [Vec2],
      quadItem: [Object]
    },
    Cell {
      gameServer: [GameServer],
      owner: null,
      color: [Object],
      radius: 273.62587627241015,
      _size: 16.54164067655957,
      _mass: 2.7362587627241015,
      cellType: 1,
      isSpiked: false,
      isAgitated: false,
      killedBy: null,
      isMoving: false,
      boostDistance: 0,
      boostDirection: [Vec2],
      tickOfBirth: 630,
      nodeId: 1972,
      position: [Vec2],
      quadItem: [Object]
    }
  ],
  cells: [
    Cell {
      gameServer: [GameServer],
      owner: [Circular *2],
      color: [Object],
      radius: 3595.0014741588284,
      _size: 59.958331148880625,
      _mass: 35.950014741588284,
      cellType: 0,
      isSpiked: false,
      isAgitated: false,
      killedBy: null,
      isMoving: false,
      boostDistance: 0,
      boostDirection: [Vec2],
      tickOfBirth: 179,
      nodeId: 563,
      position: [Vec2],
      _canRemerge: true,
      quadItem: [Object],
      div: 3
    }
  ],
  mergeOverride: false,
  _score: 35.950014741588284,
  _scale: 1,
  borderCounter: 0,
  connectedTime: 2023-02-11T04:39:14.629Z,
  tickLeaderboard: 19,
  team: 0,
  spectate: false,
  freeRoam: false,
  spectateTarget: null,
  lastKeypressTick: 0,
  centerPos: Vec2 { x: -7041.088646291036, y: 7041.088646291036 },
  mouse: Vec2 { x: -7103, y: 7173 },
  viewBox: {
    minx: -8051.088646291036,
    miny: 6451.088646291036,
    maxx: -6031.088646291036,
    maxy: 7631.088646291036
  },
  scrambleX: 0,
  scrambleY: 0,
  scrambleId: 0,
  isMinion: false,
  isMuted: false,
  spawnmass: 0,
  frozen: false,
  customspeed: 0,
  rec: false,
  miQ: 0,
  isMi: false,
  minionSplit: false,
  minionEject: false,
  minionFrozen: false,
  minionControl: false,
  collectPellets: false,
  userRole: 0
}
[NONE ][04:40:19] hello
[NONE ][04:43:08] DISCONNECTED 185.177.125.181:36928, code: 1001, reason: "", name: "Player"
