=== Started 2023-04-16T17-28-27-460 ===
[ERROR][17:28:27] Unknown gameserver.ini value: serverWelcome3
[INFO ][17:28:27] 2 bad words loaded
[INFO ][17:28:27] 4 user records loaded.
[INFO ][17:28:27] 0 IP ban records loaded.
[INFO ][17:28:27] [1m[32mMultiOgar-Edited 1.6.1[37m - An open source multi-protocol ogar server[0m
[INFO ][17:28:27] WebSocket: ws
[INFO ][17:28:27] Started stats server on port 1234
[INFO ][17:28:27] Listening on port 3000
[INFO ][17:28:27] Current game mode is vFree For All
[INFO ][17:28:27] Added 4 player bots
[NONE ][17:28:27]   __  __       _ _   _  ___                        _____    _ _ _           _    _   __    _ 
 |  \/  |_   _| | |_(_)/ _ \  __ _  __ _ _ __     | ____|__| (_) |_ ___  __| |  / | / /_  / |
 | |\/| | | | | | __| | | | |/ _` |/ _` | '__|____|  _| / _` | | __/ _ \/ _` |  | || '_ \ | |
 | |  | | |_| | | |_| | |_| | (_| | (_| | | |_____| |__| (_| | | ||  __/ (_| |  | || (_) || |
 |_|  |_|\__,_|_|\__|_|\___/ \__, |\__,_|_|       |_____\__,_|_|\__\___|\__,_|  |_(_)___(_)_|
                             |___/                                                           
[NONE ][18:06:55] CONNECTED 104.58.56.82:48116, origin: "https://34f255ab-3d17-48d9-9f19-a2c64b272861.id.repl.co"
[NONE ][18:07:33] DISCONNECTED 104.58.56.82:48116, code: null, reason: "null", name: "Player"
[NONE ][18:11:14] CONNECTED 104.58.56.82:58496, origin: "https://34f255ab-3d17-48d9-9f19-a2c64b272861.id.repl.co"
