=== Started 2023-03-01T22-41-36-734 ===
[ERROR][22:41:36] Unknown gameserver.ini value: serverWelcome3
[INFO ][22:41:36] 2 bad words loaded
[INFO ][22:41:36] 4 user records loaded.
[INFO ][22:41:36] 0 IP ban records loaded.
[INFO ][22:41:36] [1m[32mMultiOgar-Edited 1.6.1[37m - An open source multi-protocol ogar server[0m
[INFO ][22:41:36] WebSocket: ws
[INFO ][22:41:36] Started stats server on port 1234
[INFO ][22:41:36] Listening on port 3000
[INFO ][22:41:36] Current game mode is vFree For All
[INFO ][22:41:36] Added 4 player bots
[NONE ][22:41:36]   __  __       _ _   _  ___                        _____    _ _ _           _    _   __    _ 
 |  \/  |_   _| | |_(_)/ _ \  __ _  __ _ _ __     | ____|__| (_) |_ ___  __| |  / | / /_  / |
 | |\/| | | | | | __| | | | |/ _` |/ _` | '__|____|  _| / _` | | __/ _ \/ _` |  | || '_ \ | |
 | |  | | |_| | | |_| | |_| | (_| | (_| | | |_____| |__| (_| | | ||  __/ (_| |  | || (_) || |
 |_|  |_|\__,_|_|\__|_|\___/ \__, |\__,_|_|       |_____\__,_|_|\__\___|\__,_|  |_(_)___(_)_|
                             |___/                                                           
[NONE ][22:41:57] CONNECTED 179.191.98.226:58282, origin: "https://biobit-forked.lxtte.repl.co"
[NONE ][22:43:55] CONNECTED 179.191.98.226:55130, origin: "https://34f255ab-3d17-48d9-9f19-a2c64b272861.id.repl.co"
[NONE ][22:47:26] DISCONNECTED 179.191.98.226:55130, code: 1001, reason: "", name: "Player"
