=== Started 2023-02-13T16-52-09-988 ===
[ERROR][16:52:10] Unknown gameserver.ini value: serverWelcome3
[INFO ][16:52:10] 2 bad words loaded
[INFO ][16:52:10] 4 user records loaded.
[INFO ][16:52:10] 0 IP ban records loaded.
[INFO ][16:52:10] [1m[32mMultiOgar-Edited 1.6.1[37m - An open source multi-protocol ogar server[0m
[INFO ][16:52:10] WebSocket: ws
[INFO ][16:52:10] Started stats server on port 1234
[INFO ][16:52:10] Listening on port 3000
[INFO ][16:52:10] Current game mode is Free For All
[INFO ][16:52:10] Added 4 player bots
[NONE ][16:52:10]   __  __       _ _   _  ___                        _____    _ _ _           _    _   __    _ 
 |  \/  |_   _| | |_(_)/ _ \  __ _  __ _ _ __     | ____|__| (_) |_ ___  __| |  / | / /_  / |
 | |\/| | | | | | __| | | | |/ _` |/ _` | '__|____|  _| / _` | | __/ _ \/ _` |  | || '_ \ | |
 | |  | | |_| | | |_| | |_| | (_| | (_| | | |_____| |__| (_| | | ||  __/ (_| |  | || (_) || |
 |_|  |_|\__,_|_|\__|_|\___/ \__, |\__,_|_|       |_____\__,_|_|\__\___|\__,_|  |_(_)___(_)_|
                             |___/                                                           
[NONE ][16:52:10] CONNECTED 152.157.185.136:37406, origin: "https://34f255ab-3d17-48d9-9f19-a2c64b272861.id.repl.co"
[NONE ][16:52:10] Welcome to BioBit v1.0! 
[NONE ][16:52:10] SERVER
[FATAL][16:52:10] TypeError: Cannot read properties of null (reading 'userRole')
    at ChatMessage.build (/home/runner/BioBit-Forked/src/packet/ChatMessage.js:34:26)
    at PacketHandler.sendPacket (/home/runner/BioBit-Forked/src/PacketHandler.js:303:29)
    at GameServer.sendChatMessage (/home/runner/BioBit-Forked/src/GameServer.js:564:35)
    at PacketHandler.handshake_onCompleted (/home/runner/BioBit-Forked/src/PacketHandler.js:78:25)
    at PacketHandler.handshake_onKey (/home/runner/BioBit-Forked/src/PacketHandler.js:53:10)
    at PacketHandler.handleMessage (/home/runner/BioBit-Forked/src/PacketHandler.js:30:29)
    at WebSocket.<anonymous> (/home/runner/BioBit-Forked/src/GameServer.js:324:20)
    at WebSocket.emit (node:events:513:28)
    at _receiver.onmessage (/home/runner/BioBit-Forked/node_modules/ws/lib/WebSocket.js:143:54)
    at Receiver.dataMessage (/home/runner/BioBit-Forked/node_modules/ws/lib/Receiver.js:361:14)
[DEBUG][16:52:10] process.exit(1)
=== Shutdown 2023-02-13T16-52-10-942 ===
