=== Started 2023-02-24T18-30-50-941 ===
[ERROR][18:30:51] Unknown gameserver.ini value: serverWelcome3
[INFO ][18:30:51] 2 bad words loaded
[INFO ][18:30:51] 4 user records loaded.
[INFO ][18:30:51] 0 IP ban records loaded.
[INFO ][18:30:51] [1m[32mMultiOgar-Edited 1.6.1[37m - An open source multi-protocol ogar server[0m
[INFO ][18:30:51] WebSocket: ws
[INFO ][18:30:51] Started stats server on port 1234
[INFO ][18:30:51] Listening on port 3000
[INFO ][18:30:51] Current game mode is vFree For All
[INFO ][18:30:51] Added 4 player bots
[NONE ][18:30:51]   __  __       _ _   _  ___                        _____    _ _ _           _    _   __    _ 
 |  \/  |_   _| | |_(_)/ _ \  __ _  __ _ _ __     | ____|__| (_) |_ ___  __| |  / | / /_  / |
 | |\/| | | | | | __| | | | |/ _` |/ _` | '__|____|  _| / _` | | __/ _ \/ _` |  | || '_ \ | |
 | |  | | |_| | | |_| | |_| | (_| | (_| | | |_____| |__| (_| | | ||  __/ (_| |  | || (_) || |
 |_|  |_|\__,_|_|\__|_|\___/ \__, |\__,_|_|       |_____\__,_|_|\__\___|\__,_|  |_(_)___(_)_|
                             |___/                                                           
[NONE ][18:30:53] CONNECTED 152.157.185.136:48196, origin: "https://34f255ab-3d17-48d9-9f19-a2c64b272861.id.repl.co"
[NONE ][18:30:54] CONNECTED 152.157.185.136:38004, origin: "https://biobit-forked.lxtte.repl.co"
[NONE ][18:31:42] >mass 5 1000
[WARN ][18:31:42] That player is either dead or not playing!
[NONE ][18:31:45] >playerlsit
[WARN ][18:31:45] Invalid Command!
[NONE ][18:31:53] >mass 5 1000
[WARN ][18:31:53] That player is either dead or not playing!
[NONE ][18:31:54] CONNECTED 152.157.185.122:42048, origin: "https://biobit-forked.lxtte.repl.co"
[NONE ][18:31:59] >playerlist
[NONE ][18:31:59] 
Current players: 7
[NONE ][18:31:59] Do "playerlist m" or "pl m" to list minions

[NONE ][18:31:59]  ID     | IP              | P | CELLS | SCORE  |   POSITION   | NICK                                               
[NONE ][18:31:59] ───────────────────────────────────────────────────────────────────────────────────────────────────────────────────
[NONE ][18:31:59]       1 | [BOT]           | ? |     1 |    126 | -1229,  -928 | Toenail 🤖                                        
[NONE ][18:31:59]       2 | [BOT]           | ? |     1 |    177 | -4748,  4110 | Bruh 🤖                                           
[NONE ][18:31:59]       3 | [BOT]           | ? |     2 |    177 | -1252,  3204 | Bruh 🤖                                           
[NONE ][18:31:59]       4 | [BOT]           | ? |     1 |    202 | -3051, -1888 | Sweaty 🤖                                         
[NONE ][18:31:59]       5 | 152.157.185.136 | 6 | ---------------------------------------------------------------DEAD OR NOT PLAYING
[NONE ][18:31:59]       6 | 152.157.185.136 | 6 |     1 |     19 |  2104,  -336 | Joe swansonson                                    
[NONE ][18:31:59]       7 | 152.157.185.122 | 6 | ---------------------------------------------------------------DEAD OR NOT PLAYING
[NONE ][18:32:03] >mass 6 1000
[NONE ][18:32:03] Set mass of Joe swansonson to 1000.000
[NONE ][18:32:08] >speed 6 5
[NONE ][18:32:08] Set base speed of Joe swansonson to 5
[NONE ][18:32:32] >addbot 100
[NONE ][18:32:32] Added 100 player bots
[NONE ][18:33:00] >playerlist
[NONE ][18:33:00] 
Current players: 107
[NONE ][18:33:00] Do "playerlist m" or "pl m" to list minions

[NONE ][18:33:00]  ID     | IP              | P | CELLS | SCORE  |   POSITION   | NICK                                               
[NONE ][18:33:00] ───────────────────────────────────────────────────────────────────────────────────────────────────────────────────
[NONE ][18:33:00]       1 | [BOT]           | ? |     5 |    319 |   908,  -269 | Toenail 🤖                                        
[NONE ][18:33:00]       2 | [BOT]           | ? |     6 |    596 |  -980,   998 | Bruh 🤖                                           
[NONE ][18:33:00]       3 | [BOT]           | ? |     2 |    129 | -3278,  3477 | Bruh 🤖                                           
[NONE ][18:33:00]       4 | [BOT]           | ? |     8 |    462 |    39,   681 | Sweaty 🤖                                         
[NONE ][18:33:00]       5 | 152.157.185.136 | 6 | ---------------------------------------------------------------DEAD OR NOT PLAYING
[NONE ][18:33:00]       6 | 152.157.185.136 | 6 |     1 |   2160 | -3391, -1962 | Joe swansonson                                    
[NONE ][18:33:00]       7 | 152.157.185.122 | 6 |     1 |    100 | -4342,   335 | ballz                                             
[NONE ][18:33:00]       8 | [BOT]           | ? |     1 |     51 |  7026,  1406 | Maggot 🤖                                         
[NONE ][18:33:00]       9 | [BOT]           | ? |     1 |     12 |  2591, -1465 | Hello 🤖                                          
[NONE ][18:33:00]      10 | [BOT]           | ? |     2 |     84 |   511,    48 | Sweaty 🤖                                         
[NONE ][18:33:00]      11 | [BOT]           | ? |     3 |    248 |   119,  1929 | Hello 🤖                                          
[NONE ][18:33:00]      12 | [BOT]           | ? |     1 |     65 |   538,  4873 | Maggot 🤖                                         
[NONE ][18:33:00]      13 | [BOT]           | ? |     1 |     22 |   979,  7046 | Toenail 🤖                                        
[NONE ][18:33:00]      14 | [BOT]           | ? |     1 |    116 |  6391, -3555 | Hello 🤖                                          
[NONE ][18:33:00]      15 | [BOT]           | ? |     1 |     65 |  2126,  6975 | Toenail 🤖                                        
[NONE ][18:33:00]      16 | [BOT]           | ? |     1 |     47 |  1256,   -82 | Hello 🤖                                          
[NONE ][18:33:00]      17 | [BOT]           | ? |     1 |     60 |  5576, -5619 | Sweaty 🤖                                         
[NONE ][18:33:00]      18 | [BOT]           | ? |     1 |     34 | -1505,  3400 | Maggot 🤖                                         
[NONE ][18:33:00]      19 | [BOT]           | ? |     1 |     67 | -2015,  3040 | Sweaty 🤖                                         
[NONE ][18:33:00]      20 | [BOT]           | ? |     1 |     82 |  5534,  6643 | Sweaty 🤖                                         
[NONE ][18:33:00]      21 | [BOT]           | ? |     1 |     42 |  2697,  1921 | Bruh 🤖                                           
[NONE ][18:33:00]      22 | [BOT]           | ? |     1 |     47 |  5222,  1358 | Hello 🤖                                          
[NONE ][18:33:00]      23 | [BOT]           | ? |     1 |     40 | -5856,  6909 | Toenail 🤖                                        
[NONE ][18:33:00]      24 | [BOT]           | ? |     1 |     22 | -4305,  1467 | Toenail 🤖                                        
[NONE ][18:33:00]      25 | [BOT]           | ? |     1 |     50 | -5520,  1596 | Toenail 🤖                                        
[NONE ][18:33:00]      26 | [BOT]           | ? |     1 |     28 | -5020,  5399 | Hello 🤖                                          
[NONE ][18:33:00]      27 | [BOT]           | ? |     2 |     72 | -2452,  2651 | Sweaty 🤖                                         
[NONE ][18:33:00]      28 | [BOT]           | ? |     1 |     48 |    94,  -998 | Toenail 🤖                                        
[NONE ][18:33:00]      29 | [BOT]           | ? |     1 |     91 | -1784, -6286 | Bruh 🤖                                           
[NONE ][18:33:00]      30 | [BOT]           | ? |     1 |     56 | -2954, -6736 | Bruh 🤖                                           
[NONE ][18:33:00]      31 | [BOT]           | ? |     1 |     58 |  5108,  1682 | Sweaty 🤖                                         
[NONE ][18:33:00]      32 | [BOT]           | ? |     1 |     67 | -4982, -1614 | Sweaty 🤖                                         
[NONE ][18:33:00]      33 | [BOT]           | ? |     1 |     51 | -1311,  4350 | Bruh 🤖                                           
[NONE ][18:33:00]      34 | [BOT]           | ? |     1 |     63 | -5269, -6505 | Maggot 🤖                                         
[NONE ][18:33:00]      35 | [BOT]           | ? |     1 |     47 |  3448, -4029 | Bruh 🤖                                           
[NONE ][18:33:00]      36 | [BOT]           | ? |     1 |     40 |  6598,  2483 | Bruh 🤖                                           
[NONE ][18:33:00]      37 | [BOT]           | ? |     2 |     88 |  3148, -1063 | Bruh 🤖                                           
[NONE ][18:33:00]      38 | [BOT]           | ? |     1 |     42 |  4177,  1819 | Toenail 🤖                                        
[NONE ][18:33:00]      39 | [BOT]           | ? |     1 |     63 |  1509, -3458 | Toenail 🤖                                        
[NONE ][18:33:00]      40 | [BOT]           | ? |     2 |    101 |  -486,  -384 | Bruh 🤖                                           
[NONE ][18:33:00]      41 | [BOT]           | ? |     1 |     56 | -1034,  -436 | Bruh 🤖                                           
[NONE ][18:33:00]      42 | [BOT]           | ? |     1 |     68 |  2558,  -471 | Bruh 🤖                                           
[NONE ][18:33:00]      43 | [BOT]           | ? |     2 |     80 |  3311,  -935 | Maggot 🤖                                         
[NONE ][18:33:00]      44 | [BOT]           | ? |     2 |     90 |    21,  3053 | Sweaty 🤖                                         
[NONE ][18:33:00]      45 | [BOT]           | ? |     1 |     22 |   958,  -520 | Bruh 🤖                                           
[NONE ][18:33:00]      46 | [BOT]           | ? |     1 |     66 |   478,  5964 | Hello 🤖                                          
[NONE ][18:33:00]      47 | [BOT]           | ? |     2 |     94 |   564, -1950 | Bruh 🤖                                           
[NONE ][18:33:00]      48 | [BOT]           | ? |     1 |     70 | -1536,   719 | Toenail 🤖                                        
[NONE ][18:33:00]      49 | [BOT]           | ? |     1 |     25 |  6632,   750 | Bruh 🤖                                           
[NONE ][18:33:00]      50 | [BOT]           | ? |     1 |     38 |  -922,  3256 | Bruh 🤖                                           
[NONE ][18:33:00]      51 | [BOT]           | ? |     1 |     55 | -2047,  5500 | Bruh 🤖                                           
[NONE ][18:33:00]      52 | [BOT]           | ? |     1 |     78 | -1649,  6783 | Toenail 🤖                                        
[NONE ][18:33:00]      53 | [BOT]           | ? |     1 |     37 | -1368,  -137 | Maggot 🤖                                         
[NONE ][18:33:00]      54 | [BOT]           | ? |     1 |     48 | -2089,  3401 | Hello 🤖                                          
[NONE ][18:33:00]      55 | [BOT]           | ? |     2 |    102 | -2878, -1515 | Toenail 🤖                                        
[NONE ][18:33:00]      56 | [BOT]           | ? |     2 |    100 |  3377,  -294 | Maggot 🤖                                         
[NONE ][18:33:00]      57 | [BOT]           | ? |     2 |     74 |  1444, -1112 | Maggot 🤖                                         
[NONE ][18:33:00]      58 | [BOT]           | ? |     1 |     26 |  1329, -4113 | Sweaty 🤖                                         
[NONE ][18:33:00]      59 | [BOT]           | ? |     2 |     84 | -2486, -2119 | Sweaty 🤖                                         
[NONE ][18:33:00]      60 | [BOT]           | ? |     1 |     55 | -2349,  3328 | Hello 🤖                                          
[NONE ][18:33:00]      61 | [BOT]           | ? |     1 |     82 | -1316,   692 | Maggot 🤖                                         
[NONE ][18:33:00]      62 | [BOT]           | ? |     1 |     65 |  2085,  6770 | Hello 🤖                                          
[NONE ][18:33:00]      63 | [BOT]           | ? |     2 |    113 | -2739, -3346 | Sweaty 🤖                                         
[NONE ][18:33:00]      64 | [BOT]           | ? |     1 |     70 |  1712,  2371 | Bruh 🤖                                           
[NONE ][18:33:00]      65 | [BOT]           | ? |     1 |     69 |   722, -2037 | Toenail 🤖                                        
[NONE ][18:33:00]      66 | [BOT]           | ? |     2 |     84 |  3213,  1503 | Toenail 🤖                                        
[NONE ][18:33:00]      67 | [BOT]           | ? |     1 |     65 | -1554,  4580 | Bruh 🤖                                           
[NONE ][18:33:00]      68 | [BOT]           | ? |     1 |     64 |  4191,  1208 | Maggot 🤖                                         
[NONE ][18:33:00]      69 | [BOT]           | ? |     1 |     25 |  7047,  1186 | Bruh 🤖                                           
[NONE ][18:33:00]      70 | [BOT]           | ? |     1 |     36 |  2542, -4018 | Toenail 🤖                                        
[NONE ][18:33:00]      71 | [BOT]           | ? |     1 |     46 | -5759,  7037 | Bruh 🤖                                           
[NONE ][18:33:00]      72 | [BOT]           | ? |     1 |     80 | -2220,  4354 | Sweaty 🤖                                         
[NONE ][18:33:00]      73 | [BOT]           | ? |     1 |     72 | -1205, -6627 | Maggot 🤖                                         
[NONE ][18:33:00]      74 | [BOT]           | ? |     1 |     25 |  6207, -2119 | Toenail 🤖                                        
[NONE ][18:33:00]      75 | [BOT]           | ? |     1 |     70 | -5258,  6946 | Toenail 🤖                                        
[NONE ][18:33:00]      76 | [BOT]           | ? |     1 |     60 |  1898,  6980 | Hello 🤖                                          
[NONE ][18:33:00]      77 | [BOT]           | ? |     1 |     41 | -1908, -2745 | Maggot 🤖                                         
[NONE ][18:33:00]      78 | [BOT]           | ? |     1 |     58 |  1011, -3641 | Sweaty 🤖                                         
[NONE ][18:33:00]      79 | [BOT]           | ? |     1 |     47 | -6670,  1569 | Maggot 🤖                                         
[NONE ][18:33:00]      80 | [BOT]           | ? |     1 |     48 |  2325, -5792 | Bruh 🤖                                           
[NONE ][18:33:00]      81 | [BOT]           | ? |     4 |    183 |   549, -1535 | Hello 🤖                                          
[NONE ][18:33:00]      82 | [BOT]           | ? |     1 |     70 |  6829, -6684 | Hello 🤖                                          
[NONE ][18:33:00]      83 | [BOT]           | ? |     1 |     53 | -1718, -1832 | Toenail 🤖                                        
[NONE ][18:33:00]      84 | [BOT]           | ? |     1 |     47 |  6024,   842 | Hello 🤖                                          
[NONE ][18:33:00]      85 | [BOT]           | ? |     1 |     12 |  1617,  1691 | Maggot 🤖                                         
[NONE ][18:33:00]      86 | [BOT]           | ? |     1 |     63 |  5588,  1461 | Hello 🤖                                          
[NONE ][18:33:00]      87 | [BOT]           | ? |     2 |     74 | -2556, -2062 | Maggot 🤖                                         
[NONE ][18:33:00]      88 | [BOT]           | ? |     2 |     99 |  3408,  -649 | Maggot 🤖                                         
[NONE ][18:33:00]      89 | [BOT]           | ? |     1 |     60 | -2416,  3186 | Toenail 🤖                                        
[NONE ][18:33:00]      90 | [BOT]           | ? |     1 |     58 |   406, -1481 | Bruh 🤖                                           
[NONE ][18:33:00]      91 | [BOT]           | ? |     2 |     93 | -3208,  1583 | Maggot 🤖                                         
[NONE ][18:33:00]      92 | [BOT]           | ? |     1 |     55 |  5873,   787 | Hello 🤖                                          
[NONE ][18:33:00]      93 | [BOT]           | ? |     2 |     97 |  2806, -2694 | Toenail 🤖                                        
[NONE ][18:33:00]      94 | [BOT]           | ? |     1 |     60 |  5478,  1283 | Sweaty 🤖                                         
[NONE ][18:33:00]      95 | [BOT]           | ? |     1 |     48 | -1603,  -843 | Maggot 🤖                                         
[NONE ][18:33:00]      96 | [BOT]           | ? |     2 |    117 |   676,  2859 | Bruh 🤖                                           
[NONE ][18:33:00]      97 | [BOT]           | ? |     1 |     62 |  5408,  1633 | Maggot 🤖                                         
[NONE ][18:33:00]      98 | [BOT]           | ? |     1 |     52 |  -124, -3700 | Toenail 🤖                                        
[NONE ][18:33:00]      99 | [BOT]           | ? |     1 |     67 | -5448, -7001 | Maggot 🤖                                         
[NONE ][18:33:00]     100 | [BOT]           | ? |     1 |     50 | -5046, -3948 | Maggot 🤖                                         
[NONE ][18:33:00]     101 | [BOT]           | ? |     1 |     33 |  5433, -2866 | Sweaty 🤖                                         
[NONE ][18:33:00]     102 | [BOT]           | ? |     1 |     48 |  4931, -1735 | Toenail 🤖                                        
[NONE ][18:33:00]     103 | [BOT]           | ? |     1 |     64 |  3627,  2039 | Hello 🤖                                          
[NONE ][18:33:00]     104 | [BOT]           | ? |     2 |     77 |   693,   393 | Hello 🤖                                          
[NONE ][18:33:00]     105 | [BOT]           | ? |     1 |     63 | -4635,  5366 | Sweaty 🤖                                         
[NONE ][18:33:00]     106 | [BOT]           | ? |     1 |     16 | -3890, -4356 | Hello 🤖                                          
[NONE ][18:33:00]     107 | [BOT]           | ? |     1 |     39 |  1412,  3748 | Maggot 🤖                                         
[NONE ][18:33:02] DISCONNECTED 152.157.185.136:48196, code: 1001, reason: "", name: ""
[NONE ][18:33:04] CONNECTED 152.157.185.136:36834, origin: "https://34f255ab-3d17-48d9-9f19-a2c64b272861.id.repl.co"
[NONE ][18:33:12] >speed 7 5
[NONE ][18:33:12] Set base speed of ballz to 5
[NONE ][18:33:25] >speed 7 1
[NONE ][18:33:25] Set base speed of ballz to 1
[NONE ][18:33:38] >speed 7 1
[NONE ][18:33:38] Set base speed of ballz to 1
[NONE ][18:33:40] >speed 7 5
[NONE ][18:33:40] Set base speed of ballz to 5
[NONE ][18:33:48] >mass 6 10000
[NONE ][18:33:48] Set mass of Joe swansonson to 10000.000
[NONE ][18:33:55] >rec 6
[NONE ][18:33:55] Joe swansonson is now in rec mode!
[NONE ][18:34:20] >mass 6 016358763817568731658761238756872365872638523
[NONE ][18:34:20] Set mass of Joe swansonson to 1.6358763817568736e+43
[NONE ][18:34:32] DISCONNECTED 152.157.185.122:42048, code: null, reason: "null", name: "ballz"
[NONE ][18:34:34] >mass 6 100000
[NONE ][18:34:34] Set mass of Joe swansonson to 100000.000
[NONE ][18:35:00] DISCONNECTED 152.157.185.136:36834, code: null, reason: "null", name: ""
[NONE ][18:35:00] DISCONNECTED 152.157.185.136:38004, code: null, reason: "null", name: "Joe swansonson"
[NONE ][18:35:07] CONNECTED 152.157.185.136:48608, origin: "https://biobit-forked.lxtte.repl.co"
[NONE ][18:36:07] DISCONNECTED 152.157.185.136:48608, code: 1006, reason: "null", name: ""
[NONE ][18:39:37] CONNECTED 152.157.185.136:48972, origin: "https://34f255ab-3d17-48d9-9f19-a2c64b272861.id.repl.co"
[NONE ][18:45:11] DISCONNECTED 152.157.185.136:48972, code: 1000, reason: "Connection timeout", name: ""
[NONE ][18:45:13] CONNECTED 152.157.185.136:56510, origin: "https://34f255ab-3d17-48d9-9f19-a2c64b272861.id.repl.co"
[NONE ][18:46:11] DISCONNECTED 152.157.185.136:56510, code: 1000, reason: "Connection timeout", name: ""
[NONE ][18:46:14] CONNECTED 152.157.185.136:50250, origin: "https://34f255ab-3d17-48d9-9f19-a2c64b272861.id.repl.co"
[NONE ][18:47:11] DISCONNECTED 152.157.185.136:50250, code: 1000, reason: "Connection timeout", name: ""
[NONE ][18:47:13] CONNECTED 152.157.185.136:50724, origin: "https://34f255ab-3d17-48d9-9f19-a2c64b272861.id.repl.co"
[NONE ][18:48:11] DISCONNECTED 152.157.185.136:50724, code: 1000, reason: "Connection timeout", name: ""
[NONE ][18:48:13] CONNECTED 152.157.185.136:45954, origin: "https://34f255ab-3d17-48d9-9f19-a2c64b272861.id.repl.co"
[NONE ][18:48:21] CONNECTED 152.157.185.122:48100, origin: "https://biobit-forked.lxtte.repl.co"
