=== Started 2023-05-05T21-08-29-370 ===
[ERROR][21:08:29] Unknown gameserver.ini value: serverWelcome3
[INFO ][21:08:29] 2 bad words loaded
[INFO ][21:08:29] 4 user records loaded.
[INFO ][21:08:29] 0 IP ban records loaded.
[INFO ][21:08:29] [1m[32mMultiOgar-Edited 1.6.1[37m - An open source multi-protocol ogar server[0m
[INFO ][21:08:29] WebSocket: ws
[INFO ][21:08:29] Started stats server on port 1234
[INFO ][21:08:29] Listening on port 3000
[INFO ][21:08:29] Current game mode is vFree For All
[INFO ][21:08:29] Added 4 player bots
[NONE ][21:08:29]   __  __       _ _   _  ___                        _____    _ _ _           _    _   __    _ 
 |  \/  |_   _| | |_(_)/ _ \  __ _  __ _ _ __     | ____|__| (_) |_ ___  __| |  / | / /_  / |
 | |\/| | | | | | __| | | | |/ _` |/ _` | '__|____|  _| / _` | | __/ _ \/ _` |  | || '_ \ | |
 | |  | | |_| | | |_| | |_| | (_| | (_| | | |_____| |__| (_| | | ||  __/ (_| |  | || (_) || |
 |_|  |_|\__,_|_|\__|_|\___/ \__, |\__,_|_|       |_____\__,_|_|\__\___|\__,_|  |_(_)___(_)_|
                             |___/                                                           
[NONE ][21:08:42] CONNECTED 71.199.217.37:56942, origin: "https://34f255ab-3d17-48d9-9f19-a2c64b272861.id.repl.co"
[NONE ][21:09:21] DISCONNECTED 71.199.217.37:56942, code: 1000, reason: "Connection timeout", name: ""
[NONE ][21:09:24] CONNECTED 71.199.217.37:43874, origin: "https://34f255ab-3d17-48d9-9f19-a2c64b272861.id.repl.co"
