=== Started 2023-05-22T14-44-24-506 ===
[ERROR][14:44:24] Unknown gameserver.ini value: serverWelcome3
[INFO ][14:44:24] 2 bad words loaded
[INFO ][14:44:24] 4 user records loaded.
[INFO ][14:44:24] 0 IP ban records loaded.
[INFO ][14:44:24] [1m[32mMultiOgar-Edited 1.6.1[37m - An open source multi-protocol ogar server[0m
[INFO ][14:44:24] WebSocket: ws
[INFO ][14:44:24] Started stats server on port 1234
[INFO ][14:44:24] Listening on port 3000
[INFO ][14:44:24] Current game mode is vFree For All
[INFO ][14:44:24] Added 4 player bots
[NONE ][14:44:24]   __  __       _ _   _  ___                        _____    _ _ _           _    _   __    _ 
 |  \/  |_   _| | |_(_)/ _ \  __ _  __ _ _ __     | ____|__| (_) |_ ___  __| |  / | / /_  / |
 | |\/| | | | | | __| | | | |/ _` |/ _` | '__|____|  _| / _` | | __/ _ \/ _` |  | || '_ \ | |
 | |  | | |_| | | |_| | |_| | (_| | (_| | | |_____| |__| (_| | | ||  __/ (_| |  | || (_) || |
 |_|  |_|\__,_|_|\__|_|\___/ \__, |\__,_|_|       |_____\__,_|_|\__\___|\__,_|  |_(_)___(_)_|
                             |___/                                                           
[NONE ][14:44:35] CONNECTED 12.215.43.98:35948, origin: "https://biobit-forked.lxtte.repl.co"
[ERROR][14:45:14] [Tracker][ogar.mivabe.nl]: Error: getaddrinfo EAI_AGAIN ogar.mivabe.nl
[ERROR][14:45:44] [Tracker][ogar.mivabe.nl]: Error: getaddrinfo EAI_AGAIN ogar.mivabe.nl
[NONE ][14:45:58] DISCONNECTED 12.215.43.98:35948, code: 1006, reason: "null", name: "Beast"
[NONE ][15:11:30] CONNECTED 204.100.235.125:55342, origin: "https://biobit-forked.lxtte.repl.co"
