=== Started 2023-03-30T08-28-16-483 ===
[ERROR][08:28:16] Unknown gameserver.ini value: serverWelcome3
[INFO ][08:28:16] 2 bad words loaded
[INFO ][08:28:16] 4 user records loaded.
[INFO ][08:28:16] 0 IP ban records loaded.
[INFO ][08:28:16] [1m[32mMultiOgar-Edited 1.6.1[37m - An open source multi-protocol ogar server[0m
[INFO ][08:28:16] WebSocket: ws
[INFO ][08:28:16] Started stats server on port 1234
[INFO ][08:28:16] Listening on port 3000
[INFO ][08:28:16] Current game mode is vFree For All
[INFO ][08:28:16] Added 4 player bots
[NONE ][08:28:16]   __  __       _ _   _  ___                        _____    _ _ _           _    _   __    _ 
 |  \/  |_   _| | |_(_)/ _ \  __ _  __ _ _ __     | ____|__| (_) |_ ___  __| |  / | / /_  / |
 | |\/| | | | | | __| | | | |/ _` |/ _` | '__|____|  _| / _` | | __/ _ \/ _` |  | || '_ \ | |
 | |  | | |_| | | |_| | |_| | (_| | (_| | | |_____| |__| (_| | | ||  __/ (_| |  | || (_) || |
 |_|  |_|\__,_|_|\__|_|\___/ \__, |\__,_|_|       |_____\__,_|_|\__\___|\__,_|  |_(_)___(_)_|
                             |___/                                                           
[NONE ][08:29:29] CONNECTED 82.219.7.89:35074, origin: "https://34f255ab-3d17-48d9-9f19-a2c64b272861.id.repl.co"
[NONE ][08:31:24] CONNECTED 82.219.7.89:52666, origin: "https://34f255ab-3d17-48d9-9f19-a2c64b272861.id.repl.co"
[NONE ][08:35:13] DISCONNECTED 82.219.7.89:52666, code: 1001, reason: "", name: "ayooooooooooooooooooooooo"
[NONE ][08:40:13] DISCONNECTED 82.219.7.89:35074, code: 1000, reason: "Connection timeout", name: "Player"
